[2024-04-22T13:28:38.270+0000] {taskinstance.py:1957} INFO - Dependencies all met for dep_context=non-requeueable deps ti=<TaskInstance: hello_world_dag.hello_world manual__2024-04-22T12:46:44.564732+00:00 [queued]>
[2024-04-22T13:28:38.280+0000] {taskinstance.py:1957} INFO - Dependencies all met for dep_context=requeueable deps ti=<TaskInstance: hello_world_dag.hello_world manual__2024-04-22T12:46:44.564732+00:00 [queued]>
[2024-04-22T13:28:38.280+0000] {taskinstance.py:2171} INFO - Starting attempt 11 of 11
[2024-04-22T13:28:38.294+0000] {taskinstance.py:2192} INFO - Executing <Task(PythonOperator): hello_world> on 2024-04-22 12:46:44.564732+00:00
[2024-04-22T13:28:38.298+0000] {standard_task_runner.py:60} INFO - Started process 1491 to run task
[2024-04-22T13:28:38.301+0000] {standard_task_runner.py:87} INFO - Running: ['***', 'tasks', 'run', 'hello_world_dag', 'hello_world', 'manual__2024-04-22T12:46:44.564732+00:00', '--job-id', '14', '--raw', '--subdir', 'DAGS_FOLDER/hello_world_dag.py', '--cfg-path', '/tmp/tmpqhyom9r5']
[2024-04-22T13:28:38.303+0000] {standard_task_runner.py:88} INFO - Job 14: Subtask hello_world
[2024-04-22T13:28:38.316+0000] {logging_mixin.py:188} WARNING - /home/***/.local/lib/python3.8/site-packages/***/settings.py:195 DeprecationWarning: The sql_alchemy_conn option in [core] has been moved to the sql_alchemy_conn option in [database] - the old setting has been used, but please update your config.
[2024-04-22T13:28:38.348+0000] {task_command.py:423} INFO - Running <TaskInstance: hello_world_dag.hello_world manual__2024-04-22T12:46:44.564732+00:00 [running]> on host c9c55c9ee351
[2024-04-22T13:28:38.413+0000] {taskinstance.py:2481} INFO - Exporting env vars: AIRFLOW_CTX_DAG_OWNER='***' AIRFLOW_CTX_DAG_ID='hello_world_dag' AIRFLOW_CTX_TASK_ID='hello_world' AIRFLOW_CTX_EXECUTION_DATE='2024-04-22T12:46:44.564732+00:00' AIRFLOW_CTX_TRY_NUMBER='11' AIRFLOW_CTX_DAG_RUN_ID='manual__2024-04-22T12:46:44.564732+00:00'
[2024-04-22T13:28:38.414+0000] {uwdr_hook.py:24} INFO - Выполнение запроса: 
    select version()
[2024-04-22T13:28:38.415+0000] {uwdr_hook.py:26} INFO - 
    select version()
[2024-04-22T13:28:38.422+0000] {uwdr_hook.py:30} INFO - Запрос выполнен успешно
[2024-04-22T13:28:38.423+0000] {hello_world_dag.py:37} INFO - Текущая версия ClickHouse: 23.12.2.59
[2024-04-22T13:28:38.423+0000] {python.py:201} INFO - Done. Returned value was: None
[2024-04-22T13:28:38.432+0000] {taskinstance.py:1138} INFO - Marking task as SUCCESS. dag_id=hello_world_dag, task_id=hello_world, execution_date=20240422T124644, start_date=20240422T132838, end_date=20240422T132838
[2024-04-22T13:28:38.473+0000] {local_task_job_runner.py:234} INFO - Task exited with return code 0
[2024-04-22T13:28:38.491+0000] {taskinstance.py:3281} INFO - 0 downstream tasks scheduled from follow-on schedule check
