[2024-04-22 11:36:43,269] {scheduler_job.py:182} INFO - Started process (PID=190) to work on /opt/airflow/dags/create_dag_with_python_operator.py
[2024-04-22 11:36:43,274] {scheduler_job.py:629} INFO - Processing file /opt/airflow/dags/create_dag_with_python_operator.py for tasks to queue
[2024-04-22 11:36:43,276] {logging_mixin.py:104} INFO - [2024-04-22 11:36:43,276] {dagbag.py:448} INFO - Filling up the DagBag from /opt/airflow/dags/create_dag_with_python_operator.py
[2024-04-22 11:36:43,383] {scheduler_job.py:639} INFO - DAG(s) dict_keys(['our_dag_with_python_operator_v07']) retrieved from /opt/airflow/dags/create_dag_with_python_operator.py
[2024-04-22 11:36:43,430] {logging_mixin.py:104} INFO - [2024-04-22 11:36:43,429] {dag.py:1818} INFO - Sync 1 DAGs
[2024-04-22 11:36:43,466] {logging_mixin.py:104} INFO - [2024-04-22 11:36:43,466] {dag.py:1837} INFO - Creating ORM DAG for our_dag_with_python_operator_v07
[2024-04-22 11:36:43,502] {logging_mixin.py:104} INFO - [2024-04-22 11:36:43,502] {dag.py:2273} INFO - Setting next_dagrun for our_dag_with_python_operator_v07 to 2021-10-06T00:00:00+00:00
[2024-04-22 11:36:43,599] {scheduler_job.py:190} INFO - Processing /opt/airflow/dags/create_dag_with_python_operator.py took 0.338 seconds
[2024-04-22 11:36:53,929] {scheduler_job.py:182} INFO - Started process (PID=235) to work on /opt/airflow/dags/create_dag_with_python_operator.py
[2024-04-22 11:36:53,932] {scheduler_job.py:629} INFO - Processing file /opt/airflow/dags/create_dag_with_python_operator.py for tasks to queue
[2024-04-22 11:36:53,941] {logging_mixin.py:104} INFO - [2024-04-22 11:36:53,941] {dagbag.py:448} INFO - Filling up the DagBag from /opt/airflow/dags/create_dag_with_python_operator.py
[2024-04-22 11:36:53,996] {scheduler_job.py:639} INFO - DAG(s) dict_keys(['our_dag_with_python_operator_v07']) retrieved from /opt/airflow/dags/create_dag_with_python_operator.py
[2024-04-22 11:36:54,022] {logging_mixin.py:104} INFO - [2024-04-22 11:36:54,022] {dag.py:1818} INFO - Sync 1 DAGs
[2024-04-22 11:36:54,061] {logging_mixin.py:104} INFO - [2024-04-22 11:36:54,060] {dag.py:2273} INFO - Setting next_dagrun for our_dag_with_python_operator_v07 to 2021-10-06T00:00:00+00:00
[2024-04-22 11:36:54,136] {scheduler_job.py:190} INFO - Processing /opt/airflow/dags/create_dag_with_python_operator.py took 0.212 seconds
[2024-04-22 11:37:04,324] {scheduler_job.py:182} INFO - Started process (PID=280) to work on /opt/airflow/dags/create_dag_with_python_operator.py
[2024-04-22 11:37:04,328] {scheduler_job.py:629} INFO - Processing file /opt/airflow/dags/create_dag_with_python_operator.py for tasks to queue
[2024-04-22 11:37:04,329] {logging_mixin.py:104} INFO - [2024-04-22 11:37:04,329] {dagbag.py:448} INFO - Filling up the DagBag from /opt/airflow/dags/create_dag_with_python_operator.py
[2024-04-22 11:37:04,432] {scheduler_job.py:639} INFO - DAG(s) dict_keys(['our_dag_with_python_operator_v07']) retrieved from /opt/airflow/dags/create_dag_with_python_operator.py
[2024-04-22 11:37:04,452] {logging_mixin.py:104} INFO - [2024-04-22 11:37:04,451] {dag.py:1818} INFO - Sync 1 DAGs
[2024-04-22 11:37:04,484] {logging_mixin.py:104} INFO - [2024-04-22 11:37:04,483] {dag.py:2273} INFO - Setting next_dagrun for our_dag_with_python_operator_v07 to 2021-10-06T00:00:00+00:00
[2024-04-22 11:37:04,496] {scheduler_job.py:190} INFO - Processing /opt/airflow/dags/create_dag_with_python_operator.py took 0.178 seconds
[2024-04-22 11:37:14,932] {scheduler_job.py:182} INFO - Started process (PID=317) to work on /opt/airflow/dags/create_dag_with_python_operator.py
[2024-04-22 11:37:14,934] {scheduler_job.py:629} INFO - Processing file /opt/airflow/dags/create_dag_with_python_operator.py for tasks to queue
[2024-04-22 11:37:14,936] {logging_mixin.py:104} INFO - [2024-04-22 11:37:14,935] {dagbag.py:448} INFO - Filling up the DagBag from /opt/airflow/dags/create_dag_with_python_operator.py
[2024-04-22 11:37:14,974] {scheduler_job.py:639} INFO - DAG(s) dict_keys(['our_dag_with_python_operator_v07']) retrieved from /opt/airflow/dags/create_dag_with_python_operator.py
[2024-04-22 11:37:15,002] {logging_mixin.py:104} INFO - [2024-04-22 11:37:15,002] {dag.py:1818} INFO - Sync 1 DAGs
[2024-04-22 11:37:15,033] {logging_mixin.py:104} INFO - [2024-04-22 11:37:15,033] {dag.py:2273} INFO - Setting next_dagrun for our_dag_with_python_operator_v07 to 2021-10-06T00:00:00+00:00
[2024-04-22 11:37:15,045] {scheduler_job.py:190} INFO - Processing /opt/airflow/dags/create_dag_with_python_operator.py took 0.119 seconds
[2024-04-22 11:37:25,918] {scheduler_job.py:182} INFO - Started process (PID=362) to work on /opt/airflow/dags/create_dag_with_python_operator.py
[2024-04-22 11:37:25,921] {scheduler_job.py:629} INFO - Processing file /opt/airflow/dags/create_dag_with_python_operator.py for tasks to queue
[2024-04-22 11:37:25,924] {logging_mixin.py:104} INFO - [2024-04-22 11:37:25,923] {dagbag.py:448} INFO - Filling up the DagBag from /opt/airflow/dags/create_dag_with_python_operator.py
[2024-04-22 11:37:26,014] {scheduler_job.py:639} INFO - DAG(s) dict_keys(['our_dag_with_python_operator_v07']) retrieved from /opt/airflow/dags/create_dag_with_python_operator.py
[2024-04-22 11:37:26,088] {logging_mixin.py:104} INFO - [2024-04-22 11:37:26,087] {dag.py:1818} INFO - Sync 1 DAGs
[2024-04-22 11:37:26,150] {logging_mixin.py:104} INFO - [2024-04-22 11:37:26,150] {dag.py:2273} INFO - Setting next_dagrun for our_dag_with_python_operator_v07 to 2021-10-06T00:00:00+00:00
[2024-04-22 11:37:26,184] {scheduler_job.py:190} INFO - Processing /opt/airflow/dags/create_dag_with_python_operator.py took 0.272 seconds
[2024-04-22 11:37:36,505] {scheduler_job.py:182} INFO - Started process (PID=407) to work on /opt/airflow/dags/create_dag_with_python_operator.py
[2024-04-22 11:37:36,507] {scheduler_job.py:629} INFO - Processing file /opt/airflow/dags/create_dag_with_python_operator.py for tasks to queue
[2024-04-22 11:37:36,509] {logging_mixin.py:104} INFO - [2024-04-22 11:37:36,509] {dagbag.py:448} INFO - Filling up the DagBag from /opt/airflow/dags/create_dag_with_python_operator.py
[2024-04-22 11:37:36,584] {scheduler_job.py:639} INFO - DAG(s) dict_keys(['our_dag_with_python_operator_v07']) retrieved from /opt/airflow/dags/create_dag_with_python_operator.py
[2024-04-22 11:37:36,629] {logging_mixin.py:104} INFO - [2024-04-22 11:37:36,628] {dag.py:1818} INFO - Sync 1 DAGs
[2024-04-22 11:37:36,679] {logging_mixin.py:104} INFO - [2024-04-22 11:37:36,679] {dag.py:2273} INFO - Setting next_dagrun for our_dag_with_python_operator_v07 to 2021-10-06T00:00:00+00:00
[2024-04-22 11:37:36,710] {scheduler_job.py:190} INFO - Processing /opt/airflow/dags/create_dag_with_python_operator.py took 0.215 seconds
[2024-04-22 11:37:47,060] {scheduler_job.py:182} INFO - Started process (PID=452) to work on /opt/airflow/dags/create_dag_with_python_operator.py
[2024-04-22 11:37:47,078] {scheduler_job.py:629} INFO - Processing file /opt/airflow/dags/create_dag_with_python_operator.py for tasks to queue
[2024-04-22 11:37:47,082] {logging_mixin.py:104} INFO - [2024-04-22 11:37:47,082] {dagbag.py:448} INFO - Filling up the DagBag from /opt/airflow/dags/create_dag_with_python_operator.py
[2024-04-22 11:37:47,170] {scheduler_job.py:639} INFO - DAG(s) dict_keys(['our_dag_with_python_operator_v07']) retrieved from /opt/airflow/dags/create_dag_with_python_operator.py
[2024-04-22 11:37:47,214] {logging_mixin.py:104} INFO - [2024-04-22 11:37:47,214] {dag.py:1818} INFO - Sync 1 DAGs
[2024-04-22 11:37:47,283] {logging_mixin.py:104} INFO - [2024-04-22 11:37:47,283] {dag.py:2273} INFO - Setting next_dagrun for our_dag_with_python_operator_v07 to 2021-10-06T00:00:00+00:00
[2024-04-22 11:37:47,312] {scheduler_job.py:190} INFO - Processing /opt/airflow/dags/create_dag_with_python_operator.py took 0.258 seconds
[2024-04-22 11:39:00,058] {scheduler_job.py:182} INFO - Started process (PID=195) to work on /opt/airflow/dags/create_dag_with_python_operator.py
[2024-04-22 11:39:00,060] {scheduler_job.py:629} INFO - Processing file /opt/airflow/dags/create_dag_with_python_operator.py for tasks to queue
[2024-04-22 11:39:00,061] {logging_mixin.py:104} INFO - [2024-04-22 11:39:00,061] {dagbag.py:448} INFO - Filling up the DagBag from /opt/airflow/dags/create_dag_with_python_operator.py
[2024-04-22 11:39:00,136] {scheduler_job.py:639} INFO - DAG(s) dict_keys(['our_dag_with_python_operator_v07']) retrieved from /opt/airflow/dags/create_dag_with_python_operator.py
[2024-04-22 11:39:00,170] {logging_mixin.py:104} INFO - [2024-04-22 11:39:00,169] {dag.py:1818} INFO - Sync 1 DAGs
[2024-04-22 11:39:00,228] {logging_mixin.py:104} INFO - [2024-04-22 11:39:00,228] {dag.py:2273} INFO - Setting next_dagrun for our_dag_with_python_operator_v07 to 2021-10-06T00:00:00+00:00
[2024-04-22 11:39:00,268] {scheduler_job.py:190} INFO - Processing /opt/airflow/dags/create_dag_with_python_operator.py took 0.215 seconds
[2024-04-22 11:39:11,023] {scheduler_job.py:182} INFO - Started process (PID=240) to work on /opt/airflow/dags/create_dag_with_python_operator.py
[2024-04-22 11:39:11,025] {scheduler_job.py:629} INFO - Processing file /opt/airflow/dags/create_dag_with_python_operator.py for tasks to queue
[2024-04-22 11:39:11,028] {logging_mixin.py:104} INFO - [2024-04-22 11:39:11,028] {dagbag.py:448} INFO - Filling up the DagBag from /opt/airflow/dags/create_dag_with_python_operator.py
[2024-04-22 11:39:11,172] {scheduler_job.py:639} INFO - DAG(s) dict_keys(['our_dag_with_python_operator_v07']) retrieved from /opt/airflow/dags/create_dag_with_python_operator.py
[2024-04-22 11:39:11,231] {logging_mixin.py:104} INFO - [2024-04-22 11:39:11,230] {dag.py:1818} INFO - Sync 1 DAGs
[2024-04-22 11:39:11,286] {logging_mixin.py:104} INFO - [2024-04-22 11:39:11,284] {dag.py:2273} INFO - Setting next_dagrun for our_dag_with_python_operator_v07 to 2021-10-06T00:00:00+00:00
[2024-04-22 11:39:11,322] {scheduler_job.py:190} INFO - Processing /opt/airflow/dags/create_dag_with_python_operator.py took 0.306 seconds
[2024-04-22 11:39:21,629] {scheduler_job.py:182} INFO - Started process (PID=285) to work on /opt/airflow/dags/create_dag_with_python_operator.py
[2024-04-22 11:39:21,631] {scheduler_job.py:629} INFO - Processing file /opt/airflow/dags/create_dag_with_python_operator.py for tasks to queue
[2024-04-22 11:39:21,633] {logging_mixin.py:104} INFO - [2024-04-22 11:39:21,633] {dagbag.py:448} INFO - Filling up the DagBag from /opt/airflow/dags/create_dag_with_python_operator.py
[2024-04-22 11:39:21,687] {scheduler_job.py:639} INFO - DAG(s) dict_keys(['our_dag_with_python_operator_v07']) retrieved from /opt/airflow/dags/create_dag_with_python_operator.py
[2024-04-22 11:39:21,728] {logging_mixin.py:104} INFO - [2024-04-22 11:39:21,728] {dag.py:1818} INFO - Sync 1 DAGs
[2024-04-22 11:39:21,790] {logging_mixin.py:104} INFO - [2024-04-22 11:39:21,790] {dag.py:2273} INFO - Setting next_dagrun for our_dag_with_python_operator_v07 to 2021-10-06T00:00:00+00:00
[2024-04-22 11:39:21,861] {scheduler_job.py:190} INFO - Processing /opt/airflow/dags/create_dag_with_python_operator.py took 0.239 seconds
[2024-04-22 11:39:32,283] {scheduler_job.py:182} INFO - Started process (PID=332) to work on /opt/airflow/dags/create_dag_with_python_operator.py
[2024-04-22 11:39:32,286] {scheduler_job.py:629} INFO - Processing file /opt/airflow/dags/create_dag_with_python_operator.py for tasks to queue
[2024-04-22 11:39:32,289] {logging_mixin.py:104} INFO - [2024-04-22 11:39:32,288] {dagbag.py:448} INFO - Filling up the DagBag from /opt/airflow/dags/create_dag_with_python_operator.py
[2024-04-22 11:39:32,361] {scheduler_job.py:639} INFO - DAG(s) dict_keys(['our_dag_with_python_operator_v07']) retrieved from /opt/airflow/dags/create_dag_with_python_operator.py
[2024-04-22 11:39:32,414] {logging_mixin.py:104} INFO - [2024-04-22 11:39:32,414] {dag.py:1818} INFO - Sync 1 DAGs
[2024-04-22 11:39:32,472] {logging_mixin.py:104} INFO - [2024-04-22 11:39:32,472] {dag.py:2273} INFO - Setting next_dagrun for our_dag_with_python_operator_v07 to 2021-10-06T00:00:00+00:00
[2024-04-22 11:39:32,498] {scheduler_job.py:190} INFO - Processing /opt/airflow/dags/create_dag_with_python_operator.py took 0.230 seconds
[2024-04-22 11:39:43,206] {scheduler_job.py:182} INFO - Started process (PID=375) to work on /opt/airflow/dags/create_dag_with_python_operator.py
[2024-04-22 11:39:43,208] {scheduler_job.py:629} INFO - Processing file /opt/airflow/dags/create_dag_with_python_operator.py for tasks to queue
[2024-04-22 11:39:43,210] {logging_mixin.py:104} INFO - [2024-04-22 11:39:43,210] {dagbag.py:448} INFO - Filling up the DagBag from /opt/airflow/dags/create_dag_with_python_operator.py
[2024-04-22 11:39:43,289] {scheduler_job.py:639} INFO - DAG(s) dict_keys(['our_dag_with_python_operator_v07']) retrieved from /opt/airflow/dags/create_dag_with_python_operator.py
[2024-04-22 11:39:43,344] {logging_mixin.py:104} INFO - [2024-04-22 11:39:43,343] {dag.py:1818} INFO - Sync 1 DAGs
[2024-04-22 11:39:43,404] {logging_mixin.py:104} INFO - [2024-04-22 11:39:43,403] {dag.py:2273} INFO - Setting next_dagrun for our_dag_with_python_operator_v07 to 2021-10-06T00:00:00+00:00
[2024-04-22 11:39:43,423] {scheduler_job.py:190} INFO - Processing /opt/airflow/dags/create_dag_with_python_operator.py took 0.223 seconds
[2024-04-22T11:41:39.892+0000] {processor.py:161} INFO - Started process (PID=208) to work on /opt/airflow/dags/create_dag_with_python_operator.py
[2024-04-22T11:41:39.894+0000] {processor.py:830} INFO - Processing file /opt/airflow/dags/create_dag_with_python_operator.py for tasks to queue
[2024-04-22T11:41:39.897+0000] {logging_mixin.py:188} INFO - [2024-04-22T11:41:39.896+0000] {dagbag.py:538} INFO - Filling up the DagBag from /opt/airflow/dags/create_dag_with_python_operator.py
[2024-04-22T11:41:39.966+0000] {processor.py:840} INFO - DAG(s) 'our_dag_with_python_operator_v07' retrieved from /opt/airflow/dags/create_dag_with_python_operator.py
[2024-04-22T11:41:40.037+0000] {logging_mixin.py:188} INFO - [2024-04-22T11:41:40.037+0000] {dag.py:3033} INFO - Sync 1 DAGs
[2024-04-22T11:41:40.125+0000] {logging_mixin.py:188} INFO - [2024-04-22T11:41:40.125+0000] {dag.py:3820} INFO - Setting next_dagrun for our_dag_with_python_operator_v07 to 2021-10-06T00:00:00+00:00, run_after=2021-10-07T00:00:00+00:00
[2024-04-22T11:41:40.197+0000] {processor.py:183} INFO - Processing /opt/airflow/dags/create_dag_with_python_operator.py took 0.314 seconds
[2024-04-22T11:41:50.498+0000] {processor.py:161} INFO - Started process (PID=253) to work on /opt/airflow/dags/create_dag_with_python_operator.py
[2024-04-22T11:41:50.500+0000] {processor.py:830} INFO - Processing file /opt/airflow/dags/create_dag_with_python_operator.py for tasks to queue
[2024-04-22T11:41:50.502+0000] {logging_mixin.py:188} INFO - [2024-04-22T11:41:50.502+0000] {dagbag.py:538} INFO - Filling up the DagBag from /opt/airflow/dags/create_dag_with_python_operator.py
[2024-04-22T11:41:50.557+0000] {processor.py:840} INFO - DAG(s) 'our_dag_with_python_operator_v07' retrieved from /opt/airflow/dags/create_dag_with_python_operator.py
[2024-04-22T11:41:50.588+0000] {logging_mixin.py:188} INFO - [2024-04-22T11:41:50.588+0000] {dag.py:3033} INFO - Sync 1 DAGs
[2024-04-22T11:41:50.695+0000] {logging_mixin.py:188} INFO - [2024-04-22T11:41:50.685+0000] {dag.py:3820} INFO - Setting next_dagrun for our_dag_with_python_operator_v07 to 2021-10-06T00:00:00+00:00, run_after=2021-10-07T00:00:00+00:00
[2024-04-22T11:41:50.761+0000] {processor.py:183} INFO - Processing /opt/airflow/dags/create_dag_with_python_operator.py took 0.270 seconds
[2024-04-22T11:42:01.180+0000] {processor.py:161} INFO - Started process (PID=298) to work on /opt/airflow/dags/create_dag_with_python_operator.py
[2024-04-22T11:42:01.182+0000] {processor.py:830} INFO - Processing file /opt/airflow/dags/create_dag_with_python_operator.py for tasks to queue
[2024-04-22T11:42:01.186+0000] {logging_mixin.py:188} INFO - [2024-04-22T11:42:01.185+0000] {dagbag.py:538} INFO - Filling up the DagBag from /opt/airflow/dags/create_dag_with_python_operator.py
[2024-04-22T11:42:01.248+0000] {processor.py:840} INFO - DAG(s) 'our_dag_with_python_operator_v07' retrieved from /opt/airflow/dags/create_dag_with_python_operator.py
[2024-04-22T11:42:01.271+0000] {logging_mixin.py:188} INFO - [2024-04-22T11:42:01.271+0000] {dag.py:3033} INFO - Sync 1 DAGs
[2024-04-22T11:42:01.342+0000] {logging_mixin.py:188} INFO - [2024-04-22T11:42:01.342+0000] {dag.py:3820} INFO - Setting next_dagrun for our_dag_with_python_operator_v07 to 2021-10-06T00:00:00+00:00, run_after=2021-10-07T00:00:00+00:00
[2024-04-22T11:42:01.417+0000] {processor.py:183} INFO - Processing /opt/airflow/dags/create_dag_with_python_operator.py took 0.244 seconds
[2024-04-22T11:42:12.317+0000] {processor.py:161} INFO - Started process (PID=345) to work on /opt/airflow/dags/create_dag_with_python_operator.py
[2024-04-22T11:42:12.319+0000] {processor.py:830} INFO - Processing file /opt/airflow/dags/create_dag_with_python_operator.py for tasks to queue
[2024-04-22T11:42:12.321+0000] {logging_mixin.py:188} INFO - [2024-04-22T11:42:12.321+0000] {dagbag.py:538} INFO - Filling up the DagBag from /opt/airflow/dags/create_dag_with_python_operator.py
[2024-04-22T11:42:12.379+0000] {processor.py:840} INFO - DAG(s) 'our_dag_with_python_operator_v07' retrieved from /opt/airflow/dags/create_dag_with_python_operator.py
[2024-04-22T11:42:12.687+0000] {logging_mixin.py:188} INFO - [2024-04-22T11:42:12.687+0000] {dag.py:3033} INFO - Sync 1 DAGs
[2024-04-22T11:42:12.742+0000] {logging_mixin.py:188} INFO - [2024-04-22T11:42:12.742+0000] {dag.py:3820} INFO - Setting next_dagrun for our_dag_with_python_operator_v07 to 2021-10-06T00:00:00+00:00, run_after=2021-10-07T00:00:00+00:00
[2024-04-22T11:42:12.818+0000] {processor.py:183} INFO - Processing /opt/airflow/dags/create_dag_with_python_operator.py took 0.512 seconds
[2024-04-22T11:42:23.345+0000] {processor.py:161} INFO - Started process (PID=390) to work on /opt/airflow/dags/create_dag_with_python_operator.py
[2024-04-22T11:42:23.348+0000] {processor.py:830} INFO - Processing file /opt/airflow/dags/create_dag_with_python_operator.py for tasks to queue
[2024-04-22T11:42:23.354+0000] {logging_mixin.py:188} INFO - [2024-04-22T11:42:23.352+0000] {dagbag.py:538} INFO - Filling up the DagBag from /opt/airflow/dags/create_dag_with_python_operator.py
[2024-04-22T11:42:23.403+0000] {processor.py:840} INFO - DAG(s) 'our_dag_with_python_operator_v07' retrieved from /opt/airflow/dags/create_dag_with_python_operator.py
[2024-04-22T11:42:23.438+0000] {logging_mixin.py:188} INFO - [2024-04-22T11:42:23.437+0000] {dag.py:3033} INFO - Sync 1 DAGs
[2024-04-22T11:42:23.504+0000] {logging_mixin.py:188} INFO - [2024-04-22T11:42:23.503+0000] {dag.py:3820} INFO - Setting next_dagrun for our_dag_with_python_operator_v07 to 2021-10-06T00:00:00+00:00, run_after=2021-10-07T00:00:00+00:00
[2024-04-22T11:42:23.580+0000] {processor.py:183} INFO - Processing /opt/airflow/dags/create_dag_with_python_operator.py took 0.242 seconds
[2024-04-22T11:42:34.325+0000] {processor.py:161} INFO - Started process (PID=435) to work on /opt/airflow/dags/create_dag_with_python_operator.py
[2024-04-22T11:42:34.326+0000] {processor.py:830} INFO - Processing file /opt/airflow/dags/create_dag_with_python_operator.py for tasks to queue
[2024-04-22T11:42:34.327+0000] {logging_mixin.py:188} INFO - [2024-04-22T11:42:34.326+0000] {dagbag.py:538} INFO - Filling up the DagBag from /opt/airflow/dags/create_dag_with_python_operator.py
[2024-04-22T11:42:34.351+0000] {processor.py:840} INFO - DAG(s) 'our_dag_with_python_operator_v07' retrieved from /opt/airflow/dags/create_dag_with_python_operator.py
[2024-04-22T11:42:34.364+0000] {logging_mixin.py:188} INFO - [2024-04-22T11:42:34.364+0000] {dag.py:3033} INFO - Sync 1 DAGs
[2024-04-22T11:42:34.391+0000] {logging_mixin.py:188} INFO - [2024-04-22T11:42:34.390+0000] {dag.py:3820} INFO - Setting next_dagrun for our_dag_with_python_operator_v07 to 2021-10-06T00:00:00+00:00, run_after=2021-10-07T00:00:00+00:00
[2024-04-22T11:42:34.450+0000] {processor.py:183} INFO - Processing /opt/airflow/dags/create_dag_with_python_operator.py took 0.129 seconds
[2024-04-22T11:42:40.158+0000] {processor.py:161} INFO - Started process (PID=483) to work on /opt/airflow/dags/create_dag_with_python_operator.py
[2024-04-22T11:42:40.160+0000] {processor.py:830} INFO - Processing file /opt/airflow/dags/create_dag_with_python_operator.py for tasks to queue
[2024-04-22T11:42:40.162+0000] {logging_mixin.py:188} INFO - [2024-04-22T11:42:40.162+0000] {dagbag.py:538} INFO - Filling up the DagBag from /opt/airflow/dags/create_dag_with_python_operator.py
[2024-04-22T11:42:40.207+0000] {processor.py:840} INFO - DAG(s) 'our_dag_with_python_operator_v07' retrieved from /opt/airflow/dags/create_dag_with_python_operator.py
[2024-04-22T11:42:40.229+0000] {logging_mixin.py:188} INFO - [2024-04-22T11:42:40.228+0000] {dag.py:3033} INFO - Sync 1 DAGs
[2024-04-22T11:42:40.284+0000] {logging_mixin.py:188} INFO - [2024-04-22T11:42:40.280+0000] {dag.py:3820} INFO - Setting next_dagrun for our_dag_with_python_operator_v07 to 2021-10-06T00:00:00+00:00, run_after=2021-10-07T00:00:00+00:00
[2024-04-22T11:42:40.362+0000] {processor.py:183} INFO - Processing /opt/airflow/dags/create_dag_with_python_operator.py took 0.216 seconds
[2024-04-22T11:42:51.817+0000] {processor.py:161} INFO - Started process (PID=537) to work on /opt/airflow/dags/create_dag_with_python_operator.py
[2024-04-22T11:42:51.830+0000] {processor.py:830} INFO - Processing file /opt/airflow/dags/create_dag_with_python_operator.py for tasks to queue
[2024-04-22T11:42:51.844+0000] {logging_mixin.py:188} INFO - [2024-04-22T11:42:51.843+0000] {dagbag.py:538} INFO - Filling up the DagBag from /opt/airflow/dags/create_dag_with_python_operator.py
[2024-04-22T11:42:51.926+0000] {processor.py:840} INFO - DAG(s) 'our_dag_with_python_operator_v07' retrieved from /opt/airflow/dags/create_dag_with_python_operator.py
[2024-04-22T11:42:51.991+0000] {logging_mixin.py:188} INFO - [2024-04-22T11:42:51.991+0000] {dag.py:3033} INFO - Sync 1 DAGs
[2024-04-22T11:42:52.091+0000] {logging_mixin.py:188} INFO - [2024-04-22T11:42:52.087+0000] {dag.py:3820} INFO - Setting next_dagrun for our_dag_with_python_operator_v07 to 2021-10-06T00:00:00+00:00, run_after=2021-10-07T00:00:00+00:00
[2024-04-22T11:42:52.231+0000] {processor.py:183} INFO - Processing /opt/airflow/dags/create_dag_with_python_operator.py took 0.424 seconds
[2024-04-22T11:43:05.197+0000] {processor.py:161} INFO - Started process (PID=695) to work on /opt/airflow/dags/create_dag_with_python_operator.py
[2024-04-22T11:43:05.200+0000] {processor.py:830} INFO - Processing file /opt/airflow/dags/create_dag_with_python_operator.py for tasks to queue
[2024-04-22T11:43:05.206+0000] {logging_mixin.py:188} INFO - [2024-04-22T11:43:05.206+0000] {dagbag.py:538} INFO - Filling up the DagBag from /opt/airflow/dags/create_dag_with_python_operator.py
[2024-04-22T11:43:05.268+0000] {processor.py:840} INFO - DAG(s) 'our_dag_with_python_operator_v07' retrieved from /opt/airflow/dags/create_dag_with_python_operator.py
[2024-04-22T11:43:05.338+0000] {logging_mixin.py:188} INFO - [2024-04-22T11:43:05.337+0000] {dag.py:3033} INFO - Sync 1 DAGs
[2024-04-22T11:43:05.400+0000] {logging_mixin.py:188} INFO - [2024-04-22T11:43:05.400+0000] {dag.py:3820} INFO - Setting next_dagrun for our_dag_with_python_operator_v07 to 2021-10-06T00:00:00+00:00, run_after=2021-10-07T00:00:00+00:00
[2024-04-22T11:43:05.474+0000] {processor.py:183} INFO - Processing /opt/airflow/dags/create_dag_with_python_operator.py took 0.294 seconds
[2024-04-22T11:43:17.223+0000] {processor.py:161} INFO - Started process (PID=814) to work on /opt/airflow/dags/create_dag_with_python_operator.py
[2024-04-22T11:43:17.225+0000] {processor.py:830} INFO - Processing file /opt/airflow/dags/create_dag_with_python_operator.py for tasks to queue
[2024-04-22T11:43:17.227+0000] {logging_mixin.py:188} INFO - [2024-04-22T11:43:17.226+0000] {dagbag.py:538} INFO - Filling up the DagBag from /opt/airflow/dags/create_dag_with_python_operator.py
[2024-04-22T11:43:17.286+0000] {processor.py:840} INFO - DAG(s) 'our_dag_with_python_operator_v07' retrieved from /opt/airflow/dags/create_dag_with_python_operator.py
[2024-04-22T11:43:17.362+0000] {logging_mixin.py:188} INFO - [2024-04-22T11:43:17.362+0000] {dag.py:3033} INFO - Sync 1 DAGs
[2024-04-22T11:43:17.423+0000] {logging_mixin.py:188} INFO - [2024-04-22T11:43:17.423+0000] {dag.py:3820} INFO - Setting next_dagrun for our_dag_with_python_operator_v07 to 2021-10-06T00:00:00+00:00, run_after=2021-10-07T00:00:00+00:00
[2024-04-22T11:43:17.468+0000] {processor.py:183} INFO - Processing /opt/airflow/dags/create_dag_with_python_operator.py took 0.254 seconds
[2024-04-22T11:43:28.116+0000] {processor.py:161} INFO - Started process (PID=864) to work on /opt/airflow/dags/create_dag_with_python_operator.py
[2024-04-22T11:43:28.119+0000] {processor.py:830} INFO - Processing file /opt/airflow/dags/create_dag_with_python_operator.py for tasks to queue
[2024-04-22T11:43:28.126+0000] {logging_mixin.py:188} INFO - [2024-04-22T11:43:28.125+0000] {dagbag.py:538} INFO - Filling up the DagBag from /opt/airflow/dags/create_dag_with_python_operator.py
[2024-04-22T11:43:28.229+0000] {processor.py:840} INFO - DAG(s) 'our_dag_with_python_operator_v07' retrieved from /opt/airflow/dags/create_dag_with_python_operator.py
[2024-04-22T11:43:28.322+0000] {logging_mixin.py:188} INFO - [2024-04-22T11:43:28.318+0000] {dag.py:3033} INFO - Sync 1 DAGs
[2024-04-22T11:43:28.394+0000] {logging_mixin.py:188} INFO - [2024-04-22T11:43:28.393+0000] {dag.py:3820} INFO - Setting next_dagrun for our_dag_with_python_operator_v07 to 2021-10-06T00:00:00+00:00, run_after=2021-10-07T00:00:00+00:00
[2024-04-22T11:43:28.479+0000] {processor.py:183} INFO - Processing /opt/airflow/dags/create_dag_with_python_operator.py took 0.370 seconds
[2024-04-22T11:43:38.856+0000] {processor.py:161} INFO - Started process (PID=904) to work on /opt/airflow/dags/create_dag_with_python_operator.py
[2024-04-22T11:43:38.858+0000] {processor.py:830} INFO - Processing file /opt/airflow/dags/create_dag_with_python_operator.py for tasks to queue
[2024-04-22T11:43:38.860+0000] {logging_mixin.py:188} INFO - [2024-04-22T11:43:38.860+0000] {dagbag.py:538} INFO - Filling up the DagBag from /opt/airflow/dags/create_dag_with_python_operator.py
[2024-04-22T11:43:38.907+0000] {processor.py:840} INFO - DAG(s) 'our_dag_with_python_operator_v07' retrieved from /opt/airflow/dags/create_dag_with_python_operator.py
[2024-04-22T11:43:38.993+0000] {logging_mixin.py:188} INFO - [2024-04-22T11:43:38.993+0000] {dag.py:3033} INFO - Sync 1 DAGs
[2024-04-22T11:43:39.056+0000] {logging_mixin.py:188} INFO - [2024-04-22T11:43:39.055+0000] {dag.py:3820} INFO - Setting next_dagrun for our_dag_with_python_operator_v07 to 2021-10-06T00:00:00+00:00, run_after=2021-10-07T00:00:00+00:00
[2024-04-22T11:43:39.156+0000] {processor.py:183} INFO - Processing /opt/airflow/dags/create_dag_with_python_operator.py took 0.319 seconds
[2024-04-22T11:43:49.767+0000] {processor.py:161} INFO - Started process (PID=944) to work on /opt/airflow/dags/create_dag_with_python_operator.py
[2024-04-22T11:43:49.771+0000] {processor.py:830} INFO - Processing file /opt/airflow/dags/create_dag_with_python_operator.py for tasks to queue
[2024-04-22T11:43:49.777+0000] {logging_mixin.py:188} INFO - [2024-04-22T11:43:49.775+0000] {dagbag.py:538} INFO - Filling up the DagBag from /opt/airflow/dags/create_dag_with_python_operator.py
[2024-04-22T11:43:49.850+0000] {processor.py:840} INFO - DAG(s) 'our_dag_with_python_operator_v07' retrieved from /opt/airflow/dags/create_dag_with_python_operator.py
[2024-04-22T11:43:49.938+0000] {logging_mixin.py:188} INFO - [2024-04-22T11:43:49.938+0000] {dag.py:3033} INFO - Sync 1 DAGs
[2024-04-22T11:43:50.014+0000] {logging_mixin.py:188} INFO - [2024-04-22T11:43:50.014+0000] {dag.py:3820} INFO - Setting next_dagrun for our_dag_with_python_operator_v07 to 2021-10-06T00:00:00+00:00, run_after=2021-10-07T00:00:00+00:00
[2024-04-22T11:43:50.119+0000] {processor.py:183} INFO - Processing /opt/airflow/dags/create_dag_with_python_operator.py took 0.359 seconds
[2024-04-22T11:44:00.369+0000] {processor.py:161} INFO - Started process (PID=984) to work on /opt/airflow/dags/create_dag_with_python_operator.py
[2024-04-22T11:44:00.371+0000] {processor.py:830} INFO - Processing file /opt/airflow/dags/create_dag_with_python_operator.py for tasks to queue
[2024-04-22T11:44:00.375+0000] {logging_mixin.py:188} INFO - [2024-04-22T11:44:00.373+0000] {dagbag.py:538} INFO - Filling up the DagBag from /opt/airflow/dags/create_dag_with_python_operator.py
[2024-04-22T11:44:00.472+0000] {processor.py:840} INFO - DAG(s) 'our_dag_with_python_operator_v07' retrieved from /opt/airflow/dags/create_dag_with_python_operator.py
[2024-04-22T11:44:00.556+0000] {logging_mixin.py:188} INFO - [2024-04-22T11:44:00.555+0000] {dag.py:3033} INFO - Sync 1 DAGs
[2024-04-22T11:44:00.629+0000] {logging_mixin.py:188} INFO - [2024-04-22T11:44:00.629+0000] {dag.py:3820} INFO - Setting next_dagrun for our_dag_with_python_operator_v07 to 2021-10-06T00:00:00+00:00, run_after=2021-10-07T00:00:00+00:00
[2024-04-22T11:44:00.740+0000] {processor.py:183} INFO - Processing /opt/airflow/dags/create_dag_with_python_operator.py took 0.378 seconds
[2024-04-22T11:44:11.159+0000] {processor.py:161} INFO - Started process (PID=1024) to work on /opt/airflow/dags/create_dag_with_python_operator.py
[2024-04-22T11:44:11.161+0000] {processor.py:830} INFO - Processing file /opt/airflow/dags/create_dag_with_python_operator.py for tasks to queue
[2024-04-22T11:44:11.167+0000] {logging_mixin.py:188} INFO - [2024-04-22T11:44:11.167+0000] {dagbag.py:538} INFO - Filling up the DagBag from /opt/airflow/dags/create_dag_with_python_operator.py
[2024-04-22T11:44:11.319+0000] {processor.py:840} INFO - DAG(s) 'our_dag_with_python_operator_v07' retrieved from /opt/airflow/dags/create_dag_with_python_operator.py
[2024-04-22T11:44:11.410+0000] {logging_mixin.py:188} INFO - [2024-04-22T11:44:11.409+0000] {dag.py:3033} INFO - Sync 1 DAGs
[2024-04-22T11:44:11.489+0000] {logging_mixin.py:188} INFO - [2024-04-22T11:44:11.488+0000] {dag.py:3820} INFO - Setting next_dagrun for our_dag_with_python_operator_v07 to 2021-10-06T00:00:00+00:00, run_after=2021-10-07T00:00:00+00:00
[2024-04-22T11:44:11.594+0000] {processor.py:183} INFO - Processing /opt/airflow/dags/create_dag_with_python_operator.py took 0.447 seconds
[2024-04-22T11:44:21.943+0000] {processor.py:161} INFO - Started process (PID=1064) to work on /opt/airflow/dags/create_dag_with_python_operator.py
[2024-04-22T11:44:21.948+0000] {processor.py:830} INFO - Processing file /opt/airflow/dags/create_dag_with_python_operator.py for tasks to queue
[2024-04-22T11:44:21.950+0000] {logging_mixin.py:188} INFO - [2024-04-22T11:44:21.950+0000] {dagbag.py:538} INFO - Filling up the DagBag from /opt/airflow/dags/create_dag_with_python_operator.py
[2024-04-22T11:44:22.029+0000] {processor.py:840} INFO - DAG(s) 'our_dag_with_python_operator_v07' retrieved from /opt/airflow/dags/create_dag_with_python_operator.py
[2024-04-22T11:44:22.091+0000] {logging_mixin.py:188} INFO - [2024-04-22T11:44:22.091+0000] {dag.py:3033} INFO - Sync 1 DAGs
[2024-04-22T11:44:22.172+0000] {logging_mixin.py:188} INFO - [2024-04-22T11:44:22.171+0000] {dag.py:3820} INFO - Setting next_dagrun for our_dag_with_python_operator_v07 to 2021-10-06T00:00:00+00:00, run_after=2021-10-07T00:00:00+00:00
[2024-04-22T11:44:22.258+0000] {processor.py:183} INFO - Processing /opt/airflow/dags/create_dag_with_python_operator.py took 0.321 seconds
[2024-04-22T11:44:38.651+0000] {processor.py:161} INFO - Started process (PID=1104) to work on /opt/airflow/dags/create_dag_with_python_operator.py
[2024-04-22T11:44:38.656+0000] {processor.py:830} INFO - Processing file /opt/airflow/dags/create_dag_with_python_operator.py for tasks to queue
[2024-04-22T11:44:38.660+0000] {logging_mixin.py:188} INFO - [2024-04-22T11:44:38.659+0000] {dagbag.py:538} INFO - Filling up the DagBag from /opt/airflow/dags/create_dag_with_python_operator.py
[2024-04-22T11:44:38.796+0000] {processor.py:840} INFO - DAG(s) 'our_dag_with_python_operator_v07' retrieved from /opt/airflow/dags/create_dag_with_python_operator.py
[2024-04-22T11:44:38.882+0000] {logging_mixin.py:188} INFO - [2024-04-22T11:44:38.882+0000] {dag.py:3033} INFO - Sync 1 DAGs
[2024-04-22T11:44:38.982+0000] {logging_mixin.py:188} INFO - [2024-04-22T11:44:38.981+0000] {dag.py:3820} INFO - Setting next_dagrun for our_dag_with_python_operator_v07 to 2021-10-06T00:00:00+00:00, run_after=2021-10-07T00:00:00+00:00
[2024-04-22T11:44:39.079+0000] {processor.py:183} INFO - Processing /opt/airflow/dags/create_dag_with_python_operator.py took 0.445 seconds
[2024-04-22T11:44:49.587+0000] {processor.py:161} INFO - Started process (PID=1144) to work on /opt/airflow/dags/create_dag_with_python_operator.py
[2024-04-22T11:44:49.593+0000] {processor.py:830} INFO - Processing file /opt/airflow/dags/create_dag_with_python_operator.py for tasks to queue
[2024-04-22T11:44:49.603+0000] {logging_mixin.py:188} INFO - [2024-04-22T11:44:49.602+0000] {dagbag.py:538} INFO - Filling up the DagBag from /opt/airflow/dags/create_dag_with_python_operator.py
[2024-04-22T11:44:49.729+0000] {processor.py:840} INFO - DAG(s) 'our_dag_with_python_operator_v07' retrieved from /opt/airflow/dags/create_dag_with_python_operator.py
[2024-04-22T11:44:49.841+0000] {logging_mixin.py:188} INFO - [2024-04-22T11:44:49.841+0000] {dag.py:3033} INFO - Sync 1 DAGs
[2024-04-22T11:44:49.948+0000] {logging_mixin.py:188} INFO - [2024-04-22T11:44:49.948+0000] {dag.py:3820} INFO - Setting next_dagrun for our_dag_with_python_operator_v07 to 2021-10-06T00:00:00+00:00, run_after=2021-10-07T00:00:00+00:00
[2024-04-22T11:44:50.060+0000] {processor.py:183} INFO - Processing /opt/airflow/dags/create_dag_with_python_operator.py took 0.491 seconds
[2024-04-22T11:45:00.853+0000] {processor.py:161} INFO - Started process (PID=1186) to work on /opt/airflow/dags/create_dag_with_python_operator.py
[2024-04-22T11:45:00.861+0000] {processor.py:830} INFO - Processing file /opt/airflow/dags/create_dag_with_python_operator.py for tasks to queue
[2024-04-22T11:45:00.865+0000] {logging_mixin.py:188} INFO - [2024-04-22T11:45:00.864+0000] {dagbag.py:538} INFO - Filling up the DagBag from /opt/airflow/dags/create_dag_with_python_operator.py
[2024-04-22T11:45:00.963+0000] {processor.py:840} INFO - DAG(s) 'our_dag_with_python_operator_v07' retrieved from /opt/airflow/dags/create_dag_with_python_operator.py
[2024-04-22T11:45:01.057+0000] {logging_mixin.py:188} INFO - [2024-04-22T11:45:01.056+0000] {dag.py:3033} INFO - Sync 1 DAGs
[2024-04-22T11:45:01.165+0000] {logging_mixin.py:188} INFO - [2024-04-22T11:45:01.165+0000] {dag.py:3820} INFO - Setting next_dagrun for our_dag_with_python_operator_v07 to 2021-10-06T00:00:00+00:00, run_after=2021-10-07T00:00:00+00:00
[2024-04-22T11:45:01.252+0000] {processor.py:183} INFO - Processing /opt/airflow/dags/create_dag_with_python_operator.py took 0.410 seconds
[2024-04-22T11:45:12.066+0000] {processor.py:161} INFO - Started process (PID=1226) to work on /opt/airflow/dags/create_dag_with_python_operator.py
[2024-04-22T11:45:12.068+0000] {processor.py:830} INFO - Processing file /opt/airflow/dags/create_dag_with_python_operator.py for tasks to queue
[2024-04-22T11:45:12.070+0000] {logging_mixin.py:188} INFO - [2024-04-22T11:45:12.069+0000] {dagbag.py:538} INFO - Filling up the DagBag from /opt/airflow/dags/create_dag_with_python_operator.py
[2024-04-22T11:45:12.101+0000] {processor.py:840} INFO - DAG(s) 'our_dag_with_python_operator_v07' retrieved from /opt/airflow/dags/create_dag_with_python_operator.py
[2024-04-22T11:45:12.135+0000] {logging_mixin.py:188} INFO - [2024-04-22T11:45:12.135+0000] {dag.py:3033} INFO - Sync 1 DAGs
[2024-04-22T11:45:12.163+0000] {logging_mixin.py:188} INFO - [2024-04-22T11:45:12.162+0000] {dag.py:3820} INFO - Setting next_dagrun for our_dag_with_python_operator_v07 to 2021-10-06T00:00:00+00:00, run_after=2021-10-07T00:00:00+00:00
[2024-04-22T11:45:12.191+0000] {processor.py:183} INFO - Processing /opt/airflow/dags/create_dag_with_python_operator.py took 0.130 seconds
[2024-04-22T11:45:22.805+0000] {processor.py:161} INFO - Started process (PID=1266) to work on /opt/airflow/dags/create_dag_with_python_operator.py
[2024-04-22T11:45:22.806+0000] {processor.py:830} INFO - Processing file /opt/airflow/dags/create_dag_with_python_operator.py for tasks to queue
[2024-04-22T11:45:22.807+0000] {logging_mixin.py:188} INFO - [2024-04-22T11:45:22.807+0000] {dagbag.py:538} INFO - Filling up the DagBag from /opt/airflow/dags/create_dag_with_python_operator.py
[2024-04-22T11:45:22.826+0000] {processor.py:840} INFO - DAG(s) 'our_dag_with_python_operator_v07' retrieved from /opt/airflow/dags/create_dag_with_python_operator.py
[2024-04-22T11:45:22.850+0000] {logging_mixin.py:188} INFO - [2024-04-22T11:45:22.849+0000] {dag.py:3033} INFO - Sync 1 DAGs
[2024-04-22T11:45:22.869+0000] {logging_mixin.py:188} INFO - [2024-04-22T11:45:22.868+0000] {dag.py:3820} INFO - Setting next_dagrun for our_dag_with_python_operator_v07 to 2021-10-06T00:00:00+00:00, run_after=2021-10-07T00:00:00+00:00
[2024-04-22T11:45:22.893+0000] {processor.py:183} INFO - Processing /opt/airflow/dags/create_dag_with_python_operator.py took 0.091 seconds
[2024-04-22T11:45:33.083+0000] {processor.py:161} INFO - Started process (PID=1306) to work on /opt/airflow/dags/create_dag_with_python_operator.py
[2024-04-22T11:45:33.084+0000] {processor.py:830} INFO - Processing file /opt/airflow/dags/create_dag_with_python_operator.py for tasks to queue
[2024-04-22T11:45:33.086+0000] {logging_mixin.py:188} INFO - [2024-04-22T11:45:33.085+0000] {dagbag.py:538} INFO - Filling up the DagBag from /opt/airflow/dags/create_dag_with_python_operator.py
[2024-04-22T11:45:33.120+0000] {processor.py:840} INFO - DAG(s) 'our_dag_with_python_operator_v07' retrieved from /opt/airflow/dags/create_dag_with_python_operator.py
[2024-04-22T11:45:33.163+0000] {logging_mixin.py:188} INFO - [2024-04-22T11:45:33.162+0000] {dag.py:3033} INFO - Sync 1 DAGs
[2024-04-22T11:45:33.200+0000] {logging_mixin.py:188} INFO - [2024-04-22T11:45:33.200+0000] {dag.py:3820} INFO - Setting next_dagrun for our_dag_with_python_operator_v07 to 2021-10-06T00:00:00+00:00, run_after=2021-10-07T00:00:00+00:00
[2024-04-22T11:45:33.233+0000] {processor.py:183} INFO - Processing /opt/airflow/dags/create_dag_with_python_operator.py took 0.156 seconds
[2024-04-22T11:45:43.407+0000] {processor.py:161} INFO - Started process (PID=1344) to work on /opt/airflow/dags/create_dag_with_python_operator.py
[2024-04-22T11:45:43.418+0000] {processor.py:830} INFO - Processing file /opt/airflow/dags/create_dag_with_python_operator.py for tasks to queue
[2024-04-22T11:45:43.421+0000] {logging_mixin.py:188} INFO - [2024-04-22T11:45:43.420+0000] {dagbag.py:538} INFO - Filling up the DagBag from /opt/airflow/dags/create_dag_with_python_operator.py
[2024-04-22T11:45:43.477+0000] {processor.py:840} INFO - DAG(s) 'our_dag_with_python_operator_v07' retrieved from /opt/airflow/dags/create_dag_with_python_operator.py
[2024-04-22T11:45:43.532+0000] {logging_mixin.py:188} INFO - [2024-04-22T11:45:43.532+0000] {dag.py:3033} INFO - Sync 1 DAGs
[2024-04-22T11:45:43.574+0000] {logging_mixin.py:188} INFO - [2024-04-22T11:45:43.573+0000] {dag.py:3820} INFO - Setting next_dagrun for our_dag_with_python_operator_v07 to 2021-10-06T00:00:00+00:00, run_after=2021-10-07T00:00:00+00:00
[2024-04-22T11:45:43.619+0000] {processor.py:183} INFO - Processing /opt/airflow/dags/create_dag_with_python_operator.py took 0.218 seconds
[2024-04-22T11:45:53.930+0000] {processor.py:161} INFO - Started process (PID=1384) to work on /opt/airflow/dags/create_dag_with_python_operator.py
[2024-04-22T11:45:53.932+0000] {processor.py:830} INFO - Processing file /opt/airflow/dags/create_dag_with_python_operator.py for tasks to queue
[2024-04-22T11:45:53.933+0000] {logging_mixin.py:188} INFO - [2024-04-22T11:45:53.933+0000] {dagbag.py:538} INFO - Filling up the DagBag from /opt/airflow/dags/create_dag_with_python_operator.py
[2024-04-22T11:45:53.956+0000] {processor.py:840} INFO - DAG(s) 'our_dag_with_python_operator_v07' retrieved from /opt/airflow/dags/create_dag_with_python_operator.py
[2024-04-22T11:45:53.983+0000] {logging_mixin.py:188} INFO - [2024-04-22T11:45:53.983+0000] {dag.py:3033} INFO - Sync 1 DAGs
[2024-04-22T11:45:54.008+0000] {logging_mixin.py:188} INFO - [2024-04-22T11:45:54.007+0000] {dag.py:3820} INFO - Setting next_dagrun for our_dag_with_python_operator_v07 to 2021-10-06T00:00:00+00:00, run_after=2021-10-07T00:00:00+00:00
[2024-04-22T11:45:54.038+0000] {processor.py:183} INFO - Processing /opt/airflow/dags/create_dag_with_python_operator.py took 0.111 seconds
[2024-04-22T11:46:05.026+0000] {processor.py:161} INFO - Started process (PID=1424) to work on /opt/airflow/dags/create_dag_with_python_operator.py
[2024-04-22T11:46:05.028+0000] {processor.py:830} INFO - Processing file /opt/airflow/dags/create_dag_with_python_operator.py for tasks to queue
[2024-04-22T11:46:05.029+0000] {logging_mixin.py:188} INFO - [2024-04-22T11:46:05.029+0000] {dagbag.py:538} INFO - Filling up the DagBag from /opt/airflow/dags/create_dag_with_python_operator.py
[2024-04-22T11:46:05.067+0000] {processor.py:840} INFO - DAG(s) 'our_dag_with_python_operator_v07' retrieved from /opt/airflow/dags/create_dag_with_python_operator.py
[2024-04-22T11:46:05.109+0000] {logging_mixin.py:188} INFO - [2024-04-22T11:46:05.109+0000] {dag.py:3033} INFO - Sync 1 DAGs
[2024-04-22T11:46:05.145+0000] {logging_mixin.py:188} INFO - [2024-04-22T11:46:05.144+0000] {dag.py:3820} INFO - Setting next_dagrun for our_dag_with_python_operator_v07 to 2021-10-06T00:00:00+00:00, run_after=2021-10-07T00:00:00+00:00
[2024-04-22T11:46:05.179+0000] {processor.py:183} INFO - Processing /opt/airflow/dags/create_dag_with_python_operator.py took 0.158 seconds
[2024-04-22T11:46:17.971+0000] {processor.py:161} INFO - Started process (PID=1466) to work on /opt/airflow/dags/create_dag_with_python_operator.py
[2024-04-22T11:46:17.972+0000] {processor.py:830} INFO - Processing file /opt/airflow/dags/create_dag_with_python_operator.py for tasks to queue
[2024-04-22T11:46:17.983+0000] {logging_mixin.py:188} INFO - [2024-04-22T11:46:17.981+0000] {dagbag.py:538} INFO - Filling up the DagBag from /opt/airflow/dags/create_dag_with_python_operator.py
[2024-04-22T11:46:18.045+0000] {processor.py:840} INFO - DAG(s) 'our_dag_with_python_operator_v07' retrieved from /opt/airflow/dags/create_dag_with_python_operator.py
[2024-04-22T11:46:18.131+0000] {logging_mixin.py:188} INFO - [2024-04-22T11:46:18.130+0000] {dag.py:3033} INFO - Sync 1 DAGs
[2024-04-22T11:46:18.188+0000] {logging_mixin.py:188} INFO - [2024-04-22T11:46:18.187+0000] {dag.py:3820} INFO - Setting next_dagrun for our_dag_with_python_operator_v07 to 2021-10-06T00:00:00+00:00, run_after=2021-10-07T00:00:00+00:00
[2024-04-22T11:46:18.293+0000] {processor.py:183} INFO - Processing /opt/airflow/dags/create_dag_with_python_operator.py took 0.328 seconds
[2024-04-22T11:46:29.481+0000] {processor.py:161} INFO - Started process (PID=1509) to work on /opt/airflow/dags/create_dag_with_python_operator.py
[2024-04-22T11:46:29.483+0000] {processor.py:830} INFO - Processing file /opt/airflow/dags/create_dag_with_python_operator.py for tasks to queue
[2024-04-22T11:46:29.485+0000] {logging_mixin.py:188} INFO - [2024-04-22T11:46:29.485+0000] {dagbag.py:538} INFO - Filling up the DagBag from /opt/airflow/dags/create_dag_with_python_operator.py
[2024-04-22T11:46:29.577+0000] {processor.py:840} INFO - DAG(s) 'our_dag_with_python_operator_v07' retrieved from /opt/airflow/dags/create_dag_with_python_operator.py
[2024-04-22T11:46:29.654+0000] {logging_mixin.py:188} INFO - [2024-04-22T11:46:29.653+0000] {dag.py:3033} INFO - Sync 1 DAGs
[2024-04-22T11:46:29.718+0000] {logging_mixin.py:188} INFO - [2024-04-22T11:46:29.718+0000] {dag.py:3820} INFO - Setting next_dagrun for our_dag_with_python_operator_v07 to 2021-10-06T00:00:00+00:00, run_after=2021-10-07T00:00:00+00:00
[2024-04-22T11:46:29.779+0000] {processor.py:183} INFO - Processing /opt/airflow/dags/create_dag_with_python_operator.py took 0.305 seconds
[2024-04-22T11:46:40.977+0000] {processor.py:161} INFO - Started process (PID=1549) to work on /opt/airflow/dags/create_dag_with_python_operator.py
[2024-04-22T11:46:40.980+0000] {processor.py:830} INFO - Processing file /opt/airflow/dags/create_dag_with_python_operator.py for tasks to queue
[2024-04-22T11:46:40.983+0000] {logging_mixin.py:188} INFO - [2024-04-22T11:46:40.982+0000] {dagbag.py:538} INFO - Filling up the DagBag from /opt/airflow/dags/create_dag_with_python_operator.py
[2024-04-22T11:46:41.073+0000] {processor.py:840} INFO - DAG(s) 'our_dag_with_python_operator_v07' retrieved from /opt/airflow/dags/create_dag_with_python_operator.py
[2024-04-22T11:46:41.157+0000] {logging_mixin.py:188} INFO - [2024-04-22T11:46:41.157+0000] {dag.py:3033} INFO - Sync 1 DAGs
[2024-04-22T11:46:41.230+0000] {logging_mixin.py:188} INFO - [2024-04-22T11:46:41.230+0000] {dag.py:3820} INFO - Setting next_dagrun for our_dag_with_python_operator_v07 to 2021-10-06T00:00:00+00:00, run_after=2021-10-07T00:00:00+00:00
[2024-04-22T11:46:41.301+0000] {processor.py:183} INFO - Processing /opt/airflow/dags/create_dag_with_python_operator.py took 0.330 seconds
[2024-04-22T11:46:52.054+0000] {processor.py:161} INFO - Started process (PID=1589) to work on /opt/airflow/dags/create_dag_with_python_operator.py
[2024-04-22T11:46:52.055+0000] {processor.py:830} INFO - Processing file /opt/airflow/dags/create_dag_with_python_operator.py for tasks to queue
[2024-04-22T11:46:52.056+0000] {logging_mixin.py:188} INFO - [2024-04-22T11:46:52.056+0000] {dagbag.py:538} INFO - Filling up the DagBag from /opt/airflow/dags/create_dag_with_python_operator.py
[2024-04-22T11:46:52.074+0000] {processor.py:840} INFO - DAG(s) 'our_dag_with_python_operator_v07' retrieved from /opt/airflow/dags/create_dag_with_python_operator.py
[2024-04-22T11:46:52.100+0000] {logging_mixin.py:188} INFO - [2024-04-22T11:46:52.100+0000] {dag.py:3033} INFO - Sync 1 DAGs
[2024-04-22T11:46:52.121+0000] {logging_mixin.py:188} INFO - [2024-04-22T11:46:52.121+0000] {dag.py:3820} INFO - Setting next_dagrun for our_dag_with_python_operator_v07 to 2021-10-06T00:00:00+00:00, run_after=2021-10-07T00:00:00+00:00
[2024-04-22T11:46:52.167+0000] {processor.py:183} INFO - Processing /opt/airflow/dags/create_dag_with_python_operator.py took 0.119 seconds
[2024-04-22T11:47:02.884+0000] {processor.py:161} INFO - Started process (PID=1629) to work on /opt/airflow/dags/create_dag_with_python_operator.py
[2024-04-22T11:47:02.885+0000] {processor.py:830} INFO - Processing file /opt/airflow/dags/create_dag_with_python_operator.py for tasks to queue
[2024-04-22T11:47:02.887+0000] {logging_mixin.py:188} INFO - [2024-04-22T11:47:02.886+0000] {dagbag.py:538} INFO - Filling up the DagBag from /opt/airflow/dags/create_dag_with_python_operator.py
[2024-04-22T11:47:02.922+0000] {processor.py:840} INFO - DAG(s) 'our_dag_with_python_operator_v07' retrieved from /opt/airflow/dags/create_dag_with_python_operator.py
[2024-04-22T11:47:02.957+0000] {logging_mixin.py:188} INFO - [2024-04-22T11:47:02.955+0000] {dag.py:3033} INFO - Sync 1 DAGs
[2024-04-22T11:47:03.003+0000] {logging_mixin.py:188} INFO - [2024-04-22T11:47:03.003+0000] {dag.py:3820} INFO - Setting next_dagrun for our_dag_with_python_operator_v07 to 2021-10-06T00:00:00+00:00, run_after=2021-10-07T00:00:00+00:00
[2024-04-22T11:47:03.057+0000] {processor.py:183} INFO - Processing /opt/airflow/dags/create_dag_with_python_operator.py took 0.180 seconds
[2024-04-22T11:47:13.615+0000] {processor.py:161} INFO - Started process (PID=1669) to work on /opt/airflow/dags/create_dag_with_python_operator.py
[2024-04-22T11:47:13.616+0000] {processor.py:830} INFO - Processing file /opt/airflow/dags/create_dag_with_python_operator.py for tasks to queue
[2024-04-22T11:47:13.618+0000] {logging_mixin.py:188} INFO - [2024-04-22T11:47:13.617+0000] {dagbag.py:538} INFO - Filling up the DagBag from /opt/airflow/dags/create_dag_with_python_operator.py
[2024-04-22T11:47:13.645+0000] {processor.py:840} INFO - DAG(s) 'our_dag_with_python_operator_v07' retrieved from /opt/airflow/dags/create_dag_with_python_operator.py
[2024-04-22T11:47:13.673+0000] {logging_mixin.py:188} INFO - [2024-04-22T11:47:13.673+0000] {dag.py:3033} INFO - Sync 1 DAGs
[2024-04-22T11:47:13.702+0000] {logging_mixin.py:188} INFO - [2024-04-22T11:47:13.701+0000] {dag.py:3820} INFO - Setting next_dagrun for our_dag_with_python_operator_v07 to 2021-10-06T00:00:00+00:00, run_after=2021-10-07T00:00:00+00:00
[2024-04-22T11:47:13.877+0000] {processor.py:183} INFO - Processing /opt/airflow/dags/create_dag_with_python_operator.py took 0.267 seconds
[2024-04-22T11:47:24.348+0000] {processor.py:161} INFO - Started process (PID=1711) to work on /opt/airflow/dags/create_dag_with_python_operator.py
[2024-04-22T11:47:24.350+0000] {processor.py:830} INFO - Processing file /opt/airflow/dags/create_dag_with_python_operator.py for tasks to queue
[2024-04-22T11:47:24.352+0000] {logging_mixin.py:188} INFO - [2024-04-22T11:47:24.351+0000] {dagbag.py:538} INFO - Filling up the DagBag from /opt/airflow/dags/create_dag_with_python_operator.py
[2024-04-22T11:47:24.412+0000] {processor.py:840} INFO - DAG(s) 'our_dag_with_python_operator_v07' retrieved from /opt/airflow/dags/create_dag_with_python_operator.py
[2024-04-22T11:47:24.481+0000] {logging_mixin.py:188} INFO - [2024-04-22T11:47:24.478+0000] {dag.py:3033} INFO - Sync 1 DAGs
[2024-04-22T11:47:24.553+0000] {logging_mixin.py:188} INFO - [2024-04-22T11:47:24.553+0000] {dag.py:3820} INFO - Setting next_dagrun for our_dag_with_python_operator_v07 to 2021-10-06T00:00:00+00:00, run_after=2021-10-07T00:00:00+00:00
[2024-04-22T11:47:24.620+0000] {processor.py:183} INFO - Processing /opt/airflow/dags/create_dag_with_python_operator.py took 0.280 seconds
[2024-04-22T11:47:35.173+0000] {processor.py:161} INFO - Started process (PID=1749) to work on /opt/airflow/dags/create_dag_with_python_operator.py
[2024-04-22T11:47:35.178+0000] {processor.py:830} INFO - Processing file /opt/airflow/dags/create_dag_with_python_operator.py for tasks to queue
[2024-04-22T11:47:35.190+0000] {logging_mixin.py:188} INFO - [2024-04-22T11:47:35.189+0000] {dagbag.py:538} INFO - Filling up the DagBag from /opt/airflow/dags/create_dag_with_python_operator.py
[2024-04-22T11:47:35.335+0000] {processor.py:840} INFO - DAG(s) 'our_dag_with_python_operator_v07' retrieved from /opt/airflow/dags/create_dag_with_python_operator.py
[2024-04-22T11:47:35.417+0000] {logging_mixin.py:188} INFO - [2024-04-22T11:47:35.417+0000] {dag.py:3033} INFO - Sync 1 DAGs
[2024-04-22T11:47:35.509+0000] {logging_mixin.py:188} INFO - [2024-04-22T11:47:35.509+0000] {dag.py:3820} INFO - Setting next_dagrun for our_dag_with_python_operator_v07 to 2021-10-06T00:00:00+00:00, run_after=2021-10-07T00:00:00+00:00
[2024-04-22T11:47:35.626+0000] {processor.py:183} INFO - Processing /opt/airflow/dags/create_dag_with_python_operator.py took 0.470 seconds
[2024-04-22T11:47:46.260+0000] {processor.py:161} INFO - Started process (PID=1794) to work on /opt/airflow/dags/create_dag_with_python_operator.py
[2024-04-22T11:47:46.261+0000] {processor.py:830} INFO - Processing file /opt/airflow/dags/create_dag_with_python_operator.py for tasks to queue
[2024-04-22T11:47:46.263+0000] {logging_mixin.py:188} INFO - [2024-04-22T11:47:46.262+0000] {dagbag.py:538} INFO - Filling up the DagBag from /opt/airflow/dags/create_dag_with_python_operator.py
[2024-04-22T11:47:46.290+0000] {processor.py:840} INFO - DAG(s) 'our_dag_with_python_operator_v07' retrieved from /opt/airflow/dags/create_dag_with_python_operator.py
[2024-04-22T11:47:46.325+0000] {logging_mixin.py:188} INFO - [2024-04-22T11:47:46.325+0000] {dag.py:3033} INFO - Sync 1 DAGs
[2024-04-22T11:47:46.361+0000] {logging_mixin.py:188} INFO - [2024-04-22T11:47:46.361+0000] {dag.py:3820} INFO - Setting next_dagrun for our_dag_with_python_operator_v07 to 2021-10-06T00:00:00+00:00, run_after=2021-10-07T00:00:00+00:00
[2024-04-22T11:47:46.449+0000] {processor.py:183} INFO - Processing /opt/airflow/dags/create_dag_with_python_operator.py took 0.195 seconds
[2024-04-22T11:48:31.838+0000] {processor.py:161} INFO - Started process (PID=208) to work on /opt/airflow/dags/create_dag_with_python_operator.py
[2024-04-22T11:48:31.840+0000] {processor.py:830} INFO - Processing file /opt/airflow/dags/create_dag_with_python_operator.py for tasks to queue
[2024-04-22T11:48:31.842+0000] {logging_mixin.py:188} INFO - [2024-04-22T11:48:31.842+0000] {dagbag.py:538} INFO - Filling up the DagBag from /opt/airflow/dags/create_dag_with_python_operator.py
[2024-04-22T11:48:31.902+0000] {processor.py:840} INFO - DAG(s) 'our_dag_with_python_operator_v07' retrieved from /opt/airflow/dags/create_dag_with_python_operator.py
[2024-04-22T11:48:31.920+0000] {logging_mixin.py:188} INFO - [2024-04-22T11:48:31.919+0000] {dag.py:3033} INFO - Sync 1 DAGs
[2024-04-22T11:48:31.968+0000] {logging_mixin.py:188} INFO - [2024-04-22T11:48:31.967+0000] {dag.py:3820} INFO - Setting next_dagrun for our_dag_with_python_operator_v07 to 2021-10-06T00:00:00+00:00, run_after=2021-10-07T00:00:00+00:00
[2024-04-22T11:48:32.001+0000] {processor.py:183} INFO - Processing /opt/airflow/dags/create_dag_with_python_operator.py took 0.171 seconds
[2024-04-22T11:48:42.803+0000] {processor.py:161} INFO - Started process (PID=253) to work on /opt/airflow/dags/create_dag_with_python_operator.py
[2024-04-22T11:48:42.804+0000] {processor.py:830} INFO - Processing file /opt/airflow/dags/create_dag_with_python_operator.py for tasks to queue
[2024-04-22T11:48:42.806+0000] {logging_mixin.py:188} INFO - [2024-04-22T11:48:42.805+0000] {dagbag.py:538} INFO - Filling up the DagBag from /opt/airflow/dags/create_dag_with_python_operator.py
[2024-04-22T11:48:42.830+0000] {processor.py:840} INFO - DAG(s) 'our_dag_with_python_operator_v07' retrieved from /opt/airflow/dags/create_dag_with_python_operator.py
[2024-04-22T11:48:42.847+0000] {logging_mixin.py:188} INFO - [2024-04-22T11:48:42.847+0000] {dag.py:3033} INFO - Sync 1 DAGs
[2024-04-22T11:48:42.885+0000] {logging_mixin.py:188} INFO - [2024-04-22T11:48:42.885+0000] {dag.py:3820} INFO - Setting next_dagrun for our_dag_with_python_operator_v07 to 2021-10-06T00:00:00+00:00, run_after=2021-10-07T00:00:00+00:00
[2024-04-22T11:48:42.915+0000] {processor.py:183} INFO - Processing /opt/airflow/dags/create_dag_with_python_operator.py took 0.117 seconds
[2024-04-22T11:48:53.614+0000] {processor.py:161} INFO - Started process (PID=298) to work on /opt/airflow/dags/create_dag_with_python_operator.py
[2024-04-22T11:48:53.615+0000] {processor.py:830} INFO - Processing file /opt/airflow/dags/create_dag_with_python_operator.py for tasks to queue
[2024-04-22T11:48:53.616+0000] {logging_mixin.py:188} INFO - [2024-04-22T11:48:53.616+0000] {dagbag.py:538} INFO - Filling up the DagBag from /opt/airflow/dags/create_dag_with_python_operator.py
[2024-04-22T11:48:53.636+0000] {processor.py:840} INFO - DAG(s) 'our_dag_with_python_operator_v07' retrieved from /opt/airflow/dags/create_dag_with_python_operator.py
[2024-04-22T11:48:53.651+0000] {logging_mixin.py:188} INFO - [2024-04-22T11:48:53.650+0000] {dag.py:3033} INFO - Sync 1 DAGs
[2024-04-22T11:48:53.675+0000] {logging_mixin.py:188} INFO - [2024-04-22T11:48:53.675+0000] {dag.py:3820} INFO - Setting next_dagrun for our_dag_with_python_operator_v07 to 2021-10-06T00:00:00+00:00, run_after=2021-10-07T00:00:00+00:00
[2024-04-22T11:48:53.700+0000] {processor.py:183} INFO - Processing /opt/airflow/dags/create_dag_with_python_operator.py took 0.089 seconds
[2024-04-22T11:49:04.145+0000] {processor.py:161} INFO - Started process (PID=345) to work on /opt/airflow/dags/create_dag_with_python_operator.py
[2024-04-22T11:49:04.146+0000] {processor.py:830} INFO - Processing file /opt/airflow/dags/create_dag_with_python_operator.py for tasks to queue
[2024-04-22T11:49:04.147+0000] {logging_mixin.py:188} INFO - [2024-04-22T11:49:04.146+0000] {dagbag.py:538} INFO - Filling up the DagBag from /opt/airflow/dags/create_dag_with_python_operator.py
[2024-04-22T11:49:04.169+0000] {processor.py:840} INFO - DAG(s) 'our_dag_with_python_operator_v07' retrieved from /opt/airflow/dags/create_dag_with_python_operator.py
[2024-04-22T11:49:04.276+0000] {logging_mixin.py:188} INFO - [2024-04-22T11:49:04.276+0000] {dag.py:3033} INFO - Sync 1 DAGs
[2024-04-22T11:49:04.296+0000] {logging_mixin.py:188} INFO - [2024-04-22T11:49:04.295+0000] {dag.py:3820} INFO - Setting next_dagrun for our_dag_with_python_operator_v07 to 2021-10-06T00:00:00+00:00, run_after=2021-10-07T00:00:00+00:00
[2024-04-22T11:49:04.319+0000] {processor.py:183} INFO - Processing /opt/airflow/dags/create_dag_with_python_operator.py took 0.177 seconds
[2024-04-22T11:49:14.753+0000] {processor.py:161} INFO - Started process (PID=390) to work on /opt/airflow/dags/create_dag_with_python_operator.py
[2024-04-22T11:49:14.755+0000] {processor.py:830} INFO - Processing file /opt/airflow/dags/create_dag_with_python_operator.py for tasks to queue
[2024-04-22T11:49:14.756+0000] {logging_mixin.py:188} INFO - [2024-04-22T11:49:14.756+0000] {dagbag.py:538} INFO - Filling up the DagBag from /opt/airflow/dags/create_dag_with_python_operator.py
[2024-04-22T11:49:14.775+0000] {processor.py:840} INFO - DAG(s) 'our_dag_with_python_operator_v07' retrieved from /opt/airflow/dags/create_dag_with_python_operator.py
[2024-04-22T11:49:14.786+0000] {logging_mixin.py:188} INFO - [2024-04-22T11:49:14.786+0000] {dag.py:3033} INFO - Sync 1 DAGs
[2024-04-22T11:49:14.812+0000] {logging_mixin.py:188} INFO - [2024-04-22T11:49:14.811+0000] {dag.py:3820} INFO - Setting next_dagrun for our_dag_with_python_operator_v07 to 2021-10-06T00:00:00+00:00, run_after=2021-10-07T00:00:00+00:00
[2024-04-22T11:49:14.836+0000] {processor.py:183} INFO - Processing /opt/airflow/dags/create_dag_with_python_operator.py took 0.086 seconds
[2024-04-22T11:49:25.431+0000] {processor.py:161} INFO - Started process (PID=435) to work on /opt/airflow/dags/create_dag_with_python_operator.py
[2024-04-22T11:49:25.432+0000] {processor.py:830} INFO - Processing file /opt/airflow/dags/create_dag_with_python_operator.py for tasks to queue
[2024-04-22T11:49:25.433+0000] {logging_mixin.py:188} INFO - [2024-04-22T11:49:25.433+0000] {dagbag.py:538} INFO - Filling up the DagBag from /opt/airflow/dags/create_dag_with_python_operator.py
[2024-04-22T11:49:25.453+0000] {processor.py:840} INFO - DAG(s) 'our_dag_with_python_operator_v07' retrieved from /opt/airflow/dags/create_dag_with_python_operator.py
[2024-04-22T11:49:25.466+0000] {logging_mixin.py:188} INFO - [2024-04-22T11:49:25.466+0000] {dag.py:3033} INFO - Sync 1 DAGs
[2024-04-22T11:49:25.490+0000] {logging_mixin.py:188} INFO - [2024-04-22T11:49:25.490+0000] {dag.py:3820} INFO - Setting next_dagrun for our_dag_with_python_operator_v07 to 2021-10-06T00:00:00+00:00, run_after=2021-10-07T00:00:00+00:00
[2024-04-22T11:49:25.516+0000] {processor.py:183} INFO - Processing /opt/airflow/dags/create_dag_with_python_operator.py took 0.088 seconds
[2024-04-22T11:49:36.180+0000] {processor.py:161} INFO - Started process (PID=480) to work on /opt/airflow/dags/create_dag_with_python_operator.py
[2024-04-22T11:49:36.181+0000] {processor.py:830} INFO - Processing file /opt/airflow/dags/create_dag_with_python_operator.py for tasks to queue
[2024-04-22T11:49:36.182+0000] {logging_mixin.py:188} INFO - [2024-04-22T11:49:36.182+0000] {dagbag.py:538} INFO - Filling up the DagBag from /opt/airflow/dags/create_dag_with_python_operator.py
[2024-04-22T11:49:36.202+0000] {processor.py:840} INFO - DAG(s) 'our_dag_with_python_operator_v07' retrieved from /opt/airflow/dags/create_dag_with_python_operator.py
[2024-04-22T11:49:36.224+0000] {logging_mixin.py:188} INFO - [2024-04-22T11:49:36.224+0000] {dag.py:3033} INFO - Sync 1 DAGs
[2024-04-22T11:49:36.250+0000] {logging_mixin.py:188} INFO - [2024-04-22T11:49:36.249+0000] {dag.py:3820} INFO - Setting next_dagrun for our_dag_with_python_operator_v07 to 2021-10-06T00:00:00+00:00, run_after=2021-10-07T00:00:00+00:00
[2024-04-22T11:49:36.276+0000] {processor.py:183} INFO - Processing /opt/airflow/dags/create_dag_with_python_operator.py took 0.100 seconds
[2024-04-22T11:49:46.907+0000] {processor.py:161} INFO - Started process (PID=525) to work on /opt/airflow/dags/create_dag_with_python_operator.py
[2024-04-22T11:49:46.908+0000] {processor.py:830} INFO - Processing file /opt/airflow/dags/create_dag_with_python_operator.py for tasks to queue
[2024-04-22T11:49:46.909+0000] {logging_mixin.py:188} INFO - [2024-04-22T11:49:46.908+0000] {dagbag.py:538} INFO - Filling up the DagBag from /opt/airflow/dags/create_dag_with_python_operator.py
[2024-04-22T11:49:46.929+0000] {processor.py:840} INFO - DAG(s) 'our_dag_with_python_operator_v07' retrieved from /opt/airflow/dags/create_dag_with_python_operator.py
[2024-04-22T11:49:46.952+0000] {logging_mixin.py:188} INFO - [2024-04-22T11:49:46.951+0000] {dag.py:3033} INFO - Sync 1 DAGs
[2024-04-22T11:49:46.973+0000] {logging_mixin.py:188} INFO - [2024-04-22T11:49:46.972+0000] {dag.py:3820} INFO - Setting next_dagrun for our_dag_with_python_operator_v07 to 2021-10-06T00:00:00+00:00, run_after=2021-10-07T00:00:00+00:00
[2024-04-22T11:49:46.994+0000] {processor.py:183} INFO - Processing /opt/airflow/dags/create_dag_with_python_operator.py took 0.090 seconds
[2024-04-22T11:49:57.555+0000] {processor.py:161} INFO - Started process (PID=570) to work on /opt/airflow/dags/create_dag_with_python_operator.py
[2024-04-22T11:49:57.556+0000] {processor.py:830} INFO - Processing file /opt/airflow/dags/create_dag_with_python_operator.py for tasks to queue
[2024-04-22T11:49:57.557+0000] {logging_mixin.py:188} INFO - [2024-04-22T11:49:57.557+0000] {dagbag.py:538} INFO - Filling up the DagBag from /opt/airflow/dags/create_dag_with_python_operator.py
[2024-04-22T11:49:57.579+0000] {processor.py:840} INFO - DAG(s) 'our_dag_with_python_operator_v07' retrieved from /opt/airflow/dags/create_dag_with_python_operator.py
[2024-04-22T11:49:57.603+0000] {logging_mixin.py:188} INFO - [2024-04-22T11:49:57.603+0000] {dag.py:3033} INFO - Sync 1 DAGs
[2024-04-22T11:49:57.629+0000] {logging_mixin.py:188} INFO - [2024-04-22T11:49:57.629+0000] {dag.py:3820} INFO - Setting next_dagrun for our_dag_with_python_operator_v07 to 2021-10-06T00:00:00+00:00, run_after=2021-10-07T00:00:00+00:00
[2024-04-22T11:49:57.656+0000] {processor.py:183} INFO - Processing /opt/airflow/dags/create_dag_with_python_operator.py took 0.105 seconds
[2024-04-22T11:50:08.273+0000] {processor.py:161} INFO - Started process (PID=615) to work on /opt/airflow/dags/create_dag_with_python_operator.py
[2024-04-22T11:50:08.274+0000] {processor.py:830} INFO - Processing file /opt/airflow/dags/create_dag_with_python_operator.py for tasks to queue
[2024-04-22T11:50:08.275+0000] {logging_mixin.py:188} INFO - [2024-04-22T11:50:08.274+0000] {dagbag.py:538} INFO - Filling up the DagBag from /opt/airflow/dags/create_dag_with_python_operator.py
[2024-04-22T11:50:08.292+0000] {processor.py:840} INFO - DAG(s) 'our_dag_with_python_operator_v07' retrieved from /opt/airflow/dags/create_dag_with_python_operator.py
[2024-04-22T11:50:08.315+0000] {logging_mixin.py:188} INFO - [2024-04-22T11:50:08.315+0000] {dag.py:3033} INFO - Sync 1 DAGs
[2024-04-22T11:50:08.338+0000] {logging_mixin.py:188} INFO - [2024-04-22T11:50:08.338+0000] {dag.py:3820} INFO - Setting next_dagrun for our_dag_with_python_operator_v07 to 2021-10-06T00:00:00+00:00, run_after=2021-10-07T00:00:00+00:00
[2024-04-22T11:50:08.362+0000] {processor.py:183} INFO - Processing /opt/airflow/dags/create_dag_with_python_operator.py took 0.093 seconds
[2024-04-22T11:50:19.017+0000] {processor.py:161} INFO - Started process (PID=660) to work on /opt/airflow/dags/create_dag_with_python_operator.py
[2024-04-22T11:50:19.018+0000] {processor.py:830} INFO - Processing file /opt/airflow/dags/create_dag_with_python_operator.py for tasks to queue
[2024-04-22T11:50:19.019+0000] {logging_mixin.py:188} INFO - [2024-04-22T11:50:19.019+0000] {dagbag.py:538} INFO - Filling up the DagBag from /opt/airflow/dags/create_dag_with_python_operator.py
[2024-04-22T11:50:19.040+0000] {processor.py:840} INFO - DAG(s) 'our_dag_with_python_operator_v07' retrieved from /opt/airflow/dags/create_dag_with_python_operator.py
[2024-04-22T11:50:19.064+0000] {logging_mixin.py:188} INFO - [2024-04-22T11:50:19.064+0000] {dag.py:3033} INFO - Sync 1 DAGs
[2024-04-22T11:50:19.085+0000] {logging_mixin.py:188} INFO - [2024-04-22T11:50:19.085+0000] {dag.py:3820} INFO - Setting next_dagrun for our_dag_with_python_operator_v07 to 2021-10-06T00:00:00+00:00, run_after=2021-10-07T00:00:00+00:00
[2024-04-22T11:50:19.108+0000] {processor.py:183} INFO - Processing /opt/airflow/dags/create_dag_with_python_operator.py took 0.095 seconds
[2024-04-22T11:50:29.720+0000] {processor.py:161} INFO - Started process (PID=705) to work on /opt/airflow/dags/create_dag_with_python_operator.py
[2024-04-22T11:50:29.722+0000] {processor.py:830} INFO - Processing file /opt/airflow/dags/create_dag_with_python_operator.py for tasks to queue
[2024-04-22T11:50:29.723+0000] {logging_mixin.py:188} INFO - [2024-04-22T11:50:29.722+0000] {dagbag.py:538} INFO - Filling up the DagBag from /opt/airflow/dags/create_dag_with_python_operator.py
[2024-04-22T11:50:29.743+0000] {processor.py:840} INFO - DAG(s) 'our_dag_with_python_operator_v07' retrieved from /opt/airflow/dags/create_dag_with_python_operator.py
[2024-04-22T11:50:29.767+0000] {logging_mixin.py:188} INFO - [2024-04-22T11:50:29.767+0000] {dag.py:3033} INFO - Sync 1 DAGs
[2024-04-22T11:50:29.791+0000] {logging_mixin.py:188} INFO - [2024-04-22T11:50:29.791+0000] {dag.py:3820} INFO - Setting next_dagrun for our_dag_with_python_operator_v07 to 2021-10-06T00:00:00+00:00, run_after=2021-10-07T00:00:00+00:00
[2024-04-22T11:50:29.816+0000] {processor.py:183} INFO - Processing /opt/airflow/dags/create_dag_with_python_operator.py took 0.099 seconds
[2024-04-22T11:50:40.432+0000] {processor.py:161} INFO - Started process (PID=750) to work on /opt/airflow/dags/create_dag_with_python_operator.py
[2024-04-22T11:50:40.433+0000] {processor.py:830} INFO - Processing file /opt/airflow/dags/create_dag_with_python_operator.py for tasks to queue
[2024-04-22T11:50:40.434+0000] {logging_mixin.py:188} INFO - [2024-04-22T11:50:40.434+0000] {dagbag.py:538} INFO - Filling up the DagBag from /opt/airflow/dags/create_dag_with_python_operator.py
[2024-04-22T11:50:40.459+0000] {processor.py:840} INFO - DAG(s) 'our_dag_with_python_operator_v07' retrieved from /opt/airflow/dags/create_dag_with_python_operator.py
[2024-04-22T11:50:40.484+0000] {logging_mixin.py:188} INFO - [2024-04-22T11:50:40.484+0000] {dag.py:3033} INFO - Sync 1 DAGs
[2024-04-22T11:50:40.506+0000] {logging_mixin.py:188} INFO - [2024-04-22T11:50:40.506+0000] {dag.py:3820} INFO - Setting next_dagrun for our_dag_with_python_operator_v07 to 2021-10-06T00:00:00+00:00, run_after=2021-10-07T00:00:00+00:00
[2024-04-22T11:50:40.529+0000] {processor.py:183} INFO - Processing /opt/airflow/dags/create_dag_with_python_operator.py took 0.100 seconds
[2024-04-22T11:50:51.101+0000] {processor.py:161} INFO - Started process (PID=795) to work on /opt/airflow/dags/create_dag_with_python_operator.py
[2024-04-22T11:50:51.102+0000] {processor.py:830} INFO - Processing file /opt/airflow/dags/create_dag_with_python_operator.py for tasks to queue
[2024-04-22T11:50:51.103+0000] {logging_mixin.py:188} INFO - [2024-04-22T11:50:51.102+0000] {dagbag.py:538} INFO - Filling up the DagBag from /opt/airflow/dags/create_dag_with_python_operator.py
[2024-04-22T11:50:51.121+0000] {processor.py:840} INFO - DAG(s) 'our_dag_with_python_operator_v07' retrieved from /opt/airflow/dags/create_dag_with_python_operator.py
[2024-04-22T11:50:51.145+0000] {logging_mixin.py:188} INFO - [2024-04-22T11:50:51.145+0000] {dag.py:3033} INFO - Sync 1 DAGs
[2024-04-22T11:50:51.166+0000] {logging_mixin.py:188} INFO - [2024-04-22T11:50:51.166+0000] {dag.py:3820} INFO - Setting next_dagrun for our_dag_with_python_operator_v07 to 2021-10-06T00:00:00+00:00, run_after=2021-10-07T00:00:00+00:00
[2024-04-22T11:50:51.189+0000] {processor.py:183} INFO - Processing /opt/airflow/dags/create_dag_with_python_operator.py took 0.092 seconds
[2024-04-22T11:51:01.807+0000] {processor.py:161} INFO - Started process (PID=840) to work on /opt/airflow/dags/create_dag_with_python_operator.py
[2024-04-22T11:51:01.808+0000] {processor.py:830} INFO - Processing file /opt/airflow/dags/create_dag_with_python_operator.py for tasks to queue
[2024-04-22T11:51:01.809+0000] {logging_mixin.py:188} INFO - [2024-04-22T11:51:01.809+0000] {dagbag.py:538} INFO - Filling up the DagBag from /opt/airflow/dags/create_dag_with_python_operator.py
[2024-04-22T11:51:01.828+0000] {processor.py:840} INFO - DAG(s) 'our_dag_with_python_operator_v07' retrieved from /opt/airflow/dags/create_dag_with_python_operator.py
[2024-04-22T11:51:01.850+0000] {logging_mixin.py:188} INFO - [2024-04-22T11:51:01.850+0000] {dag.py:3033} INFO - Sync 1 DAGs
[2024-04-22T11:51:01.873+0000] {logging_mixin.py:188} INFO - [2024-04-22T11:51:01.873+0000] {dag.py:3820} INFO - Setting next_dagrun for our_dag_with_python_operator_v07 to 2021-10-06T00:00:00+00:00, run_after=2021-10-07T00:00:00+00:00
[2024-04-22T11:51:01.898+0000] {processor.py:183} INFO - Processing /opt/airflow/dags/create_dag_with_python_operator.py took 0.094 seconds
[2024-04-22T11:51:12.597+0000] {processor.py:161} INFO - Started process (PID=885) to work on /opt/airflow/dags/create_dag_with_python_operator.py
[2024-04-22T11:51:12.598+0000] {processor.py:830} INFO - Processing file /opt/airflow/dags/create_dag_with_python_operator.py for tasks to queue
[2024-04-22T11:51:12.599+0000] {logging_mixin.py:188} INFO - [2024-04-22T11:51:12.598+0000] {dagbag.py:538} INFO - Filling up the DagBag from /opt/airflow/dags/create_dag_with_python_operator.py
[2024-04-22T11:51:12.620+0000] {processor.py:840} INFO - DAG(s) 'our_dag_with_python_operator_v07' retrieved from /opt/airflow/dags/create_dag_with_python_operator.py
[2024-04-22T11:51:12.653+0000] {logging_mixin.py:188} INFO - [2024-04-22T11:51:12.653+0000] {dag.py:3033} INFO - Sync 1 DAGs
[2024-04-22T11:51:12.680+0000] {logging_mixin.py:188} INFO - [2024-04-22T11:51:12.680+0000] {dag.py:3820} INFO - Setting next_dagrun for our_dag_with_python_operator_v07 to 2021-10-06T00:00:00+00:00, run_after=2021-10-07T00:00:00+00:00
[2024-04-22T11:51:12.704+0000] {processor.py:183} INFO - Processing /opt/airflow/dags/create_dag_with_python_operator.py took 0.111 seconds
[2024-04-22T11:51:23.328+0000] {processor.py:161} INFO - Started process (PID=930) to work on /opt/airflow/dags/create_dag_with_python_operator.py
[2024-04-22T11:51:23.329+0000] {processor.py:830} INFO - Processing file /opt/airflow/dags/create_dag_with_python_operator.py for tasks to queue
[2024-04-22T11:51:23.330+0000] {logging_mixin.py:188} INFO - [2024-04-22T11:51:23.329+0000] {dagbag.py:538} INFO - Filling up the DagBag from /opt/airflow/dags/create_dag_with_python_operator.py
[2024-04-22T11:51:23.354+0000] {processor.py:840} INFO - DAG(s) 'our_dag_with_python_operator_v07' retrieved from /opt/airflow/dags/create_dag_with_python_operator.py
[2024-04-22T11:51:23.381+0000] {logging_mixin.py:188} INFO - [2024-04-22T11:51:23.381+0000] {dag.py:3033} INFO - Sync 1 DAGs
[2024-04-22T11:51:23.404+0000] {logging_mixin.py:188} INFO - [2024-04-22T11:51:23.404+0000] {dag.py:3820} INFO - Setting next_dagrun for our_dag_with_python_operator_v07 to 2021-10-06T00:00:00+00:00, run_after=2021-10-07T00:00:00+00:00
[2024-04-22T11:51:23.429+0000] {processor.py:183} INFO - Processing /opt/airflow/dags/create_dag_with_python_operator.py took 0.105 seconds
[2024-04-22T11:51:34.023+0000] {processor.py:161} INFO - Started process (PID=975) to work on /opt/airflow/dags/create_dag_with_python_operator.py
[2024-04-22T11:51:34.025+0000] {processor.py:830} INFO - Processing file /opt/airflow/dags/create_dag_with_python_operator.py for tasks to queue
[2024-04-22T11:51:34.026+0000] {logging_mixin.py:188} INFO - [2024-04-22T11:51:34.026+0000] {dagbag.py:538} INFO - Filling up the DagBag from /opt/airflow/dags/create_dag_with_python_operator.py
[2024-04-22T11:51:34.048+0000] {processor.py:840} INFO - DAG(s) 'our_dag_with_python_operator_v07' retrieved from /opt/airflow/dags/create_dag_with_python_operator.py
[2024-04-22T11:51:34.071+0000] {logging_mixin.py:188} INFO - [2024-04-22T11:51:34.071+0000] {dag.py:3033} INFO - Sync 1 DAGs
[2024-04-22T11:51:34.093+0000] {logging_mixin.py:188} INFO - [2024-04-22T11:51:34.093+0000] {dag.py:3820} INFO - Setting next_dagrun for our_dag_with_python_operator_v07 to 2021-10-06T00:00:00+00:00, run_after=2021-10-07T00:00:00+00:00
[2024-04-22T11:51:34.117+0000] {processor.py:183} INFO - Processing /opt/airflow/dags/create_dag_with_python_operator.py took 0.098 seconds
[2024-04-22T11:51:44.870+0000] {processor.py:161} INFO - Started process (PID=1020) to work on /opt/airflow/dags/create_dag_with_python_operator.py
[2024-04-22T11:51:44.871+0000] {processor.py:830} INFO - Processing file /opt/airflow/dags/create_dag_with_python_operator.py for tasks to queue
[2024-04-22T11:51:44.872+0000] {logging_mixin.py:188} INFO - [2024-04-22T11:51:44.872+0000] {dagbag.py:538} INFO - Filling up the DagBag from /opt/airflow/dags/create_dag_with_python_operator.py
[2024-04-22T11:51:44.896+0000] {processor.py:840} INFO - DAG(s) 'our_dag_with_python_operator_v07' retrieved from /opt/airflow/dags/create_dag_with_python_operator.py
[2024-04-22T11:51:44.919+0000] {logging_mixin.py:188} INFO - [2024-04-22T11:51:44.919+0000] {dag.py:3033} INFO - Sync 1 DAGs
[2024-04-22T11:51:44.940+0000] {logging_mixin.py:188} INFO - [2024-04-22T11:51:44.940+0000] {dag.py:3820} INFO - Setting next_dagrun for our_dag_with_python_operator_v07 to 2021-10-06T00:00:00+00:00, run_after=2021-10-07T00:00:00+00:00
[2024-04-22T11:51:44.966+0000] {processor.py:183} INFO - Processing /opt/airflow/dags/create_dag_with_python_operator.py took 0.100 seconds
[2024-04-22T11:51:55.570+0000] {processor.py:161} INFO - Started process (PID=1065) to work on /opt/airflow/dags/create_dag_with_python_operator.py
[2024-04-22T11:51:55.571+0000] {processor.py:830} INFO - Processing file /opt/airflow/dags/create_dag_with_python_operator.py for tasks to queue
[2024-04-22T11:51:55.572+0000] {logging_mixin.py:188} INFO - [2024-04-22T11:51:55.572+0000] {dagbag.py:538} INFO - Filling up the DagBag from /opt/airflow/dags/create_dag_with_python_operator.py
[2024-04-22T11:51:55.590+0000] {processor.py:840} INFO - DAG(s) 'our_dag_with_python_operator_v07' retrieved from /opt/airflow/dags/create_dag_with_python_operator.py
[2024-04-22T11:51:55.613+0000] {logging_mixin.py:188} INFO - [2024-04-22T11:51:55.613+0000] {dag.py:3033} INFO - Sync 1 DAGs
[2024-04-22T11:51:55.635+0000] {logging_mixin.py:188} INFO - [2024-04-22T11:51:55.635+0000] {dag.py:3820} INFO - Setting next_dagrun for our_dag_with_python_operator_v07 to 2021-10-06T00:00:00+00:00, run_after=2021-10-07T00:00:00+00:00
[2024-04-22T11:51:55.662+0000] {processor.py:183} INFO - Processing /opt/airflow/dags/create_dag_with_python_operator.py took 0.095 seconds
[2024-04-22T11:52:06.312+0000] {processor.py:161} INFO - Started process (PID=1110) to work on /opt/airflow/dags/create_dag_with_python_operator.py
[2024-04-22T11:52:06.313+0000] {processor.py:830} INFO - Processing file /opt/airflow/dags/create_dag_with_python_operator.py for tasks to queue
[2024-04-22T11:52:06.314+0000] {logging_mixin.py:188} INFO - [2024-04-22T11:52:06.314+0000] {dagbag.py:538} INFO - Filling up the DagBag from /opt/airflow/dags/create_dag_with_python_operator.py
[2024-04-22T11:52:06.332+0000] {processor.py:840} INFO - DAG(s) 'our_dag_with_python_operator_v07' retrieved from /opt/airflow/dags/create_dag_with_python_operator.py
[2024-04-22T11:52:06.353+0000] {logging_mixin.py:188} INFO - [2024-04-22T11:52:06.353+0000] {dag.py:3033} INFO - Sync 1 DAGs
[2024-04-22T11:52:06.377+0000] {logging_mixin.py:188} INFO - [2024-04-22T11:52:06.377+0000] {dag.py:3820} INFO - Setting next_dagrun for our_dag_with_python_operator_v07 to 2021-10-06T00:00:00+00:00, run_after=2021-10-07T00:00:00+00:00
[2024-04-22T11:52:06.399+0000] {processor.py:183} INFO - Processing /opt/airflow/dags/create_dag_with_python_operator.py took 0.090 seconds
[2024-04-22T11:52:17.156+0000] {processor.py:161} INFO - Started process (PID=1155) to work on /opt/airflow/dags/create_dag_with_python_operator.py
[2024-04-22T11:52:17.157+0000] {processor.py:830} INFO - Processing file /opt/airflow/dags/create_dag_with_python_operator.py for tasks to queue
[2024-04-22T11:52:17.158+0000] {logging_mixin.py:188} INFO - [2024-04-22T11:52:17.158+0000] {dagbag.py:538} INFO - Filling up the DagBag from /opt/airflow/dags/create_dag_with_python_operator.py
[2024-04-22T11:52:17.179+0000] {processor.py:840} INFO - DAG(s) 'our_dag_with_python_operator_v07' retrieved from /opt/airflow/dags/create_dag_with_python_operator.py
[2024-04-22T11:52:17.209+0000] {logging_mixin.py:188} INFO - [2024-04-22T11:52:17.208+0000] {dag.py:3033} INFO - Sync 1 DAGs
[2024-04-22T11:52:17.238+0000] {logging_mixin.py:188} INFO - [2024-04-22T11:52:17.238+0000] {dag.py:3820} INFO - Setting next_dagrun for our_dag_with_python_operator_v07 to 2021-10-06T00:00:00+00:00, run_after=2021-10-07T00:00:00+00:00
[2024-04-22T11:52:17.265+0000] {processor.py:183} INFO - Processing /opt/airflow/dags/create_dag_with_python_operator.py took 0.112 seconds
[2024-04-22T11:52:27.917+0000] {processor.py:161} INFO - Started process (PID=1200) to work on /opt/airflow/dags/create_dag_with_python_operator.py
[2024-04-22T11:52:27.919+0000] {processor.py:830} INFO - Processing file /opt/airflow/dags/create_dag_with_python_operator.py for tasks to queue
[2024-04-22T11:52:27.920+0000] {logging_mixin.py:188} INFO - [2024-04-22T11:52:27.920+0000] {dagbag.py:538} INFO - Filling up the DagBag from /opt/airflow/dags/create_dag_with_python_operator.py
[2024-04-22T11:52:27.945+0000] {processor.py:840} INFO - DAG(s) 'our_dag_with_python_operator_v07' retrieved from /opt/airflow/dags/create_dag_with_python_operator.py
[2024-04-22T11:52:27.971+0000] {logging_mixin.py:188} INFO - [2024-04-22T11:52:27.971+0000] {dag.py:3033} INFO - Sync 1 DAGs
[2024-04-22T11:52:27.997+0000] {logging_mixin.py:188} INFO - [2024-04-22T11:52:27.997+0000] {dag.py:3820} INFO - Setting next_dagrun for our_dag_with_python_operator_v07 to 2021-10-06T00:00:00+00:00, run_after=2021-10-07T00:00:00+00:00
[2024-04-22T11:52:28.021+0000] {processor.py:183} INFO - Processing /opt/airflow/dags/create_dag_with_python_operator.py took 0.108 seconds
[2024-04-22T11:52:38.656+0000] {processor.py:161} INFO - Started process (PID=1245) to work on /opt/airflow/dags/create_dag_with_python_operator.py
[2024-04-22T11:52:38.657+0000] {processor.py:830} INFO - Processing file /opt/airflow/dags/create_dag_with_python_operator.py for tasks to queue
[2024-04-22T11:52:38.659+0000] {logging_mixin.py:188} INFO - [2024-04-22T11:52:38.658+0000] {dagbag.py:538} INFO - Filling up the DagBag from /opt/airflow/dags/create_dag_with_python_operator.py
[2024-04-22T11:52:38.681+0000] {processor.py:840} INFO - DAG(s) 'our_dag_with_python_operator_v07' retrieved from /opt/airflow/dags/create_dag_with_python_operator.py
[2024-04-22T11:52:38.705+0000] {logging_mixin.py:188} INFO - [2024-04-22T11:52:38.705+0000] {dag.py:3033} INFO - Sync 1 DAGs
[2024-04-22T11:52:38.726+0000] {logging_mixin.py:188} INFO - [2024-04-22T11:52:38.725+0000] {dag.py:3820} INFO - Setting next_dagrun for our_dag_with_python_operator_v07 to 2021-10-06T00:00:00+00:00, run_after=2021-10-07T00:00:00+00:00
[2024-04-22T11:52:38.748+0000] {processor.py:183} INFO - Processing /opt/airflow/dags/create_dag_with_python_operator.py took 0.095 seconds
[2024-04-22T11:52:49.350+0000] {processor.py:161} INFO - Started process (PID=1290) to work on /opt/airflow/dags/create_dag_with_python_operator.py
[2024-04-22T11:52:49.351+0000] {processor.py:830} INFO - Processing file /opt/airflow/dags/create_dag_with_python_operator.py for tasks to queue
[2024-04-22T11:52:49.352+0000] {logging_mixin.py:188} INFO - [2024-04-22T11:52:49.352+0000] {dagbag.py:538} INFO - Filling up the DagBag from /opt/airflow/dags/create_dag_with_python_operator.py
[2024-04-22T11:52:49.372+0000] {processor.py:840} INFO - DAG(s) 'our_dag_with_python_operator_v07' retrieved from /opt/airflow/dags/create_dag_with_python_operator.py
[2024-04-22T11:52:49.395+0000] {logging_mixin.py:188} INFO - [2024-04-22T11:52:49.394+0000] {dag.py:3033} INFO - Sync 1 DAGs
[2024-04-22T11:52:49.416+0000] {logging_mixin.py:188} INFO - [2024-04-22T11:52:49.416+0000] {dag.py:3820} INFO - Setting next_dagrun for our_dag_with_python_operator_v07 to 2021-10-06T00:00:00+00:00, run_after=2021-10-07T00:00:00+00:00
[2024-04-22T11:52:49.440+0000] {processor.py:183} INFO - Processing /opt/airflow/dags/create_dag_with_python_operator.py took 0.094 seconds
[2024-04-22T11:53:00.091+0000] {processor.py:161} INFO - Started process (PID=1335) to work on /opt/airflow/dags/create_dag_with_python_operator.py
[2024-04-22T11:53:00.092+0000] {processor.py:830} INFO - Processing file /opt/airflow/dags/create_dag_with_python_operator.py for tasks to queue
[2024-04-22T11:53:00.092+0000] {logging_mixin.py:188} INFO - [2024-04-22T11:53:00.092+0000] {dagbag.py:538} INFO - Filling up the DagBag from /opt/airflow/dags/create_dag_with_python_operator.py
[2024-04-22T11:53:00.111+0000] {processor.py:840} INFO - DAG(s) 'our_dag_with_python_operator_v07' retrieved from /opt/airflow/dags/create_dag_with_python_operator.py
[2024-04-22T11:53:00.133+0000] {logging_mixin.py:188} INFO - [2024-04-22T11:53:00.133+0000] {dag.py:3033} INFO - Sync 1 DAGs
[2024-04-22T11:53:00.156+0000] {logging_mixin.py:188} INFO - [2024-04-22T11:53:00.156+0000] {dag.py:3820} INFO - Setting next_dagrun for our_dag_with_python_operator_v07 to 2021-10-06T00:00:00+00:00, run_after=2021-10-07T00:00:00+00:00
[2024-04-22T11:53:00.179+0000] {processor.py:183} INFO - Processing /opt/airflow/dags/create_dag_with_python_operator.py took 0.091 seconds
[2024-04-22T11:53:10.912+0000] {processor.py:161} INFO - Started process (PID=1380) to work on /opt/airflow/dags/create_dag_with_python_operator.py
[2024-04-22T11:53:10.913+0000] {processor.py:830} INFO - Processing file /opt/airflow/dags/create_dag_with_python_operator.py for tasks to queue
[2024-04-22T11:53:10.914+0000] {logging_mixin.py:188} INFO - [2024-04-22T11:53:10.914+0000] {dagbag.py:538} INFO - Filling up the DagBag from /opt/airflow/dags/create_dag_with_python_operator.py
[2024-04-22T11:53:10.933+0000] {processor.py:840} INFO - DAG(s) 'our_dag_with_python_operator_v07' retrieved from /opt/airflow/dags/create_dag_with_python_operator.py
[2024-04-22T11:53:10.958+0000] {logging_mixin.py:188} INFO - [2024-04-22T11:53:10.957+0000] {dag.py:3033} INFO - Sync 1 DAGs
[2024-04-22T11:53:10.988+0000] {logging_mixin.py:188} INFO - [2024-04-22T11:53:10.988+0000] {dag.py:3820} INFO - Setting next_dagrun for our_dag_with_python_operator_v07 to 2021-10-06T00:00:00+00:00, run_after=2021-10-07T00:00:00+00:00
[2024-04-22T11:53:11.019+0000] {processor.py:183} INFO - Processing /opt/airflow/dags/create_dag_with_python_operator.py took 0.111 seconds
[2024-04-22T11:53:21.583+0000] {processor.py:161} INFO - Started process (PID=1425) to work on /opt/airflow/dags/create_dag_with_python_operator.py
[2024-04-22T11:53:21.584+0000] {processor.py:830} INFO - Processing file /opt/airflow/dags/create_dag_with_python_operator.py for tasks to queue
[2024-04-22T11:53:21.585+0000] {logging_mixin.py:188} INFO - [2024-04-22T11:53:21.584+0000] {dagbag.py:538} INFO - Filling up the DagBag from /opt/airflow/dags/create_dag_with_python_operator.py
[2024-04-22T11:53:21.602+0000] {processor.py:840} INFO - DAG(s) 'our_dag_with_python_operator_v07' retrieved from /opt/airflow/dags/create_dag_with_python_operator.py
[2024-04-22T11:53:21.625+0000] {logging_mixin.py:188} INFO - [2024-04-22T11:53:21.624+0000] {dag.py:3033} INFO - Sync 1 DAGs
[2024-04-22T11:53:21.645+0000] {logging_mixin.py:188} INFO - [2024-04-22T11:53:21.645+0000] {dag.py:3820} INFO - Setting next_dagrun for our_dag_with_python_operator_v07 to 2021-10-06T00:00:00+00:00, run_after=2021-10-07T00:00:00+00:00
[2024-04-22T11:53:21.669+0000] {processor.py:183} INFO - Processing /opt/airflow/dags/create_dag_with_python_operator.py took 0.089 seconds
[2024-04-22T11:53:32.476+0000] {processor.py:161} INFO - Started process (PID=1470) to work on /opt/airflow/dags/create_dag_with_python_operator.py
[2024-04-22T11:53:32.477+0000] {processor.py:830} INFO - Processing file /opt/airflow/dags/create_dag_with_python_operator.py for tasks to queue
[2024-04-22T11:53:32.478+0000] {logging_mixin.py:188} INFO - [2024-04-22T11:53:32.478+0000] {dagbag.py:538} INFO - Filling up the DagBag from /opt/airflow/dags/create_dag_with_python_operator.py
[2024-04-22T11:53:32.499+0000] {processor.py:840} INFO - DAG(s) 'our_dag_with_python_operator_v07' retrieved from /opt/airflow/dags/create_dag_with_python_operator.py
[2024-04-22T11:53:32.520+0000] {logging_mixin.py:188} INFO - [2024-04-22T11:53:32.520+0000] {dag.py:3033} INFO - Sync 1 DAGs
[2024-04-22T11:53:32.545+0000] {logging_mixin.py:188} INFO - [2024-04-22T11:53:32.544+0000] {dag.py:3820} INFO - Setting next_dagrun for our_dag_with_python_operator_v07 to 2021-10-06T00:00:00+00:00, run_after=2021-10-07T00:00:00+00:00
[2024-04-22T11:53:32.566+0000] {processor.py:183} INFO - Processing /opt/airflow/dags/create_dag_with_python_operator.py took 0.093 seconds
[2024-04-22T11:53:43.237+0000] {processor.py:161} INFO - Started process (PID=1513) to work on /opt/airflow/dags/create_dag_with_python_operator.py
[2024-04-22T11:53:43.238+0000] {processor.py:830} INFO - Processing file /opt/airflow/dags/create_dag_with_python_operator.py for tasks to queue
[2024-04-22T11:53:43.239+0000] {logging_mixin.py:188} INFO - [2024-04-22T11:53:43.239+0000] {dagbag.py:538} INFO - Filling up the DagBag from /opt/airflow/dags/create_dag_with_python_operator.py
[2024-04-22T11:53:43.259+0000] {processor.py:840} INFO - DAG(s) 'our_dag_with_python_operator_v07' retrieved from /opt/airflow/dags/create_dag_with_python_operator.py
[2024-04-22T11:53:43.284+0000] {logging_mixin.py:188} INFO - [2024-04-22T11:53:43.284+0000] {dag.py:3033} INFO - Sync 1 DAGs
[2024-04-22T11:53:43.313+0000] {logging_mixin.py:188} INFO - [2024-04-22T11:53:43.313+0000] {dag.py:3820} INFO - Setting next_dagrun for our_dag_with_python_operator_v07 to 2021-10-06T00:00:00+00:00, run_after=2021-10-07T00:00:00+00:00
[2024-04-22T11:53:43.343+0000] {processor.py:183} INFO - Processing /opt/airflow/dags/create_dag_with_python_operator.py took 0.110 seconds
[2024-04-22T11:53:54.044+0000] {processor.py:161} INFO - Started process (PID=1560) to work on /opt/airflow/dags/create_dag_with_python_operator.py
[2024-04-22T11:53:54.045+0000] {processor.py:830} INFO - Processing file /opt/airflow/dags/create_dag_with_python_operator.py for tasks to queue
[2024-04-22T11:53:54.046+0000] {logging_mixin.py:188} INFO - [2024-04-22T11:53:54.046+0000] {dagbag.py:538} INFO - Filling up the DagBag from /opt/airflow/dags/create_dag_with_python_operator.py
[2024-04-22T11:53:54.065+0000] {processor.py:840} INFO - DAG(s) 'our_dag_with_python_operator_v07' retrieved from /opt/airflow/dags/create_dag_with_python_operator.py
[2024-04-22T11:53:54.088+0000] {logging_mixin.py:188} INFO - [2024-04-22T11:53:54.087+0000] {dag.py:3033} INFO - Sync 1 DAGs
[2024-04-22T11:53:54.112+0000] {logging_mixin.py:188} INFO - [2024-04-22T11:53:54.111+0000] {dag.py:3820} INFO - Setting next_dagrun for our_dag_with_python_operator_v07 to 2021-10-06T00:00:00+00:00, run_after=2021-10-07T00:00:00+00:00
[2024-04-22T11:53:54.134+0000] {processor.py:183} INFO - Processing /opt/airflow/dags/create_dag_with_python_operator.py took 0.094 seconds
[2024-04-22T11:54:04.778+0000] {processor.py:161} INFO - Started process (PID=1605) to work on /opt/airflow/dags/create_dag_with_python_operator.py
[2024-04-22T11:54:04.779+0000] {processor.py:830} INFO - Processing file /opt/airflow/dags/create_dag_with_python_operator.py for tasks to queue
[2024-04-22T11:54:04.780+0000] {logging_mixin.py:188} INFO - [2024-04-22T11:54:04.780+0000] {dagbag.py:538} INFO - Filling up the DagBag from /opt/airflow/dags/create_dag_with_python_operator.py
[2024-04-22T11:54:04.798+0000] {processor.py:840} INFO - DAG(s) 'our_dag_with_python_operator_v07' retrieved from /opt/airflow/dags/create_dag_with_python_operator.py
[2024-04-22T11:54:04.823+0000] {logging_mixin.py:188} INFO - [2024-04-22T11:54:04.823+0000] {dag.py:3033} INFO - Sync 1 DAGs
[2024-04-22T11:54:04.857+0000] {logging_mixin.py:188} INFO - [2024-04-22T11:54:04.857+0000] {dag.py:3820} INFO - Setting next_dagrun for our_dag_with_python_operator_v07 to 2021-10-06T00:00:00+00:00, run_after=2021-10-07T00:00:00+00:00
[2024-04-22T11:54:04.883+0000] {processor.py:183} INFO - Processing /opt/airflow/dags/create_dag_with_python_operator.py took 0.109 seconds
[2024-04-22T11:54:15.404+0000] {processor.py:161} INFO - Started process (PID=1650) to work on /opt/airflow/dags/create_dag_with_python_operator.py
[2024-04-22T11:54:15.405+0000] {processor.py:830} INFO - Processing file /opt/airflow/dags/create_dag_with_python_operator.py for tasks to queue
[2024-04-22T11:54:15.406+0000] {logging_mixin.py:188} INFO - [2024-04-22T11:54:15.406+0000] {dagbag.py:538} INFO - Filling up the DagBag from /opt/airflow/dags/create_dag_with_python_operator.py
[2024-04-22T11:54:15.423+0000] {processor.py:840} INFO - DAG(s) 'our_dag_with_python_operator_v07' retrieved from /opt/airflow/dags/create_dag_with_python_operator.py
[2024-04-22T11:54:15.445+0000] {logging_mixin.py:188} INFO - [2024-04-22T11:54:15.445+0000] {dag.py:3033} INFO - Sync 1 DAGs
[2024-04-22T11:54:15.467+0000] {logging_mixin.py:188} INFO - [2024-04-22T11:54:15.467+0000] {dag.py:3820} INFO - Setting next_dagrun for our_dag_with_python_operator_v07 to 2021-10-06T00:00:00+00:00, run_after=2021-10-07T00:00:00+00:00
[2024-04-22T11:54:15.487+0000] {processor.py:183} INFO - Processing /opt/airflow/dags/create_dag_with_python_operator.py took 0.087 seconds
[2024-04-22T11:54:26.032+0000] {processor.py:161} INFO - Started process (PID=1695) to work on /opt/airflow/dags/create_dag_with_python_operator.py
[2024-04-22T11:54:26.033+0000] {processor.py:830} INFO - Processing file /opt/airflow/dags/create_dag_with_python_operator.py for tasks to queue
[2024-04-22T11:54:26.033+0000] {logging_mixin.py:188} INFO - [2024-04-22T11:54:26.033+0000] {dagbag.py:538} INFO - Filling up the DagBag from /opt/airflow/dags/create_dag_with_python_operator.py
[2024-04-22T11:54:26.048+0000] {processor.py:840} INFO - DAG(s) 'our_dag_with_python_operator_v07' retrieved from /opt/airflow/dags/create_dag_with_python_operator.py
[2024-04-22T11:54:26.069+0000] {logging_mixin.py:188} INFO - [2024-04-22T11:54:26.069+0000] {dag.py:3033} INFO - Sync 1 DAGs
[2024-04-22T11:54:26.089+0000] {logging_mixin.py:188} INFO - [2024-04-22T11:54:26.089+0000] {dag.py:3820} INFO - Setting next_dagrun for our_dag_with_python_operator_v07 to 2021-10-06T00:00:00+00:00, run_after=2021-10-07T00:00:00+00:00
[2024-04-22T11:54:26.109+0000] {processor.py:183} INFO - Processing /opt/airflow/dags/create_dag_with_python_operator.py took 0.081 seconds
