[2024-04-22 11:36:41,468] {scheduler_job.py:182} INFO - Started process (PID=164) to work on /opt/airflow/dags/dag_with_python_dependencies.py
[2024-04-22 11:36:41,470] {scheduler_job.py:629} INFO - Processing file /opt/airflow/dags/dag_with_python_dependencies.py for tasks to queue
[2024-04-22 11:36:41,471] {logging_mixin.py:104} INFO - [2024-04-22 11:36:41,471] {dagbag.py:448} INFO - Filling up the DagBag from /opt/airflow/dags/dag_with_python_dependencies.py
[2024-04-22 11:36:41,553] {scheduler_job.py:639} INFO - DAG(s) dict_keys(['dag_with_python_dependencies_v03']) retrieved from /opt/airflow/dags/dag_with_python_dependencies.py
[2024-04-22 11:36:41,617] {logging_mixin.py:104} INFO - [2024-04-22 11:36:41,617] {dag.py:1818} INFO - Sync 1 DAGs
[2024-04-22 11:36:41,647] {logging_mixin.py:104} INFO - [2024-04-22 11:36:41,647] {dag.py:1837} INFO - Creating ORM DAG for dag_with_python_dependencies_v03
[2024-04-22 11:36:41,681] {logging_mixin.py:104} INFO - [2024-04-22 11:36:41,681] {dag.py:2273} INFO - Setting next_dagrun for dag_with_python_dependencies_v03 to 2021-10-12T00:00:00+00:00
[2024-04-22 11:36:41,746] {scheduler_job.py:190} INFO - Processing /opt/airflow/dags/dag_with_python_dependencies.py took 0.286 seconds
[2024-04-22 11:36:51,879] {scheduler_job.py:182} INFO - Started process (PID=209) to work on /opt/airflow/dags/dag_with_python_dependencies.py
[2024-04-22 11:36:51,886] {scheduler_job.py:629} INFO - Processing file /opt/airflow/dags/dag_with_python_dependencies.py for tasks to queue
[2024-04-22 11:36:51,889] {logging_mixin.py:104} INFO - [2024-04-22 11:36:51,888] {dagbag.py:448} INFO - Filling up the DagBag from /opt/airflow/dags/dag_with_python_dependencies.py
[2024-04-22 11:36:51,988] {scheduler_job.py:639} INFO - DAG(s) dict_keys(['dag_with_python_dependencies_v03']) retrieved from /opt/airflow/dags/dag_with_python_dependencies.py
[2024-04-22 11:36:52,027] {logging_mixin.py:104} INFO - [2024-04-22 11:36:52,027] {dag.py:1818} INFO - Sync 1 DAGs
[2024-04-22 11:36:52,078] {logging_mixin.py:104} INFO - [2024-04-22 11:36:52,077] {dag.py:2273} INFO - Setting next_dagrun for dag_with_python_dependencies_v03 to 2021-10-12T00:00:00+00:00
[2024-04-22 11:36:52,133] {scheduler_job.py:190} INFO - Processing /opt/airflow/dags/dag_with_python_dependencies.py took 0.264 seconds
[2024-04-22 11:37:02,391] {scheduler_job.py:182} INFO - Started process (PID=255) to work on /opt/airflow/dags/dag_with_python_dependencies.py
[2024-04-22 11:37:02,394] {scheduler_job.py:629} INFO - Processing file /opt/airflow/dags/dag_with_python_dependencies.py for tasks to queue
[2024-04-22 11:37:02,396] {logging_mixin.py:104} INFO - [2024-04-22 11:37:02,395] {dagbag.py:448} INFO - Filling up the DagBag from /opt/airflow/dags/dag_with_python_dependencies.py
[2024-04-22 11:37:02,484] {scheduler_job.py:639} INFO - DAG(s) dict_keys(['dag_with_python_dependencies_v03']) retrieved from /opt/airflow/dags/dag_with_python_dependencies.py
[2024-04-22 11:37:02,516] {logging_mixin.py:104} INFO - [2024-04-22 11:37:02,516] {dag.py:1818} INFO - Sync 1 DAGs
[2024-04-22 11:37:02,563] {logging_mixin.py:104} INFO - [2024-04-22 11:37:02,563] {dag.py:2273} INFO - Setting next_dagrun for dag_with_python_dependencies_v03 to 2021-10-12T00:00:00+00:00
[2024-04-22 11:37:02,585] {scheduler_job.py:190} INFO - Processing /opt/airflow/dags/dag_with_python_dependencies.py took 0.199 seconds
[2024-04-22 11:37:12,669] {scheduler_job.py:182} INFO - Started process (PID=300) to work on /opt/airflow/dags/dag_with_python_dependencies.py
[2024-04-22 11:37:12,671] {scheduler_job.py:629} INFO - Processing file /opt/airflow/dags/dag_with_python_dependencies.py for tasks to queue
[2024-04-22 11:37:12,672] {logging_mixin.py:104} INFO - [2024-04-22 11:37:12,672] {dagbag.py:448} INFO - Filling up the DagBag from /opt/airflow/dags/dag_with_python_dependencies.py
[2024-04-22 11:37:12,708] {scheduler_job.py:639} INFO - DAG(s) dict_keys(['dag_with_python_dependencies_v03']) retrieved from /opt/airflow/dags/dag_with_python_dependencies.py
[2024-04-22 11:37:12,734] {logging_mixin.py:104} INFO - [2024-04-22 11:37:12,734] {dag.py:1818} INFO - Sync 1 DAGs
[2024-04-22 11:37:12,767] {logging_mixin.py:104} INFO - [2024-04-22 11:37:12,767] {dag.py:2273} INFO - Setting next_dagrun for dag_with_python_dependencies_v03 to 2021-10-12T00:00:00+00:00
[2024-04-22 11:37:12,780] {scheduler_job.py:190} INFO - Processing /opt/airflow/dags/dag_with_python_dependencies.py took 0.115 seconds
[2024-04-22 11:37:23,397] {scheduler_job.py:182} INFO - Started process (PID=345) to work on /opt/airflow/dags/dag_with_python_dependencies.py
[2024-04-22 11:37:23,410] {scheduler_job.py:629} INFO - Processing file /opt/airflow/dags/dag_with_python_dependencies.py for tasks to queue
[2024-04-22 11:37:23,416] {logging_mixin.py:104} INFO - [2024-04-22 11:37:23,416] {dagbag.py:448} INFO - Filling up the DagBag from /opt/airflow/dags/dag_with_python_dependencies.py
[2024-04-22 11:37:23,524] {scheduler_job.py:639} INFO - DAG(s) dict_keys(['dag_with_python_dependencies_v03']) retrieved from /opt/airflow/dags/dag_with_python_dependencies.py
[2024-04-22 11:37:23,611] {logging_mixin.py:104} INFO - [2024-04-22 11:37:23,610] {dag.py:1818} INFO - Sync 1 DAGs
[2024-04-22 11:37:23,683] {logging_mixin.py:104} INFO - [2024-04-22 11:37:23,683] {dag.py:2273} INFO - Setting next_dagrun for dag_with_python_dependencies_v03 to 2021-10-12T00:00:00+00:00
[2024-04-22 11:37:24,569] {scheduler_job.py:190} INFO - Processing /opt/airflow/dags/dag_with_python_dependencies.py took 1.181 seconds
[2024-04-22 11:37:34,827] {scheduler_job.py:182} INFO - Started process (PID=389) to work on /opt/airflow/dags/dag_with_python_dependencies.py
[2024-04-22 11:37:34,830] {scheduler_job.py:629} INFO - Processing file /opt/airflow/dags/dag_with_python_dependencies.py for tasks to queue
[2024-04-22 11:37:34,831] {logging_mixin.py:104} INFO - [2024-04-22 11:37:34,831] {dagbag.py:448} INFO - Filling up the DagBag from /opt/airflow/dags/dag_with_python_dependencies.py
[2024-04-22 11:37:34,983] {scheduler_job.py:639} INFO - DAG(s) dict_keys(['dag_with_python_dependencies_v03']) retrieved from /opt/airflow/dags/dag_with_python_dependencies.py
[2024-04-22 11:37:35,042] {logging_mixin.py:104} INFO - [2024-04-22 11:37:35,042] {dag.py:1818} INFO - Sync 1 DAGs
[2024-04-22 11:37:35,096] {logging_mixin.py:104} INFO - [2024-04-22 11:37:35,095] {dag.py:2273} INFO - Setting next_dagrun for dag_with_python_dependencies_v03 to 2021-10-12T00:00:00+00:00
[2024-04-22 11:37:35,124] {scheduler_job.py:190} INFO - Processing /opt/airflow/dags/dag_with_python_dependencies.py took 0.314 seconds
[2024-04-22 11:37:45,378] {scheduler_job.py:182} INFO - Started process (PID=434) to work on /opt/airflow/dags/dag_with_python_dependencies.py
[2024-04-22 11:37:45,380] {scheduler_job.py:629} INFO - Processing file /opt/airflow/dags/dag_with_python_dependencies.py for tasks to queue
[2024-04-22 11:37:45,382] {logging_mixin.py:104} INFO - [2024-04-22 11:37:45,381] {dagbag.py:448} INFO - Filling up the DagBag from /opt/airflow/dags/dag_with_python_dependencies.py
[2024-04-22 11:37:45,433] {scheduler_job.py:639} INFO - DAG(s) dict_keys(['dag_with_python_dependencies_v03']) retrieved from /opt/airflow/dags/dag_with_python_dependencies.py
[2024-04-22 11:37:45,494] {logging_mixin.py:104} INFO - [2024-04-22 11:37:45,494] {dag.py:1818} INFO - Sync 1 DAGs
[2024-04-22 11:37:45,557] {logging_mixin.py:104} INFO - [2024-04-22 11:37:45,557] {dag.py:2273} INFO - Setting next_dagrun for dag_with_python_dependencies_v03 to 2021-10-12T00:00:00+00:00
[2024-04-22 11:37:45,579] {scheduler_job.py:190} INFO - Processing /opt/airflow/dags/dag_with_python_dependencies.py took 0.205 seconds
[2024-04-22 11:39:00,246] {scheduler_job.py:182} INFO - Started process (PID=200) to work on /opt/airflow/dags/dag_with_python_dependencies.py
[2024-04-22 11:39:00,250] {scheduler_job.py:629} INFO - Processing file /opt/airflow/dags/dag_with_python_dependencies.py for tasks to queue
[2024-04-22 11:39:00,252] {logging_mixin.py:104} INFO - [2024-04-22 11:39:00,252] {dagbag.py:448} INFO - Filling up the DagBag from /opt/airflow/dags/dag_with_python_dependencies.py
[2024-04-22 11:39:00,322] {scheduler_job.py:639} INFO - DAG(s) dict_keys(['dag_with_python_dependencies_v03']) retrieved from /opt/airflow/dags/dag_with_python_dependencies.py
[2024-04-22 11:39:00,378] {logging_mixin.py:104} INFO - [2024-04-22 11:39:00,378] {dag.py:1818} INFO - Sync 1 DAGs
[2024-04-22 11:39:00,425] {logging_mixin.py:104} INFO - [2024-04-22 11:39:00,425] {dag.py:2273} INFO - Setting next_dagrun for dag_with_python_dependencies_v03 to 2021-10-12T00:00:00+00:00
[2024-04-22 11:39:00,441] {scheduler_job.py:190} INFO - Processing /opt/airflow/dags/dag_with_python_dependencies.py took 0.206 seconds
[2024-04-22 11:39:11,387] {scheduler_job.py:182} INFO - Started process (PID=245) to work on /opt/airflow/dags/dag_with_python_dependencies.py
[2024-04-22 11:39:11,389] {scheduler_job.py:629} INFO - Processing file /opt/airflow/dags/dag_with_python_dependencies.py for tasks to queue
[2024-04-22 11:39:11,391] {logging_mixin.py:104} INFO - [2024-04-22 11:39:11,391] {dagbag.py:448} INFO - Filling up the DagBag from /opt/airflow/dags/dag_with_python_dependencies.py
[2024-04-22 11:39:11,484] {scheduler_job.py:639} INFO - DAG(s) dict_keys(['dag_with_python_dependencies_v03']) retrieved from /opt/airflow/dags/dag_with_python_dependencies.py
[2024-04-22 11:39:11,572] {logging_mixin.py:104} INFO - [2024-04-22 11:39:11,572] {dag.py:1818} INFO - Sync 1 DAGs
[2024-04-22 11:39:11,634] {logging_mixin.py:104} INFO - [2024-04-22 11:39:11,634] {dag.py:2273} INFO - Setting next_dagrun for dag_with_python_dependencies_v03 to 2021-10-12T00:00:00+00:00
[2024-04-22 11:39:11,655] {scheduler_job.py:190} INFO - Processing /opt/airflow/dags/dag_with_python_dependencies.py took 0.275 seconds
[2024-04-22 11:39:21,746] {scheduler_job.py:182} INFO - Started process (PID=290) to work on /opt/airflow/dags/dag_with_python_dependencies.py
[2024-04-22 11:39:21,748] {scheduler_job.py:629} INFO - Processing file /opt/airflow/dags/dag_with_python_dependencies.py for tasks to queue
[2024-04-22 11:39:21,764] {logging_mixin.py:104} INFO - [2024-04-22 11:39:21,753] {dagbag.py:448} INFO - Filling up the DagBag from /opt/airflow/dags/dag_with_python_dependencies.py
[2024-04-22 11:39:21,830] {scheduler_job.py:639} INFO - DAG(s) dict_keys(['dag_with_python_dependencies_v03']) retrieved from /opt/airflow/dags/dag_with_python_dependencies.py
[2024-04-22 11:39:21,872] {logging_mixin.py:104} INFO - [2024-04-22 11:39:21,872] {dag.py:1818} INFO - Sync 1 DAGs
[2024-04-22 11:39:21,918] {logging_mixin.py:104} INFO - [2024-04-22 11:39:21,918] {dag.py:2273} INFO - Setting next_dagrun for dag_with_python_dependencies_v03 to 2021-10-12T00:00:00+00:00
[2024-04-22 11:39:22,093] {scheduler_job.py:190} INFO - Processing /opt/airflow/dags/dag_with_python_dependencies.py took 0.361 seconds
[2024-04-22 11:39:32,282] {scheduler_job.py:182} INFO - Started process (PID=333) to work on /opt/airflow/dags/dag_with_python_dependencies.py
[2024-04-22 11:39:32,286] {scheduler_job.py:629} INFO - Processing file /opt/airflow/dags/dag_with_python_dependencies.py for tasks to queue
[2024-04-22 11:39:32,290] {logging_mixin.py:104} INFO - [2024-04-22 11:39:32,290] {dagbag.py:448} INFO - Filling up the DagBag from /opt/airflow/dags/dag_with_python_dependencies.py
[2024-04-22 11:39:32,362] {scheduler_job.py:639} INFO - DAG(s) dict_keys(['dag_with_python_dependencies_v03']) retrieved from /opt/airflow/dags/dag_with_python_dependencies.py
[2024-04-22 11:39:32,413] {logging_mixin.py:104} INFO - [2024-04-22 11:39:32,412] {dag.py:1818} INFO - Sync 1 DAGs
[2024-04-22 11:39:32,458] {logging_mixin.py:104} INFO - [2024-04-22 11:39:32,458] {dag.py:2273} INFO - Setting next_dagrun for dag_with_python_dependencies_v03 to 2021-10-12T00:00:00+00:00
[2024-04-22 11:39:32,478] {scheduler_job.py:190} INFO - Processing /opt/airflow/dags/dag_with_python_dependencies.py took 0.201 seconds
[2024-04-22 11:39:43,493] {scheduler_job.py:182} INFO - Started process (PID=382) to work on /opt/airflow/dags/dag_with_python_dependencies.py
[2024-04-22 11:39:43,498] {scheduler_job.py:629} INFO - Processing file /opt/airflow/dags/dag_with_python_dependencies.py for tasks to queue
[2024-04-22 11:39:43,501] {logging_mixin.py:104} INFO - [2024-04-22 11:39:43,501] {dagbag.py:448} INFO - Filling up the DagBag from /opt/airflow/dags/dag_with_python_dependencies.py
[2024-04-22 11:39:43,597] {scheduler_job.py:639} INFO - DAG(s) dict_keys(['dag_with_python_dependencies_v03']) retrieved from /opt/airflow/dags/dag_with_python_dependencies.py
[2024-04-22 11:39:43,664] {logging_mixin.py:104} INFO - [2024-04-22 11:39:43,664] {dag.py:1818} INFO - Sync 1 DAGs
[2024-04-22 11:39:43,729] {logging_mixin.py:104} INFO - [2024-04-22 11:39:43,729] {dag.py:2273} INFO - Setting next_dagrun for dag_with_python_dependencies_v03 to 2021-10-12T00:00:00+00:00
[2024-04-22 11:39:43,749] {scheduler_job.py:190} INFO - Processing /opt/airflow/dags/dag_with_python_dependencies.py took 0.264 seconds
[2024-04-22T11:41:38.054+0000] {processor.py:161} INFO - Started process (PID=178) to work on /opt/airflow/dags/dag_with_python_dependencies.py
[2024-04-22T11:41:38.056+0000] {processor.py:830} INFO - Processing file /opt/airflow/dags/dag_with_python_dependencies.py for tasks to queue
[2024-04-22T11:41:38.058+0000] {logging_mixin.py:188} INFO - [2024-04-22T11:41:38.057+0000] {dagbag.py:538} INFO - Filling up the DagBag from /opt/airflow/dags/dag_with_python_dependencies.py
[2024-04-22T11:41:38.092+0000] {processor.py:840} INFO - DAG(s) 'dag_with_python_dependencies_v03' retrieved from /opt/airflow/dags/dag_with_python_dependencies.py
[2024-04-22T11:41:38.110+0000] {logging_mixin.py:188} INFO - [2024-04-22T11:41:38.109+0000] {dag.py:3033} INFO - Sync 1 DAGs
[2024-04-22T11:41:38.148+0000] {logging_mixin.py:188} INFO - [2024-04-22T11:41:38.148+0000] {dag.py:3820} INFO - Setting next_dagrun for dag_with_python_dependencies_v03 to 2021-10-12T00:00:00+00:00, run_after=2021-10-13T00:00:00+00:00
[2024-04-22T11:41:38.192+0000] {processor.py:183} INFO - Processing /opt/airflow/dags/dag_with_python_dependencies.py took 0.144 seconds
[2024-04-22T11:41:48.572+0000] {processor.py:161} INFO - Started process (PID=225) to work on /opt/airflow/dags/dag_with_python_dependencies.py
[2024-04-22T11:41:48.574+0000] {processor.py:830} INFO - Processing file /opt/airflow/dags/dag_with_python_dependencies.py for tasks to queue
[2024-04-22T11:41:48.576+0000] {logging_mixin.py:188} INFO - [2024-04-22T11:41:48.576+0000] {dagbag.py:538} INFO - Filling up the DagBag from /opt/airflow/dags/dag_with_python_dependencies.py
[2024-04-22T11:41:48.636+0000] {processor.py:840} INFO - DAG(s) 'dag_with_python_dependencies_v03' retrieved from /opt/airflow/dags/dag_with_python_dependencies.py
[2024-04-22T11:41:48.708+0000] {logging_mixin.py:188} INFO - [2024-04-22T11:41:48.707+0000] {dag.py:3033} INFO - Sync 1 DAGs
[2024-04-22T11:41:48.770+0000] {logging_mixin.py:188} INFO - [2024-04-22T11:41:48.769+0000] {dag.py:3820} INFO - Setting next_dagrun for dag_with_python_dependencies_v03 to 2021-10-12T00:00:00+00:00, run_after=2021-10-13T00:00:00+00:00
[2024-04-22T11:41:48.853+0000] {processor.py:183} INFO - Processing /opt/airflow/dags/dag_with_python_dependencies.py took 0.288 seconds
[2024-04-22T11:41:59.328+0000] {processor.py:161} INFO - Started process (PID=270) to work on /opt/airflow/dags/dag_with_python_dependencies.py
[2024-04-22T11:41:59.330+0000] {processor.py:830} INFO - Processing file /opt/airflow/dags/dag_with_python_dependencies.py for tasks to queue
[2024-04-22T11:41:59.332+0000] {logging_mixin.py:188} INFO - [2024-04-22T11:41:59.331+0000] {dagbag.py:538} INFO - Filling up the DagBag from /opt/airflow/dags/dag_with_python_dependencies.py
[2024-04-22T11:41:59.440+0000] {processor.py:840} INFO - DAG(s) 'dag_with_python_dependencies_v03' retrieved from /opt/airflow/dags/dag_with_python_dependencies.py
[2024-04-22T11:41:59.472+0000] {logging_mixin.py:188} INFO - [2024-04-22T11:41:59.472+0000] {dag.py:3033} INFO - Sync 1 DAGs
[2024-04-22T11:41:59.537+0000] {logging_mixin.py:188} INFO - [2024-04-22T11:41:59.536+0000] {dag.py:3820} INFO - Setting next_dagrun for dag_with_python_dependencies_v03 to 2021-10-12T00:00:00+00:00, run_after=2021-10-13T00:00:00+00:00
[2024-04-22T11:41:59.600+0000] {processor.py:183} INFO - Processing /opt/airflow/dags/dag_with_python_dependencies.py took 0.279 seconds
[2024-04-22T11:42:10.566+0000] {processor.py:161} INFO - Started process (PID=315) to work on /opt/airflow/dags/dag_with_python_dependencies.py
[2024-04-22T11:42:10.567+0000] {processor.py:830} INFO - Processing file /opt/airflow/dags/dag_with_python_dependencies.py for tasks to queue
[2024-04-22T11:42:10.572+0000] {logging_mixin.py:188} INFO - [2024-04-22T11:42:10.569+0000] {dagbag.py:538} INFO - Filling up the DagBag from /opt/airflow/dags/dag_with_python_dependencies.py
[2024-04-22T11:42:10.624+0000] {processor.py:840} INFO - DAG(s) 'dag_with_python_dependencies_v03' retrieved from /opt/airflow/dags/dag_with_python_dependencies.py
[2024-04-22T11:42:10.914+0000] {logging_mixin.py:188} INFO - [2024-04-22T11:42:10.913+0000] {dag.py:3033} INFO - Sync 1 DAGs
[2024-04-22T11:42:10.969+0000] {logging_mixin.py:188} INFO - [2024-04-22T11:42:10.968+0000] {dag.py:3820} INFO - Setting next_dagrun for dag_with_python_dependencies_v03 to 2021-10-12T00:00:00+00:00, run_after=2021-10-13T00:00:00+00:00
[2024-04-22T11:42:11.021+0000] {processor.py:183} INFO - Processing /opt/airflow/dags/dag_with_python_dependencies.py took 0.462 seconds
[2024-04-22T11:42:21.358+0000] {processor.py:161} INFO - Started process (PID=360) to work on /opt/airflow/dags/dag_with_python_dependencies.py
[2024-04-22T11:42:21.360+0000] {processor.py:830} INFO - Processing file /opt/airflow/dags/dag_with_python_dependencies.py for tasks to queue
[2024-04-22T11:42:21.362+0000] {logging_mixin.py:188} INFO - [2024-04-22T11:42:21.361+0000] {dagbag.py:538} INFO - Filling up the DagBag from /opt/airflow/dags/dag_with_python_dependencies.py
[2024-04-22T11:42:21.433+0000] {processor.py:840} INFO - DAG(s) 'dag_with_python_dependencies_v03' retrieved from /opt/airflow/dags/dag_with_python_dependencies.py
[2024-04-22T11:42:21.487+0000] {logging_mixin.py:188} INFO - [2024-04-22T11:42:21.486+0000] {dag.py:3033} INFO - Sync 1 DAGs
[2024-04-22T11:42:21.557+0000] {logging_mixin.py:188} INFO - [2024-04-22T11:42:21.557+0000] {dag.py:3820} INFO - Setting next_dagrun for dag_with_python_dependencies_v03 to 2021-10-12T00:00:00+00:00, run_after=2021-10-13T00:00:00+00:00
[2024-04-22T11:42:21.627+0000] {processor.py:183} INFO - Processing /opt/airflow/dags/dag_with_python_dependencies.py took 0.278 seconds
[2024-04-22T11:42:31.737+0000] {processor.py:161} INFO - Started process (PID=403) to work on /opt/airflow/dags/dag_with_python_dependencies.py
[2024-04-22T11:42:31.739+0000] {processor.py:830} INFO - Processing file /opt/airflow/dags/dag_with_python_dependencies.py for tasks to queue
[2024-04-22T11:42:31.740+0000] {logging_mixin.py:188} INFO - [2024-04-22T11:42:31.739+0000] {dagbag.py:538} INFO - Filling up the DagBag from /opt/airflow/dags/dag_with_python_dependencies.py
[2024-04-22T11:42:31.764+0000] {processor.py:840} INFO - DAG(s) 'dag_with_python_dependencies_v03' retrieved from /opt/airflow/dags/dag_with_python_dependencies.py
[2024-04-22T11:42:31.776+0000] {logging_mixin.py:188} INFO - [2024-04-22T11:42:31.776+0000] {dag.py:3033} INFO - Sync 1 DAGs
[2024-04-22T11:42:31.800+0000] {logging_mixin.py:188} INFO - [2024-04-22T11:42:31.800+0000] {dag.py:3820} INFO - Setting next_dagrun for dag_with_python_dependencies_v03 to 2021-10-12T00:00:00+00:00, run_after=2021-10-13T00:00:00+00:00
[2024-04-22T11:42:31.859+0000] {processor.py:183} INFO - Processing /opt/airflow/dags/dag_with_python_dependencies.py took 0.125 seconds
[2024-04-22T11:42:39.281+0000] {processor.py:161} INFO - Started process (PID=453) to work on /opt/airflow/dags/dag_with_python_dependencies.py
[2024-04-22T11:42:39.285+0000] {processor.py:830} INFO - Processing file /opt/airflow/dags/dag_with_python_dependencies.py for tasks to queue
[2024-04-22T11:42:39.287+0000] {logging_mixin.py:188} INFO - [2024-04-22T11:42:39.287+0000] {dagbag.py:538} INFO - Filling up the DagBag from /opt/airflow/dags/dag_with_python_dependencies.py
[2024-04-22T11:42:39.318+0000] {processor.py:840} INFO - DAG(s) 'dag_with_python_dependencies_v03' retrieved from /opt/airflow/dags/dag_with_python_dependencies.py
[2024-04-22T11:42:39.338+0000] {logging_mixin.py:188} INFO - [2024-04-22T11:42:39.337+0000] {dag.py:3033} INFO - Sync 1 DAGs
[2024-04-22T11:42:39.376+0000] {logging_mixin.py:188} INFO - [2024-04-22T11:42:39.376+0000] {dag.py:3820} INFO - Setting next_dagrun for dag_with_python_dependencies_v03 to 2021-10-12T00:00:00+00:00, run_after=2021-10-13T00:00:00+00:00
[2024-04-22T11:42:39.460+0000] {processor.py:183} INFO - Processing /opt/airflow/dags/dag_with_python_dependencies.py took 0.184 seconds
[2024-04-22T11:42:49.751+0000] {processor.py:161} INFO - Started process (PID=498) to work on /opt/airflow/dags/dag_with_python_dependencies.py
[2024-04-22T11:42:49.752+0000] {processor.py:830} INFO - Processing file /opt/airflow/dags/dag_with_python_dependencies.py for tasks to queue
[2024-04-22T11:42:49.762+0000] {logging_mixin.py:188} INFO - [2024-04-22T11:42:49.760+0000] {dagbag.py:538} INFO - Filling up the DagBag from /opt/airflow/dags/dag_with_python_dependencies.py
[2024-04-22T11:42:49.795+0000] {processor.py:840} INFO - DAG(s) 'dag_with_python_dependencies_v03' retrieved from /opt/airflow/dags/dag_with_python_dependencies.py
[2024-04-22T11:42:49.880+0000] {logging_mixin.py:188} INFO - [2024-04-22T11:42:49.879+0000] {dag.py:3033} INFO - Sync 1 DAGs
[2024-04-22T11:42:49.966+0000] {logging_mixin.py:188} INFO - [2024-04-22T11:42:49.966+0000] {dag.py:3820} INFO - Setting next_dagrun for dag_with_python_dependencies_v03 to 2021-10-12T00:00:00+00:00, run_after=2021-10-13T00:00:00+00:00
[2024-04-22T11:42:50.047+0000] {processor.py:183} INFO - Processing /opt/airflow/dags/dag_with_python_dependencies.py took 0.301 seconds
[2024-04-22T11:43:02.755+0000] {processor.py:161} INFO - Started process (PID=642) to work on /opt/airflow/dags/dag_with_python_dependencies.py
[2024-04-22T11:43:02.777+0000] {processor.py:830} INFO - Processing file /opt/airflow/dags/dag_with_python_dependencies.py for tasks to queue
[2024-04-22T11:43:02.794+0000] {logging_mixin.py:188} INFO - [2024-04-22T11:43:02.790+0000] {dagbag.py:538} INFO - Filling up the DagBag from /opt/airflow/dags/dag_with_python_dependencies.py
[2024-04-22T11:43:02.954+0000] {processor.py:840} INFO - DAG(s) 'dag_with_python_dependencies_v03' retrieved from /opt/airflow/dags/dag_with_python_dependencies.py
[2024-04-22T11:43:03.116+0000] {logging_mixin.py:188} INFO - [2024-04-22T11:43:03.116+0000] {dag.py:3033} INFO - Sync 1 DAGs
[2024-04-22T11:43:03.207+0000] {logging_mixin.py:188} INFO - [2024-04-22T11:43:03.207+0000] {dag.py:3820} INFO - Setting next_dagrun for dag_with_python_dependencies_v03 to 2021-10-12T00:00:00+00:00, run_after=2021-10-13T00:00:00+00:00
[2024-04-22T11:43:03.278+0000] {processor.py:183} INFO - Processing /opt/airflow/dags/dag_with_python_dependencies.py took 0.543 seconds
[2024-04-22T11:43:15.181+0000] {processor.py:161} INFO - Started process (PID=776) to work on /opt/airflow/dags/dag_with_python_dependencies.py
[2024-04-22T11:43:15.195+0000] {processor.py:830} INFO - Processing file /opt/airflow/dags/dag_with_python_dependencies.py for tasks to queue
[2024-04-22T11:43:15.200+0000] {logging_mixin.py:188} INFO - [2024-04-22T11:43:15.199+0000] {dagbag.py:538} INFO - Filling up the DagBag from /opt/airflow/dags/dag_with_python_dependencies.py
[2024-04-22T11:43:15.416+0000] {processor.py:840} INFO - DAG(s) 'dag_with_python_dependencies_v03' retrieved from /opt/airflow/dags/dag_with_python_dependencies.py
[2024-04-22T11:43:15.623+0000] {logging_mixin.py:188} INFO - [2024-04-22T11:43:15.622+0000] {dag.py:3033} INFO - Sync 1 DAGs
[2024-04-22T11:43:15.835+0000] {logging_mixin.py:188} INFO - [2024-04-22T11:43:15.834+0000] {dag.py:3820} INFO - Setting next_dagrun for dag_with_python_dependencies_v03 to 2021-10-12T00:00:00+00:00, run_after=2021-10-13T00:00:00+00:00
[2024-04-22T11:43:16.201+0000] {processor.py:183} INFO - Processing /opt/airflow/dags/dag_with_python_dependencies.py took 1.031 seconds
[2024-04-22T11:43:26.529+0000] {processor.py:161} INFO - Started process (PID=836) to work on /opt/airflow/dags/dag_with_python_dependencies.py
[2024-04-22T11:43:26.535+0000] {processor.py:830} INFO - Processing file /opt/airflow/dags/dag_with_python_dependencies.py for tasks to queue
[2024-04-22T11:43:26.537+0000] {logging_mixin.py:188} INFO - [2024-04-22T11:43:26.537+0000] {dagbag.py:538} INFO - Filling up the DagBag from /opt/airflow/dags/dag_with_python_dependencies.py
[2024-04-22T11:43:26.656+0000] {processor.py:840} INFO - DAG(s) 'dag_with_python_dependencies_v03' retrieved from /opt/airflow/dags/dag_with_python_dependencies.py
[2024-04-22T11:43:26.757+0000] {logging_mixin.py:188} INFO - [2024-04-22T11:43:26.756+0000] {dag.py:3033} INFO - Sync 1 DAGs
[2024-04-22T11:43:26.843+0000] {logging_mixin.py:188} INFO - [2024-04-22T11:43:26.843+0000] {dag.py:3820} INFO - Setting next_dagrun for dag_with_python_dependencies_v03 to 2021-10-12T00:00:00+00:00, run_after=2021-10-13T00:00:00+00:00
[2024-04-22T11:43:26.915+0000] {processor.py:183} INFO - Processing /opt/airflow/dags/dag_with_python_dependencies.py took 0.395 seconds
[2024-04-22T11:43:37.049+0000] {processor.py:161} INFO - Started process (PID=881) to work on /opt/airflow/dags/dag_with_python_dependencies.py
[2024-04-22T11:43:37.054+0000] {processor.py:830} INFO - Processing file /opt/airflow/dags/dag_with_python_dependencies.py for tasks to queue
[2024-04-22T11:43:37.057+0000] {logging_mixin.py:188} INFO - [2024-04-22T11:43:37.056+0000] {dagbag.py:538} INFO - Filling up the DagBag from /opt/airflow/dags/dag_with_python_dependencies.py
[2024-04-22T11:43:37.121+0000] {processor.py:840} INFO - DAG(s) 'dag_with_python_dependencies_v03' retrieved from /opt/airflow/dags/dag_with_python_dependencies.py
[2024-04-22T11:43:37.198+0000] {logging_mixin.py:188} INFO - [2024-04-22T11:43:37.197+0000] {dag.py:3033} INFO - Sync 1 DAGs
[2024-04-22T11:43:37.281+0000] {logging_mixin.py:188} INFO - [2024-04-22T11:43:37.281+0000] {dag.py:3820} INFO - Setting next_dagrun for dag_with_python_dependencies_v03 to 2021-10-12T00:00:00+00:00, run_after=2021-10-13T00:00:00+00:00
[2024-04-22T11:43:37.367+0000] {processor.py:183} INFO - Processing /opt/airflow/dags/dag_with_python_dependencies.py took 0.325 seconds
[2024-04-22T11:43:47.767+0000] {processor.py:161} INFO - Started process (PID=921) to work on /opt/airflow/dags/dag_with_python_dependencies.py
[2024-04-22T11:43:47.771+0000] {processor.py:830} INFO - Processing file /opt/airflow/dags/dag_with_python_dependencies.py for tasks to queue
[2024-04-22T11:43:47.786+0000] {logging_mixin.py:188} INFO - [2024-04-22T11:43:47.785+0000] {dagbag.py:538} INFO - Filling up the DagBag from /opt/airflow/dags/dag_with_python_dependencies.py
[2024-04-22T11:43:47.866+0000] {processor.py:840} INFO - DAG(s) 'dag_with_python_dependencies_v03' retrieved from /opt/airflow/dags/dag_with_python_dependencies.py
[2024-04-22T11:43:47.937+0000] {logging_mixin.py:188} INFO - [2024-04-22T11:43:47.936+0000] {dag.py:3033} INFO - Sync 1 DAGs
[2024-04-22T11:43:48.011+0000] {logging_mixin.py:188} INFO - [2024-04-22T11:43:48.011+0000] {dag.py:3820} INFO - Setting next_dagrun for dag_with_python_dependencies_v03 to 2021-10-12T00:00:00+00:00, run_after=2021-10-13T00:00:00+00:00
[2024-04-22T11:43:48.082+0000] {processor.py:183} INFO - Processing /opt/airflow/dags/dag_with_python_dependencies.py took 0.331 seconds
[2024-04-22T11:43:58.315+0000] {processor.py:161} INFO - Started process (PID=961) to work on /opt/airflow/dags/dag_with_python_dependencies.py
[2024-04-22T11:43:58.327+0000] {processor.py:830} INFO - Processing file /opt/airflow/dags/dag_with_python_dependencies.py for tasks to queue
[2024-04-22T11:43:58.336+0000] {logging_mixin.py:188} INFO - [2024-04-22T11:43:58.335+0000] {dagbag.py:538} INFO - Filling up the DagBag from /opt/airflow/dags/dag_with_python_dependencies.py
[2024-04-22T11:43:58.506+0000] {processor.py:840} INFO - DAG(s) 'dag_with_python_dependencies_v03' retrieved from /opt/airflow/dags/dag_with_python_dependencies.py
[2024-04-22T11:43:58.603+0000] {logging_mixin.py:188} INFO - [2024-04-22T11:43:58.603+0000] {dag.py:3033} INFO - Sync 1 DAGs
[2024-04-22T11:43:58.679+0000] {logging_mixin.py:188} INFO - [2024-04-22T11:43:58.678+0000] {dag.py:3820} INFO - Setting next_dagrun for dag_with_python_dependencies_v03 to 2021-10-12T00:00:00+00:00, run_after=2021-10-13T00:00:00+00:00
[2024-04-22T11:43:58.749+0000] {processor.py:183} INFO - Processing /opt/airflow/dags/dag_with_python_dependencies.py took 0.440 seconds
[2024-04-22T11:44:09.194+0000] {processor.py:161} INFO - Started process (PID=1001) to work on /opt/airflow/dags/dag_with_python_dependencies.py
[2024-04-22T11:44:09.197+0000] {processor.py:830} INFO - Processing file /opt/airflow/dags/dag_with_python_dependencies.py for tasks to queue
[2024-04-22T11:44:09.200+0000] {logging_mixin.py:188} INFO - [2024-04-22T11:44:09.199+0000] {dagbag.py:538} INFO - Filling up the DagBag from /opt/airflow/dags/dag_with_python_dependencies.py
[2024-04-22T11:44:09.286+0000] {processor.py:840} INFO - DAG(s) 'dag_with_python_dependencies_v03' retrieved from /opt/airflow/dags/dag_with_python_dependencies.py
[2024-04-22T11:44:09.359+0000] {logging_mixin.py:188} INFO - [2024-04-22T11:44:09.359+0000] {dag.py:3033} INFO - Sync 1 DAGs
[2024-04-22T11:44:09.434+0000] {logging_mixin.py:188} INFO - [2024-04-22T11:44:09.434+0000] {dag.py:3820} INFO - Setting next_dagrun for dag_with_python_dependencies_v03 to 2021-10-12T00:00:00+00:00, run_after=2021-10-13T00:00:00+00:00
[2024-04-22T11:44:09.511+0000] {processor.py:183} INFO - Processing /opt/airflow/dags/dag_with_python_dependencies.py took 0.325 seconds
[2024-04-22T11:44:19.848+0000] {processor.py:161} INFO - Started process (PID=1041) to work on /opt/airflow/dags/dag_with_python_dependencies.py
[2024-04-22T11:44:19.850+0000] {processor.py:830} INFO - Processing file /opt/airflow/dags/dag_with_python_dependencies.py for tasks to queue
[2024-04-22T11:44:19.858+0000] {logging_mixin.py:188} INFO - [2024-04-22T11:44:19.855+0000] {dagbag.py:538} INFO - Filling up the DagBag from /opt/airflow/dags/dag_with_python_dependencies.py
[2024-04-22T11:44:19.929+0000] {processor.py:840} INFO - DAG(s) 'dag_with_python_dependencies_v03' retrieved from /opt/airflow/dags/dag_with_python_dependencies.py
[2024-04-22T11:44:19.999+0000] {logging_mixin.py:188} INFO - [2024-04-22T11:44:19.998+0000] {dag.py:3033} INFO - Sync 1 DAGs
[2024-04-22T11:44:20.061+0000] {logging_mixin.py:188} INFO - [2024-04-22T11:44:20.060+0000] {dag.py:3820} INFO - Setting next_dagrun for dag_with_python_dependencies_v03 to 2021-10-12T00:00:00+00:00, run_after=2021-10-13T00:00:00+00:00
[2024-04-22T11:44:20.138+0000] {processor.py:183} INFO - Processing /opt/airflow/dags/dag_with_python_dependencies.py took 0.297 seconds
[2024-04-22T11:44:31.605+0000] {processor.py:161} INFO - Started process (PID=1079) to work on /opt/airflow/dags/dag_with_python_dependencies.py
[2024-04-22T11:44:31.611+0000] {processor.py:830} INFO - Processing file /opt/airflow/dags/dag_with_python_dependencies.py for tasks to queue
[2024-04-22T11:44:31.618+0000] {logging_mixin.py:188} INFO - [2024-04-22T11:44:31.617+0000] {dagbag.py:538} INFO - Filling up the DagBag from /opt/airflow/dags/dag_with_python_dependencies.py
[2024-04-22T11:44:31.842+0000] {processor.py:840} INFO - DAG(s) 'dag_with_python_dependencies_v03' retrieved from /opt/airflow/dags/dag_with_python_dependencies.py
[2024-04-22T11:44:31.978+0000] {logging_mixin.py:188} INFO - [2024-04-22T11:44:31.977+0000] {dag.py:3033} INFO - Sync 1 DAGs
[2024-04-22T11:44:32.145+0000] {logging_mixin.py:188} INFO - [2024-04-22T11:44:32.145+0000] {dag.py:3820} INFO - Setting next_dagrun for dag_with_python_dependencies_v03 to 2021-10-12T00:00:00+00:00, run_after=2021-10-13T00:00:00+00:00
[2024-04-22T11:44:34.245+0000] {processor.py:183} INFO - Processing /opt/airflow/dags/dag_with_python_dependencies.py took 2.646 seconds
[2024-04-22T11:44:45.073+0000] {processor.py:161} INFO - Started process (PID=1121) to work on /opt/airflow/dags/dag_with_python_dependencies.py
[2024-04-22T11:44:45.076+0000] {processor.py:830} INFO - Processing file /opt/airflow/dags/dag_with_python_dependencies.py for tasks to queue
[2024-04-22T11:44:45.087+0000] {logging_mixin.py:188} INFO - [2024-04-22T11:44:45.086+0000] {dagbag.py:538} INFO - Filling up the DagBag from /opt/airflow/dags/dag_with_python_dependencies.py
[2024-04-22T11:44:45.146+0000] {processor.py:840} INFO - DAG(s) 'dag_with_python_dependencies_v03' retrieved from /opt/airflow/dags/dag_with_python_dependencies.py
[2024-04-22T11:44:45.241+0000] {logging_mixin.py:188} INFO - [2024-04-22T11:44:45.241+0000] {dag.py:3033} INFO - Sync 1 DAGs
[2024-04-22T11:44:45.328+0000] {logging_mixin.py:188} INFO - [2024-04-22T11:44:45.328+0000] {dag.py:3820} INFO - Setting next_dagrun for dag_with_python_dependencies_v03 to 2021-10-12T00:00:00+00:00, run_after=2021-10-13T00:00:00+00:00
[2024-04-22T11:44:45.417+0000] {processor.py:183} INFO - Processing /opt/airflow/dags/dag_with_python_dependencies.py took 0.351 seconds
[2024-04-22T11:44:55.620+0000] {processor.py:161} INFO - Started process (PID=1159) to work on /opt/airflow/dags/dag_with_python_dependencies.py
[2024-04-22T11:44:55.623+0000] {processor.py:830} INFO - Processing file /opt/airflow/dags/dag_with_python_dependencies.py for tasks to queue
[2024-04-22T11:44:55.634+0000] {logging_mixin.py:188} INFO - [2024-04-22T11:44:55.625+0000] {dagbag.py:538} INFO - Filling up the DagBag from /opt/airflow/dags/dag_with_python_dependencies.py
[2024-04-22T11:44:55.736+0000] {processor.py:840} INFO - DAG(s) 'dag_with_python_dependencies_v03' retrieved from /opt/airflow/dags/dag_with_python_dependencies.py
[2024-04-22T11:44:55.837+0000] {logging_mixin.py:188} INFO - [2024-04-22T11:44:55.837+0000] {dag.py:3033} INFO - Sync 1 DAGs
[2024-04-22T11:44:55.923+0000] {logging_mixin.py:188} INFO - [2024-04-22T11:44:55.923+0000] {dag.py:3820} INFO - Setting next_dagrun for dag_with_python_dependencies_v03 to 2021-10-12T00:00:00+00:00, run_after=2021-10-13T00:00:00+00:00
[2024-04-22T11:44:56.041+0000] {processor.py:183} INFO - Processing /opt/airflow/dags/dag_with_python_dependencies.py took 0.427 seconds
[2024-04-22T11:45:06.452+0000] {processor.py:161} INFO - Started process (PID=1199) to work on /opt/airflow/dags/dag_with_python_dependencies.py
[2024-04-22T11:45:06.454+0000] {processor.py:830} INFO - Processing file /opt/airflow/dags/dag_with_python_dependencies.py for tasks to queue
[2024-04-22T11:45:06.455+0000] {logging_mixin.py:188} INFO - [2024-04-22T11:45:06.455+0000] {dagbag.py:538} INFO - Filling up the DagBag from /opt/airflow/dags/dag_with_python_dependencies.py
[2024-04-22T11:45:06.486+0000] {processor.py:840} INFO - DAG(s) 'dag_with_python_dependencies_v03' retrieved from /opt/airflow/dags/dag_with_python_dependencies.py
[2024-04-22T11:45:06.520+0000] {logging_mixin.py:188} INFO - [2024-04-22T11:45:06.520+0000] {dag.py:3033} INFO - Sync 1 DAGs
[2024-04-22T11:45:06.549+0000] {logging_mixin.py:188} INFO - [2024-04-22T11:45:06.549+0000] {dag.py:3820} INFO - Setting next_dagrun for dag_with_python_dependencies_v03 to 2021-10-12T00:00:00+00:00, run_after=2021-10-13T00:00:00+00:00
[2024-04-22T11:45:06.580+0000] {processor.py:183} INFO - Processing /opt/airflow/dags/dag_with_python_dependencies.py took 0.133 seconds
[2024-04-22T11:45:17.160+0000] {processor.py:161} INFO - Started process (PID=1239) to work on /opt/airflow/dags/dag_with_python_dependencies.py
[2024-04-22T11:45:17.161+0000] {processor.py:830} INFO - Processing file /opt/airflow/dags/dag_with_python_dependencies.py for tasks to queue
[2024-04-22T11:45:17.162+0000] {logging_mixin.py:188} INFO - [2024-04-22T11:45:17.161+0000] {dagbag.py:538} INFO - Filling up the DagBag from /opt/airflow/dags/dag_with_python_dependencies.py
[2024-04-22T11:45:17.182+0000] {processor.py:840} INFO - DAG(s) 'dag_with_python_dependencies_v03' retrieved from /opt/airflow/dags/dag_with_python_dependencies.py
[2024-04-22T11:45:17.211+0000] {logging_mixin.py:188} INFO - [2024-04-22T11:45:17.211+0000] {dag.py:3033} INFO - Sync 1 DAGs
[2024-04-22T11:45:17.232+0000] {logging_mixin.py:188} INFO - [2024-04-22T11:45:17.232+0000] {dag.py:3820} INFO - Setting next_dagrun for dag_with_python_dependencies_v03 to 2021-10-12T00:00:00+00:00, run_after=2021-10-13T00:00:00+00:00
[2024-04-22T11:45:17.257+0000] {processor.py:183} INFO - Processing /opt/airflow/dags/dag_with_python_dependencies.py took 0.101 seconds
[2024-04-22T11:45:28.093+0000] {processor.py:161} INFO - Started process (PID=1279) to work on /opt/airflow/dags/dag_with_python_dependencies.py
[2024-04-22T11:45:28.094+0000] {processor.py:830} INFO - Processing file /opt/airflow/dags/dag_with_python_dependencies.py for tasks to queue
[2024-04-22T11:45:28.096+0000] {logging_mixin.py:188} INFO - [2024-04-22T11:45:28.096+0000] {dagbag.py:538} INFO - Filling up the DagBag from /opt/airflow/dags/dag_with_python_dependencies.py
[2024-04-22T11:45:28.136+0000] {processor.py:840} INFO - DAG(s) 'dag_with_python_dependencies_v03' retrieved from /opt/airflow/dags/dag_with_python_dependencies.py
[2024-04-22T11:45:28.178+0000] {logging_mixin.py:188} INFO - [2024-04-22T11:45:28.178+0000] {dag.py:3033} INFO - Sync 1 DAGs
[2024-04-22T11:45:28.216+0000] {logging_mixin.py:188} INFO - [2024-04-22T11:45:28.216+0000] {dag.py:3820} INFO - Setting next_dagrun for dag_with_python_dependencies_v03 to 2021-10-12T00:00:00+00:00, run_after=2021-10-13T00:00:00+00:00
[2024-04-22T11:45:28.261+0000] {processor.py:183} INFO - Processing /opt/airflow/dags/dag_with_python_dependencies.py took 0.175 seconds
[2024-04-22T11:45:38.968+0000] {processor.py:161} INFO - Started process (PID=1321) to work on /opt/airflow/dags/dag_with_python_dependencies.py
[2024-04-22T11:45:38.970+0000] {processor.py:830} INFO - Processing file /opt/airflow/dags/dag_with_python_dependencies.py for tasks to queue
[2024-04-22T11:45:38.971+0000] {logging_mixin.py:188} INFO - [2024-04-22T11:45:38.971+0000] {dagbag.py:538} INFO - Filling up the DagBag from /opt/airflow/dags/dag_with_python_dependencies.py
[2024-04-22T11:45:38.999+0000] {processor.py:840} INFO - DAG(s) 'dag_with_python_dependencies_v03' retrieved from /opt/airflow/dags/dag_with_python_dependencies.py
[2024-04-22T11:45:39.029+0000] {logging_mixin.py:188} INFO - [2024-04-22T11:45:39.029+0000] {dag.py:3033} INFO - Sync 1 DAGs
[2024-04-22T11:45:39.059+0000] {logging_mixin.py:188} INFO - [2024-04-22T11:45:39.059+0000] {dag.py:3820} INFO - Setting next_dagrun for dag_with_python_dependencies_v03 to 2021-10-12T00:00:00+00:00, run_after=2021-10-13T00:00:00+00:00
[2024-04-22T11:45:39.090+0000] {processor.py:183} INFO - Processing /opt/airflow/dags/dag_with_python_dependencies.py took 0.126 seconds
[2024-04-22T11:45:49.506+0000] {processor.py:161} INFO - Started process (PID=1359) to work on /opt/airflow/dags/dag_with_python_dependencies.py
[2024-04-22T11:45:49.507+0000] {processor.py:830} INFO - Processing file /opt/airflow/dags/dag_with_python_dependencies.py for tasks to queue
[2024-04-22T11:45:49.508+0000] {logging_mixin.py:188} INFO - [2024-04-22T11:45:49.508+0000] {dagbag.py:538} INFO - Filling up the DagBag from /opt/airflow/dags/dag_with_python_dependencies.py
[2024-04-22T11:45:49.533+0000] {processor.py:840} INFO - DAG(s) 'dag_with_python_dependencies_v03' retrieved from /opt/airflow/dags/dag_with_python_dependencies.py
[2024-04-22T11:45:49.559+0000] {logging_mixin.py:188} INFO - [2024-04-22T11:45:49.559+0000] {dag.py:3033} INFO - Sync 1 DAGs
[2024-04-22T11:45:49.581+0000] {logging_mixin.py:188} INFO - [2024-04-22T11:45:49.581+0000] {dag.py:3820} INFO - Setting next_dagrun for dag_with_python_dependencies_v03 to 2021-10-12T00:00:00+00:00, run_after=2021-10-13T00:00:00+00:00
[2024-04-22T11:45:49.607+0000] {processor.py:183} INFO - Processing /opt/airflow/dags/dag_with_python_dependencies.py took 0.105 seconds
[2024-04-22T11:46:00.355+0000] {processor.py:161} INFO - Started process (PID=1399) to work on /opt/airflow/dags/dag_with_python_dependencies.py
[2024-04-22T11:46:00.356+0000] {processor.py:830} INFO - Processing file /opt/airflow/dags/dag_with_python_dependencies.py for tasks to queue
[2024-04-22T11:46:00.359+0000] {logging_mixin.py:188} INFO - [2024-04-22T11:46:00.358+0000] {dagbag.py:538} INFO - Filling up the DagBag from /opt/airflow/dags/dag_with_python_dependencies.py
[2024-04-22T11:46:00.399+0000] {processor.py:840} INFO - DAG(s) 'dag_with_python_dependencies_v03' retrieved from /opt/airflow/dags/dag_with_python_dependencies.py
[2024-04-22T11:46:00.444+0000] {logging_mixin.py:188} INFO - [2024-04-22T11:46:00.444+0000] {dag.py:3033} INFO - Sync 1 DAGs
[2024-04-22T11:46:00.486+0000] {logging_mixin.py:188} INFO - [2024-04-22T11:46:00.485+0000] {dag.py:3820} INFO - Setting next_dagrun for dag_with_python_dependencies_v03 to 2021-10-12T00:00:00+00:00, run_after=2021-10-13T00:00:00+00:00
[2024-04-22T11:46:00.548+0000] {processor.py:183} INFO - Processing /opt/airflow/dags/dag_with_python_dependencies.py took 0.201 seconds
[2024-04-22T11:46:11.125+0000] {processor.py:161} INFO - Started process (PID=1439) to work on /opt/airflow/dags/dag_with_python_dependencies.py
[2024-04-22T11:46:11.126+0000] {processor.py:830} INFO - Processing file /opt/airflow/dags/dag_with_python_dependencies.py for tasks to queue
[2024-04-22T11:46:11.127+0000] {logging_mixin.py:188} INFO - [2024-04-22T11:46:11.127+0000] {dagbag.py:538} INFO - Filling up the DagBag from /opt/airflow/dags/dag_with_python_dependencies.py
[2024-04-22T11:46:11.149+0000] {processor.py:840} INFO - DAG(s) 'dag_with_python_dependencies_v03' retrieved from /opt/airflow/dags/dag_with_python_dependencies.py
[2024-04-22T11:46:11.178+0000] {logging_mixin.py:188} INFO - [2024-04-22T11:46:11.178+0000] {dag.py:3033} INFO - Sync 1 DAGs
[2024-04-22T11:46:11.207+0000] {logging_mixin.py:188} INFO - [2024-04-22T11:46:11.206+0000] {dag.py:3820} INFO - Setting next_dagrun for dag_with_python_dependencies_v03 to 2021-10-12T00:00:00+00:00, run_after=2021-10-13T00:00:00+00:00
[2024-04-22T11:46:11.329+0000] {processor.py:183} INFO - Processing /opt/airflow/dags/dag_with_python_dependencies.py took 0.208 seconds
[2024-04-22T11:46:21.527+0000] {processor.py:161} INFO - Started process (PID=1479) to work on /opt/airflow/dags/dag_with_python_dependencies.py
[2024-04-22T11:46:21.529+0000] {processor.py:830} INFO - Processing file /opt/airflow/dags/dag_with_python_dependencies.py for tasks to queue
[2024-04-22T11:46:21.531+0000] {logging_mixin.py:188} INFO - [2024-04-22T11:46:21.530+0000] {dagbag.py:538} INFO - Filling up the DagBag from /opt/airflow/dags/dag_with_python_dependencies.py
[2024-04-22T11:46:21.588+0000] {processor.py:840} INFO - DAG(s) 'dag_with_python_dependencies_v03' retrieved from /opt/airflow/dags/dag_with_python_dependencies.py
[2024-04-22T11:46:21.676+0000] {logging_mixin.py:188} INFO - [2024-04-22T11:46:21.675+0000] {dag.py:3033} INFO - Sync 1 DAGs
[2024-04-22T11:46:21.730+0000] {logging_mixin.py:188} INFO - [2024-04-22T11:46:21.729+0000] {dag.py:3820} INFO - Setting next_dagrun for dag_with_python_dependencies_v03 to 2021-10-12T00:00:00+00:00, run_after=2021-10-13T00:00:00+00:00
[2024-04-22T11:46:21.897+0000] {processor.py:183} INFO - Processing /opt/airflow/dags/dag_with_python_dependencies.py took 0.377 seconds
[2024-04-22T11:46:32.479+0000] {processor.py:161} INFO - Started process (PID=1521) to work on /opt/airflow/dags/dag_with_python_dependencies.py
[2024-04-22T11:46:32.481+0000] {processor.py:830} INFO - Processing file /opt/airflow/dags/dag_with_python_dependencies.py for tasks to queue
[2024-04-22T11:46:32.485+0000] {logging_mixin.py:188} INFO - [2024-04-22T11:46:32.484+0000] {dagbag.py:538} INFO - Filling up the DagBag from /opt/airflow/dags/dag_with_python_dependencies.py
[2024-04-22T11:46:32.543+0000] {processor.py:840} INFO - DAG(s) 'dag_with_python_dependencies_v03' retrieved from /opt/airflow/dags/dag_with_python_dependencies.py
[2024-04-22T11:46:32.623+0000] {logging_mixin.py:188} INFO - [2024-04-22T11:46:32.622+0000] {dag.py:3033} INFO - Sync 1 DAGs
[2024-04-22T11:46:32.698+0000] {logging_mixin.py:188} INFO - [2024-04-22T11:46:32.697+0000] {dag.py:3820} INFO - Setting next_dagrun for dag_with_python_dependencies_v03 to 2021-10-12T00:00:00+00:00, run_after=2021-10-13T00:00:00+00:00
[2024-04-22T11:46:32.804+0000] {processor.py:183} INFO - Processing /opt/airflow/dags/dag_with_python_dependencies.py took 0.337 seconds
[2024-04-22T11:46:43.447+0000] {processor.py:161} INFO - Started process (PID=1561) to work on /opt/airflow/dags/dag_with_python_dependencies.py
[2024-04-22T11:46:43.448+0000] {processor.py:830} INFO - Processing file /opt/airflow/dags/dag_with_python_dependencies.py for tasks to queue
[2024-04-22T11:46:43.449+0000] {logging_mixin.py:188} INFO - [2024-04-22T11:46:43.449+0000] {dagbag.py:538} INFO - Filling up the DagBag from /opt/airflow/dags/dag_with_python_dependencies.py
[2024-04-22T11:46:43.469+0000] {processor.py:840} INFO - DAG(s) 'dag_with_python_dependencies_v03' retrieved from /opt/airflow/dags/dag_with_python_dependencies.py
[2024-04-22T11:46:43.496+0000] {logging_mixin.py:188} INFO - [2024-04-22T11:46:43.495+0000] {dag.py:3033} INFO - Sync 1 DAGs
[2024-04-22T11:46:43.514+0000] {logging_mixin.py:188} INFO - [2024-04-22T11:46:43.514+0000] {dag.py:3820} INFO - Setting next_dagrun for dag_with_python_dependencies_v03 to 2021-10-12T00:00:00+00:00, run_after=2021-10-13T00:00:00+00:00
[2024-04-22T11:46:43.565+0000] {processor.py:183} INFO - Processing /opt/airflow/dags/dag_with_python_dependencies.py took 0.122 seconds
[2024-04-22T11:46:54.240+0000] {processor.py:161} INFO - Started process (PID=1601) to work on /opt/airflow/dags/dag_with_python_dependencies.py
[2024-04-22T11:46:54.241+0000] {processor.py:830} INFO - Processing file /opt/airflow/dags/dag_with_python_dependencies.py for tasks to queue
[2024-04-22T11:46:54.242+0000] {logging_mixin.py:188} INFO - [2024-04-22T11:46:54.241+0000] {dagbag.py:538} INFO - Filling up the DagBag from /opt/airflow/dags/dag_with_python_dependencies.py
[2024-04-22T11:46:54.263+0000] {processor.py:840} INFO - DAG(s) 'dag_with_python_dependencies_v03' retrieved from /opt/airflow/dags/dag_with_python_dependencies.py
[2024-04-22T11:46:54.288+0000] {logging_mixin.py:188} INFO - [2024-04-22T11:46:54.288+0000] {dag.py:3033} INFO - Sync 1 DAGs
[2024-04-22T11:46:54.312+0000] {logging_mixin.py:188} INFO - [2024-04-22T11:46:54.311+0000] {dag.py:3820} INFO - Setting next_dagrun for dag_with_python_dependencies_v03 to 2021-10-12T00:00:00+00:00, run_after=2021-10-13T00:00:00+00:00
[2024-04-22T11:46:54.339+0000] {processor.py:183} INFO - Processing /opt/airflow/dags/dag_with_python_dependencies.py took 0.103 seconds
[2024-04-22T11:47:04.950+0000] {processor.py:161} INFO - Started process (PID=1641) to work on /opt/airflow/dags/dag_with_python_dependencies.py
[2024-04-22T11:47:04.951+0000] {processor.py:830} INFO - Processing file /opt/airflow/dags/dag_with_python_dependencies.py for tasks to queue
[2024-04-22T11:47:04.952+0000] {logging_mixin.py:188} INFO - [2024-04-22T11:47:04.952+0000] {dagbag.py:538} INFO - Filling up the DagBag from /opt/airflow/dags/dag_with_python_dependencies.py
[2024-04-22T11:47:04.975+0000] {processor.py:840} INFO - DAG(s) 'dag_with_python_dependencies_v03' retrieved from /opt/airflow/dags/dag_with_python_dependencies.py
[2024-04-22T11:47:05.002+0000] {logging_mixin.py:188} INFO - [2024-04-22T11:47:05.002+0000] {dag.py:3033} INFO - Sync 1 DAGs
[2024-04-22T11:47:05.024+0000] {logging_mixin.py:188} INFO - [2024-04-22T11:47:05.024+0000] {dag.py:3820} INFO - Setting next_dagrun for dag_with_python_dependencies_v03 to 2021-10-12T00:00:00+00:00, run_after=2021-10-13T00:00:00+00:00
[2024-04-22T11:47:05.048+0000] {processor.py:183} INFO - Processing /opt/airflow/dags/dag_with_python_dependencies.py took 0.102 seconds
[2024-04-22T11:47:15.942+0000] {processor.py:161} INFO - Started process (PID=1681) to work on /opt/airflow/dags/dag_with_python_dependencies.py
[2024-04-22T11:47:15.943+0000] {processor.py:830} INFO - Processing file /opt/airflow/dags/dag_with_python_dependencies.py for tasks to queue
[2024-04-22T11:47:15.944+0000] {logging_mixin.py:188} INFO - [2024-04-22T11:47:15.943+0000] {dagbag.py:538} INFO - Filling up the DagBag from /opt/airflow/dags/dag_with_python_dependencies.py
[2024-04-22T11:47:15.965+0000] {processor.py:840} INFO - DAG(s) 'dag_with_python_dependencies_v03' retrieved from /opt/airflow/dags/dag_with_python_dependencies.py
[2024-04-22T11:47:15.991+0000] {logging_mixin.py:188} INFO - [2024-04-22T11:47:15.990+0000] {dag.py:3033} INFO - Sync 1 DAGs
[2024-04-22T11:47:16.012+0000] {logging_mixin.py:188} INFO - [2024-04-22T11:47:16.012+0000] {dag.py:3820} INFO - Setting next_dagrun for dag_with_python_dependencies_v03 to 2021-10-12T00:00:00+00:00, run_after=2021-10-13T00:00:00+00:00
[2024-04-22T11:47:16.075+0000] {processor.py:183} INFO - Processing /opt/airflow/dags/dag_with_python_dependencies.py took 0.137 seconds
[2024-04-22T11:47:26.796+0000] {processor.py:161} INFO - Started process (PID=1721) to work on /opt/airflow/dags/dag_with_python_dependencies.py
[2024-04-22T11:47:26.804+0000] {processor.py:830} INFO - Processing file /opt/airflow/dags/dag_with_python_dependencies.py for tasks to queue
[2024-04-22T11:47:26.807+0000] {logging_mixin.py:188} INFO - [2024-04-22T11:47:26.806+0000] {dagbag.py:538} INFO - Filling up the DagBag from /opt/airflow/dags/dag_with_python_dependencies.py
[2024-04-22T11:47:26.891+0000] {processor.py:840} INFO - DAG(s) 'dag_with_python_dependencies_v03' retrieved from /opt/airflow/dags/dag_with_python_dependencies.py
[2024-04-22T11:47:26.966+0000] {logging_mixin.py:188} INFO - [2024-04-22T11:47:26.965+0000] {dag.py:3033} INFO - Sync 1 DAGs
[2024-04-22T11:47:27.050+0000] {logging_mixin.py:188} INFO - [2024-04-22T11:47:27.050+0000] {dag.py:3820} INFO - Setting next_dagrun for dag_with_python_dependencies_v03 to 2021-10-12T00:00:00+00:00, run_after=2021-10-13T00:00:00+00:00
[2024-04-22T11:47:27.129+0000] {processor.py:183} INFO - Processing /opt/airflow/dags/dag_with_python_dependencies.py took 0.346 seconds
[2024-04-22T11:47:37.255+0000] {processor.py:161} INFO - Started process (PID=1761) to work on /opt/airflow/dags/dag_with_python_dependencies.py
[2024-04-22T11:47:37.260+0000] {processor.py:830} INFO - Processing file /opt/airflow/dags/dag_with_python_dependencies.py for tasks to queue
[2024-04-22T11:47:37.263+0000] {logging_mixin.py:188} INFO - [2024-04-22T11:47:37.262+0000] {dagbag.py:538} INFO - Filling up the DagBag from /opt/airflow/dags/dag_with_python_dependencies.py
[2024-04-22T11:47:37.386+0000] {processor.py:840} INFO - DAG(s) 'dag_with_python_dependencies_v03' retrieved from /opt/airflow/dags/dag_with_python_dependencies.py
[2024-04-22T11:47:37.466+0000] {logging_mixin.py:188} INFO - [2024-04-22T11:47:37.465+0000] {dag.py:3033} INFO - Sync 1 DAGs
[2024-04-22T11:47:37.554+0000] {logging_mixin.py:188} INFO - [2024-04-22T11:47:37.553+0000] {dag.py:3820} INFO - Setting next_dagrun for dag_with_python_dependencies_v03 to 2021-10-12T00:00:00+00:00, run_after=2021-10-13T00:00:00+00:00
[2024-04-22T11:47:37.645+0000] {processor.py:183} INFO - Processing /opt/airflow/dags/dag_with_python_dependencies.py took 0.399 seconds
[2024-04-22T11:47:47.852+0000] {processor.py:161} INFO - Started process (PID=1806) to work on /opt/airflow/dags/dag_with_python_dependencies.py
[2024-04-22T11:47:47.855+0000] {processor.py:830} INFO - Processing file /opt/airflow/dags/dag_with_python_dependencies.py for tasks to queue
[2024-04-22T11:47:47.861+0000] {logging_mixin.py:188} INFO - [2024-04-22T11:47:47.859+0000] {dagbag.py:538} INFO - Filling up the DagBag from /opt/airflow/dags/dag_with_python_dependencies.py
[2024-04-22T11:47:47.914+0000] {processor.py:840} INFO - DAG(s) 'dag_with_python_dependencies_v03' retrieved from /opt/airflow/dags/dag_with_python_dependencies.py
[2024-04-22T11:47:48.006+0000] {logging_mixin.py:188} INFO - [2024-04-22T11:47:48.006+0000] {dag.py:3033} INFO - Sync 1 DAGs
[2024-04-22T11:47:48.075+0000] {logging_mixin.py:188} INFO - [2024-04-22T11:47:48.075+0000] {dag.py:3820} INFO - Setting next_dagrun for dag_with_python_dependencies_v03 to 2021-10-12T00:00:00+00:00, run_after=2021-10-13T00:00:00+00:00
[2024-04-22T11:47:48.173+0000] {processor.py:183} INFO - Processing /opt/airflow/dags/dag_with_python_dependencies.py took 0.328 seconds
[2024-04-22T11:48:30.519+0000] {processor.py:161} INFO - Started process (PID=185) to work on /opt/airflow/dags/dag_with_python_dependencies.py
[2024-04-22T11:48:30.521+0000] {processor.py:830} INFO - Processing file /opt/airflow/dags/dag_with_python_dependencies.py for tasks to queue
[2024-04-22T11:48:30.523+0000] {logging_mixin.py:188} INFO - [2024-04-22T11:48:30.522+0000] {dagbag.py:538} INFO - Filling up the DagBag from /opt/airflow/dags/dag_with_python_dependencies.py
[2024-04-22T11:48:30.550+0000] {processor.py:840} INFO - DAG(s) 'dag_with_python_dependencies_v03' retrieved from /opt/airflow/dags/dag_with_python_dependencies.py
[2024-04-22T11:48:30.571+0000] {logging_mixin.py:188} INFO - [2024-04-22T11:48:30.571+0000] {dag.py:3033} INFO - Sync 1 DAGs
[2024-04-22T11:48:30.611+0000] {logging_mixin.py:188} INFO - [2024-04-22T11:48:30.610+0000] {dag.py:3820} INFO - Setting next_dagrun for dag_with_python_dependencies_v03 to 2021-10-12T00:00:00+00:00, run_after=2021-10-13T00:00:00+00:00
[2024-04-22T11:48:30.658+0000] {processor.py:183} INFO - Processing /opt/airflow/dags/dag_with_python_dependencies.py took 0.142 seconds
[2024-04-22T11:48:41.290+0000] {processor.py:161} INFO - Started process (PID=228) to work on /opt/airflow/dags/dag_with_python_dependencies.py
[2024-04-22T11:48:41.291+0000] {processor.py:830} INFO - Processing file /opt/airflow/dags/dag_with_python_dependencies.py for tasks to queue
[2024-04-22T11:48:41.293+0000] {logging_mixin.py:188} INFO - [2024-04-22T11:48:41.293+0000] {dagbag.py:538} INFO - Filling up the DagBag from /opt/airflow/dags/dag_with_python_dependencies.py
[2024-04-22T11:48:41.337+0000] {processor.py:840} INFO - DAG(s) 'dag_with_python_dependencies_v03' retrieved from /opt/airflow/dags/dag_with_python_dependencies.py
[2024-04-22T11:48:41.358+0000] {logging_mixin.py:188} INFO - [2024-04-22T11:48:41.357+0000] {dag.py:3033} INFO - Sync 1 DAGs
[2024-04-22T11:48:41.401+0000] {logging_mixin.py:188} INFO - [2024-04-22T11:48:41.400+0000] {dag.py:3820} INFO - Setting next_dagrun for dag_with_python_dependencies_v03 to 2021-10-12T00:00:00+00:00, run_after=2021-10-13T00:00:00+00:00
[2024-04-22T11:48:41.433+0000] {processor.py:183} INFO - Processing /opt/airflow/dags/dag_with_python_dependencies.py took 0.149 seconds
[2024-04-22T11:48:52.233+0000] {processor.py:161} INFO - Started process (PID=273) to work on /opt/airflow/dags/dag_with_python_dependencies.py
[2024-04-22T11:48:52.234+0000] {processor.py:830} INFO - Processing file /opt/airflow/dags/dag_with_python_dependencies.py for tasks to queue
[2024-04-22T11:48:52.235+0000] {logging_mixin.py:188} INFO - [2024-04-22T11:48:52.235+0000] {dagbag.py:538} INFO - Filling up the DagBag from /opt/airflow/dags/dag_with_python_dependencies.py
[2024-04-22T11:48:52.262+0000] {processor.py:840} INFO - DAG(s) 'dag_with_python_dependencies_v03' retrieved from /opt/airflow/dags/dag_with_python_dependencies.py
[2024-04-22T11:48:52.278+0000] {logging_mixin.py:188} INFO - [2024-04-22T11:48:52.278+0000] {dag.py:3033} INFO - Sync 1 DAGs
[2024-04-22T11:48:52.313+0000] {logging_mixin.py:188} INFO - [2024-04-22T11:48:52.313+0000] {dag.py:3820} INFO - Setting next_dagrun for dag_with_python_dependencies_v03 to 2021-10-12T00:00:00+00:00, run_after=2021-10-13T00:00:00+00:00
[2024-04-22T11:48:52.340+0000] {processor.py:183} INFO - Processing /opt/airflow/dags/dag_with_python_dependencies.py took 0.111 seconds
[2024-04-22T11:49:03.312+0000] {processor.py:161} INFO - Started process (PID=320) to work on /opt/airflow/dags/dag_with_python_dependencies.py
[2024-04-22T11:49:03.313+0000] {processor.py:830} INFO - Processing file /opt/airflow/dags/dag_with_python_dependencies.py for tasks to queue
[2024-04-22T11:49:03.314+0000] {logging_mixin.py:188} INFO - [2024-04-22T11:49:03.314+0000] {dagbag.py:538} INFO - Filling up the DagBag from /opt/airflow/dags/dag_with_python_dependencies.py
[2024-04-22T11:49:03.336+0000] {processor.py:840} INFO - DAG(s) 'dag_with_python_dependencies_v03' retrieved from /opt/airflow/dags/dag_with_python_dependencies.py
[2024-04-22T11:49:03.429+0000] {logging_mixin.py:188} INFO - [2024-04-22T11:49:03.429+0000] {dag.py:3033} INFO - Sync 1 DAGs
[2024-04-22T11:49:03.448+0000] {logging_mixin.py:188} INFO - [2024-04-22T11:49:03.448+0000] {dag.py:3820} INFO - Setting next_dagrun for dag_with_python_dependencies_v03 to 2021-10-12T00:00:00+00:00, run_after=2021-10-13T00:00:00+00:00
[2024-04-22T11:49:03.473+0000] {processor.py:183} INFO - Processing /opt/airflow/dags/dag_with_python_dependencies.py took 0.165 seconds
[2024-04-22T11:49:14.407+0000] {processor.py:161} INFO - Started process (PID=365) to work on /opt/airflow/dags/dag_with_python_dependencies.py
[2024-04-22T11:49:14.408+0000] {processor.py:830} INFO - Processing file /opt/airflow/dags/dag_with_python_dependencies.py for tasks to queue
[2024-04-22T11:49:14.409+0000] {logging_mixin.py:188} INFO - [2024-04-22T11:49:14.409+0000] {dagbag.py:538} INFO - Filling up the DagBag from /opt/airflow/dags/dag_with_python_dependencies.py
[2024-04-22T11:49:14.427+0000] {processor.py:840} INFO - DAG(s) 'dag_with_python_dependencies_v03' retrieved from /opt/airflow/dags/dag_with_python_dependencies.py
[2024-04-22T11:49:14.438+0000] {logging_mixin.py:188} INFO - [2024-04-22T11:49:14.438+0000] {dag.py:3033} INFO - Sync 1 DAGs
[2024-04-22T11:49:14.461+0000] {logging_mixin.py:188} INFO - [2024-04-22T11:49:14.461+0000] {dag.py:3820} INFO - Setting next_dagrun for dag_with_python_dependencies_v03 to 2021-10-12T00:00:00+00:00, run_after=2021-10-13T00:00:00+00:00
[2024-04-22T11:49:14.484+0000] {processor.py:183} INFO - Processing /opt/airflow/dags/dag_with_python_dependencies.py took 0.080 seconds
[2024-04-22T11:49:25.054+0000] {processor.py:161} INFO - Started process (PID=410) to work on /opt/airflow/dags/dag_with_python_dependencies.py
[2024-04-22T11:49:25.055+0000] {processor.py:830} INFO - Processing file /opt/airflow/dags/dag_with_python_dependencies.py for tasks to queue
[2024-04-22T11:49:25.056+0000] {logging_mixin.py:188} INFO - [2024-04-22T11:49:25.056+0000] {dagbag.py:538} INFO - Filling up the DagBag from /opt/airflow/dags/dag_with_python_dependencies.py
[2024-04-22T11:49:25.076+0000] {processor.py:840} INFO - DAG(s) 'dag_with_python_dependencies_v03' retrieved from /opt/airflow/dags/dag_with_python_dependencies.py
[2024-04-22T11:49:25.087+0000] {logging_mixin.py:188} INFO - [2024-04-22T11:49:25.087+0000] {dag.py:3033} INFO - Sync 1 DAGs
[2024-04-22T11:49:25.112+0000] {logging_mixin.py:188} INFO - [2024-04-22T11:49:25.111+0000] {dag.py:3820} INFO - Setting next_dagrun for dag_with_python_dependencies_v03 to 2021-10-12T00:00:00+00:00, run_after=2021-10-13T00:00:00+00:00
[2024-04-22T11:49:25.139+0000] {processor.py:183} INFO - Processing /opt/airflow/dags/dag_with_python_dependencies.py took 0.088 seconds
[2024-04-22T11:49:35.774+0000] {processor.py:161} INFO - Started process (PID=455) to work on /opt/airflow/dags/dag_with_python_dependencies.py
[2024-04-22T11:49:35.775+0000] {processor.py:830} INFO - Processing file /opt/airflow/dags/dag_with_python_dependencies.py for tasks to queue
[2024-04-22T11:49:35.776+0000] {logging_mixin.py:188} INFO - [2024-04-22T11:49:35.776+0000] {dagbag.py:538} INFO - Filling up the DagBag from /opt/airflow/dags/dag_with_python_dependencies.py
[2024-04-22T11:49:35.797+0000] {processor.py:840} INFO - DAG(s) 'dag_with_python_dependencies_v03' retrieved from /opt/airflow/dags/dag_with_python_dependencies.py
[2024-04-22T11:49:35.820+0000] {logging_mixin.py:188} INFO - [2024-04-22T11:49:35.820+0000] {dag.py:3033} INFO - Sync 1 DAGs
[2024-04-22T11:49:35.842+0000] {logging_mixin.py:188} INFO - [2024-04-22T11:49:35.841+0000] {dag.py:3820} INFO - Setting next_dagrun for dag_with_python_dependencies_v03 to 2021-10-12T00:00:00+00:00, run_after=2021-10-13T00:00:00+00:00
[2024-04-22T11:49:35.864+0000] {processor.py:183} INFO - Processing /opt/airflow/dags/dag_with_python_dependencies.py took 0.094 seconds
[2024-04-22T11:49:46.484+0000] {processor.py:161} INFO - Started process (PID=500) to work on /opt/airflow/dags/dag_with_python_dependencies.py
[2024-04-22T11:49:46.486+0000] {processor.py:830} INFO - Processing file /opt/airflow/dags/dag_with_python_dependencies.py for tasks to queue
[2024-04-22T11:49:46.487+0000] {logging_mixin.py:188} INFO - [2024-04-22T11:49:46.486+0000] {dagbag.py:538} INFO - Filling up the DagBag from /opt/airflow/dags/dag_with_python_dependencies.py
[2024-04-22T11:49:46.511+0000] {processor.py:840} INFO - DAG(s) 'dag_with_python_dependencies_v03' retrieved from /opt/airflow/dags/dag_with_python_dependencies.py
[2024-04-22T11:49:46.540+0000] {logging_mixin.py:188} INFO - [2024-04-22T11:49:46.539+0000] {dag.py:3033} INFO - Sync 1 DAGs
[2024-04-22T11:49:46.566+0000] {logging_mixin.py:188} INFO - [2024-04-22T11:49:46.565+0000] {dag.py:3820} INFO - Setting next_dagrun for dag_with_python_dependencies_v03 to 2021-10-12T00:00:00+00:00, run_after=2021-10-13T00:00:00+00:00
[2024-04-22T11:49:46.591+0000] {processor.py:183} INFO - Processing /opt/airflow/dags/dag_with_python_dependencies.py took 0.110 seconds
[2024-04-22T11:49:57.168+0000] {processor.py:161} INFO - Started process (PID=545) to work on /opt/airflow/dags/dag_with_python_dependencies.py
[2024-04-22T11:49:57.169+0000] {processor.py:830} INFO - Processing file /opt/airflow/dags/dag_with_python_dependencies.py for tasks to queue
[2024-04-22T11:49:57.170+0000] {logging_mixin.py:188} INFO - [2024-04-22T11:49:57.170+0000] {dagbag.py:538} INFO - Filling up the DagBag from /opt/airflow/dags/dag_with_python_dependencies.py
[2024-04-22T11:49:57.189+0000] {processor.py:840} INFO - DAG(s) 'dag_with_python_dependencies_v03' retrieved from /opt/airflow/dags/dag_with_python_dependencies.py
[2024-04-22T11:49:57.212+0000] {logging_mixin.py:188} INFO - [2024-04-22T11:49:57.212+0000] {dag.py:3033} INFO - Sync 1 DAGs
[2024-04-22T11:49:57.234+0000] {logging_mixin.py:188} INFO - [2024-04-22T11:49:57.234+0000] {dag.py:3820} INFO - Setting next_dagrun for dag_with_python_dependencies_v03 to 2021-10-12T00:00:00+00:00, run_after=2021-10-13T00:00:00+00:00
[2024-04-22T11:49:57.259+0000] {processor.py:183} INFO - Processing /opt/airflow/dags/dag_with_python_dependencies.py took 0.094 seconds
[2024-04-22T11:50:07.875+0000] {processor.py:161} INFO - Started process (PID=590) to work on /opt/airflow/dags/dag_with_python_dependencies.py
[2024-04-22T11:50:07.876+0000] {processor.py:830} INFO - Processing file /opt/airflow/dags/dag_with_python_dependencies.py for tasks to queue
[2024-04-22T11:50:07.877+0000] {logging_mixin.py:188} INFO - [2024-04-22T11:50:07.877+0000] {dagbag.py:538} INFO - Filling up the DagBag from /opt/airflow/dags/dag_with_python_dependencies.py
[2024-04-22T11:50:07.897+0000] {processor.py:840} INFO - DAG(s) 'dag_with_python_dependencies_v03' retrieved from /opt/airflow/dags/dag_with_python_dependencies.py
[2024-04-22T11:50:07.921+0000] {logging_mixin.py:188} INFO - [2024-04-22T11:50:07.921+0000] {dag.py:3033} INFO - Sync 1 DAGs
[2024-04-22T11:50:07.946+0000] {logging_mixin.py:188} INFO - [2024-04-22T11:50:07.946+0000] {dag.py:3820} INFO - Setting next_dagrun for dag_with_python_dependencies_v03 to 2021-10-12T00:00:00+00:00, run_after=2021-10-13T00:00:00+00:00
[2024-04-22T11:50:07.972+0000] {processor.py:183} INFO - Processing /opt/airflow/dags/dag_with_python_dependencies.py took 0.100 seconds
[2024-04-22T11:50:18.610+0000] {processor.py:161} INFO - Started process (PID=635) to work on /opt/airflow/dags/dag_with_python_dependencies.py
[2024-04-22T11:50:18.611+0000] {processor.py:830} INFO - Processing file /opt/airflow/dags/dag_with_python_dependencies.py for tasks to queue
[2024-04-22T11:50:18.612+0000] {logging_mixin.py:188} INFO - [2024-04-22T11:50:18.612+0000] {dagbag.py:538} INFO - Filling up the DagBag from /opt/airflow/dags/dag_with_python_dependencies.py
[2024-04-22T11:50:18.632+0000] {processor.py:840} INFO - DAG(s) 'dag_with_python_dependencies_v03' retrieved from /opt/airflow/dags/dag_with_python_dependencies.py
[2024-04-22T11:50:18.656+0000] {logging_mixin.py:188} INFO - [2024-04-22T11:50:18.655+0000] {dag.py:3033} INFO - Sync 1 DAGs
[2024-04-22T11:50:18.678+0000] {logging_mixin.py:188} INFO - [2024-04-22T11:50:18.678+0000] {dag.py:3820} INFO - Setting next_dagrun for dag_with_python_dependencies_v03 to 2021-10-12T00:00:00+00:00, run_after=2021-10-13T00:00:00+00:00
[2024-04-22T11:50:18.703+0000] {processor.py:183} INFO - Processing /opt/airflow/dags/dag_with_python_dependencies.py took 0.096 seconds
[2024-04-22T11:50:29.331+0000] {processor.py:161} INFO - Started process (PID=680) to work on /opt/airflow/dags/dag_with_python_dependencies.py
[2024-04-22T11:50:29.332+0000] {processor.py:830} INFO - Processing file /opt/airflow/dags/dag_with_python_dependencies.py for tasks to queue
[2024-04-22T11:50:29.333+0000] {logging_mixin.py:188} INFO - [2024-04-22T11:50:29.333+0000] {dagbag.py:538} INFO - Filling up the DagBag from /opt/airflow/dags/dag_with_python_dependencies.py
[2024-04-22T11:50:29.354+0000] {processor.py:840} INFO - DAG(s) 'dag_with_python_dependencies_v03' retrieved from /opt/airflow/dags/dag_with_python_dependencies.py
[2024-04-22T11:50:29.377+0000] {logging_mixin.py:188} INFO - [2024-04-22T11:50:29.377+0000] {dag.py:3033} INFO - Sync 1 DAGs
[2024-04-22T11:50:29.413+0000] {logging_mixin.py:188} INFO - [2024-04-22T11:50:29.413+0000] {dag.py:3820} INFO - Setting next_dagrun for dag_with_python_dependencies_v03 to 2021-10-12T00:00:00+00:00, run_after=2021-10-13T00:00:00+00:00
[2024-04-22T11:50:29.437+0000] {processor.py:183} INFO - Processing /opt/airflow/dags/dag_with_python_dependencies.py took 0.110 seconds
[2024-04-22T11:50:40.053+0000] {processor.py:161} INFO - Started process (PID=725) to work on /opt/airflow/dags/dag_with_python_dependencies.py
[2024-04-22T11:50:40.054+0000] {processor.py:830} INFO - Processing file /opt/airflow/dags/dag_with_python_dependencies.py for tasks to queue
[2024-04-22T11:50:40.055+0000] {logging_mixin.py:188} INFO - [2024-04-22T11:50:40.055+0000] {dagbag.py:538} INFO - Filling up the DagBag from /opt/airflow/dags/dag_with_python_dependencies.py
[2024-04-22T11:50:40.074+0000] {processor.py:840} INFO - DAG(s) 'dag_with_python_dependencies_v03' retrieved from /opt/airflow/dags/dag_with_python_dependencies.py
[2024-04-22T11:50:40.096+0000] {logging_mixin.py:188} INFO - [2024-04-22T11:50:40.096+0000] {dag.py:3033} INFO - Sync 1 DAGs
[2024-04-22T11:50:40.119+0000] {logging_mixin.py:188} INFO - [2024-04-22T11:50:40.119+0000] {dag.py:3820} INFO - Setting next_dagrun for dag_with_python_dependencies_v03 to 2021-10-12T00:00:00+00:00, run_after=2021-10-13T00:00:00+00:00
[2024-04-22T11:50:40.144+0000] {processor.py:183} INFO - Processing /opt/airflow/dags/dag_with_python_dependencies.py took 0.094 seconds
[2024-04-22T11:50:50.728+0000] {processor.py:161} INFO - Started process (PID=770) to work on /opt/airflow/dags/dag_with_python_dependencies.py
[2024-04-22T11:50:50.729+0000] {processor.py:830} INFO - Processing file /opt/airflow/dags/dag_with_python_dependencies.py for tasks to queue
[2024-04-22T11:50:50.730+0000] {logging_mixin.py:188} INFO - [2024-04-22T11:50:50.729+0000] {dagbag.py:538} INFO - Filling up the DagBag from /opt/airflow/dags/dag_with_python_dependencies.py
[2024-04-22T11:50:50.748+0000] {processor.py:840} INFO - DAG(s) 'dag_with_python_dependencies_v03' retrieved from /opt/airflow/dags/dag_with_python_dependencies.py
[2024-04-22T11:50:50.771+0000] {logging_mixin.py:188} INFO - [2024-04-22T11:50:50.771+0000] {dag.py:3033} INFO - Sync 1 DAGs
[2024-04-22T11:50:50.791+0000] {logging_mixin.py:188} INFO - [2024-04-22T11:50:50.791+0000] {dag.py:3820} INFO - Setting next_dagrun for dag_with_python_dependencies_v03 to 2021-10-12T00:00:00+00:00, run_after=2021-10-13T00:00:00+00:00
[2024-04-22T11:50:50.812+0000] {processor.py:183} INFO - Processing /opt/airflow/dags/dag_with_python_dependencies.py took 0.088 seconds
[2024-04-22T11:51:01.422+0000] {processor.py:161} INFO - Started process (PID=815) to work on /opt/airflow/dags/dag_with_python_dependencies.py
[2024-04-22T11:51:01.423+0000] {processor.py:830} INFO - Processing file /opt/airflow/dags/dag_with_python_dependencies.py for tasks to queue
[2024-04-22T11:51:01.424+0000] {logging_mixin.py:188} INFO - [2024-04-22T11:51:01.423+0000] {dagbag.py:538} INFO - Filling up the DagBag from /opt/airflow/dags/dag_with_python_dependencies.py
[2024-04-22T11:51:01.441+0000] {processor.py:840} INFO - DAG(s) 'dag_with_python_dependencies_v03' retrieved from /opt/airflow/dags/dag_with_python_dependencies.py
[2024-04-22T11:51:01.463+0000] {logging_mixin.py:188} INFO - [2024-04-22T11:51:01.463+0000] {dag.py:3033} INFO - Sync 1 DAGs
[2024-04-22T11:51:01.485+0000] {logging_mixin.py:188} INFO - [2024-04-22T11:51:01.484+0000] {dag.py:3820} INFO - Setting next_dagrun for dag_with_python_dependencies_v03 to 2021-10-12T00:00:00+00:00, run_after=2021-10-13T00:00:00+00:00
[2024-04-22T11:51:01.509+0000] {processor.py:183} INFO - Processing /opt/airflow/dags/dag_with_python_dependencies.py took 0.090 seconds
[2024-04-22T11:51:12.202+0000] {processor.py:161} INFO - Started process (PID=860) to work on /opt/airflow/dags/dag_with_python_dependencies.py
[2024-04-22T11:51:12.203+0000] {processor.py:830} INFO - Processing file /opt/airflow/dags/dag_with_python_dependencies.py for tasks to queue
[2024-04-22T11:51:12.205+0000] {logging_mixin.py:188} INFO - [2024-04-22T11:51:12.204+0000] {dagbag.py:538} INFO - Filling up the DagBag from /opt/airflow/dags/dag_with_python_dependencies.py
[2024-04-22T11:51:12.226+0000] {processor.py:840} INFO - DAG(s) 'dag_with_python_dependencies_v03' retrieved from /opt/airflow/dags/dag_with_python_dependencies.py
[2024-04-22T11:51:12.252+0000] {logging_mixin.py:188} INFO - [2024-04-22T11:51:12.251+0000] {dag.py:3033} INFO - Sync 1 DAGs
[2024-04-22T11:51:12.274+0000] {logging_mixin.py:188} INFO - [2024-04-22T11:51:12.274+0000] {dag.py:3820} INFO - Setting next_dagrun for dag_with_python_dependencies_v03 to 2021-10-12T00:00:00+00:00, run_after=2021-10-13T00:00:00+00:00
[2024-04-22T11:51:12.298+0000] {processor.py:183} INFO - Processing /opt/airflow/dags/dag_with_python_dependencies.py took 0.098 seconds
[2024-04-22T11:51:22.931+0000] {processor.py:161} INFO - Started process (PID=905) to work on /opt/airflow/dags/dag_with_python_dependencies.py
[2024-04-22T11:51:22.933+0000] {processor.py:830} INFO - Processing file /opt/airflow/dags/dag_with_python_dependencies.py for tasks to queue
[2024-04-22T11:51:22.934+0000] {logging_mixin.py:188} INFO - [2024-04-22T11:51:22.933+0000] {dagbag.py:538} INFO - Filling up the DagBag from /opt/airflow/dags/dag_with_python_dependencies.py
[2024-04-22T11:51:22.953+0000] {processor.py:840} INFO - DAG(s) 'dag_with_python_dependencies_v03' retrieved from /opt/airflow/dags/dag_with_python_dependencies.py
[2024-04-22T11:51:22.976+0000] {logging_mixin.py:188} INFO - [2024-04-22T11:51:22.975+0000] {dag.py:3033} INFO - Sync 1 DAGs
[2024-04-22T11:51:22.998+0000] {logging_mixin.py:188} INFO - [2024-04-22T11:51:22.998+0000] {dag.py:3820} INFO - Setting next_dagrun for dag_with_python_dependencies_v03 to 2021-10-12T00:00:00+00:00, run_after=2021-10-13T00:00:00+00:00
[2024-04-22T11:51:23.033+0000] {processor.py:183} INFO - Processing /opt/airflow/dags/dag_with_python_dependencies.py took 0.105 seconds
[2024-04-22T11:51:33.628+0000] {processor.py:161} INFO - Started process (PID=950) to work on /opt/airflow/dags/dag_with_python_dependencies.py
[2024-04-22T11:51:33.629+0000] {processor.py:830} INFO - Processing file /opt/airflow/dags/dag_with_python_dependencies.py for tasks to queue
[2024-04-22T11:51:33.630+0000] {logging_mixin.py:188} INFO - [2024-04-22T11:51:33.630+0000] {dagbag.py:538} INFO - Filling up the DagBag from /opt/airflow/dags/dag_with_python_dependencies.py
[2024-04-22T11:51:33.653+0000] {processor.py:840} INFO - DAG(s) 'dag_with_python_dependencies_v03' retrieved from /opt/airflow/dags/dag_with_python_dependencies.py
[2024-04-22T11:51:33.677+0000] {logging_mixin.py:188} INFO - [2024-04-22T11:51:33.677+0000] {dag.py:3033} INFO - Sync 1 DAGs
[2024-04-22T11:51:33.701+0000] {logging_mixin.py:188} INFO - [2024-04-22T11:51:33.700+0000] {dag.py:3820} INFO - Setting next_dagrun for dag_with_python_dependencies_v03 to 2021-10-12T00:00:00+00:00, run_after=2021-10-13T00:00:00+00:00
[2024-04-22T11:51:33.729+0000] {processor.py:183} INFO - Processing /opt/airflow/dags/dag_with_python_dependencies.py took 0.105 seconds
[2024-04-22T11:51:44.478+0000] {processor.py:161} INFO - Started process (PID=995) to work on /opt/airflow/dags/dag_with_python_dependencies.py
[2024-04-22T11:51:44.479+0000] {processor.py:830} INFO - Processing file /opt/airflow/dags/dag_with_python_dependencies.py for tasks to queue
[2024-04-22T11:51:44.480+0000] {logging_mixin.py:188} INFO - [2024-04-22T11:51:44.480+0000] {dagbag.py:538} INFO - Filling up the DagBag from /opt/airflow/dags/dag_with_python_dependencies.py
[2024-04-22T11:51:44.499+0000] {processor.py:840} INFO - DAG(s) 'dag_with_python_dependencies_v03' retrieved from /opt/airflow/dags/dag_with_python_dependencies.py
[2024-04-22T11:51:44.521+0000] {logging_mixin.py:188} INFO - [2024-04-22T11:51:44.521+0000] {dag.py:3033} INFO - Sync 1 DAGs
[2024-04-22T11:51:44.543+0000] {logging_mixin.py:188} INFO - [2024-04-22T11:51:44.543+0000] {dag.py:3820} INFO - Setting next_dagrun for dag_with_python_dependencies_v03 to 2021-10-12T00:00:00+00:00, run_after=2021-10-13T00:00:00+00:00
[2024-04-22T11:51:44.567+0000] {processor.py:183} INFO - Processing /opt/airflow/dags/dag_with_python_dependencies.py took 0.092 seconds
[2024-04-22T11:51:55.173+0000] {processor.py:161} INFO - Started process (PID=1040) to work on /opt/airflow/dags/dag_with_python_dependencies.py
[2024-04-22T11:51:55.174+0000] {processor.py:830} INFO - Processing file /opt/airflow/dags/dag_with_python_dependencies.py for tasks to queue
[2024-04-22T11:51:55.176+0000] {logging_mixin.py:188} INFO - [2024-04-22T11:51:55.175+0000] {dagbag.py:538} INFO - Filling up the DagBag from /opt/airflow/dags/dag_with_python_dependencies.py
[2024-04-22T11:51:55.195+0000] {processor.py:840} INFO - DAG(s) 'dag_with_python_dependencies_v03' retrieved from /opt/airflow/dags/dag_with_python_dependencies.py
[2024-04-22T11:51:55.218+0000] {logging_mixin.py:188} INFO - [2024-04-22T11:51:55.218+0000] {dag.py:3033} INFO - Sync 1 DAGs
[2024-04-22T11:51:55.240+0000] {logging_mixin.py:188} INFO - [2024-04-22T11:51:55.240+0000] {dag.py:3820} INFO - Setting next_dagrun for dag_with_python_dependencies_v03 to 2021-10-12T00:00:00+00:00, run_after=2021-10-13T00:00:00+00:00
[2024-04-22T11:51:55.266+0000] {processor.py:183} INFO - Processing /opt/airflow/dags/dag_with_python_dependencies.py took 0.096 seconds
[2024-04-22T11:52:05.903+0000] {processor.py:161} INFO - Started process (PID=1085) to work on /opt/airflow/dags/dag_with_python_dependencies.py
[2024-04-22T11:52:05.904+0000] {processor.py:830} INFO - Processing file /opt/airflow/dags/dag_with_python_dependencies.py for tasks to queue
[2024-04-22T11:52:05.906+0000] {logging_mixin.py:188} INFO - [2024-04-22T11:52:05.905+0000] {dagbag.py:538} INFO - Filling up the DagBag from /opt/airflow/dags/dag_with_python_dependencies.py
[2024-04-22T11:52:05.924+0000] {processor.py:840} INFO - DAG(s) 'dag_with_python_dependencies_v03' retrieved from /opt/airflow/dags/dag_with_python_dependencies.py
[2024-04-22T11:52:05.947+0000] {logging_mixin.py:188} INFO - [2024-04-22T11:52:05.947+0000] {dag.py:3033} INFO - Sync 1 DAGs
[2024-04-22T11:52:05.970+0000] {logging_mixin.py:188} INFO - [2024-04-22T11:52:05.969+0000] {dag.py:3820} INFO - Setting next_dagrun for dag_with_python_dependencies_v03 to 2021-10-12T00:00:00+00:00, run_after=2021-10-13T00:00:00+00:00
[2024-04-22T11:52:05.996+0000] {processor.py:183} INFO - Processing /opt/airflow/dags/dag_with_python_dependencies.py took 0.096 seconds
[2024-04-22T11:52:16.754+0000] {processor.py:161} INFO - Started process (PID=1130) to work on /opt/airflow/dags/dag_with_python_dependencies.py
[2024-04-22T11:52:16.756+0000] {processor.py:830} INFO - Processing file /opt/airflow/dags/dag_with_python_dependencies.py for tasks to queue
[2024-04-22T11:52:16.758+0000] {logging_mixin.py:188} INFO - [2024-04-22T11:52:16.757+0000] {dagbag.py:538} INFO - Filling up the DagBag from /opt/airflow/dags/dag_with_python_dependencies.py
[2024-04-22T11:52:16.790+0000] {processor.py:840} INFO - DAG(s) 'dag_with_python_dependencies_v03' retrieved from /opt/airflow/dags/dag_with_python_dependencies.py
[2024-04-22T11:52:16.822+0000] {logging_mixin.py:188} INFO - [2024-04-22T11:52:16.822+0000] {dag.py:3033} INFO - Sync 1 DAGs
[2024-04-22T11:52:16.849+0000] {logging_mixin.py:188} INFO - [2024-04-22T11:52:16.849+0000] {dag.py:3820} INFO - Setting next_dagrun for dag_with_python_dependencies_v03 to 2021-10-12T00:00:00+00:00, run_after=2021-10-13T00:00:00+00:00
[2024-04-22T11:52:16.877+0000] {processor.py:183} INFO - Processing /opt/airflow/dags/dag_with_python_dependencies.py took 0.127 seconds
[2024-04-22T11:52:27.493+0000] {processor.py:161} INFO - Started process (PID=1175) to work on /opt/airflow/dags/dag_with_python_dependencies.py
[2024-04-22T11:52:27.494+0000] {processor.py:830} INFO - Processing file /opt/airflow/dags/dag_with_python_dependencies.py for tasks to queue
[2024-04-22T11:52:27.495+0000] {logging_mixin.py:188} INFO - [2024-04-22T11:52:27.495+0000] {dagbag.py:538} INFO - Filling up the DagBag from /opt/airflow/dags/dag_with_python_dependencies.py
[2024-04-22T11:52:27.515+0000] {processor.py:840} INFO - DAG(s) 'dag_with_python_dependencies_v03' retrieved from /opt/airflow/dags/dag_with_python_dependencies.py
[2024-04-22T11:52:27.539+0000] {logging_mixin.py:188} INFO - [2024-04-22T11:52:27.539+0000] {dag.py:3033} INFO - Sync 1 DAGs
[2024-04-22T11:52:27.566+0000] {logging_mixin.py:188} INFO - [2024-04-22T11:52:27.566+0000] {dag.py:3820} INFO - Setting next_dagrun for dag_with_python_dependencies_v03 to 2021-10-12T00:00:00+00:00, run_after=2021-10-13T00:00:00+00:00
[2024-04-22T11:52:27.592+0000] {processor.py:183} INFO - Processing /opt/airflow/dags/dag_with_python_dependencies.py took 0.103 seconds
[2024-04-22T11:52:38.245+0000] {processor.py:161} INFO - Started process (PID=1220) to work on /opt/airflow/dags/dag_with_python_dependencies.py
[2024-04-22T11:52:38.246+0000] {processor.py:830} INFO - Processing file /opt/airflow/dags/dag_with_python_dependencies.py for tasks to queue
[2024-04-22T11:52:38.247+0000] {logging_mixin.py:188} INFO - [2024-04-22T11:52:38.247+0000] {dagbag.py:538} INFO - Filling up the DagBag from /opt/airflow/dags/dag_with_python_dependencies.py
[2024-04-22T11:52:38.267+0000] {processor.py:840} INFO - DAG(s) 'dag_with_python_dependencies_v03' retrieved from /opt/airflow/dags/dag_with_python_dependencies.py
[2024-04-22T11:52:38.291+0000] {logging_mixin.py:188} INFO - [2024-04-22T11:52:38.290+0000] {dag.py:3033} INFO - Sync 1 DAGs
[2024-04-22T11:52:38.322+0000] {logging_mixin.py:188} INFO - [2024-04-22T11:52:38.322+0000] {dag.py:3820} INFO - Setting next_dagrun for dag_with_python_dependencies_v03 to 2021-10-12T00:00:00+00:00, run_after=2021-10-13T00:00:00+00:00
[2024-04-22T11:52:38.346+0000] {processor.py:183} INFO - Processing /opt/airflow/dags/dag_with_python_dependencies.py took 0.104 seconds
[2024-04-22T11:52:48.964+0000] {processor.py:161} INFO - Started process (PID=1265) to work on /opt/airflow/dags/dag_with_python_dependencies.py
[2024-04-22T11:52:48.966+0000] {processor.py:830} INFO - Processing file /opt/airflow/dags/dag_with_python_dependencies.py for tasks to queue
[2024-04-22T11:52:48.967+0000] {logging_mixin.py:188} INFO - [2024-04-22T11:52:48.967+0000] {dagbag.py:538} INFO - Filling up the DagBag from /opt/airflow/dags/dag_with_python_dependencies.py
[2024-04-22T11:52:48.995+0000] {processor.py:840} INFO - DAG(s) 'dag_with_python_dependencies_v03' retrieved from /opt/airflow/dags/dag_with_python_dependencies.py
[2024-04-22T11:52:49.024+0000] {logging_mixin.py:188} INFO - [2024-04-22T11:52:49.024+0000] {dag.py:3033} INFO - Sync 1 DAGs
[2024-04-22T11:52:49.047+0000] {logging_mixin.py:188} INFO - [2024-04-22T11:52:49.046+0000] {dag.py:3820} INFO - Setting next_dagrun for dag_with_python_dependencies_v03 to 2021-10-12T00:00:00+00:00, run_after=2021-10-13T00:00:00+00:00
[2024-04-22T11:52:49.071+0000] {processor.py:183} INFO - Processing /opt/airflow/dags/dag_with_python_dependencies.py took 0.111 seconds
[2024-04-22T11:52:59.707+0000] {processor.py:161} INFO - Started process (PID=1310) to work on /opt/airflow/dags/dag_with_python_dependencies.py
[2024-04-22T11:52:59.708+0000] {processor.py:830} INFO - Processing file /opt/airflow/dags/dag_with_python_dependencies.py for tasks to queue
[2024-04-22T11:52:59.710+0000] {logging_mixin.py:188} INFO - [2024-04-22T11:52:59.709+0000] {dagbag.py:538} INFO - Filling up the DagBag from /opt/airflow/dags/dag_with_python_dependencies.py
[2024-04-22T11:52:59.728+0000] {processor.py:840} INFO - DAG(s) 'dag_with_python_dependencies_v03' retrieved from /opt/airflow/dags/dag_with_python_dependencies.py
[2024-04-22T11:52:59.749+0000] {logging_mixin.py:188} INFO - [2024-04-22T11:52:59.748+0000] {dag.py:3033} INFO - Sync 1 DAGs
[2024-04-22T11:52:59.770+0000] {logging_mixin.py:188} INFO - [2024-04-22T11:52:59.770+0000] {dag.py:3820} INFO - Setting next_dagrun for dag_with_python_dependencies_v03 to 2021-10-12T00:00:00+00:00, run_after=2021-10-13T00:00:00+00:00
[2024-04-22T11:52:59.794+0000] {processor.py:183} INFO - Processing /opt/airflow/dags/dag_with_python_dependencies.py took 0.090 seconds
[2024-04-22T11:53:10.499+0000] {processor.py:161} INFO - Started process (PID=1355) to work on /opt/airflow/dags/dag_with_python_dependencies.py
[2024-04-22T11:53:10.500+0000] {processor.py:830} INFO - Processing file /opt/airflow/dags/dag_with_python_dependencies.py for tasks to queue
[2024-04-22T11:53:10.502+0000] {logging_mixin.py:188} INFO - [2024-04-22T11:53:10.501+0000] {dagbag.py:538} INFO - Filling up the DagBag from /opt/airflow/dags/dag_with_python_dependencies.py
[2024-04-22T11:53:10.524+0000] {processor.py:840} INFO - DAG(s) 'dag_with_python_dependencies_v03' retrieved from /opt/airflow/dags/dag_with_python_dependencies.py
[2024-04-22T11:53:10.553+0000] {logging_mixin.py:188} INFO - [2024-04-22T11:53:10.553+0000] {dag.py:3033} INFO - Sync 1 DAGs
[2024-04-22T11:53:10.577+0000] {logging_mixin.py:188} INFO - [2024-04-22T11:53:10.577+0000] {dag.py:3820} INFO - Setting next_dagrun for dag_with_python_dependencies_v03 to 2021-10-12T00:00:00+00:00, run_after=2021-10-13T00:00:00+00:00
[2024-04-22T11:53:10.602+0000] {processor.py:183} INFO - Processing /opt/airflow/dags/dag_with_python_dependencies.py took 0.106 seconds
[2024-04-22T11:53:21.183+0000] {processor.py:161} INFO - Started process (PID=1400) to work on /opt/airflow/dags/dag_with_python_dependencies.py
[2024-04-22T11:53:21.184+0000] {processor.py:830} INFO - Processing file /opt/airflow/dags/dag_with_python_dependencies.py for tasks to queue
[2024-04-22T11:53:21.186+0000] {logging_mixin.py:188} INFO - [2024-04-22T11:53:21.185+0000] {dagbag.py:538} INFO - Filling up the DagBag from /opt/airflow/dags/dag_with_python_dependencies.py
[2024-04-22T11:53:21.206+0000] {processor.py:840} INFO - DAG(s) 'dag_with_python_dependencies_v03' retrieved from /opt/airflow/dags/dag_with_python_dependencies.py
[2024-04-22T11:53:21.229+0000] {logging_mixin.py:188} INFO - [2024-04-22T11:53:21.229+0000] {dag.py:3033} INFO - Sync 1 DAGs
[2024-04-22T11:53:21.253+0000] {logging_mixin.py:188} INFO - [2024-04-22T11:53:21.253+0000] {dag.py:3820} INFO - Setting next_dagrun for dag_with_python_dependencies_v03 to 2021-10-12T00:00:00+00:00, run_after=2021-10-13T00:00:00+00:00
[2024-04-22T11:53:21.278+0000] {processor.py:183} INFO - Processing /opt/airflow/dags/dag_with_python_dependencies.py took 0.098 seconds
[2024-04-22T11:53:32.088+0000] {processor.py:161} INFO - Started process (PID=1445) to work on /opt/airflow/dags/dag_with_python_dependencies.py
[2024-04-22T11:53:32.089+0000] {processor.py:830} INFO - Processing file /opt/airflow/dags/dag_with_python_dependencies.py for tasks to queue
[2024-04-22T11:53:32.090+0000] {logging_mixin.py:188} INFO - [2024-04-22T11:53:32.090+0000] {dagbag.py:538} INFO - Filling up the DagBag from /opt/airflow/dags/dag_with_python_dependencies.py
[2024-04-22T11:53:32.110+0000] {processor.py:840} INFO - DAG(s) 'dag_with_python_dependencies_v03' retrieved from /opt/airflow/dags/dag_with_python_dependencies.py
[2024-04-22T11:53:32.134+0000] {logging_mixin.py:188} INFO - [2024-04-22T11:53:32.133+0000] {dag.py:3033} INFO - Sync 1 DAGs
[2024-04-22T11:53:32.157+0000] {logging_mixin.py:188} INFO - [2024-04-22T11:53:32.157+0000] {dag.py:3820} INFO - Setting next_dagrun for dag_with_python_dependencies_v03 to 2021-10-12T00:00:00+00:00, run_after=2021-10-13T00:00:00+00:00
[2024-04-22T11:53:32.184+0000] {processor.py:183} INFO - Processing /opt/airflow/dags/dag_with_python_dependencies.py took 0.099 seconds
[2024-04-22T11:53:42.808+0000] {processor.py:161} INFO - Started process (PID=1490) to work on /opt/airflow/dags/dag_with_python_dependencies.py
[2024-04-22T11:53:42.817+0000] {processor.py:830} INFO - Processing file /opt/airflow/dags/dag_with_python_dependencies.py for tasks to queue
[2024-04-22T11:53:42.819+0000] {logging_mixin.py:188} INFO - [2024-04-22T11:53:42.818+0000] {dagbag.py:538} INFO - Filling up the DagBag from /opt/airflow/dags/dag_with_python_dependencies.py
[2024-04-22T11:53:42.867+0000] {processor.py:840} INFO - DAG(s) 'dag_with_python_dependencies_v03' retrieved from /opt/airflow/dags/dag_with_python_dependencies.py
[2024-04-22T11:53:42.912+0000] {logging_mixin.py:188} INFO - [2024-04-22T11:53:42.912+0000] {dag.py:3033} INFO - Sync 1 DAGs
[2024-04-22T11:53:42.967+0000] {logging_mixin.py:188} INFO - [2024-04-22T11:53:42.966+0000] {dag.py:3820} INFO - Setting next_dagrun for dag_with_python_dependencies_v03 to 2021-10-12T00:00:00+00:00, run_after=2021-10-13T00:00:00+00:00
[2024-04-22T11:53:43.005+0000] {processor.py:183} INFO - Processing /opt/airflow/dags/dag_with_python_dependencies.py took 0.202 seconds
[2024-04-22T11:53:53.648+0000] {processor.py:161} INFO - Started process (PID=1535) to work on /opt/airflow/dags/dag_with_python_dependencies.py
[2024-04-22T11:53:53.649+0000] {processor.py:830} INFO - Processing file /opt/airflow/dags/dag_with_python_dependencies.py for tasks to queue
[2024-04-22T11:53:53.650+0000] {logging_mixin.py:188} INFO - [2024-04-22T11:53:53.650+0000] {dagbag.py:538} INFO - Filling up the DagBag from /opt/airflow/dags/dag_with_python_dependencies.py
[2024-04-22T11:53:53.670+0000] {processor.py:840} INFO - DAG(s) 'dag_with_python_dependencies_v03' retrieved from /opt/airflow/dags/dag_with_python_dependencies.py
[2024-04-22T11:53:53.700+0000] {logging_mixin.py:188} INFO - [2024-04-22T11:53:53.700+0000] {dag.py:3033} INFO - Sync 1 DAGs
[2024-04-22T11:53:53.727+0000] {logging_mixin.py:188} INFO - [2024-04-22T11:53:53.727+0000] {dag.py:3820} INFO - Setting next_dagrun for dag_with_python_dependencies_v03 to 2021-10-12T00:00:00+00:00, run_after=2021-10-13T00:00:00+00:00
[2024-04-22T11:53:53.750+0000] {processor.py:183} INFO - Processing /opt/airflow/dags/dag_with_python_dependencies.py took 0.106 seconds
[2024-04-22T11:54:04.376+0000] {processor.py:161} INFO - Started process (PID=1580) to work on /opt/airflow/dags/dag_with_python_dependencies.py
[2024-04-22T11:54:04.376+0000] {processor.py:830} INFO - Processing file /opt/airflow/dags/dag_with_python_dependencies.py for tasks to queue
[2024-04-22T11:54:04.377+0000] {logging_mixin.py:188} INFO - [2024-04-22T11:54:04.377+0000] {dagbag.py:538} INFO - Filling up the DagBag from /opt/airflow/dags/dag_with_python_dependencies.py
[2024-04-22T11:54:04.396+0000] {processor.py:840} INFO - DAG(s) 'dag_with_python_dependencies_v03' retrieved from /opt/airflow/dags/dag_with_python_dependencies.py
[2024-04-22T11:54:04.422+0000] {logging_mixin.py:188} INFO - [2024-04-22T11:54:04.422+0000] {dag.py:3033} INFO - Sync 1 DAGs
[2024-04-22T11:54:04.450+0000] {logging_mixin.py:188} INFO - [2024-04-22T11:54:04.450+0000] {dag.py:3820} INFO - Setting next_dagrun for dag_with_python_dependencies_v03 to 2021-10-12T00:00:00+00:00, run_after=2021-10-13T00:00:00+00:00
[2024-04-22T11:54:04.478+0000] {processor.py:183} INFO - Processing /opt/airflow/dags/dag_with_python_dependencies.py took 0.106 seconds
[2024-04-22T11:54:15.020+0000] {processor.py:161} INFO - Started process (PID=1625) to work on /opt/airflow/dags/dag_with_python_dependencies.py
[2024-04-22T11:54:15.021+0000] {processor.py:830} INFO - Processing file /opt/airflow/dags/dag_with_python_dependencies.py for tasks to queue
[2024-04-22T11:54:15.022+0000] {logging_mixin.py:188} INFO - [2024-04-22T11:54:15.022+0000] {dagbag.py:538} INFO - Filling up the DagBag from /opt/airflow/dags/dag_with_python_dependencies.py
[2024-04-22T11:54:15.042+0000] {processor.py:840} INFO - DAG(s) 'dag_with_python_dependencies_v03' retrieved from /opt/airflow/dags/dag_with_python_dependencies.py
[2024-04-22T11:54:15.065+0000] {logging_mixin.py:188} INFO - [2024-04-22T11:54:15.065+0000] {dag.py:3033} INFO - Sync 1 DAGs
[2024-04-22T11:54:15.090+0000] {logging_mixin.py:188} INFO - [2024-04-22T11:54:15.090+0000] {dag.py:3820} INFO - Setting next_dagrun for dag_with_python_dependencies_v03 to 2021-10-12T00:00:00+00:00, run_after=2021-10-13T00:00:00+00:00
[2024-04-22T11:54:15.115+0000] {processor.py:183} INFO - Processing /opt/airflow/dags/dag_with_python_dependencies.py took 0.098 seconds
[2024-04-22T11:54:25.676+0000] {processor.py:161} INFO - Started process (PID=1670) to work on /opt/airflow/dags/dag_with_python_dependencies.py
[2024-04-22T11:54:25.677+0000] {processor.py:830} INFO - Processing file /opt/airflow/dags/dag_with_python_dependencies.py for tasks to queue
[2024-04-22T11:54:25.678+0000] {logging_mixin.py:188} INFO - [2024-04-22T11:54:25.678+0000] {dagbag.py:538} INFO - Filling up the DagBag from /opt/airflow/dags/dag_with_python_dependencies.py
[2024-04-22T11:54:25.694+0000] {processor.py:840} INFO - DAG(s) 'dag_with_python_dependencies_v03' retrieved from /opt/airflow/dags/dag_with_python_dependencies.py
[2024-04-22T11:54:25.715+0000] {logging_mixin.py:188} INFO - [2024-04-22T11:54:25.715+0000] {dag.py:3033} INFO - Sync 1 DAGs
[2024-04-22T11:54:25.738+0000] {logging_mixin.py:188} INFO - [2024-04-22T11:54:25.738+0000] {dag.py:3820} INFO - Setting next_dagrun for dag_with_python_dependencies_v03 to 2021-10-12T00:00:00+00:00, run_after=2021-10-13T00:00:00+00:00
[2024-04-22T11:54:25.767+0000] {processor.py:183} INFO - Processing /opt/airflow/dags/dag_with_python_dependencies.py took 0.094 seconds
