[2024-04-22 11:36:42,230] {scheduler_job.py:182} INFO - Started process (PID=182) to work on /opt/airflow/dags/dag_with_minio_s3.py
[2024-04-22 11:36:42,233] {scheduler_job.py:629} INFO - Processing file /opt/airflow/dags/dag_with_minio_s3.py for tasks to queue
[2024-04-22 11:36:42,234] {logging_mixin.py:104} INFO - [2024-04-22 11:36:42,234] {dagbag.py:448} INFO - Filling up the DagBag from /opt/airflow/dags/dag_with_minio_s3.py
[2024-04-22 11:36:43,028] {scheduler_job.py:639} INFO - DAG(s) dict_keys(['dag_with_minio_s3_v02']) retrieved from /opt/airflow/dags/dag_with_minio_s3.py
[2024-04-22 11:36:43,122] {logging_mixin.py:104} INFO - [2024-04-22 11:36:43,122] {dag.py:1818} INFO - Sync 1 DAGs
[2024-04-22 11:36:43,155] {logging_mixin.py:104} INFO - [2024-04-22 11:36:43,155] {dag.py:1837} INFO - Creating ORM DAG for dag_with_minio_s3_v02
[2024-04-22 11:36:43,201] {logging_mixin.py:104} INFO - [2024-04-22 11:36:43,200] {dag.py:2273} INFO - Setting next_dagrun for dag_with_minio_s3_v02 to 2022-02-12T00:00:00+00:00
[2024-04-22 11:36:43,249] {scheduler_job.py:190} INFO - Processing /opt/airflow/dags/dag_with_minio_s3.py took 1.026 seconds
[2024-04-22 11:36:53,529] {scheduler_job.py:182} INFO - Started process (PID=227) to work on /opt/airflow/dags/dag_with_minio_s3.py
[2024-04-22 11:36:53,543] {scheduler_job.py:629} INFO - Processing file /opt/airflow/dags/dag_with_minio_s3.py for tasks to queue
[2024-04-22 11:36:53,545] {logging_mixin.py:104} INFO - [2024-04-22 11:36:53,544] {dagbag.py:448} INFO - Filling up the DagBag from /opt/airflow/dags/dag_with_minio_s3.py
[2024-04-22 11:36:53,821] {scheduler_job.py:639} INFO - DAG(s) dict_keys(['dag_with_minio_s3_v02']) retrieved from /opt/airflow/dags/dag_with_minio_s3.py
[2024-04-22 11:36:53,843] {logging_mixin.py:104} INFO - [2024-04-22 11:36:53,842] {dag.py:1818} INFO - Sync 1 DAGs
[2024-04-22 11:36:53,884] {logging_mixin.py:104} INFO - [2024-04-22 11:36:53,883] {dag.py:2273} INFO - Setting next_dagrun for dag_with_minio_s3_v02 to 2022-02-12T00:00:00+00:00
[2024-04-22 11:36:53,961] {scheduler_job.py:190} INFO - Processing /opt/airflow/dags/dag_with_minio_s3.py took 0.438 seconds
[2024-04-22 11:37:04,074] {scheduler_job.py:182} INFO - Started process (PID=275) to work on /opt/airflow/dags/dag_with_minio_s3.py
[2024-04-22 11:37:04,078] {scheduler_job.py:629} INFO - Processing file /opt/airflow/dags/dag_with_minio_s3.py for tasks to queue
[2024-04-22 11:37:04,081] {logging_mixin.py:104} INFO - [2024-04-22 11:37:04,080] {dagbag.py:448} INFO - Filling up the DagBag from /opt/airflow/dags/dag_with_minio_s3.py
[2024-04-22 11:37:04,331] {scheduler_job.py:639} INFO - DAG(s) dict_keys(['dag_with_minio_s3_v02']) retrieved from /opt/airflow/dags/dag_with_minio_s3.py
[2024-04-22 11:37:04,365] {logging_mixin.py:104} INFO - [2024-04-22 11:37:04,364] {dag.py:1818} INFO - Sync 1 DAGs
[2024-04-22 11:37:04,414] {logging_mixin.py:104} INFO - [2024-04-22 11:37:04,414] {dag.py:2273} INFO - Setting next_dagrun for dag_with_minio_s3_v02 to 2022-02-12T00:00:00+00:00
[2024-04-22 11:37:04,427] {scheduler_job.py:190} INFO - Processing /opt/airflow/dags/dag_with_minio_s3.py took 0.363 seconds
[2024-04-22 11:37:15,071] {scheduler_job.py:182} INFO - Started process (PID=325) to work on /opt/airflow/dags/dag_with_minio_s3.py
[2024-04-22 11:37:15,072] {scheduler_job.py:629} INFO - Processing file /opt/airflow/dags/dag_with_minio_s3.py for tasks to queue
[2024-04-22 11:37:15,073] {logging_mixin.py:104} INFO - [2024-04-22 11:37:15,073] {dagbag.py:448} INFO - Filling up the DagBag from /opt/airflow/dags/dag_with_minio_s3.py
[2024-04-22 11:37:15,209] {scheduler_job.py:639} INFO - DAG(s) dict_keys(['dag_with_minio_s3_v02']) retrieved from /opt/airflow/dags/dag_with_minio_s3.py
[2024-04-22 11:37:15,233] {logging_mixin.py:104} INFO - [2024-04-22 11:37:15,233] {dag.py:1818} INFO - Sync 1 DAGs
[2024-04-22 11:37:15,259] {logging_mixin.py:104} INFO - [2024-04-22 11:37:15,259] {dag.py:2273} INFO - Setting next_dagrun for dag_with_minio_s3_v02 to 2022-02-12T00:00:00+00:00
[2024-04-22 11:37:15,271] {scheduler_job.py:190} INFO - Processing /opt/airflow/dags/dag_with_minio_s3.py took 0.204 seconds
[2024-04-22 11:37:26,248] {scheduler_job.py:182} INFO - Started process (PID=370) to work on /opt/airflow/dags/dag_with_minio_s3.py
[2024-04-22 11:37:26,250] {scheduler_job.py:629} INFO - Processing file /opt/airflow/dags/dag_with_minio_s3.py for tasks to queue
[2024-04-22 11:37:26,253] {logging_mixin.py:104} INFO - [2024-04-22 11:37:26,252] {dagbag.py:448} INFO - Filling up the DagBag from /opt/airflow/dags/dag_with_minio_s3.py
[2024-04-22 11:37:26,567] {scheduler_job.py:639} INFO - DAG(s) dict_keys(['dag_with_minio_s3_v02']) retrieved from /opt/airflow/dags/dag_with_minio_s3.py
[2024-04-22 11:37:26,622] {logging_mixin.py:104} INFO - [2024-04-22 11:37:26,622] {dag.py:1818} INFO - Sync 1 DAGs
[2024-04-22 11:37:26,678] {logging_mixin.py:104} INFO - [2024-04-22 11:37:26,678] {dag.py:2273} INFO - Setting next_dagrun for dag_with_minio_s3_v02 to 2022-02-12T00:00:00+00:00
[2024-04-22 11:37:26,711] {scheduler_job.py:190} INFO - Processing /opt/airflow/dags/dag_with_minio_s3.py took 0.468 seconds
[2024-04-22 11:37:36,773] {scheduler_job.py:182} INFO - Started process (PID=415) to work on /opt/airflow/dags/dag_with_minio_s3.py
[2024-04-22 11:37:36,778] {scheduler_job.py:629} INFO - Processing file /opt/airflow/dags/dag_with_minio_s3.py for tasks to queue
[2024-04-22 11:37:36,781] {logging_mixin.py:104} INFO - [2024-04-22 11:37:36,780] {dagbag.py:448} INFO - Filling up the DagBag from /opt/airflow/dags/dag_with_minio_s3.py
[2024-04-22 11:37:37,079] {scheduler_job.py:639} INFO - DAG(s) dict_keys(['dag_with_minio_s3_v02']) retrieved from /opt/airflow/dags/dag_with_minio_s3.py
[2024-04-22 11:37:37,123] {logging_mixin.py:104} INFO - [2024-04-22 11:37:37,122] {dag.py:1818} INFO - Sync 1 DAGs
[2024-04-22 11:37:37,164] {logging_mixin.py:104} INFO - [2024-04-22 11:37:37,164] {dag.py:2273} INFO - Setting next_dagrun for dag_with_minio_s3_v02 to 2022-02-12T00:00:00+00:00
[2024-04-22 11:37:37,182] {scheduler_job.py:190} INFO - Processing /opt/airflow/dags/dag_with_minio_s3.py took 0.420 seconds
[2024-04-22 11:37:47,355] {scheduler_job.py:182} INFO - Started process (PID=521) to work on /opt/airflow/dags/dag_with_minio_s3.py
[2024-04-22 11:37:47,362] {scheduler_job.py:629} INFO - Processing file /opt/airflow/dags/dag_with_minio_s3.py for tasks to queue
[2024-04-22 11:37:47,365] {logging_mixin.py:104} INFO - [2024-04-22 11:37:47,365] {dagbag.py:448} INFO - Filling up the DagBag from /opt/airflow/dags/dag_with_minio_s3.py
[2024-04-22 11:37:47,632] {scheduler_job.py:639} INFO - DAG(s) dict_keys(['dag_with_minio_s3_v02']) retrieved from /opt/airflow/dags/dag_with_minio_s3.py
[2024-04-22 11:37:47,709] {logging_mixin.py:104} INFO - [2024-04-22 11:37:47,709] {dag.py:1818} INFO - Sync 1 DAGs
[2024-04-22 11:37:47,759] {logging_mixin.py:104} INFO - [2024-04-22 11:37:47,759] {dag.py:2273} INFO - Setting next_dagrun for dag_with_minio_s3_v02 to 2022-02-12T00:00:00+00:00
[2024-04-22 11:37:47,789] {scheduler_job.py:190} INFO - Processing /opt/airflow/dags/dag_with_minio_s3.py took 0.439 seconds
[2024-04-22 11:38:59,874] {scheduler_job.py:182} INFO - Started process (PID=190) to work on /opt/airflow/dags/dag_with_minio_s3.py
[2024-04-22 11:38:59,876] {scheduler_job.py:629} INFO - Processing file /opt/airflow/dags/dag_with_minio_s3.py for tasks to queue
[2024-04-22 11:38:59,878] {logging_mixin.py:104} INFO - [2024-04-22 11:38:59,877] {dagbag.py:448} INFO - Filling up the DagBag from /opt/airflow/dags/dag_with_minio_s3.py
[2024-04-22 11:39:00,063] {scheduler_job.py:639} INFO - DAG(s) dict_keys(['dag_with_minio_s3_v02']) retrieved from /opt/airflow/dags/dag_with_minio_s3.py
[2024-04-22 11:39:00,112] {logging_mixin.py:104} INFO - [2024-04-22 11:39:00,111] {dag.py:1818} INFO - Sync 1 DAGs
[2024-04-22 11:39:00,162] {logging_mixin.py:104} INFO - [2024-04-22 11:39:00,161] {dag.py:2273} INFO - Setting next_dagrun for dag_with_minio_s3_v02 to 2022-02-12T00:00:00+00:00
[2024-04-22 11:39:00,180] {scheduler_job.py:190} INFO - Processing /opt/airflow/dags/dag_with_minio_s3.py took 0.310 seconds
[2024-04-22 11:39:10,343] {scheduler_job.py:182} INFO - Started process (PID=215) to work on /opt/airflow/dags/dag_with_minio_s3.py
[2024-04-22 11:39:10,345] {scheduler_job.py:629} INFO - Processing file /opt/airflow/dags/dag_with_minio_s3.py for tasks to queue
[2024-04-22 11:39:10,346] {logging_mixin.py:104} INFO - [2024-04-22 11:39:10,346] {dagbag.py:448} INFO - Filling up the DagBag from /opt/airflow/dags/dag_with_minio_s3.py
[2024-04-22 11:39:10,497] {scheduler_job.py:639} INFO - DAG(s) dict_keys(['dag_with_minio_s3_v02']) retrieved from /opt/airflow/dags/dag_with_minio_s3.py
[2024-04-22 11:39:10,526] {logging_mixin.py:104} INFO - [2024-04-22 11:39:10,526] {dag.py:1818} INFO - Sync 1 DAGs
[2024-04-22 11:39:10,557] {logging_mixin.py:104} INFO - [2024-04-22 11:39:10,557] {dag.py:2273} INFO - Setting next_dagrun for dag_with_minio_s3_v02 to 2022-02-12T00:00:00+00:00
[2024-04-22 11:39:10,570] {scheduler_job.py:190} INFO - Processing /opt/airflow/dags/dag_with_minio_s3.py took 0.233 seconds
[2024-04-22 11:39:20,747] {scheduler_job.py:182} INFO - Started process (PID=257) to work on /opt/airflow/dags/dag_with_minio_s3.py
[2024-04-22 11:39:20,749] {scheduler_job.py:629} INFO - Processing file /opt/airflow/dags/dag_with_minio_s3.py for tasks to queue
[2024-04-22 11:39:20,751] {logging_mixin.py:104} INFO - [2024-04-22 11:39:20,751] {dagbag.py:448} INFO - Filling up the DagBag from /opt/airflow/dags/dag_with_minio_s3.py
[2024-04-22 11:39:20,992] {scheduler_job.py:639} INFO - DAG(s) dict_keys(['dag_with_minio_s3_v02']) retrieved from /opt/airflow/dags/dag_with_minio_s3.py
[2024-04-22 11:39:21,022] {logging_mixin.py:104} INFO - [2024-04-22 11:39:21,022] {dag.py:1818} INFO - Sync 1 DAGs
[2024-04-22 11:39:21,060] {logging_mixin.py:104} INFO - [2024-04-22 11:39:21,060] {dag.py:2273} INFO - Setting next_dagrun for dag_with_minio_s3_v02 to 2022-02-12T00:00:00+00:00
[2024-04-22 11:39:21,079] {scheduler_job.py:190} INFO - Processing /opt/airflow/dags/dag_with_minio_s3.py took 0.337 seconds
[2024-04-22 11:39:31,174] {scheduler_job.py:182} INFO - Started process (PID=302) to work on /opt/airflow/dags/dag_with_minio_s3.py
[2024-04-22 11:39:31,177] {scheduler_job.py:629} INFO - Processing file /opt/airflow/dags/dag_with_minio_s3.py for tasks to queue
[2024-04-22 11:39:31,178] {logging_mixin.py:104} INFO - [2024-04-22 11:39:31,178] {dagbag.py:448} INFO - Filling up the DagBag from /opt/airflow/dags/dag_with_minio_s3.py
[2024-04-22 11:39:31,428] {scheduler_job.py:639} INFO - DAG(s) dict_keys(['dag_with_minio_s3_v02']) retrieved from /opt/airflow/dags/dag_with_minio_s3.py
[2024-04-22 11:39:31,488] {logging_mixin.py:104} INFO - [2024-04-22 11:39:31,488] {dag.py:1818} INFO - Sync 1 DAGs
[2024-04-22 11:39:31,540] {logging_mixin.py:104} INFO - [2024-04-22 11:39:31,540] {dag.py:2273} INFO - Setting next_dagrun for dag_with_minio_s3_v02 to 2022-02-12T00:00:00+00:00
[2024-04-22 11:39:31,564] {scheduler_job.py:190} INFO - Processing /opt/airflow/dags/dag_with_minio_s3.py took 0.395 seconds
[2024-04-22 11:39:42,277] {scheduler_job.py:182} INFO - Started process (PID=360) to work on /opt/airflow/dags/dag_with_minio_s3.py
[2024-04-22 11:39:42,279] {scheduler_job.py:629} INFO - Processing file /opt/airflow/dags/dag_with_minio_s3.py for tasks to queue
[2024-04-22 11:39:42,280] {logging_mixin.py:104} INFO - [2024-04-22 11:39:42,280] {dagbag.py:448} INFO - Filling up the DagBag from /opt/airflow/dags/dag_with_minio_s3.py
[2024-04-22 11:39:42,640] {scheduler_job.py:639} INFO - DAG(s) dict_keys(['dag_with_minio_s3_v02']) retrieved from /opt/airflow/dags/dag_with_minio_s3.py
[2024-04-22 11:39:42,688] {logging_mixin.py:104} INFO - [2024-04-22 11:39:42,687] {dag.py:1818} INFO - Sync 1 DAGs
[2024-04-22 11:39:42,752] {logging_mixin.py:104} INFO - [2024-04-22 11:39:42,752] {dag.py:2273} INFO - Setting next_dagrun for dag_with_minio_s3_v02 to 2022-02-12T00:00:00+00:00
[2024-04-22 11:39:42,793] {scheduler_job.py:190} INFO - Processing /opt/airflow/dags/dag_with_minio_s3.py took 0.522 seconds
[2024-04-22T11:41:39.251+0000] {processor.py:161} INFO - Started process (PID=193) to work on /opt/airflow/dags/dag_with_minio_s3.py
[2024-04-22T11:41:39.254+0000] {processor.py:830} INFO - Processing file /opt/airflow/dags/dag_with_minio_s3.py for tasks to queue
[2024-04-22T11:41:39.261+0000] {logging_mixin.py:188} INFO - [2024-04-22T11:41:39.260+0000] {dagbag.py:538} INFO - Filling up the DagBag from /opt/airflow/dags/dag_with_minio_s3.py
[2024-04-22T11:41:39.309+0000] {logging_mixin.py:188} INFO - [2024-04-22T11:41:39.295+0000] {dagbag.py:348} ERROR - Failed to import: /opt/airflow/dags/dag_with_minio_s3.py
Traceback (most recent call last):
  File "/home/airflow/.local/lib/python3.8/site-packages/airflow/models/dagbag.py", line 344, in parse
    loader.exec_module(new_module)
  File "<frozen importlib._bootstrap_external>", line 843, in exec_module
  File "<frozen importlib._bootstrap>", line 219, in _call_with_frames_removed
  File "/opt/airflow/dags/dag_with_minio_s3.py", line 4, in <module>
    from airflow.providers.amazon.aws.sensors.s3_key import S3KeySensor
ModuleNotFoundError: No module named 'airflow.providers.amazon.aws.sensors.s3_key'
[2024-04-22T11:41:39.313+0000] {processor.py:842} WARNING - No viable dags retrieved from /opt/airflow/dags/dag_with_minio_s3.py
[2024-04-22T11:41:39.373+0000] {processor.py:183} INFO - Processing /opt/airflow/dags/dag_with_minio_s3.py took 0.130 seconds
[2024-04-22T11:41:50.023+0000] {processor.py:161} INFO - Started process (PID=239) to work on /opt/airflow/dags/dag_with_minio_s3.py
[2024-04-22T11:41:50.026+0000] {processor.py:830} INFO - Processing file /opt/airflow/dags/dag_with_minio_s3.py for tasks to queue
[2024-04-22T11:41:50.028+0000] {logging_mixin.py:188} INFO - [2024-04-22T11:41:50.028+0000] {dagbag.py:538} INFO - Filling up the DagBag from /opt/airflow/dags/dag_with_minio_s3.py
[2024-04-22T11:41:50.096+0000] {logging_mixin.py:188} INFO - [2024-04-22T11:41:50.090+0000] {dagbag.py:348} ERROR - Failed to import: /opt/airflow/dags/dag_with_minio_s3.py
Traceback (most recent call last):
  File "/home/airflow/.local/lib/python3.8/site-packages/airflow/models/dagbag.py", line 344, in parse
    loader.exec_module(new_module)
  File "<frozen importlib._bootstrap_external>", line 843, in exec_module
  File "<frozen importlib._bootstrap>", line 219, in _call_with_frames_removed
  File "/opt/airflow/dags/dag_with_minio_s3.py", line 4, in <module>
    from airflow.providers.amazon.aws.sensors.s3_key import S3KeySensor
ModuleNotFoundError: No module named 'airflow.providers.amazon.aws.sensors.s3_key'
[2024-04-22T11:41:50.098+0000] {processor.py:842} WARNING - No viable dags retrieved from /opt/airflow/dags/dag_with_minio_s3.py
[2024-04-22T11:41:50.173+0000] {processor.py:183} INFO - Processing /opt/airflow/dags/dag_with_minio_s3.py took 0.158 seconds
[2024-04-22T11:42:00.744+0000] {processor.py:161} INFO - Started process (PID=283) to work on /opt/airflow/dags/dag_with_minio_s3.py
[2024-04-22T11:42:00.746+0000] {processor.py:830} INFO - Processing file /opt/airflow/dags/dag_with_minio_s3.py for tasks to queue
[2024-04-22T11:42:00.748+0000] {logging_mixin.py:188} INFO - [2024-04-22T11:42:00.747+0000] {dagbag.py:538} INFO - Filling up the DagBag from /opt/airflow/dags/dag_with_minio_s3.py
[2024-04-22T11:42:00.806+0000] {logging_mixin.py:188} INFO - [2024-04-22T11:42:00.792+0000] {dagbag.py:348} ERROR - Failed to import: /opt/airflow/dags/dag_with_minio_s3.py
Traceback (most recent call last):
  File "/home/airflow/.local/lib/python3.8/site-packages/airflow/models/dagbag.py", line 344, in parse
    loader.exec_module(new_module)
  File "<frozen importlib._bootstrap_external>", line 843, in exec_module
  File "<frozen importlib._bootstrap>", line 219, in _call_with_frames_removed
  File "/opt/airflow/dags/dag_with_minio_s3.py", line 4, in <module>
    from airflow.providers.amazon.aws.sensors.s3_key import S3KeySensor
ModuleNotFoundError: No module named 'airflow.providers.amazon.aws.sensors.s3_key'
[2024-04-22T11:42:00.809+0000] {processor.py:842} WARNING - No viable dags retrieved from /opt/airflow/dags/dag_with_minio_s3.py
[2024-04-22T11:42:00.862+0000] {processor.py:183} INFO - Processing /opt/airflow/dags/dag_with_minio_s3.py took 0.125 seconds
[2024-04-22T11:42:11.411+0000] {processor.py:161} INFO - Started process (PID=328) to work on /opt/airflow/dags/dag_with_minio_s3.py
[2024-04-22T11:42:11.416+0000] {processor.py:830} INFO - Processing file /opt/airflow/dags/dag_with_minio_s3.py for tasks to queue
[2024-04-22T11:42:11.421+0000] {logging_mixin.py:188} INFO - [2024-04-22T11:42:11.420+0000] {dagbag.py:538} INFO - Filling up the DagBag from /opt/airflow/dags/dag_with_minio_s3.py
[2024-04-22T11:42:11.476+0000] {logging_mixin.py:188} INFO - [2024-04-22T11:42:11.462+0000] {dagbag.py:348} ERROR - Failed to import: /opt/airflow/dags/dag_with_minio_s3.py
Traceback (most recent call last):
  File "/home/airflow/.local/lib/python3.8/site-packages/airflow/models/dagbag.py", line 344, in parse
    loader.exec_module(new_module)
  File "<frozen importlib._bootstrap_external>", line 843, in exec_module
  File "<frozen importlib._bootstrap>", line 219, in _call_with_frames_removed
  File "/opt/airflow/dags/dag_with_minio_s3.py", line 4, in <module>
    from airflow.providers.amazon.aws.sensors.s3_key import S3KeySensor
ModuleNotFoundError: No module named 'airflow.providers.amazon.aws.sensors.s3_key'
[2024-04-22T11:42:11.483+0000] {processor.py:842} WARNING - No viable dags retrieved from /opt/airflow/dags/dag_with_minio_s3.py
[2024-04-22T11:42:11.536+0000] {processor.py:183} INFO - Processing /opt/airflow/dags/dag_with_minio_s3.py took 0.132 seconds
[2024-04-22T11:42:21.736+0000] {processor.py:161} INFO - Started process (PID=368) to work on /opt/airflow/dags/dag_with_minio_s3.py
[2024-04-22T11:42:21.753+0000] {processor.py:830} INFO - Processing file /opt/airflow/dags/dag_with_minio_s3.py for tasks to queue
[2024-04-22T11:42:21.756+0000] {logging_mixin.py:188} INFO - [2024-04-22T11:42:21.755+0000] {dagbag.py:538} INFO - Filling up the DagBag from /opt/airflow/dags/dag_with_minio_s3.py
[2024-04-22T11:42:21.802+0000] {logging_mixin.py:188} INFO - [2024-04-22T11:42:21.797+0000] {dagbag.py:348} ERROR - Failed to import: /opt/airflow/dags/dag_with_minio_s3.py
Traceback (most recent call last):
  File "/home/airflow/.local/lib/python3.8/site-packages/airflow/models/dagbag.py", line 344, in parse
    loader.exec_module(new_module)
  File "<frozen importlib._bootstrap_external>", line 843, in exec_module
  File "<frozen importlib._bootstrap>", line 219, in _call_with_frames_removed
  File "/opt/airflow/dags/dag_with_minio_s3.py", line 4, in <module>
    from airflow.providers.amazon.aws.sensors.s3_key import S3KeySensor
ModuleNotFoundError: No module named 'airflow.providers.amazon.aws.sensors.s3_key'
[2024-04-22T11:42:21.805+0000] {processor.py:842} WARNING - No viable dags retrieved from /opt/airflow/dags/dag_with_minio_s3.py
[2024-04-22T11:42:21.854+0000] {processor.py:183} INFO - Processing /opt/airflow/dags/dag_with_minio_s3.py took 0.132 seconds
[2024-04-22T11:42:31.971+0000] {processor.py:161} INFO - Started process (PID=415) to work on /opt/airflow/dags/dag_with_minio_s3.py
[2024-04-22T11:42:31.972+0000] {processor.py:830} INFO - Processing file /opt/airflow/dags/dag_with_minio_s3.py for tasks to queue
[2024-04-22T11:42:31.973+0000] {logging_mixin.py:188} INFO - [2024-04-22T11:42:31.973+0000] {dagbag.py:538} INFO - Filling up the DagBag from /opt/airflow/dags/dag_with_minio_s3.py
[2024-04-22T11:42:31.985+0000] {logging_mixin.py:188} INFO - [2024-04-22T11:42:31.982+0000] {dagbag.py:348} ERROR - Failed to import: /opt/airflow/dags/dag_with_minio_s3.py
Traceback (most recent call last):
  File "/home/airflow/.local/lib/python3.8/site-packages/airflow/models/dagbag.py", line 344, in parse
    loader.exec_module(new_module)
  File "<frozen importlib._bootstrap_external>", line 843, in exec_module
  File "<frozen importlib._bootstrap>", line 219, in _call_with_frames_removed
  File "/opt/airflow/dags/dag_with_minio_s3.py", line 4, in <module>
    from airflow.providers.amazon.aws.sensors.s3_key import S3KeySensor
ModuleNotFoundError: No module named 'airflow.providers.amazon.aws.sensors.s3_key'
[2024-04-22T11:42:31.986+0000] {processor.py:842} WARNING - No viable dags retrieved from /opt/airflow/dags/dag_with_minio_s3.py
[2024-04-22T11:42:32.050+0000] {processor.py:183} INFO - Processing /opt/airflow/dags/dag_with_minio_s3.py took 0.082 seconds
[2024-04-22T11:42:39.892+0000] {processor.py:161} INFO - Started process (PID=470) to work on /opt/airflow/dags/dag_with_minio_s3.py
[2024-04-22T11:42:39.893+0000] {processor.py:830} INFO - Processing file /opt/airflow/dags/dag_with_minio_s3.py for tasks to queue
[2024-04-22T11:42:39.895+0000] {logging_mixin.py:188} INFO - [2024-04-22T11:42:39.895+0000] {dagbag.py:538} INFO - Filling up the DagBag from /opt/airflow/dags/dag_with_minio_s3.py
[2024-04-22T11:42:39.921+0000] {logging_mixin.py:188} INFO - [2024-04-22T11:42:39.916+0000] {dagbag.py:348} ERROR - Failed to import: /opt/airflow/dags/dag_with_minio_s3.py
Traceback (most recent call last):
  File "/home/airflow/.local/lib/python3.8/site-packages/airflow/models/dagbag.py", line 344, in parse
    loader.exec_module(new_module)
  File "<frozen importlib._bootstrap_external>", line 843, in exec_module
  File "<frozen importlib._bootstrap>", line 219, in _call_with_frames_removed
  File "/opt/airflow/dags/dag_with_minio_s3.py", line 4, in <module>
    from airflow.providers.amazon.aws.sensors.s3_key import S3KeySensor
ModuleNotFoundError: No module named 'airflow.providers.amazon.aws.sensors.s3_key'
[2024-04-22T11:42:39.923+0000] {processor.py:842} WARNING - No viable dags retrieved from /opt/airflow/dags/dag_with_minio_s3.py
[2024-04-22T11:42:39.998+0000] {processor.py:183} INFO - Processing /opt/airflow/dags/dag_with_minio_s3.py took 0.112 seconds
[2024-04-22T11:42:50.326+0000] {processor.py:161} INFO - Started process (PID=516) to work on /opt/airflow/dags/dag_with_minio_s3.py
[2024-04-22T11:42:50.332+0000] {processor.py:830} INFO - Processing file /opt/airflow/dags/dag_with_minio_s3.py for tasks to queue
[2024-04-22T11:42:50.347+0000] {logging_mixin.py:188} INFO - [2024-04-22T11:42:50.347+0000] {dagbag.py:538} INFO - Filling up the DagBag from /opt/airflow/dags/dag_with_minio_s3.py
[2024-04-22T11:42:50.407+0000] {logging_mixin.py:188} INFO - [2024-04-22T11:42:50.398+0000] {dagbag.py:348} ERROR - Failed to import: /opt/airflow/dags/dag_with_minio_s3.py
Traceback (most recent call last):
  File "/home/airflow/.local/lib/python3.8/site-packages/airflow/models/dagbag.py", line 344, in parse
    loader.exec_module(new_module)
  File "<frozen importlib._bootstrap_external>", line 843, in exec_module
  File "<frozen importlib._bootstrap>", line 219, in _call_with_frames_removed
  File "/opt/airflow/dags/dag_with_minio_s3.py", line 4, in <module>
    from airflow.providers.amazon.aws.sensors.s3_key import S3KeySensor
ModuleNotFoundError: No module named 'airflow.providers.amazon.aws.sensors.s3_key'
[2024-04-22T11:42:50.410+0000] {processor.py:842} WARNING - No viable dags retrieved from /opt/airflow/dags/dag_with_minio_s3.py
[2024-04-22T11:42:50.521+0000] {processor.py:183} INFO - Processing /opt/airflow/dags/dag_with_minio_s3.py took 0.220 seconds
[2024-04-22T11:43:04.192+0000] {processor.py:161} INFO - Started process (PID=671) to work on /opt/airflow/dags/dag_with_minio_s3.py
[2024-04-22T11:43:04.211+0000] {processor.py:830} INFO - Processing file /opt/airflow/dags/dag_with_minio_s3.py for tasks to queue
[2024-04-22T11:43:04.213+0000] {logging_mixin.py:188} INFO - [2024-04-22T11:43:04.213+0000] {dagbag.py:538} INFO - Filling up the DagBag from /opt/airflow/dags/dag_with_minio_s3.py
[2024-04-22T11:43:04.308+0000] {logging_mixin.py:188} INFO - [2024-04-22T11:43:04.289+0000] {dagbag.py:348} ERROR - Failed to import: /opt/airflow/dags/dag_with_minio_s3.py
Traceback (most recent call last):
  File "/home/airflow/.local/lib/python3.8/site-packages/airflow/models/dagbag.py", line 344, in parse
    loader.exec_module(new_module)
  File "<frozen importlib._bootstrap_external>", line 843, in exec_module
  File "<frozen importlib._bootstrap>", line 219, in _call_with_frames_removed
  File "/opt/airflow/dags/dag_with_minio_s3.py", line 4, in <module>
    from airflow.providers.amazon.aws.sensors.s3_key import S3KeySensor
ModuleNotFoundError: No module named 'airflow.providers.amazon.aws.sensors.s3_key'
[2024-04-22T11:43:04.325+0000] {processor.py:842} WARNING - No viable dags retrieved from /opt/airflow/dags/dag_with_minio_s3.py
[2024-04-22T11:43:04.474+0000] {processor.py:183} INFO - Processing /opt/airflow/dags/dag_with_minio_s3.py took 0.289 seconds
[2024-04-22T11:43:17.044+0000] {processor.py:161} INFO - Started process (PID=806) to work on /opt/airflow/dags/dag_with_minio_s3.py
[2024-04-22T11:43:17.046+0000] {processor.py:830} INFO - Processing file /opt/airflow/dags/dag_with_minio_s3.py for tasks to queue
[2024-04-22T11:43:17.047+0000] {logging_mixin.py:188} INFO - [2024-04-22T11:43:17.047+0000] {dagbag.py:538} INFO - Filling up the DagBag from /opt/airflow/dags/dag_with_minio_s3.py
[2024-04-22T11:43:17.077+0000] {logging_mixin.py:188} INFO - [2024-04-22T11:43:17.071+0000] {dagbag.py:348} ERROR - Failed to import: /opt/airflow/dags/dag_with_minio_s3.py
Traceback (most recent call last):
  File "/home/airflow/.local/lib/python3.8/site-packages/airflow/models/dagbag.py", line 344, in parse
    loader.exec_module(new_module)
  File "<frozen importlib._bootstrap_external>", line 843, in exec_module
  File "<frozen importlib._bootstrap>", line 219, in _call_with_frames_removed
  File "/opt/airflow/dags/dag_with_minio_s3.py", line 4, in <module>
    from airflow.providers.amazon.aws.sensors.s3_key import S3KeySensor
ModuleNotFoundError: No module named 'airflow.providers.amazon.aws.sensors.s3_key'
[2024-04-22T11:43:17.079+0000] {processor.py:842} WARNING - No viable dags retrieved from /opt/airflow/dags/dag_with_minio_s3.py
[2024-04-22T11:43:17.138+0000] {processor.py:183} INFO - Processing /opt/airflow/dags/dag_with_minio_s3.py took 0.101 seconds
[2024-04-22T11:43:27.556+0000] {processor.py:161} INFO - Started process (PID=851) to work on /opt/airflow/dags/dag_with_minio_s3.py
[2024-04-22T11:43:27.558+0000] {processor.py:830} INFO - Processing file /opt/airflow/dags/dag_with_minio_s3.py for tasks to queue
[2024-04-22T11:43:27.560+0000] {logging_mixin.py:188} INFO - [2024-04-22T11:43:27.559+0000] {dagbag.py:538} INFO - Filling up the DagBag from /opt/airflow/dags/dag_with_minio_s3.py
[2024-04-22T11:43:27.653+0000] {logging_mixin.py:188} INFO - [2024-04-22T11:43:27.604+0000] {dagbag.py:348} ERROR - Failed to import: /opt/airflow/dags/dag_with_minio_s3.py
Traceback (most recent call last):
  File "/home/airflow/.local/lib/python3.8/site-packages/airflow/models/dagbag.py", line 344, in parse
    loader.exec_module(new_module)
  File "<frozen importlib._bootstrap_external>", line 843, in exec_module
  File "<frozen importlib._bootstrap>", line 219, in _call_with_frames_removed
  File "/opt/airflow/dags/dag_with_minio_s3.py", line 4, in <module>
    from airflow.providers.amazon.aws.sensors.s3_key import S3KeySensor
ModuleNotFoundError: No module named 'airflow.providers.amazon.aws.sensors.s3_key'
[2024-04-22T11:43:27.659+0000] {processor.py:842} WARNING - No viable dags retrieved from /opt/airflow/dags/dag_with_minio_s3.py
[2024-04-22T11:43:27.873+0000] {processor.py:183} INFO - Processing /opt/airflow/dags/dag_with_minio_s3.py took 0.335 seconds
