[2024-04-22 11:36:43,689] {scheduler_job.py:182} INFO - Started process (PID=200) to work on /opt/airflow/dags/dag_with_cron_expression.py
[2024-04-22 11:36:43,692] {scheduler_job.py:629} INFO - Processing file /opt/airflow/dags/dag_with_cron_expression.py for tasks to queue
[2024-04-22 11:36:43,700] {logging_mixin.py:104} INFO - [2024-04-22 11:36:43,699] {dagbag.py:448} INFO - Filling up the DagBag from /opt/airflow/dags/dag_with_cron_expression.py
[2024-04-22 11:36:43,757] {scheduler_job.py:639} INFO - DAG(s) dict_keys(['dag_with_cron_expression_v04']) retrieved from /opt/airflow/dags/dag_with_cron_expression.py
[2024-04-22 11:36:43,831] {logging_mixin.py:104} INFO - [2024-04-22 11:36:43,831] {dag.py:1818} INFO - Sync 1 DAGs
[2024-04-22 11:36:43,852] {logging_mixin.py:104} INFO - [2024-04-22 11:36:43,852] {dag.py:1837} INFO - Creating ORM DAG for dag_with_cron_expression_v04
[2024-04-22 11:36:43,874] {logging_mixin.py:104} INFO - [2024-04-22 11:36:43,874] {dag.py:2273} INFO - Setting next_dagrun for dag_with_cron_expression_v04 to 2021-11-02 03:00:00+00:00
[2024-04-22 11:36:43,902] {scheduler_job.py:190} INFO - Processing /opt/airflow/dags/dag_with_cron_expression.py took 0.223 seconds
[2024-04-22 11:36:54,181] {scheduler_job.py:182} INFO - Started process (PID=245) to work on /opt/airflow/dags/dag_with_cron_expression.py
[2024-04-22 11:36:54,183] {scheduler_job.py:629} INFO - Processing file /opt/airflow/dags/dag_with_cron_expression.py for tasks to queue
[2024-04-22 11:36:54,185] {logging_mixin.py:104} INFO - [2024-04-22 11:36:54,184] {dagbag.py:448} INFO - Filling up the DagBag from /opt/airflow/dags/dag_with_cron_expression.py
[2024-04-22 11:36:54,224] {scheduler_job.py:639} INFO - DAG(s) dict_keys(['dag_with_cron_expression_v04']) retrieved from /opt/airflow/dags/dag_with_cron_expression.py
[2024-04-22 11:36:54,245] {logging_mixin.py:104} INFO - [2024-04-22 11:36:54,245] {dag.py:1818} INFO - Sync 1 DAGs
[2024-04-22 11:36:54,275] {logging_mixin.py:104} INFO - [2024-04-22 11:36:54,275] {dag.py:2273} INFO - Setting next_dagrun for dag_with_cron_expression_v04 to 2021-11-02 03:00:00+00:00
[2024-04-22 11:36:54,330] {scheduler_job.py:190} INFO - Processing /opt/airflow/dags/dag_with_cron_expression.py took 0.153 seconds
[2024-04-22 11:37:04,520] {scheduler_job.py:182} INFO - Started process (PID=290) to work on /opt/airflow/dags/dag_with_cron_expression.py
[2024-04-22 11:37:04,522] {scheduler_job.py:629} INFO - Processing file /opt/airflow/dags/dag_with_cron_expression.py for tasks to queue
[2024-04-22 11:37:04,523] {logging_mixin.py:104} INFO - [2024-04-22 11:37:04,523] {dagbag.py:448} INFO - Filling up the DagBag from /opt/airflow/dags/dag_with_cron_expression.py
[2024-04-22 11:37:04,550] {scheduler_job.py:639} INFO - DAG(s) dict_keys(['dag_with_cron_expression_v04']) retrieved from /opt/airflow/dags/dag_with_cron_expression.py
[2024-04-22 11:37:04,565] {logging_mixin.py:104} INFO - [2024-04-22 11:37:04,565] {dag.py:1818} INFO - Sync 1 DAGs
[2024-04-22 11:37:04,594] {logging_mixin.py:104} INFO - [2024-04-22 11:37:04,594] {dag.py:2273} INFO - Setting next_dagrun for dag_with_cron_expression_v04 to 2021-11-02 03:00:00+00:00
[2024-04-22 11:37:04,610] {scheduler_job.py:190} INFO - Processing /opt/airflow/dags/dag_with_cron_expression.py took 0.095 seconds
[2024-04-22 11:37:15,298] {scheduler_job.py:182} INFO - Started process (PID=335) to work on /opt/airflow/dags/dag_with_cron_expression.py
[2024-04-22 11:37:15,300] {scheduler_job.py:629} INFO - Processing file /opt/airflow/dags/dag_with_cron_expression.py for tasks to queue
[2024-04-22 11:37:15,301] {logging_mixin.py:104} INFO - [2024-04-22 11:37:15,301] {dagbag.py:448} INFO - Filling up the DagBag from /opt/airflow/dags/dag_with_cron_expression.py
[2024-04-22 11:37:15,330] {scheduler_job.py:639} INFO - DAG(s) dict_keys(['dag_with_cron_expression_v04']) retrieved from /opt/airflow/dags/dag_with_cron_expression.py
[2024-04-22 11:37:15,351] {logging_mixin.py:104} INFO - [2024-04-22 11:37:15,351] {dag.py:1818} INFO - Sync 1 DAGs
[2024-04-22 11:37:15,373] {logging_mixin.py:104} INFO - [2024-04-22 11:37:15,373] {dag.py:2273} INFO - Setting next_dagrun for dag_with_cron_expression_v04 to 2021-11-02 03:00:00+00:00
[2024-04-22 11:37:15,385] {scheduler_job.py:190} INFO - Processing /opt/airflow/dags/dag_with_cron_expression.py took 0.090 seconds
[2024-04-22 11:37:26,660] {scheduler_job.py:182} INFO - Started process (PID=380) to work on /opt/airflow/dags/dag_with_cron_expression.py
[2024-04-22 11:37:26,661] {scheduler_job.py:629} INFO - Processing file /opt/airflow/dags/dag_with_cron_expression.py for tasks to queue
[2024-04-22 11:37:26,663] {logging_mixin.py:104} INFO - [2024-04-22 11:37:26,663] {dagbag.py:448} INFO - Filling up the DagBag from /opt/airflow/dags/dag_with_cron_expression.py
[2024-04-22 11:37:26,740] {scheduler_job.py:639} INFO - DAG(s) dict_keys(['dag_with_cron_expression_v04']) retrieved from /opt/airflow/dags/dag_with_cron_expression.py
[2024-04-22 11:37:26,789] {logging_mixin.py:104} INFO - [2024-04-22 11:37:26,788] {dag.py:1818} INFO - Sync 1 DAGs
[2024-04-22 11:37:26,829] {logging_mixin.py:104} INFO - [2024-04-22 11:37:26,829] {dag.py:2273} INFO - Setting next_dagrun for dag_with_cron_expression_v04 to 2021-11-02 03:00:00+00:00
[2024-04-22 11:37:26,863] {scheduler_job.py:190} INFO - Processing /opt/airflow/dags/dag_with_cron_expression.py took 0.212 seconds
[2024-04-22 11:37:37,223] {scheduler_job.py:182} INFO - Started process (PID=425) to work on /opt/airflow/dags/dag_with_cron_expression.py
[2024-04-22 11:37:37,230] {scheduler_job.py:629} INFO - Processing file /opt/airflow/dags/dag_with_cron_expression.py for tasks to queue
[2024-04-22 11:37:37,233] {logging_mixin.py:104} INFO - [2024-04-22 11:37:37,233] {dagbag.py:448} INFO - Filling up the DagBag from /opt/airflow/dags/dag_with_cron_expression.py
[2024-04-22 11:37:37,334] {scheduler_job.py:639} INFO - DAG(s) dict_keys(['dag_with_cron_expression_v04']) retrieved from /opt/airflow/dags/dag_with_cron_expression.py
[2024-04-22 11:37:37,378] {logging_mixin.py:104} INFO - [2024-04-22 11:37:37,378] {dag.py:1818} INFO - Sync 1 DAGs
[2024-04-22 11:37:37,430] {logging_mixin.py:104} INFO - [2024-04-22 11:37:37,430] {dag.py:2273} INFO - Setting next_dagrun for dag_with_cron_expression_v04 to 2021-11-02 03:00:00+00:00
[2024-04-22 11:37:37,457] {scheduler_job.py:190} INFO - Processing /opt/airflow/dags/dag_with_cron_expression.py took 0.240 seconds
[2024-04-22 11:37:47,886] {scheduler_job.py:182} INFO - Started process (PID=528) to work on /opt/airflow/dags/dag_with_cron_expression.py
[2024-04-22 11:37:47,890] {scheduler_job.py:629} INFO - Processing file /opt/airflow/dags/dag_with_cron_expression.py for tasks to queue
[2024-04-22 11:37:47,896] {logging_mixin.py:104} INFO - [2024-04-22 11:37:47,896] {dagbag.py:448} INFO - Filling up the DagBag from /opt/airflow/dags/dag_with_cron_expression.py
[2024-04-22 11:37:50,021] {logging_mixin.py:104} INFO - [2024-04-22 11:37:50,021] {process_utils.py:206} INFO - Waiting up to 5 seconds for processes to exit...
[2024-04-22 11:38:59,161] {scheduler_job.py:182} INFO - Started process (PID=162) to work on /opt/airflow/dags/dag_with_cron_expression.py
[2024-04-22 11:38:59,164] {scheduler_job.py:629} INFO - Processing file /opt/airflow/dags/dag_with_cron_expression.py for tasks to queue
[2024-04-22 11:38:59,166] {logging_mixin.py:104} INFO - [2024-04-22 11:38:59,166] {dagbag.py:448} INFO - Filling up the DagBag from /opt/airflow/dags/dag_with_cron_expression.py
[2024-04-22 11:38:59,215] {scheduler_job.py:639} INFO - DAG(s) dict_keys(['dag_with_cron_expression_v04']) retrieved from /opt/airflow/dags/dag_with_cron_expression.py
[2024-04-22 11:38:59,243] {logging_mixin.py:104} INFO - [2024-04-22 11:38:59,242] {dag.py:1818} INFO - Sync 1 DAGs
[2024-04-22 11:38:59,271] {logging_mixin.py:104} INFO - [2024-04-22 11:38:59,271] {dag.py:2273} INFO - Setting next_dagrun for dag_with_cron_expression_v04 to 2021-11-02 03:00:00+00:00
[2024-04-22 11:38:59,291] {scheduler_job.py:190} INFO - Processing /opt/airflow/dags/dag_with_cron_expression.py took 0.134 seconds
[2024-04-22 11:39:09,335] {scheduler_job.py:182} INFO - Started process (PID=207) to work on /opt/airflow/dags/dag_with_cron_expression.py
[2024-04-22 11:39:09,337] {scheduler_job.py:629} INFO - Processing file /opt/airflow/dags/dag_with_cron_expression.py for tasks to queue
[2024-04-22 11:39:09,338] {logging_mixin.py:104} INFO - [2024-04-22 11:39:09,337] {dagbag.py:448} INFO - Filling up the DagBag from /opt/airflow/dags/dag_with_cron_expression.py
[2024-04-22 11:39:09,371] {scheduler_job.py:639} INFO - DAG(s) dict_keys(['dag_with_cron_expression_v04']) retrieved from /opt/airflow/dags/dag_with_cron_expression.py
[2024-04-22 11:39:09,397] {logging_mixin.py:104} INFO - [2024-04-22 11:39:09,397] {dag.py:1818} INFO - Sync 1 DAGs
[2024-04-22 11:39:09,426] {logging_mixin.py:104} INFO - [2024-04-22 11:39:09,426] {dag.py:2273} INFO - Setting next_dagrun for dag_with_cron_expression_v04 to 2021-11-02 03:00:00+00:00
[2024-04-22 11:39:09,440] {scheduler_job.py:190} INFO - Processing /opt/airflow/dags/dag_with_cron_expression.py took 0.110 seconds
[2024-04-22 11:39:19,721] {scheduler_job.py:182} INFO - Started process (PID=252) to work on /opt/airflow/dags/dag_with_cron_expression.py
[2024-04-22 11:39:19,723] {scheduler_job.py:629} INFO - Processing file /opt/airflow/dags/dag_with_cron_expression.py for tasks to queue
[2024-04-22 11:39:19,726] {logging_mixin.py:104} INFO - [2024-04-22 11:39:19,725] {dagbag.py:448} INFO - Filling up the DagBag from /opt/airflow/dags/dag_with_cron_expression.py
[2024-04-22 11:39:19,791] {scheduler_job.py:639} INFO - DAG(s) dict_keys(['dag_with_cron_expression_v04']) retrieved from /opt/airflow/dags/dag_with_cron_expression.py
[2024-04-22 11:39:19,830] {logging_mixin.py:104} INFO - [2024-04-22 11:39:19,829] {dag.py:1818} INFO - Sync 1 DAGs
[2024-04-22 11:39:19,866] {logging_mixin.py:104} INFO - [2024-04-22 11:39:19,866] {dag.py:2273} INFO - Setting next_dagrun for dag_with_cron_expression_v04 to 2021-11-02 03:00:00+00:00
[2024-04-22 11:39:19,884] {scheduler_job.py:190} INFO - Processing /opt/airflow/dags/dag_with_cron_expression.py took 0.168 seconds
[2024-04-22 11:39:29,985] {scheduler_job.py:182} INFO - Started process (PID=297) to work on /opt/airflow/dags/dag_with_cron_expression.py
[2024-04-22 11:39:29,988] {scheduler_job.py:629} INFO - Processing file /opt/airflow/dags/dag_with_cron_expression.py for tasks to queue
[2024-04-22 11:39:29,990] {logging_mixin.py:104} INFO - [2024-04-22 11:39:29,989] {dagbag.py:448} INFO - Filling up the DagBag from /opt/airflow/dags/dag_with_cron_expression.py
[2024-04-22 11:39:30,059] {scheduler_job.py:639} INFO - DAG(s) dict_keys(['dag_with_cron_expression_v04']) retrieved from /opt/airflow/dags/dag_with_cron_expression.py
[2024-04-22 11:39:30,112] {logging_mixin.py:104} INFO - [2024-04-22 11:39:30,111] {dag.py:1818} INFO - Sync 1 DAGs
[2024-04-22 11:39:30,172] {logging_mixin.py:104} INFO - [2024-04-22 11:39:30,172] {dag.py:2273} INFO - Setting next_dagrun for dag_with_cron_expression_v04 to 2021-11-02 03:00:00+00:00
[2024-04-22 11:39:30,193] {scheduler_job.py:190} INFO - Processing /opt/airflow/dags/dag_with_cron_expression.py took 0.217 seconds
[2024-04-22 11:39:40,595] {scheduler_job.py:182} INFO - Started process (PID=342) to work on /opt/airflow/dags/dag_with_cron_expression.py
[2024-04-22 11:39:40,598] {scheduler_job.py:629} INFO - Processing file /opt/airflow/dags/dag_with_cron_expression.py for tasks to queue
[2024-04-22 11:39:40,600] {logging_mixin.py:104} INFO - [2024-04-22 11:39:40,599] {dagbag.py:448} INFO - Filling up the DagBag from /opt/airflow/dags/dag_with_cron_expression.py
[2024-04-22 11:39:40,676] {scheduler_job.py:639} INFO - DAG(s) dict_keys(['dag_with_cron_expression_v04']) retrieved from /opt/airflow/dags/dag_with_cron_expression.py
[2024-04-22 11:39:40,739] {logging_mixin.py:104} INFO - [2024-04-22 11:39:40,739] {dag.py:1818} INFO - Sync 1 DAGs
[2024-04-22 11:39:40,813] {logging_mixin.py:104} INFO - [2024-04-22 11:39:40,812] {dag.py:2273} INFO - Setting next_dagrun for dag_with_cron_expression_v04 to 2021-11-02 03:00:00+00:00
[2024-04-22 11:39:40,859] {scheduler_job.py:190} INFO - Processing /opt/airflow/dags/dag_with_cron_expression.py took 0.270 seconds
[2024-04-22T11:41:39.524+0000] {processor.py:161} INFO - Started process (PID=200) to work on /opt/airflow/dags/dag_with_cron_expression.py
[2024-04-22T11:41:39.525+0000] {processor.py:830} INFO - Processing file /opt/airflow/dags/dag_with_cron_expression.py for tasks to queue
[2024-04-22T11:41:39.528+0000] {logging_mixin.py:188} INFO - [2024-04-22T11:41:39.527+0000] {dagbag.py:538} INFO - Filling up the DagBag from /opt/airflow/dags/dag_with_cron_expression.py
[2024-04-22T11:41:39.595+0000] {processor.py:840} INFO - DAG(s) 'dag_with_cron_expression_v04' retrieved from /opt/airflow/dags/dag_with_cron_expression.py
[2024-04-22T11:41:39.624+0000] {logging_mixin.py:188} INFO - [2024-04-22T11:41:39.624+0000] {dag.py:3033} INFO - Sync 1 DAGs
[2024-04-22T11:41:39.702+0000] {logging_mixin.py:188} INFO - [2024-04-22T11:41:39.702+0000] {dag.py:3820} INFO - Setting next_dagrun for dag_with_cron_expression_v04 to 2021-11-02T03:00:00+00:00, run_after=2021-11-03T03:00:00+00:00
[2024-04-22T11:41:39.770+0000] {processor.py:183} INFO - Processing /opt/airflow/dags/dag_with_cron_expression.py took 0.254 seconds
[2024-04-22T11:41:50.099+0000] {processor.py:161} INFO - Started process (PID=243) to work on /opt/airflow/dags/dag_with_cron_expression.py
[2024-04-22T11:41:50.112+0000] {processor.py:830} INFO - Processing file /opt/airflow/dags/dag_with_cron_expression.py for tasks to queue
[2024-04-22T11:41:50.114+0000] {logging_mixin.py:188} INFO - [2024-04-22T11:41:50.114+0000] {dagbag.py:538} INFO - Filling up the DagBag from /opt/airflow/dags/dag_with_cron_expression.py
[2024-04-22T11:41:50.199+0000] {processor.py:840} INFO - DAG(s) 'dag_with_cron_expression_v04' retrieved from /opt/airflow/dags/dag_with_cron_expression.py
[2024-04-22T11:41:50.249+0000] {logging_mixin.py:188} INFO - [2024-04-22T11:41:50.239+0000] {dag.py:3033} INFO - Sync 1 DAGs
[2024-04-22T11:41:50.325+0000] {logging_mixin.py:188} INFO - [2024-04-22T11:41:50.325+0000] {dag.py:3820} INFO - Setting next_dagrun for dag_with_cron_expression_v04 to 2021-11-02T03:00:00+00:00, run_after=2021-11-03T03:00:00+00:00
[2024-04-22T11:41:50.394+0000] {processor.py:183} INFO - Processing /opt/airflow/dags/dag_with_cron_expression.py took 0.303 seconds
[2024-04-22T11:42:00.822+0000] {processor.py:161} INFO - Started process (PID=288) to work on /opt/airflow/dags/dag_with_cron_expression.py
[2024-04-22T11:42:00.826+0000] {processor.py:830} INFO - Processing file /opt/airflow/dags/dag_with_cron_expression.py for tasks to queue
[2024-04-22T11:42:00.829+0000] {logging_mixin.py:188} INFO - [2024-04-22T11:42:00.828+0000] {dagbag.py:538} INFO - Filling up the DagBag from /opt/airflow/dags/dag_with_cron_expression.py
[2024-04-22T11:42:00.887+0000] {processor.py:840} INFO - DAG(s) 'dag_with_cron_expression_v04' retrieved from /opt/airflow/dags/dag_with_cron_expression.py
[2024-04-22T11:42:00.914+0000] {logging_mixin.py:188} INFO - [2024-04-22T11:42:00.913+0000] {dag.py:3033} INFO - Sync 1 DAGs
[2024-04-22T11:42:00.990+0000] {logging_mixin.py:188} INFO - [2024-04-22T11:42:00.990+0000] {dag.py:3820} INFO - Setting next_dagrun for dag_with_cron_expression_v04 to 2021-11-02T03:00:00+00:00, run_after=2021-11-03T03:00:00+00:00
[2024-04-22T11:42:01.075+0000] {processor.py:183} INFO - Processing /opt/airflow/dags/dag_with_cron_expression.py took 0.259 seconds
[2024-04-22T11:42:11.670+0000] {processor.py:161} INFO - Started process (PID=333) to work on /opt/airflow/dags/dag_with_cron_expression.py
[2024-04-22T11:42:11.671+0000] {processor.py:830} INFO - Processing file /opt/airflow/dags/dag_with_cron_expression.py for tasks to queue
[2024-04-22T11:42:11.673+0000] {logging_mixin.py:188} INFO - [2024-04-22T11:42:11.673+0000] {dagbag.py:538} INFO - Filling up the DagBag from /opt/airflow/dags/dag_with_cron_expression.py
[2024-04-22T11:42:11.739+0000] {processor.py:840} INFO - DAG(s) 'dag_with_cron_expression_v04' retrieved from /opt/airflow/dags/dag_with_cron_expression.py
[2024-04-22T11:42:12.064+0000] {logging_mixin.py:188} INFO - [2024-04-22T11:42:12.063+0000] {dag.py:3033} INFO - Sync 1 DAGs
[2024-04-22T11:42:12.124+0000] {logging_mixin.py:188} INFO - [2024-04-22T11:42:12.124+0000] {dag.py:3820} INFO - Setting next_dagrun for dag_with_cron_expression_v04 to 2021-11-02T03:00:00+00:00, run_after=2021-11-03T03:00:00+00:00
[2024-04-22T11:42:12.193+0000] {processor.py:183} INFO - Processing /opt/airflow/dags/dag_with_cron_expression.py took 0.534 seconds
[2024-04-22T11:42:23.000+0000] {processor.py:161} INFO - Started process (PID=380) to work on /opt/airflow/dags/dag_with_cron_expression.py
[2024-04-22T11:42:23.006+0000] {processor.py:830} INFO - Processing file /opt/airflow/dags/dag_with_cron_expression.py for tasks to queue
[2024-04-22T11:42:23.008+0000] {logging_mixin.py:188} INFO - [2024-04-22T11:42:23.008+0000] {dagbag.py:538} INFO - Filling up the DagBag from /opt/airflow/dags/dag_with_cron_expression.py
[2024-04-22T11:42:23.087+0000] {processor.py:840} INFO - DAG(s) 'dag_with_cron_expression_v04' retrieved from /opt/airflow/dags/dag_with_cron_expression.py
[2024-04-22T11:42:23.147+0000] {logging_mixin.py:188} INFO - [2024-04-22T11:42:23.146+0000] {dag.py:3033} INFO - Sync 1 DAGs
[2024-04-22T11:42:23.210+0000] {logging_mixin.py:188} INFO - [2024-04-22T11:42:23.209+0000] {dag.py:3820} INFO - Setting next_dagrun for dag_with_cron_expression_v04 to 2021-11-02T03:00:00+00:00, run_after=2021-11-03T03:00:00+00:00
[2024-04-22T11:42:23.278+0000] {processor.py:183} INFO - Processing /opt/airflow/dags/dag_with_cron_expression.py took 0.288 seconds
[2024-04-22T11:42:34.135+0000] {processor.py:161} INFO - Started process (PID=425) to work on /opt/airflow/dags/dag_with_cron_expression.py
[2024-04-22T11:42:34.136+0000] {processor.py:830} INFO - Processing file /opt/airflow/dags/dag_with_cron_expression.py for tasks to queue
[2024-04-22T11:42:34.138+0000] {logging_mixin.py:188} INFO - [2024-04-22T11:42:34.137+0000] {dagbag.py:538} INFO - Filling up the DagBag from /opt/airflow/dags/dag_with_cron_expression.py
[2024-04-22T11:42:34.166+0000] {processor.py:840} INFO - DAG(s) 'dag_with_cron_expression_v04' retrieved from /opt/airflow/dags/dag_with_cron_expression.py
[2024-04-22T11:42:34.180+0000] {logging_mixin.py:188} INFO - [2024-04-22T11:42:34.179+0000] {dag.py:3033} INFO - Sync 1 DAGs
[2024-04-22T11:42:34.205+0000] {logging_mixin.py:188} INFO - [2024-04-22T11:42:34.205+0000] {dag.py:3820} INFO - Setting next_dagrun for dag_with_cron_expression_v04 to 2021-11-02T03:00:00+00:00, run_after=2021-11-03T03:00:00+00:00
[2024-04-22T11:42:34.285+0000] {processor.py:183} INFO - Processing /opt/airflow/dags/dag_with_cron_expression.py took 0.153 seconds
[2024-04-22T11:42:39.905+0000] {processor.py:161} INFO - Started process (PID=473) to work on /opt/airflow/dags/dag_with_cron_expression.py
[2024-04-22T11:42:39.907+0000] {processor.py:830} INFO - Processing file /opt/airflow/dags/dag_with_cron_expression.py for tasks to queue
[2024-04-22T11:42:39.909+0000] {logging_mixin.py:188} INFO - [2024-04-22T11:42:39.908+0000] {dagbag.py:538} INFO - Filling up the DagBag from /opt/airflow/dags/dag_with_cron_expression.py
[2024-04-22T11:42:39.945+0000] {processor.py:840} INFO - DAG(s) 'dag_with_cron_expression_v04' retrieved from /opt/airflow/dags/dag_with_cron_expression.py
[2024-04-22T11:42:39.968+0000] {logging_mixin.py:188} INFO - [2024-04-22T11:42:39.968+0000] {dag.py:3033} INFO - Sync 1 DAGs
[2024-04-22T11:42:40.020+0000] {logging_mixin.py:188} INFO - [2024-04-22T11:42:40.019+0000] {dag.py:3820} INFO - Setting next_dagrun for dag_with_cron_expression_v04 to 2021-11-02T03:00:00+00:00, run_after=2021-11-03T03:00:00+00:00
[2024-04-22T11:42:40.092+0000] {processor.py:183} INFO - Processing /opt/airflow/dags/dag_with_cron_expression.py took 0.193 seconds
[2024-04-22T11:42:50.947+0000] {processor.py:161} INFO - Started process (PID=524) to work on /opt/airflow/dags/dag_with_cron_expression.py
[2024-04-22T11:42:50.962+0000] {processor.py:830} INFO - Processing file /opt/airflow/dags/dag_with_cron_expression.py for tasks to queue
[2024-04-22T11:42:50.970+0000] {logging_mixin.py:188} INFO - [2024-04-22T11:42:50.970+0000] {dagbag.py:538} INFO - Filling up the DagBag from /opt/airflow/dags/dag_with_cron_expression.py
[2024-04-22T11:42:51.171+0000] {processor.py:840} INFO - DAG(s) 'dag_with_cron_expression_v04' retrieved from /opt/airflow/dags/dag_with_cron_expression.py
[2024-04-22T11:42:51.321+0000] {logging_mixin.py:188} INFO - [2024-04-22T11:42:51.320+0000] {dag.py:3033} INFO - Sync 1 DAGs
[2024-04-22T11:42:51.446+0000] {logging_mixin.py:188} INFO - [2024-04-22T11:42:51.445+0000] {dag.py:3820} INFO - Setting next_dagrun for dag_with_cron_expression_v04 to 2021-11-02T03:00:00+00:00, run_after=2021-11-03T03:00:00+00:00
[2024-04-22T11:42:51.644+0000] {processor.py:183} INFO - Processing /opt/airflow/dags/dag_with_cron_expression.py took 0.733 seconds
[2024-04-22T11:43:04.673+0000] {processor.py:161} INFO - Started process (PID=682) to work on /opt/airflow/dags/dag_with_cron_expression.py
[2024-04-22T11:43:04.693+0000] {processor.py:830} INFO - Processing file /opt/airflow/dags/dag_with_cron_expression.py for tasks to queue
[2024-04-22T11:43:04.696+0000] {logging_mixin.py:188} INFO - [2024-04-22T11:43:04.695+0000] {dagbag.py:538} INFO - Filling up the DagBag from /opt/airflow/dags/dag_with_cron_expression.py
[2024-04-22T11:43:04.748+0000] {processor.py:840} INFO - DAG(s) 'dag_with_cron_expression_v04' retrieved from /opt/airflow/dags/dag_with_cron_expression.py
[2024-04-22T11:43:04.850+0000] {logging_mixin.py:188} INFO - [2024-04-22T11:43:04.850+0000] {dag.py:3033} INFO - Sync 1 DAGs
[2024-04-22T11:43:04.909+0000] {logging_mixin.py:188} INFO - [2024-04-22T11:43:04.908+0000] {dag.py:3820} INFO - Setting next_dagrun for dag_with_cron_expression_v04 to 2021-11-02T03:00:00+00:00, run_after=2021-11-03T03:00:00+00:00
[2024-04-22T11:43:04.990+0000] {processor.py:183} INFO - Processing /opt/airflow/dags/dag_with_cron_expression.py took 0.324 seconds
[2024-04-22T11:43:17.044+0000] {processor.py:161} INFO - Started process (PID=809) to work on /opt/airflow/dags/dag_with_cron_expression.py
[2024-04-22T11:43:17.046+0000] {processor.py:830} INFO - Processing file /opt/airflow/dags/dag_with_cron_expression.py for tasks to queue
[2024-04-22T11:43:17.048+0000] {logging_mixin.py:188} INFO - [2024-04-22T11:43:17.048+0000] {dagbag.py:538} INFO - Filling up the DagBag from /opt/airflow/dags/dag_with_cron_expression.py
[2024-04-22T11:43:17.095+0000] {processor.py:840} INFO - DAG(s) 'dag_with_cron_expression_v04' retrieved from /opt/airflow/dags/dag_with_cron_expression.py
[2024-04-22T11:43:17.163+0000] {logging_mixin.py:188} INFO - [2024-04-22T11:43:17.162+0000] {dag.py:3033} INFO - Sync 1 DAGs
[2024-04-22T11:43:17.216+0000] {logging_mixin.py:188} INFO - [2024-04-22T11:43:17.216+0000] {dag.py:3820} INFO - Setting next_dagrun for dag_with_cron_expression_v04 to 2021-11-02T03:00:00+00:00, run_after=2021-11-03T03:00:00+00:00
[2024-04-22T11:43:17.275+0000] {processor.py:183} INFO - Processing /opt/airflow/dags/dag_with_cron_expression.py took 0.237 seconds
[2024-04-22T11:43:27.598+0000] {processor.py:161} INFO - Started process (PID=854) to work on /opt/airflow/dags/dag_with_cron_expression.py
[2024-04-22T11:43:27.604+0000] {processor.py:830} INFO - Processing file /opt/airflow/dags/dag_with_cron_expression.py for tasks to queue
[2024-04-22T11:43:27.611+0000] {logging_mixin.py:188} INFO - [2024-04-22T11:43:27.610+0000] {dagbag.py:538} INFO - Filling up the DagBag from /opt/airflow/dags/dag_with_cron_expression.py
[2024-04-22T11:43:27.705+0000] {processor.py:840} INFO - DAG(s) 'dag_with_cron_expression_v04' retrieved from /opt/airflow/dags/dag_with_cron_expression.py
[2024-04-22T11:43:27.811+0000] {logging_mixin.py:188} INFO - [2024-04-22T11:43:27.810+0000] {dag.py:3033} INFO - Sync 1 DAGs
[2024-04-22T11:43:27.881+0000] {logging_mixin.py:188} INFO - [2024-04-22T11:43:27.878+0000] {dag.py:3820} INFO - Setting next_dagrun for dag_with_cron_expression_v04 to 2021-11-02T03:00:00+00:00, run_after=2021-11-03T03:00:00+00:00
[2024-04-22T11:43:28.000+0000] {processor.py:183} INFO - Processing /opt/airflow/dags/dag_with_cron_expression.py took 0.415 seconds
[2024-04-22T11:43:38.396+0000] {processor.py:161} INFO - Started process (PID=896) to work on /opt/airflow/dags/dag_with_cron_expression.py
[2024-04-22T11:43:38.410+0000] {processor.py:830} INFO - Processing file /opt/airflow/dags/dag_with_cron_expression.py for tasks to queue
[2024-04-22T11:43:38.413+0000] {logging_mixin.py:188} INFO - [2024-04-22T11:43:38.412+0000] {dagbag.py:538} INFO - Filling up the DagBag from /opt/airflow/dags/dag_with_cron_expression.py
[2024-04-22T11:43:38.488+0000] {processor.py:840} INFO - DAG(s) 'dag_with_cron_expression_v04' retrieved from /opt/airflow/dags/dag_with_cron_expression.py
[2024-04-22T11:43:38.577+0000] {logging_mixin.py:188} INFO - [2024-04-22T11:43:38.576+0000] {dag.py:3033} INFO - Sync 1 DAGs
[2024-04-22T11:43:38.641+0000] {logging_mixin.py:188} INFO - [2024-04-22T11:43:38.641+0000] {dag.py:3820} INFO - Setting next_dagrun for dag_with_cron_expression_v04 to 2021-11-02T03:00:00+00:00, run_after=2021-11-03T03:00:00+00:00
[2024-04-22T11:43:38.707+0000] {processor.py:183} INFO - Processing /opt/airflow/dags/dag_with_cron_expression.py took 0.319 seconds
[2024-04-22T11:43:49.242+0000] {processor.py:161} INFO - Started process (PID=936) to work on /opt/airflow/dags/dag_with_cron_expression.py
[2024-04-22T11:43:49.245+0000] {processor.py:830} INFO - Processing file /opt/airflow/dags/dag_with_cron_expression.py for tasks to queue
[2024-04-22T11:43:49.252+0000] {logging_mixin.py:188} INFO - [2024-04-22T11:43:49.249+0000] {dagbag.py:538} INFO - Filling up the DagBag from /opt/airflow/dags/dag_with_cron_expression.py
[2024-04-22T11:43:49.340+0000] {processor.py:840} INFO - DAG(s) 'dag_with_cron_expression_v04' retrieved from /opt/airflow/dags/dag_with_cron_expression.py
[2024-04-22T11:43:49.417+0000] {logging_mixin.py:188} INFO - [2024-04-22T11:43:49.417+0000] {dag.py:3033} INFO - Sync 1 DAGs
[2024-04-22T11:43:49.499+0000] {logging_mixin.py:188} INFO - [2024-04-22T11:43:49.498+0000] {dag.py:3820} INFO - Setting next_dagrun for dag_with_cron_expression_v04 to 2021-11-02T03:00:00+00:00, run_after=2021-11-03T03:00:00+00:00
[2024-04-22T11:43:49.586+0000] {processor.py:183} INFO - Processing /opt/airflow/dags/dag_with_cron_expression.py took 0.353 seconds
[2024-04-22T11:43:59.860+0000] {processor.py:161} INFO - Started process (PID=976) to work on /opt/airflow/dags/dag_with_cron_expression.py
[2024-04-22T11:43:59.864+0000] {processor.py:830} INFO - Processing file /opt/airflow/dags/dag_with_cron_expression.py for tasks to queue
[2024-04-22T11:43:59.866+0000] {logging_mixin.py:188} INFO - [2024-04-22T11:43:59.865+0000] {dagbag.py:538} INFO - Filling up the DagBag from /opt/airflow/dags/dag_with_cron_expression.py
[2024-04-22T11:43:59.924+0000] {processor.py:840} INFO - DAG(s) 'dag_with_cron_expression_v04' retrieved from /opt/airflow/dags/dag_with_cron_expression.py
[2024-04-22T11:44:00.000+0000] {logging_mixin.py:188} INFO - [2024-04-22T11:44:00.000+0000] {dag.py:3033} INFO - Sync 1 DAGs
[2024-04-22T11:44:00.085+0000] {logging_mixin.py:188} INFO - [2024-04-22T11:44:00.083+0000] {dag.py:3820} INFO - Setting next_dagrun for dag_with_cron_expression_v04 to 2021-11-02T03:00:00+00:00, run_after=2021-11-03T03:00:00+00:00
[2024-04-22T11:44:00.149+0000] {processor.py:183} INFO - Processing /opt/airflow/dags/dag_with_cron_expression.py took 0.300 seconds
[2024-04-22T11:44:10.665+0000] {processor.py:161} INFO - Started process (PID=1016) to work on /opt/airflow/dags/dag_with_cron_expression.py
[2024-04-22T11:44:10.667+0000] {processor.py:830} INFO - Processing file /opt/airflow/dags/dag_with_cron_expression.py for tasks to queue
[2024-04-22T11:44:10.669+0000] {logging_mixin.py:188} INFO - [2024-04-22T11:44:10.669+0000] {dagbag.py:538} INFO - Filling up the DagBag from /opt/airflow/dags/dag_with_cron_expression.py
[2024-04-22T11:44:10.746+0000] {processor.py:840} INFO - DAG(s) 'dag_with_cron_expression_v04' retrieved from /opt/airflow/dags/dag_with_cron_expression.py
[2024-04-22T11:44:10.829+0000] {logging_mixin.py:188} INFO - [2024-04-22T11:44:10.828+0000] {dag.py:3033} INFO - Sync 1 DAGs
[2024-04-22T11:44:10.916+0000] {logging_mixin.py:188} INFO - [2024-04-22T11:44:10.915+0000] {dag.py:3820} INFO - Setting next_dagrun for dag_with_cron_expression_v04 to 2021-11-02T03:00:00+00:00, run_after=2021-11-03T03:00:00+00:00
[2024-04-22T11:44:10.999+0000] {processor.py:183} INFO - Processing /opt/airflow/dags/dag_with_cron_expression.py took 0.341 seconds
[2024-04-22T11:44:21.359+0000] {processor.py:161} INFO - Started process (PID=1056) to work on /opt/airflow/dags/dag_with_cron_expression.py
[2024-04-22T11:44:21.361+0000] {processor.py:830} INFO - Processing file /opt/airflow/dags/dag_with_cron_expression.py for tasks to queue
[2024-04-22T11:44:21.365+0000] {logging_mixin.py:188} INFO - [2024-04-22T11:44:21.364+0000] {dagbag.py:538} INFO - Filling up the DagBag from /opt/airflow/dags/dag_with_cron_expression.py
[2024-04-22T11:44:21.509+0000] {processor.py:840} INFO - DAG(s) 'dag_with_cron_expression_v04' retrieved from /opt/airflow/dags/dag_with_cron_expression.py
[2024-04-22T11:44:21.576+0000] {logging_mixin.py:188} INFO - [2024-04-22T11:44:21.576+0000] {dag.py:3033} INFO - Sync 1 DAGs
[2024-04-22T11:44:21.652+0000] {logging_mixin.py:188} INFO - [2024-04-22T11:44:21.652+0000] {dag.py:3820} INFO - Setting next_dagrun for dag_with_cron_expression_v04 to 2021-11-02T03:00:00+00:00, run_after=2021-11-03T03:00:00+00:00
[2024-04-22T11:44:21.744+0000] {processor.py:183} INFO - Processing /opt/airflow/dags/dag_with_cron_expression.py took 0.396 seconds
[2024-04-22T11:44:37.932+0000] {processor.py:161} INFO - Started process (PID=1096) to work on /opt/airflow/dags/dag_with_cron_expression.py
[2024-04-22T11:44:37.937+0000] {processor.py:830} INFO - Processing file /opt/airflow/dags/dag_with_cron_expression.py for tasks to queue
[2024-04-22T11:44:37.942+0000] {logging_mixin.py:188} INFO - [2024-04-22T11:44:37.941+0000] {dagbag.py:538} INFO - Filling up the DagBag from /opt/airflow/dags/dag_with_cron_expression.py
[2024-04-22T11:44:38.084+0000] {processor.py:840} INFO - DAG(s) 'dag_with_cron_expression_v04' retrieved from /opt/airflow/dags/dag_with_cron_expression.py
[2024-04-22T11:44:38.185+0000] {logging_mixin.py:188} INFO - [2024-04-22T11:44:38.185+0000] {dag.py:3033} INFO - Sync 1 DAGs
[2024-04-22T11:44:38.294+0000] {logging_mixin.py:188} INFO - [2024-04-22T11:44:38.294+0000] {dag.py:3820} INFO - Setting next_dagrun for dag_with_cron_expression_v04 to 2021-11-02T03:00:00+00:00, run_after=2021-11-03T03:00:00+00:00
[2024-04-22T11:44:38.448+0000] {processor.py:183} INFO - Processing /opt/airflow/dags/dag_with_cron_expression.py took 0.531 seconds
[2024-04-22T11:44:48.965+0000] {processor.py:161} INFO - Started process (PID=1134) to work on /opt/airflow/dags/dag_with_cron_expression.py
[2024-04-22T11:44:48.998+0000] {processor.py:830} INFO - Processing file /opt/airflow/dags/dag_with_cron_expression.py for tasks to queue
[2024-04-22T11:44:49.000+0000] {logging_mixin.py:188} INFO - [2024-04-22T11:44:49.000+0000] {dagbag.py:538} INFO - Filling up the DagBag from /opt/airflow/dags/dag_with_cron_expression.py
[2024-04-22T11:44:49.115+0000] {processor.py:840} INFO - DAG(s) 'dag_with_cron_expression_v04' retrieved from /opt/airflow/dags/dag_with_cron_expression.py
[2024-04-22T11:44:49.243+0000] {logging_mixin.py:188} INFO - [2024-04-22T11:44:49.242+0000] {dag.py:3033} INFO - Sync 1 DAGs
[2024-04-22T11:44:49.364+0000] {logging_mixin.py:188} INFO - [2024-04-22T11:44:49.364+0000] {dag.py:3820} INFO - Setting next_dagrun for dag_with_cron_expression_v04 to 2021-11-02T03:00:00+00:00, run_after=2021-11-03T03:00:00+00:00
[2024-04-22T11:44:49.436+0000] {processor.py:183} INFO - Processing /opt/airflow/dags/dag_with_cron_expression.py took 0.478 seconds
[2024-04-22T11:44:59.886+0000] {processor.py:161} INFO - Started process (PID=1176) to work on /opt/airflow/dags/dag_with_cron_expression.py
[2024-04-22T11:44:59.893+0000] {processor.py:830} INFO - Processing file /opt/airflow/dags/dag_with_cron_expression.py for tasks to queue
[2024-04-22T11:44:59.896+0000] {logging_mixin.py:188} INFO - [2024-04-22T11:44:59.895+0000] {dagbag.py:538} INFO - Filling up the DagBag from /opt/airflow/dags/dag_with_cron_expression.py
[2024-04-22T11:44:59.950+0000] {processor.py:840} INFO - DAG(s) 'dag_with_cron_expression_v04' retrieved from /opt/airflow/dags/dag_with_cron_expression.py
[2024-04-22T11:45:00.028+0000] {logging_mixin.py:188} INFO - [2024-04-22T11:45:00.027+0000] {dag.py:3033} INFO - Sync 1 DAGs
[2024-04-22T11:45:00.100+0000] {logging_mixin.py:188} INFO - [2024-04-22T11:45:00.100+0000] {dag.py:3820} INFO - Setting next_dagrun for dag_with_cron_expression_v04 to 2021-11-02T03:00:00+00:00, run_after=2021-11-03T03:00:00+00:00
[2024-04-22T11:45:00.178+0000] {processor.py:183} INFO - Processing /opt/airflow/dags/dag_with_cron_expression.py took 0.300 seconds
[2024-04-22T11:45:10.750+0000] {processor.py:161} INFO - Started process (PID=1216) to work on /opt/airflow/dags/dag_with_cron_expression.py
[2024-04-22T11:45:10.752+0000] {processor.py:830} INFO - Processing file /opt/airflow/dags/dag_with_cron_expression.py for tasks to queue
[2024-04-22T11:45:10.755+0000] {logging_mixin.py:188} INFO - [2024-04-22T11:45:10.754+0000] {dagbag.py:538} INFO - Filling up the DagBag from /opt/airflow/dags/dag_with_cron_expression.py
[2024-04-22T11:45:10.795+0000] {processor.py:840} INFO - DAG(s) 'dag_with_cron_expression_v04' retrieved from /opt/airflow/dags/dag_with_cron_expression.py
[2024-04-22T11:45:10.854+0000] {logging_mixin.py:188} INFO - [2024-04-22T11:45:10.853+0000] {dag.py:3033} INFO - Sync 1 DAGs
[2024-04-22T11:45:10.914+0000] {logging_mixin.py:188} INFO - [2024-04-22T11:45:10.913+0000] {dag.py:3820} INFO - Setting next_dagrun for dag_with_cron_expression_v04 to 2021-11-02T03:00:00+00:00, run_after=2021-11-03T03:00:00+00:00
[2024-04-22T11:45:10.966+0000] {processor.py:183} INFO - Processing /opt/airflow/dags/dag_with_cron_expression.py took 0.222 seconds
[2024-04-22T11:45:21.610+0000] {processor.py:161} INFO - Started process (PID=1256) to work on /opt/airflow/dags/dag_with_cron_expression.py
[2024-04-22T11:45:21.611+0000] {processor.py:830} INFO - Processing file /opt/airflow/dags/dag_with_cron_expression.py for tasks to queue
[2024-04-22T11:45:21.613+0000] {logging_mixin.py:188} INFO - [2024-04-22T11:45:21.613+0000] {dagbag.py:538} INFO - Filling up the DagBag from /opt/airflow/dags/dag_with_cron_expression.py
[2024-04-22T11:45:21.641+0000] {processor.py:840} INFO - DAG(s) 'dag_with_cron_expression_v04' retrieved from /opt/airflow/dags/dag_with_cron_expression.py
[2024-04-22T11:45:21.682+0000] {logging_mixin.py:188} INFO - [2024-04-22T11:45:21.682+0000] {dag.py:3033} INFO - Sync 1 DAGs
[2024-04-22T11:45:21.710+0000] {logging_mixin.py:188} INFO - [2024-04-22T11:45:21.710+0000] {dag.py:3820} INFO - Setting next_dagrun for dag_with_cron_expression_v04 to 2021-11-02T03:00:00+00:00, run_after=2021-11-03T03:00:00+00:00
[2024-04-22T11:45:21.738+0000] {processor.py:183} INFO - Processing /opt/airflow/dags/dag_with_cron_expression.py took 0.134 seconds
[2024-04-22T11:45:32.671+0000] {processor.py:161} INFO - Started process (PID=1296) to work on /opt/airflow/dags/dag_with_cron_expression.py
[2024-04-22T11:45:32.673+0000] {processor.py:830} INFO - Processing file /opt/airflow/dags/dag_with_cron_expression.py for tasks to queue
[2024-04-22T11:45:32.675+0000] {logging_mixin.py:188} INFO - [2024-04-22T11:45:32.674+0000] {dagbag.py:538} INFO - Filling up the DagBag from /opt/airflow/dags/dag_with_cron_expression.py
[2024-04-22T11:45:32.711+0000] {processor.py:840} INFO - DAG(s) 'dag_with_cron_expression_v04' retrieved from /opt/airflow/dags/dag_with_cron_expression.py
[2024-04-22T11:45:32.748+0000] {logging_mixin.py:188} INFO - [2024-04-22T11:45:32.748+0000] {dag.py:3033} INFO - Sync 1 DAGs
[2024-04-22T11:45:32.777+0000] {logging_mixin.py:188} INFO - [2024-04-22T11:45:32.777+0000] {dag.py:3820} INFO - Setting next_dagrun for dag_with_cron_expression_v04 to 2021-11-02T03:00:00+00:00, run_after=2021-11-03T03:00:00+00:00
[2024-04-22T11:45:32.813+0000] {processor.py:183} INFO - Processing /opt/airflow/dags/dag_with_cron_expression.py took 0.148 seconds
[2024-04-22T11:45:43.186+0000] {processor.py:161} INFO - Started process (PID=1336) to work on /opt/airflow/dags/dag_with_cron_expression.py
[2024-04-22T11:45:43.187+0000] {processor.py:830} INFO - Processing file /opt/airflow/dags/dag_with_cron_expression.py for tasks to queue
[2024-04-22T11:45:43.188+0000] {logging_mixin.py:188} INFO - [2024-04-22T11:45:43.188+0000] {dagbag.py:538} INFO - Filling up the DagBag from /opt/airflow/dags/dag_with_cron_expression.py
[2024-04-22T11:45:43.209+0000] {processor.py:840} INFO - DAG(s) 'dag_with_cron_expression_v04' retrieved from /opt/airflow/dags/dag_with_cron_expression.py
[2024-04-22T11:45:43.238+0000] {logging_mixin.py:188} INFO - [2024-04-22T11:45:43.237+0000] {dag.py:3033} INFO - Sync 1 DAGs
[2024-04-22T11:45:43.263+0000] {logging_mixin.py:188} INFO - [2024-04-22T11:45:43.262+0000] {dag.py:3820} INFO - Setting next_dagrun for dag_with_cron_expression_v04 to 2021-11-02T03:00:00+00:00, run_after=2021-11-03T03:00:00+00:00
[2024-04-22T11:45:43.304+0000] {processor.py:183} INFO - Processing /opt/airflow/dags/dag_with_cron_expression.py took 0.122 seconds
[2024-04-22T11:45:53.759+0000] {processor.py:161} INFO - Started process (PID=1376) to work on /opt/airflow/dags/dag_with_cron_expression.py
[2024-04-22T11:45:53.761+0000] {processor.py:830} INFO - Processing file /opt/airflow/dags/dag_with_cron_expression.py for tasks to queue
[2024-04-22T11:45:53.762+0000] {logging_mixin.py:188} INFO - [2024-04-22T11:45:53.762+0000] {dagbag.py:538} INFO - Filling up the DagBag from /opt/airflow/dags/dag_with_cron_expression.py
[2024-04-22T11:45:53.785+0000] {processor.py:840} INFO - DAG(s) 'dag_with_cron_expression_v04' retrieved from /opt/airflow/dags/dag_with_cron_expression.py
[2024-04-22T11:45:53.814+0000] {logging_mixin.py:188} INFO - [2024-04-22T11:45:53.814+0000] {dag.py:3033} INFO - Sync 1 DAGs
[2024-04-22T11:45:53.839+0000] {logging_mixin.py:188} INFO - [2024-04-22T11:45:53.839+0000] {dag.py:3820} INFO - Setting next_dagrun for dag_with_cron_expression_v04 to 2021-11-02T03:00:00+00:00, run_after=2021-11-03T03:00:00+00:00
[2024-04-22T11:45:53.869+0000] {processor.py:183} INFO - Processing /opt/airflow/dags/dag_with_cron_expression.py took 0.114 seconds
[2024-04-22T11:46:04.847+0000] {processor.py:161} INFO - Started process (PID=1416) to work on /opt/airflow/dags/dag_with_cron_expression.py
[2024-04-22T11:46:04.848+0000] {processor.py:830} INFO - Processing file /opt/airflow/dags/dag_with_cron_expression.py for tasks to queue
[2024-04-22T11:46:04.850+0000] {logging_mixin.py:188} INFO - [2024-04-22T11:46:04.849+0000] {dagbag.py:538} INFO - Filling up the DagBag from /opt/airflow/dags/dag_with_cron_expression.py
[2024-04-22T11:46:04.875+0000] {processor.py:840} INFO - DAG(s) 'dag_with_cron_expression_v04' retrieved from /opt/airflow/dags/dag_with_cron_expression.py
[2024-04-22T11:46:04.906+0000] {logging_mixin.py:188} INFO - [2024-04-22T11:46:04.905+0000] {dag.py:3033} INFO - Sync 1 DAGs
[2024-04-22T11:46:04.933+0000] {logging_mixin.py:188} INFO - [2024-04-22T11:46:04.932+0000] {dag.py:3820} INFO - Setting next_dagrun for dag_with_cron_expression_v04 to 2021-11-02T03:00:00+00:00, run_after=2021-11-03T03:00:00+00:00
[2024-04-22T11:46:04.967+0000] {processor.py:183} INFO - Processing /opt/airflow/dags/dag_with_cron_expression.py took 0.124 seconds
[2024-04-22T11:46:17.504+0000] {processor.py:161} INFO - Started process (PID=1456) to work on /opt/airflow/dags/dag_with_cron_expression.py
[2024-04-22T11:46:17.506+0000] {processor.py:830} INFO - Processing file /opt/airflow/dags/dag_with_cron_expression.py for tasks to queue
[2024-04-22T11:46:17.509+0000] {logging_mixin.py:188} INFO - [2024-04-22T11:46:17.508+0000] {dagbag.py:538} INFO - Filling up the DagBag from /opt/airflow/dags/dag_with_cron_expression.py
[2024-04-22T11:46:17.576+0000] {processor.py:840} INFO - DAG(s) 'dag_with_cron_expression_v04' retrieved from /opt/airflow/dags/dag_with_cron_expression.py
[2024-04-22T11:46:17.654+0000] {logging_mixin.py:188} INFO - [2024-04-22T11:46:17.653+0000] {dag.py:3033} INFO - Sync 1 DAGs
[2024-04-22T11:46:17.728+0000] {logging_mixin.py:188} INFO - [2024-04-22T11:46:17.727+0000] {dag.py:3820} INFO - Setting next_dagrun for dag_with_cron_expression_v04 to 2021-11-02T03:00:00+00:00, run_after=2021-11-03T03:00:00+00:00
[2024-04-22T11:46:17.871+0000] {processor.py:183} INFO - Processing /opt/airflow/dags/dag_with_cron_expression.py took 0.378 seconds
[2024-04-22T11:46:28.645+0000] {processor.py:161} INFO - Started process (PID=1496) to work on /opt/airflow/dags/dag_with_cron_expression.py
[2024-04-22T11:46:28.647+0000] {processor.py:830} INFO - Processing file /opt/airflow/dags/dag_with_cron_expression.py for tasks to queue
[2024-04-22T11:46:28.649+0000] {logging_mixin.py:188} INFO - [2024-04-22T11:46:28.649+0000] {dagbag.py:538} INFO - Filling up the DagBag from /opt/airflow/dags/dag_with_cron_expression.py
[2024-04-22T11:46:28.720+0000] {processor.py:840} INFO - DAG(s) 'dag_with_cron_expression_v04' retrieved from /opt/airflow/dags/dag_with_cron_expression.py
[2024-04-22T11:46:28.808+0000] {logging_mixin.py:188} INFO - [2024-04-22T11:46:28.808+0000] {dag.py:3033} INFO - Sync 1 DAGs
[2024-04-22T11:46:28.911+0000] {logging_mixin.py:188} INFO - [2024-04-22T11:46:28.910+0000] {dag.py:3820} INFO - Setting next_dagrun for dag_with_cron_expression_v04 to 2021-11-02T03:00:00+00:00, run_after=2021-11-03T03:00:00+00:00
[2024-04-22T11:46:28.979+0000] {processor.py:183} INFO - Processing /opt/airflow/dags/dag_with_cron_expression.py took 0.343 seconds
[2024-04-22T11:46:39.505+0000] {processor.py:161} INFO - Started process (PID=1536) to work on /opt/airflow/dags/dag_with_cron_expression.py
[2024-04-22T11:46:39.507+0000] {processor.py:830} INFO - Processing file /opt/airflow/dags/dag_with_cron_expression.py for tasks to queue
[2024-04-22T11:46:39.509+0000] {logging_mixin.py:188} INFO - [2024-04-22T11:46:39.508+0000] {dagbag.py:538} INFO - Filling up the DagBag from /opt/airflow/dags/dag_with_cron_expression.py
[2024-04-22T11:46:39.569+0000] {processor.py:840} INFO - DAG(s) 'dag_with_cron_expression_v04' retrieved from /opt/airflow/dags/dag_with_cron_expression.py
[2024-04-22T11:46:39.634+0000] {logging_mixin.py:188} INFO - [2024-04-22T11:46:39.634+0000] {dag.py:3033} INFO - Sync 1 DAGs
[2024-04-22T11:46:39.690+0000] {logging_mixin.py:188} INFO - [2024-04-22T11:46:39.690+0000] {dag.py:3820} INFO - Setting next_dagrun for dag_with_cron_expression_v04 to 2021-11-02T03:00:00+00:00, run_after=2021-11-03T03:00:00+00:00
[2024-04-22T11:46:39.745+0000] {processor.py:183} INFO - Processing /opt/airflow/dags/dag_with_cron_expression.py took 0.249 seconds
[2024-04-22T11:46:49.858+0000] {processor.py:161} INFO - Started process (PID=1576) to work on /opt/airflow/dags/dag_with_cron_expression.py
[2024-04-22T11:46:49.859+0000] {processor.py:830} INFO - Processing file /opt/airflow/dags/dag_with_cron_expression.py for tasks to queue
[2024-04-22T11:46:49.860+0000] {logging_mixin.py:188} INFO - [2024-04-22T11:46:49.860+0000] {dagbag.py:538} INFO - Filling up the DagBag from /opt/airflow/dags/dag_with_cron_expression.py
[2024-04-22T11:46:49.882+0000] {processor.py:840} INFO - DAG(s) 'dag_with_cron_expression_v04' retrieved from /opt/airflow/dags/dag_with_cron_expression.py
[2024-04-22T11:46:49.905+0000] {logging_mixin.py:188} INFO - [2024-04-22T11:46:49.905+0000] {dag.py:3033} INFO - Sync 1 DAGs
[2024-04-22T11:46:49.932+0000] {logging_mixin.py:188} INFO - [2024-04-22T11:46:49.932+0000] {dag.py:3820} INFO - Setting next_dagrun for dag_with_cron_expression_v04 to 2021-11-02T03:00:00+00:00, run_after=2021-11-03T03:00:00+00:00
[2024-04-22T11:46:49.972+0000] {processor.py:183} INFO - Processing /opt/airflow/dags/dag_with_cron_expression.py took 0.119 seconds
[2024-04-22T11:47:00.633+0000] {processor.py:161} INFO - Started process (PID=1614) to work on /opt/airflow/dags/dag_with_cron_expression.py
[2024-04-22T11:47:00.635+0000] {processor.py:830} INFO - Processing file /opt/airflow/dags/dag_with_cron_expression.py for tasks to queue
[2024-04-22T11:47:00.636+0000] {logging_mixin.py:188} INFO - [2024-04-22T11:47:00.636+0000] {dagbag.py:538} INFO - Filling up the DagBag from /opt/airflow/dags/dag_with_cron_expression.py
[2024-04-22T11:47:00.657+0000] {processor.py:840} INFO - DAG(s) 'dag_with_cron_expression_v04' retrieved from /opt/airflow/dags/dag_with_cron_expression.py
[2024-04-22T11:47:00.686+0000] {logging_mixin.py:188} INFO - [2024-04-22T11:47:00.686+0000] {dag.py:3033} INFO - Sync 1 DAGs
[2024-04-22T11:47:00.713+0000] {logging_mixin.py:188} INFO - [2024-04-22T11:47:00.712+0000] {dag.py:3820} INFO - Setting next_dagrun for dag_with_cron_expression_v04 to 2021-11-02T03:00:00+00:00, run_after=2021-11-03T03:00:00+00:00
[2024-04-22T11:47:00.755+0000] {processor.py:183} INFO - Processing /opt/airflow/dags/dag_with_cron_expression.py took 0.126 seconds
[2024-04-22T11:47:11.374+0000] {processor.py:161} INFO - Started process (PID=1656) to work on /opt/airflow/dags/dag_with_cron_expression.py
[2024-04-22T11:47:11.376+0000] {processor.py:830} INFO - Processing file /opt/airflow/dags/dag_with_cron_expression.py for tasks to queue
[2024-04-22T11:47:11.377+0000] {logging_mixin.py:188} INFO - [2024-04-22T11:47:11.377+0000] {dagbag.py:538} INFO - Filling up the DagBag from /opt/airflow/dags/dag_with_cron_expression.py
[2024-04-22T11:47:11.411+0000] {processor.py:840} INFO - DAG(s) 'dag_with_cron_expression_v04' retrieved from /opt/airflow/dags/dag_with_cron_expression.py
[2024-04-22T11:47:11.449+0000] {logging_mixin.py:188} INFO - [2024-04-22T11:47:11.448+0000] {dag.py:3033} INFO - Sync 1 DAGs
[2024-04-22T11:47:11.484+0000] {logging_mixin.py:188} INFO - [2024-04-22T11:47:11.484+0000] {dag.py:3820} INFO - Setting next_dagrun for dag_with_cron_expression_v04 to 2021-11-02T03:00:00+00:00, run_after=2021-11-03T03:00:00+00:00
[2024-04-22T11:47:11.520+0000] {processor.py:183} INFO - Processing /opt/airflow/dags/dag_with_cron_expression.py took 0.152 seconds
[2024-04-22T11:47:22.652+0000] {processor.py:161} INFO - Started process (PID=1696) to work on /opt/airflow/dags/dag_with_cron_expression.py
[2024-04-22T11:47:22.654+0000] {processor.py:830} INFO - Processing file /opt/airflow/dags/dag_with_cron_expression.py for tasks to queue
[2024-04-22T11:47:22.657+0000] {logging_mixin.py:188} INFO - [2024-04-22T11:47:22.656+0000] {dagbag.py:538} INFO - Filling up the DagBag from /opt/airflow/dags/dag_with_cron_expression.py
[2024-04-22T11:47:22.714+0000] {processor.py:840} INFO - DAG(s) 'dag_with_cron_expression_v04' retrieved from /opt/airflow/dags/dag_with_cron_expression.py
[2024-04-22T11:47:22.747+0000] {logging_mixin.py:188} INFO - [2024-04-22T11:47:22.747+0000] {dag.py:3033} INFO - Sync 1 DAGs
[2024-04-22T11:47:22.774+0000] {logging_mixin.py:188} INFO - [2024-04-22T11:47:22.773+0000] {dag.py:3820} INFO - Setting next_dagrun for dag_with_cron_expression_v04 to 2021-11-02T03:00:00+00:00, run_after=2021-11-03T03:00:00+00:00
[2024-04-22T11:47:22.806+0000] {processor.py:183} INFO - Processing /opt/airflow/dags/dag_with_cron_expression.py took 0.168 seconds
[2024-04-22T11:47:33.582+0000] {processor.py:161} INFO - Started process (PID=1736) to work on /opt/airflow/dags/dag_with_cron_expression.py
[2024-04-22T11:47:33.584+0000] {processor.py:830} INFO - Processing file /opt/airflow/dags/dag_with_cron_expression.py for tasks to queue
[2024-04-22T11:47:33.589+0000] {logging_mixin.py:188} INFO - [2024-04-22T11:47:33.587+0000] {dagbag.py:538} INFO - Filling up the DagBag from /opt/airflow/dags/dag_with_cron_expression.py
[2024-04-22T11:47:33.653+0000] {processor.py:840} INFO - DAG(s) 'dag_with_cron_expression_v04' retrieved from /opt/airflow/dags/dag_with_cron_expression.py
[2024-04-22T11:47:33.724+0000] {logging_mixin.py:188} INFO - [2024-04-22T11:47:33.723+0000] {dag.py:3033} INFO - Sync 1 DAGs
[2024-04-22T11:47:33.800+0000] {logging_mixin.py:188} INFO - [2024-04-22T11:47:33.799+0000] {dag.py:3820} INFO - Setting next_dagrun for dag_with_cron_expression_v04 to 2021-11-02T03:00:00+00:00, run_after=2021-11-03T03:00:00+00:00
[2024-04-22T11:47:33.888+0000] {processor.py:183} INFO - Processing /opt/airflow/dags/dag_with_cron_expression.py took 0.312 seconds
[2024-04-22T11:47:44.795+0000] {processor.py:161} INFO - Started process (PID=1779) to work on /opt/airflow/dags/dag_with_cron_expression.py
[2024-04-22T11:47:44.798+0000] {processor.py:830} INFO - Processing file /opt/airflow/dags/dag_with_cron_expression.py for tasks to queue
[2024-04-22T11:47:44.800+0000] {logging_mixin.py:188} INFO - [2024-04-22T11:47:44.799+0000] {dagbag.py:538} INFO - Filling up the DagBag from /opt/airflow/dags/dag_with_cron_expression.py
[2024-04-22T11:47:44.862+0000] {processor.py:840} INFO - DAG(s) 'dag_with_cron_expression_v04' retrieved from /opt/airflow/dags/dag_with_cron_expression.py
[2024-04-22T11:47:44.960+0000] {logging_mixin.py:188} INFO - [2024-04-22T11:47:44.960+0000] {dag.py:3033} INFO - Sync 1 DAGs
[2024-04-22T11:47:45.024+0000] {logging_mixin.py:188} INFO - [2024-04-22T11:47:45.023+0000] {dag.py:3820} INFO - Setting next_dagrun for dag_with_cron_expression_v04 to 2021-11-02T03:00:00+00:00, run_after=2021-11-03T03:00:00+00:00
[2024-04-22T11:47:45.133+0000] {processor.py:183} INFO - Processing /opt/airflow/dags/dag_with_cron_expression.py took 0.346 seconds
[2024-04-22T11:48:31.628+0000] {processor.py:161} INFO - Started process (PID=198) to work on /opt/airflow/dags/dag_with_cron_expression.py
[2024-04-22T11:48:31.629+0000] {processor.py:830} INFO - Processing file /opt/airflow/dags/dag_with_cron_expression.py for tasks to queue
[2024-04-22T11:48:31.631+0000] {logging_mixin.py:188} INFO - [2024-04-22T11:48:31.630+0000] {dagbag.py:538} INFO - Filling up the DagBag from /opt/airflow/dags/dag_with_cron_expression.py
[2024-04-22T11:48:31.661+0000] {processor.py:840} INFO - DAG(s) 'dag_with_cron_expression_v04' retrieved from /opt/airflow/dags/dag_with_cron_expression.py
[2024-04-22T11:48:31.682+0000] {logging_mixin.py:188} INFO - [2024-04-22T11:48:31.682+0000] {dag.py:3033} INFO - Sync 1 DAGs
[2024-04-22T11:48:31.731+0000] {logging_mixin.py:188} INFO - [2024-04-22T11:48:31.731+0000] {dag.py:3820} INFO - Setting next_dagrun for dag_with_cron_expression_v04 to 2021-11-02T03:00:00+00:00, run_after=2021-11-03T03:00:00+00:00
[2024-04-22T11:48:31.764+0000] {processor.py:183} INFO - Processing /opt/airflow/dags/dag_with_cron_expression.py took 0.142 seconds
[2024-04-22T11:48:42.641+0000] {processor.py:161} INFO - Started process (PID=245) to work on /opt/airflow/dags/dag_with_cron_expression.py
[2024-04-22T11:48:42.643+0000] {processor.py:830} INFO - Processing file /opt/airflow/dags/dag_with_cron_expression.py for tasks to queue
[2024-04-22T11:48:42.644+0000] {logging_mixin.py:188} INFO - [2024-04-22T11:48:42.643+0000] {dagbag.py:538} INFO - Filling up the DagBag from /opt/airflow/dags/dag_with_cron_expression.py
[2024-04-22T11:48:42.668+0000] {processor.py:840} INFO - DAG(s) 'dag_with_cron_expression_v04' retrieved from /opt/airflow/dags/dag_with_cron_expression.py
[2024-04-22T11:48:42.682+0000] {logging_mixin.py:188} INFO - [2024-04-22T11:48:42.682+0000] {dag.py:3033} INFO - Sync 1 DAGs
[2024-04-22T11:48:42.719+0000] {logging_mixin.py:188} INFO - [2024-04-22T11:48:42.719+0000] {dag.py:3820} INFO - Setting next_dagrun for dag_with_cron_expression_v04 to 2021-11-02T03:00:00+00:00, run_after=2021-11-03T03:00:00+00:00
[2024-04-22T11:48:42.747+0000] {processor.py:183} INFO - Processing /opt/airflow/dags/dag_with_cron_expression.py took 0.111 seconds
[2024-04-22T11:48:53.491+0000] {processor.py:161} INFO - Started process (PID=290) to work on /opt/airflow/dags/dag_with_cron_expression.py
[2024-04-22T11:48:53.492+0000] {processor.py:830} INFO - Processing file /opt/airflow/dags/dag_with_cron_expression.py for tasks to queue
[2024-04-22T11:48:53.493+0000] {logging_mixin.py:188} INFO - [2024-04-22T11:48:53.493+0000] {dagbag.py:538} INFO - Filling up the DagBag from /opt/airflow/dags/dag_with_cron_expression.py
[2024-04-22T11:48:53.511+0000] {processor.py:840} INFO - DAG(s) 'dag_with_cron_expression_v04' retrieved from /opt/airflow/dags/dag_with_cron_expression.py
[2024-04-22T11:48:53.522+0000] {logging_mixin.py:188} INFO - [2024-04-22T11:48:53.522+0000] {dag.py:3033} INFO - Sync 1 DAGs
[2024-04-22T11:48:53.546+0000] {logging_mixin.py:188} INFO - [2024-04-22T11:48:53.546+0000] {dag.py:3820} INFO - Setting next_dagrun for dag_with_cron_expression_v04 to 2021-11-02T03:00:00+00:00, run_after=2021-11-03T03:00:00+00:00
[2024-04-22T11:48:53.571+0000] {processor.py:183} INFO - Processing /opt/airflow/dags/dag_with_cron_expression.py took 0.083 seconds
[2024-04-22T11:49:03.735+0000] {processor.py:161} INFO - Started process (PID=335) to work on /opt/airflow/dags/dag_with_cron_expression.py
[2024-04-22T11:49:03.736+0000] {processor.py:830} INFO - Processing file /opt/airflow/dags/dag_with_cron_expression.py for tasks to queue
[2024-04-22T11:49:03.737+0000] {logging_mixin.py:188} INFO - [2024-04-22T11:49:03.737+0000] {dagbag.py:538} INFO - Filling up the DagBag from /opt/airflow/dags/dag_with_cron_expression.py
[2024-04-22T11:49:03.758+0000] {processor.py:840} INFO - DAG(s) 'dag_with_cron_expression_v04' retrieved from /opt/airflow/dags/dag_with_cron_expression.py
[2024-04-22T11:49:03.848+0000] {logging_mixin.py:188} INFO - [2024-04-22T11:49:03.848+0000] {dag.py:3033} INFO - Sync 1 DAGs
[2024-04-22T11:49:03.867+0000] {logging_mixin.py:188} INFO - [2024-04-22T11:49:03.867+0000] {dag.py:3820} INFO - Setting next_dagrun for dag_with_cron_expression_v04 to 2021-11-02T03:00:00+00:00, run_after=2021-11-03T03:00:00+00:00
[2024-04-22T11:49:03.893+0000] {processor.py:183} INFO - Processing /opt/airflow/dags/dag_with_cron_expression.py took 0.162 seconds
[2024-04-22T11:49:14.636+0000] {processor.py:161} INFO - Started process (PID=380) to work on /opt/airflow/dags/dag_with_cron_expression.py
[2024-04-22T11:49:14.637+0000] {processor.py:830} INFO - Processing file /opt/airflow/dags/dag_with_cron_expression.py for tasks to queue
[2024-04-22T11:49:14.638+0000] {logging_mixin.py:188} INFO - [2024-04-22T11:49:14.637+0000] {dagbag.py:538} INFO - Filling up the DagBag from /opt/airflow/dags/dag_with_cron_expression.py
[2024-04-22T11:49:14.656+0000] {processor.py:840} INFO - DAG(s) 'dag_with_cron_expression_v04' retrieved from /opt/airflow/dags/dag_with_cron_expression.py
[2024-04-22T11:49:14.668+0000] {logging_mixin.py:188} INFO - [2024-04-22T11:49:14.668+0000] {dag.py:3033} INFO - Sync 1 DAGs
[2024-04-22T11:49:14.690+0000] {logging_mixin.py:188} INFO - [2024-04-22T11:49:14.690+0000] {dag.py:3820} INFO - Setting next_dagrun for dag_with_cron_expression_v04 to 2021-11-02T03:00:00+00:00, run_after=2021-11-03T03:00:00+00:00
[2024-04-22T11:49:14.714+0000] {processor.py:183} INFO - Processing /opt/airflow/dags/dag_with_cron_expression.py took 0.082 seconds
[2024-04-22T11:49:25.308+0000] {processor.py:161} INFO - Started process (PID=425) to work on /opt/airflow/dags/dag_with_cron_expression.py
[2024-04-22T11:49:25.310+0000] {processor.py:830} INFO - Processing file /opt/airflow/dags/dag_with_cron_expression.py for tasks to queue
[2024-04-22T11:49:25.311+0000] {logging_mixin.py:188} INFO - [2024-04-22T11:49:25.310+0000] {dagbag.py:538} INFO - Filling up the DagBag from /opt/airflow/dags/dag_with_cron_expression.py
[2024-04-22T11:49:25.331+0000] {processor.py:840} INFO - DAG(s) 'dag_with_cron_expression_v04' retrieved from /opt/airflow/dags/dag_with_cron_expression.py
[2024-04-22T11:49:25.343+0000] {logging_mixin.py:188} INFO - [2024-04-22T11:49:25.343+0000] {dag.py:3033} INFO - Sync 1 DAGs
[2024-04-22T11:49:25.369+0000] {logging_mixin.py:188} INFO - [2024-04-22T11:49:25.368+0000] {dag.py:3820} INFO - Setting next_dagrun for dag_with_cron_expression_v04 to 2021-11-02T03:00:00+00:00, run_after=2021-11-03T03:00:00+00:00
[2024-04-22T11:49:25.391+0000] {processor.py:183} INFO - Processing /opt/airflow/dags/dag_with_cron_expression.py took 0.086 seconds
[2024-04-22T11:49:36.027+0000] {processor.py:161} INFO - Started process (PID=470) to work on /opt/airflow/dags/dag_with_cron_expression.py
[2024-04-22T11:49:36.028+0000] {processor.py:830} INFO - Processing file /opt/airflow/dags/dag_with_cron_expression.py for tasks to queue
[2024-04-22T11:49:36.029+0000] {logging_mixin.py:188} INFO - [2024-04-22T11:49:36.029+0000] {dagbag.py:538} INFO - Filling up the DagBag from /opt/airflow/dags/dag_with_cron_expression.py
[2024-04-22T11:49:36.054+0000] {processor.py:840} INFO - DAG(s) 'dag_with_cron_expression_v04' retrieved from /opt/airflow/dags/dag_with_cron_expression.py
[2024-04-22T11:49:36.088+0000] {logging_mixin.py:188} INFO - [2024-04-22T11:49:36.088+0000] {dag.py:3033} INFO - Sync 1 DAGs
[2024-04-22T11:49:36.118+0000] {logging_mixin.py:188} INFO - [2024-04-22T11:49:36.117+0000] {dag.py:3820} INFO - Setting next_dagrun for dag_with_cron_expression_v04 to 2021-11-02T03:00:00+00:00, run_after=2021-11-03T03:00:00+00:00
[2024-04-22T11:49:36.143+0000] {processor.py:183} INFO - Processing /opt/airflow/dags/dag_with_cron_expression.py took 0.121 seconds
[2024-04-22T11:49:46.765+0000] {processor.py:161} INFO - Started process (PID=515) to work on /opt/airflow/dags/dag_with_cron_expression.py
[2024-04-22T11:49:46.766+0000] {processor.py:830} INFO - Processing file /opt/airflow/dags/dag_with_cron_expression.py for tasks to queue
[2024-04-22T11:49:46.767+0000] {logging_mixin.py:188} INFO - [2024-04-22T11:49:46.766+0000] {dagbag.py:538} INFO - Filling up the DagBag from /opt/airflow/dags/dag_with_cron_expression.py
[2024-04-22T11:49:46.788+0000] {processor.py:840} INFO - DAG(s) 'dag_with_cron_expression_v04' retrieved from /opt/airflow/dags/dag_with_cron_expression.py
[2024-04-22T11:49:46.816+0000] {logging_mixin.py:188} INFO - [2024-04-22T11:49:46.816+0000] {dag.py:3033} INFO - Sync 1 DAGs
[2024-04-22T11:49:46.843+0000] {logging_mixin.py:188} INFO - [2024-04-22T11:49:46.843+0000] {dag.py:3820} INFO - Setting next_dagrun for dag_with_cron_expression_v04 to 2021-11-02T03:00:00+00:00, run_after=2021-11-03T03:00:00+00:00
[2024-04-22T11:49:46.866+0000] {processor.py:183} INFO - Processing /opt/airflow/dags/dag_with_cron_expression.py took 0.106 seconds
[2024-04-22T11:49:57.424+0000] {processor.py:161} INFO - Started process (PID=560) to work on /opt/airflow/dags/dag_with_cron_expression.py
[2024-04-22T11:49:57.425+0000] {processor.py:830} INFO - Processing file /opt/airflow/dags/dag_with_cron_expression.py for tasks to queue
[2024-04-22T11:49:57.427+0000] {logging_mixin.py:188} INFO - [2024-04-22T11:49:57.426+0000] {dagbag.py:538} INFO - Filling up the DagBag from /opt/airflow/dags/dag_with_cron_expression.py
[2024-04-22T11:49:57.445+0000] {processor.py:840} INFO - DAG(s) 'dag_with_cron_expression_v04' retrieved from /opt/airflow/dags/dag_with_cron_expression.py
[2024-04-22T11:49:57.466+0000] {logging_mixin.py:188} INFO - [2024-04-22T11:49:57.466+0000] {dag.py:3033} INFO - Sync 1 DAGs
[2024-04-22T11:49:57.488+0000] {logging_mixin.py:188} INFO - [2024-04-22T11:49:57.488+0000] {dag.py:3820} INFO - Setting next_dagrun for dag_with_cron_expression_v04 to 2021-11-02T03:00:00+00:00, run_after=2021-11-03T03:00:00+00:00
[2024-04-22T11:49:57.511+0000] {processor.py:183} INFO - Processing /opt/airflow/dags/dag_with_cron_expression.py took 0.090 seconds
[2024-04-22T11:50:08.145+0000] {processor.py:161} INFO - Started process (PID=605) to work on /opt/airflow/dags/dag_with_cron_expression.py
[2024-04-22T11:50:08.146+0000] {processor.py:830} INFO - Processing file /opt/airflow/dags/dag_with_cron_expression.py for tasks to queue
[2024-04-22T11:50:08.147+0000] {logging_mixin.py:188} INFO - [2024-04-22T11:50:08.147+0000] {dagbag.py:538} INFO - Filling up the DagBag from /opt/airflow/dags/dag_with_cron_expression.py
[2024-04-22T11:50:08.166+0000] {processor.py:840} INFO - DAG(s) 'dag_with_cron_expression_v04' retrieved from /opt/airflow/dags/dag_with_cron_expression.py
[2024-04-22T11:50:08.187+0000] {logging_mixin.py:188} INFO - [2024-04-22T11:50:08.187+0000] {dag.py:3033} INFO - Sync 1 DAGs
[2024-04-22T11:50:08.209+0000] {logging_mixin.py:188} INFO - [2024-04-22T11:50:08.209+0000] {dag.py:3820} INFO - Setting next_dagrun for dag_with_cron_expression_v04 to 2021-11-02T03:00:00+00:00, run_after=2021-11-03T03:00:00+00:00
[2024-04-22T11:50:08.233+0000] {processor.py:183} INFO - Processing /opt/airflow/dags/dag_with_cron_expression.py took 0.091 seconds
[2024-04-22T11:50:18.881+0000] {processor.py:161} INFO - Started process (PID=650) to work on /opt/airflow/dags/dag_with_cron_expression.py
[2024-04-22T11:50:18.883+0000] {processor.py:830} INFO - Processing file /opt/airflow/dags/dag_with_cron_expression.py for tasks to queue
[2024-04-22T11:50:18.883+0000] {logging_mixin.py:188} INFO - [2024-04-22T11:50:18.883+0000] {dagbag.py:538} INFO - Filling up the DagBag from /opt/airflow/dags/dag_with_cron_expression.py
[2024-04-22T11:50:18.904+0000] {processor.py:840} INFO - DAG(s) 'dag_with_cron_expression_v04' retrieved from /opt/airflow/dags/dag_with_cron_expression.py
[2024-04-22T11:50:18.926+0000] {logging_mixin.py:188} INFO - [2024-04-22T11:50:18.926+0000] {dag.py:3033} INFO - Sync 1 DAGs
[2024-04-22T11:50:18.949+0000] {logging_mixin.py:188} INFO - [2024-04-22T11:50:18.949+0000] {dag.py:3820} INFO - Setting next_dagrun for dag_with_cron_expression_v04 to 2021-11-02T03:00:00+00:00, run_after=2021-11-03T03:00:00+00:00
[2024-04-22T11:50:18.973+0000] {processor.py:183} INFO - Processing /opt/airflow/dags/dag_with_cron_expression.py took 0.095 seconds
[2024-04-22T11:50:29.593+0000] {processor.py:161} INFO - Started process (PID=695) to work on /opt/airflow/dags/dag_with_cron_expression.py
[2024-04-22T11:50:29.594+0000] {processor.py:830} INFO - Processing file /opt/airflow/dags/dag_with_cron_expression.py for tasks to queue
[2024-04-22T11:50:29.595+0000] {logging_mixin.py:188} INFO - [2024-04-22T11:50:29.595+0000] {dagbag.py:538} INFO - Filling up the DagBag from /opt/airflow/dags/dag_with_cron_expression.py
[2024-04-22T11:50:29.613+0000] {processor.py:840} INFO - DAG(s) 'dag_with_cron_expression_v04' retrieved from /opt/airflow/dags/dag_with_cron_expression.py
[2024-04-22T11:50:29.634+0000] {logging_mixin.py:188} INFO - [2024-04-22T11:50:29.634+0000] {dag.py:3033} INFO - Sync 1 DAGs
[2024-04-22T11:50:29.657+0000] {logging_mixin.py:188} INFO - [2024-04-22T11:50:29.656+0000] {dag.py:3820} INFO - Setting next_dagrun for dag_with_cron_expression_v04 to 2021-11-02T03:00:00+00:00, run_after=2021-11-03T03:00:00+00:00
[2024-04-22T11:50:29.679+0000] {processor.py:183} INFO - Processing /opt/airflow/dags/dag_with_cron_expression.py took 0.090 seconds
[2024-04-22T11:50:40.308+0000] {processor.py:161} INFO - Started process (PID=740) to work on /opt/airflow/dags/dag_with_cron_expression.py
[2024-04-22T11:50:40.309+0000] {processor.py:830} INFO - Processing file /opt/airflow/dags/dag_with_cron_expression.py for tasks to queue
[2024-04-22T11:50:40.310+0000] {logging_mixin.py:188} INFO - [2024-04-22T11:50:40.309+0000] {dagbag.py:538} INFO - Filling up the DagBag from /opt/airflow/dags/dag_with_cron_expression.py
[2024-04-22T11:50:40.329+0000] {processor.py:840} INFO - DAG(s) 'dag_with_cron_expression_v04' retrieved from /opt/airflow/dags/dag_with_cron_expression.py
[2024-04-22T11:50:40.350+0000] {logging_mixin.py:188} INFO - [2024-04-22T11:50:40.350+0000] {dag.py:3033} INFO - Sync 1 DAGs
[2024-04-22T11:50:40.372+0000] {logging_mixin.py:188} INFO - [2024-04-22T11:50:40.372+0000] {dag.py:3820} INFO - Setting next_dagrun for dag_with_cron_expression_v04 to 2021-11-02T03:00:00+00:00, run_after=2021-11-03T03:00:00+00:00
[2024-04-22T11:50:40.395+0000] {processor.py:183} INFO - Processing /opt/airflow/dags/dag_with_cron_expression.py took 0.091 seconds
[2024-04-22T11:50:50.976+0000] {processor.py:161} INFO - Started process (PID=785) to work on /opt/airflow/dags/dag_with_cron_expression.py
[2024-04-22T11:50:50.977+0000] {processor.py:830} INFO - Processing file /opt/airflow/dags/dag_with_cron_expression.py for tasks to queue
[2024-04-22T11:50:50.978+0000] {logging_mixin.py:188} INFO - [2024-04-22T11:50:50.978+0000] {dagbag.py:538} INFO - Filling up the DagBag from /opt/airflow/dags/dag_with_cron_expression.py
[2024-04-22T11:50:50.998+0000] {processor.py:840} INFO - DAG(s) 'dag_with_cron_expression_v04' retrieved from /opt/airflow/dags/dag_with_cron_expression.py
[2024-04-22T11:50:51.019+0000] {logging_mixin.py:188} INFO - [2024-04-22T11:50:51.019+0000] {dag.py:3033} INFO - Sync 1 DAGs
[2024-04-22T11:50:51.042+0000] {logging_mixin.py:188} INFO - [2024-04-22T11:50:51.042+0000] {dag.py:3820} INFO - Setting next_dagrun for dag_with_cron_expression_v04 to 2021-11-02T03:00:00+00:00, run_after=2021-11-03T03:00:00+00:00
[2024-04-22T11:50:51.065+0000] {processor.py:183} INFO - Processing /opt/airflow/dags/dag_with_cron_expression.py took 0.092 seconds
[2024-04-22T11:51:01.673+0000] {processor.py:161} INFO - Started process (PID=830) to work on /opt/airflow/dags/dag_with_cron_expression.py
[2024-04-22T11:51:01.674+0000] {processor.py:830} INFO - Processing file /opt/airflow/dags/dag_with_cron_expression.py for tasks to queue
[2024-04-22T11:51:01.675+0000] {logging_mixin.py:188} INFO - [2024-04-22T11:51:01.675+0000] {dagbag.py:538} INFO - Filling up the DagBag from /opt/airflow/dags/dag_with_cron_expression.py
[2024-04-22T11:51:01.695+0000] {processor.py:840} INFO - DAG(s) 'dag_with_cron_expression_v04' retrieved from /opt/airflow/dags/dag_with_cron_expression.py
[2024-04-22T11:51:01.719+0000] {logging_mixin.py:188} INFO - [2024-04-22T11:51:01.718+0000] {dag.py:3033} INFO - Sync 1 DAGs
[2024-04-22T11:51:01.741+0000] {logging_mixin.py:188} INFO - [2024-04-22T11:51:01.740+0000] {dag.py:3820} INFO - Setting next_dagrun for dag_with_cron_expression_v04 to 2021-11-02T03:00:00+00:00, run_after=2021-11-03T03:00:00+00:00
[2024-04-22T11:51:01.765+0000] {processor.py:183} INFO - Processing /opt/airflow/dags/dag_with_cron_expression.py took 0.095 seconds
[2024-04-22T11:51:12.469+0000] {processor.py:161} INFO - Started process (PID=875) to work on /opt/airflow/dags/dag_with_cron_expression.py
[2024-04-22T11:51:12.470+0000] {processor.py:830} INFO - Processing file /opt/airflow/dags/dag_with_cron_expression.py for tasks to queue
[2024-04-22T11:51:12.471+0000] {logging_mixin.py:188} INFO - [2024-04-22T11:51:12.471+0000] {dagbag.py:538} INFO - Filling up the DagBag from /opt/airflow/dags/dag_with_cron_expression.py
[2024-04-22T11:51:12.490+0000] {processor.py:840} INFO - DAG(s) 'dag_with_cron_expression_v04' retrieved from /opt/airflow/dags/dag_with_cron_expression.py
[2024-04-22T11:51:12.513+0000] {logging_mixin.py:188} INFO - [2024-04-22T11:51:12.512+0000] {dag.py:3033} INFO - Sync 1 DAGs
[2024-04-22T11:51:12.535+0000] {logging_mixin.py:188} INFO - [2024-04-22T11:51:12.534+0000] {dag.py:3820} INFO - Setting next_dagrun for dag_with_cron_expression_v04 to 2021-11-02T03:00:00+00:00, run_after=2021-11-03T03:00:00+00:00
[2024-04-22T11:51:12.557+0000] {processor.py:183} INFO - Processing /opt/airflow/dags/dag_with_cron_expression.py took 0.091 seconds
[2024-04-22T11:51:23.202+0000] {processor.py:161} INFO - Started process (PID=920) to work on /opt/airflow/dags/dag_with_cron_expression.py
[2024-04-22T11:51:23.203+0000] {processor.py:830} INFO - Processing file /opt/airflow/dags/dag_with_cron_expression.py for tasks to queue
[2024-04-22T11:51:23.204+0000] {logging_mixin.py:188} INFO - [2024-04-22T11:51:23.204+0000] {dagbag.py:538} INFO - Filling up the DagBag from /opt/airflow/dags/dag_with_cron_expression.py
[2024-04-22T11:51:23.222+0000] {processor.py:840} INFO - DAG(s) 'dag_with_cron_expression_v04' retrieved from /opt/airflow/dags/dag_with_cron_expression.py
[2024-04-22T11:51:23.244+0000] {logging_mixin.py:188} INFO - [2024-04-22T11:51:23.244+0000] {dag.py:3033} INFO - Sync 1 DAGs
[2024-04-22T11:51:23.266+0000] {logging_mixin.py:188} INFO - [2024-04-22T11:51:23.266+0000] {dag.py:3820} INFO - Setting next_dagrun for dag_with_cron_expression_v04 to 2021-11-02T03:00:00+00:00, run_after=2021-11-03T03:00:00+00:00
[2024-04-22T11:51:23.288+0000] {processor.py:183} INFO - Processing /opt/airflow/dags/dag_with_cron_expression.py took 0.089 seconds
[2024-04-22T11:51:33.774+0000] {processor.py:161} INFO - Started process (PID=963) to work on /opt/airflow/dags/dag_with_cron_expression.py
[2024-04-22T11:51:33.775+0000] {processor.py:830} INFO - Processing file /opt/airflow/dags/dag_with_cron_expression.py for tasks to queue
[2024-04-22T11:51:33.776+0000] {logging_mixin.py:188} INFO - [2024-04-22T11:51:33.776+0000] {dagbag.py:538} INFO - Filling up the DagBag from /opt/airflow/dags/dag_with_cron_expression.py
[2024-04-22T11:51:33.795+0000] {processor.py:840} INFO - DAG(s) 'dag_with_cron_expression_v04' retrieved from /opt/airflow/dags/dag_with_cron_expression.py
[2024-04-22T11:51:33.816+0000] {logging_mixin.py:188} INFO - [2024-04-22T11:51:33.816+0000] {dag.py:3033} INFO - Sync 1 DAGs
[2024-04-22T11:51:33.838+0000] {logging_mixin.py:188} INFO - [2024-04-22T11:51:33.838+0000] {dag.py:3820} INFO - Setting next_dagrun for dag_with_cron_expression_v04 to 2021-11-02T03:00:00+00:00, run_after=2021-11-03T03:00:00+00:00
[2024-04-22T11:51:33.862+0000] {processor.py:183} INFO - Processing /opt/airflow/dags/dag_with_cron_expression.py took 0.091 seconds
[2024-04-22T11:51:44.736+0000] {processor.py:161} INFO - Started process (PID=1010) to work on /opt/airflow/dags/dag_with_cron_expression.py
[2024-04-22T11:51:44.737+0000] {processor.py:830} INFO - Processing file /opt/airflow/dags/dag_with_cron_expression.py for tasks to queue
[2024-04-22T11:51:44.738+0000] {logging_mixin.py:188} INFO - [2024-04-22T11:51:44.738+0000] {dagbag.py:538} INFO - Filling up the DagBag from /opt/airflow/dags/dag_with_cron_expression.py
[2024-04-22T11:51:44.756+0000] {processor.py:840} INFO - DAG(s) 'dag_with_cron_expression_v04' retrieved from /opt/airflow/dags/dag_with_cron_expression.py
[2024-04-22T11:51:44.778+0000] {logging_mixin.py:188} INFO - [2024-04-22T11:51:44.778+0000] {dag.py:3033} INFO - Sync 1 DAGs
[2024-04-22T11:51:44.801+0000] {logging_mixin.py:188} INFO - [2024-04-22T11:51:44.801+0000] {dag.py:3820} INFO - Setting next_dagrun for dag_with_cron_expression_v04 to 2021-11-02T03:00:00+00:00, run_after=2021-11-03T03:00:00+00:00
[2024-04-22T11:51:44.823+0000] {processor.py:183} INFO - Processing /opt/airflow/dags/dag_with_cron_expression.py took 0.090 seconds
[2024-04-22T11:51:55.444+0000] {processor.py:161} INFO - Started process (PID=1055) to work on /opt/airflow/dags/dag_with_cron_expression.py
[2024-04-22T11:51:55.445+0000] {processor.py:830} INFO - Processing file /opt/airflow/dags/dag_with_cron_expression.py for tasks to queue
[2024-04-22T11:51:55.446+0000] {logging_mixin.py:188} INFO - [2024-04-22T11:51:55.446+0000] {dagbag.py:538} INFO - Filling up the DagBag from /opt/airflow/dags/dag_with_cron_expression.py
[2024-04-22T11:51:55.463+0000] {processor.py:840} INFO - DAG(s) 'dag_with_cron_expression_v04' retrieved from /opt/airflow/dags/dag_with_cron_expression.py
[2024-04-22T11:51:55.487+0000] {logging_mixin.py:188} INFO - [2024-04-22T11:51:55.486+0000] {dag.py:3033} INFO - Sync 1 DAGs
[2024-04-22T11:51:55.509+0000] {logging_mixin.py:188} INFO - [2024-04-22T11:51:55.508+0000] {dag.py:3820} INFO - Setting next_dagrun for dag_with_cron_expression_v04 to 2021-11-02T03:00:00+00:00, run_after=2021-11-03T03:00:00+00:00
[2024-04-22T11:51:55.533+0000] {processor.py:183} INFO - Processing /opt/airflow/dags/dag_with_cron_expression.py took 0.093 seconds
[2024-04-22T11:52:06.163+0000] {processor.py:161} INFO - Started process (PID=1100) to work on /opt/airflow/dags/dag_with_cron_expression.py
[2024-04-22T11:52:06.165+0000] {processor.py:830} INFO - Processing file /opt/airflow/dags/dag_with_cron_expression.py for tasks to queue
[2024-04-22T11:52:06.166+0000] {logging_mixin.py:188} INFO - [2024-04-22T11:52:06.165+0000] {dagbag.py:538} INFO - Filling up the DagBag from /opt/airflow/dags/dag_with_cron_expression.py
[2024-04-22T11:52:06.185+0000] {processor.py:840} INFO - DAG(s) 'dag_with_cron_expression_v04' retrieved from /opt/airflow/dags/dag_with_cron_expression.py
[2024-04-22T11:52:06.207+0000] {logging_mixin.py:188} INFO - [2024-04-22T11:52:06.207+0000] {dag.py:3033} INFO - Sync 1 DAGs
[2024-04-22T11:52:06.238+0000] {logging_mixin.py:188} INFO - [2024-04-22T11:52:06.238+0000] {dag.py:3820} INFO - Setting next_dagrun for dag_with_cron_expression_v04 to 2021-11-02T03:00:00+00:00, run_after=2021-11-03T03:00:00+00:00
[2024-04-22T11:52:06.273+0000] {processor.py:183} INFO - Processing /opt/airflow/dags/dag_with_cron_expression.py took 0.112 seconds
[2024-04-22T11:52:17.034+0000] {processor.py:161} INFO - Started process (PID=1145) to work on /opt/airflow/dags/dag_with_cron_expression.py
[2024-04-22T11:52:17.035+0000] {processor.py:830} INFO - Processing file /opt/airflow/dags/dag_with_cron_expression.py for tasks to queue
[2024-04-22T11:52:17.036+0000] {logging_mixin.py:188} INFO - [2024-04-22T11:52:17.036+0000] {dagbag.py:538} INFO - Filling up the DagBag from /opt/airflow/dags/dag_with_cron_expression.py
[2024-04-22T11:52:17.054+0000] {processor.py:840} INFO - DAG(s) 'dag_with_cron_expression_v04' retrieved from /opt/airflow/dags/dag_with_cron_expression.py
[2024-04-22T11:52:17.076+0000] {logging_mixin.py:188} INFO - [2024-04-22T11:52:17.076+0000] {dag.py:3033} INFO - Sync 1 DAGs
[2024-04-22T11:52:17.098+0000] {logging_mixin.py:188} INFO - [2024-04-22T11:52:17.098+0000] {dag.py:3820} INFO - Setting next_dagrun for dag_with_cron_expression_v04 to 2021-11-02T03:00:00+00:00, run_after=2021-11-03T03:00:00+00:00
[2024-04-22T11:52:17.120+0000] {processor.py:183} INFO - Processing /opt/airflow/dags/dag_with_cron_expression.py took 0.090 seconds
[2024-04-22T11:52:27.764+0000] {processor.py:161} INFO - Started process (PID=1190) to work on /opt/airflow/dags/dag_with_cron_expression.py
[2024-04-22T11:52:27.765+0000] {processor.py:830} INFO - Processing file /opt/airflow/dags/dag_with_cron_expression.py for tasks to queue
[2024-04-22T11:52:27.766+0000] {logging_mixin.py:188} INFO - [2024-04-22T11:52:27.766+0000] {dagbag.py:538} INFO - Filling up the DagBag from /opt/airflow/dags/dag_with_cron_expression.py
[2024-04-22T11:52:27.786+0000] {processor.py:840} INFO - DAG(s) 'dag_with_cron_expression_v04' retrieved from /opt/airflow/dags/dag_with_cron_expression.py
[2024-04-22T11:52:27.811+0000] {logging_mixin.py:188} INFO - [2024-04-22T11:52:27.811+0000] {dag.py:3033} INFO - Sync 1 DAGs
[2024-04-22T11:52:27.842+0000] {logging_mixin.py:188} INFO - [2024-04-22T11:52:27.841+0000] {dag.py:3820} INFO - Setting next_dagrun for dag_with_cron_expression_v04 to 2021-11-02T03:00:00+00:00, run_after=2021-11-03T03:00:00+00:00
[2024-04-22T11:52:27.875+0000] {processor.py:183} INFO - Processing /opt/airflow/dags/dag_with_cron_expression.py took 0.114 seconds
[2024-04-22T11:52:38.527+0000] {processor.py:161} INFO - Started process (PID=1235) to work on /opt/airflow/dags/dag_with_cron_expression.py
[2024-04-22T11:52:38.528+0000] {processor.py:830} INFO - Processing file /opt/airflow/dags/dag_with_cron_expression.py for tasks to queue
[2024-04-22T11:52:38.529+0000] {logging_mixin.py:188} INFO - [2024-04-22T11:52:38.529+0000] {dagbag.py:538} INFO - Filling up the DagBag from /opt/airflow/dags/dag_with_cron_expression.py
[2024-04-22T11:52:38.548+0000] {processor.py:840} INFO - DAG(s) 'dag_with_cron_expression_v04' retrieved from /opt/airflow/dags/dag_with_cron_expression.py
[2024-04-22T11:52:38.570+0000] {logging_mixin.py:188} INFO - [2024-04-22T11:52:38.569+0000] {dag.py:3033} INFO - Sync 1 DAGs
[2024-04-22T11:52:38.592+0000] {logging_mixin.py:188} INFO - [2024-04-22T11:52:38.592+0000] {dag.py:3820} INFO - Setting next_dagrun for dag_with_cron_expression_v04 to 2021-11-02T03:00:00+00:00, run_after=2021-11-03T03:00:00+00:00
[2024-04-22T11:52:38.615+0000] {processor.py:183} INFO - Processing /opt/airflow/dags/dag_with_cron_expression.py took 0.091 seconds
[2024-04-22T11:52:49.225+0000] {processor.py:161} INFO - Started process (PID=1280) to work on /opt/airflow/dags/dag_with_cron_expression.py
[2024-04-22T11:52:49.226+0000] {processor.py:830} INFO - Processing file /opt/airflow/dags/dag_with_cron_expression.py for tasks to queue
[2024-04-22T11:52:49.227+0000] {logging_mixin.py:188} INFO - [2024-04-22T11:52:49.226+0000] {dagbag.py:538} INFO - Filling up the DagBag from /opt/airflow/dags/dag_with_cron_expression.py
[2024-04-22T11:52:49.245+0000] {processor.py:840} INFO - DAG(s) 'dag_with_cron_expression_v04' retrieved from /opt/airflow/dags/dag_with_cron_expression.py
[2024-04-22T11:52:49.267+0000] {logging_mixin.py:188} INFO - [2024-04-22T11:52:49.267+0000] {dag.py:3033} INFO - Sync 1 DAGs
[2024-04-22T11:52:49.288+0000] {logging_mixin.py:188} INFO - [2024-04-22T11:52:49.288+0000] {dag.py:3820} INFO - Setting next_dagrun for dag_with_cron_expression_v04 to 2021-11-02T03:00:00+00:00, run_after=2021-11-03T03:00:00+00:00
[2024-04-22T11:52:49.310+0000] {processor.py:183} INFO - Processing /opt/airflow/dags/dag_with_cron_expression.py took 0.089 seconds
[2024-04-22T11:52:59.958+0000] {processor.py:161} INFO - Started process (PID=1325) to work on /opt/airflow/dags/dag_with_cron_expression.py
[2024-04-22T11:52:59.959+0000] {processor.py:830} INFO - Processing file /opt/airflow/dags/dag_with_cron_expression.py for tasks to queue
[2024-04-22T11:52:59.960+0000] {logging_mixin.py:188} INFO - [2024-04-22T11:52:59.960+0000] {dagbag.py:538} INFO - Filling up the DagBag from /opt/airflow/dags/dag_with_cron_expression.py
[2024-04-22T11:52:59.979+0000] {processor.py:840} INFO - DAG(s) 'dag_with_cron_expression_v04' retrieved from /opt/airflow/dags/dag_with_cron_expression.py
[2024-04-22T11:53:00.002+0000] {logging_mixin.py:188} INFO - [2024-04-22T11:53:00.002+0000] {dag.py:3033} INFO - Sync 1 DAGs
[2024-04-22T11:53:00.030+0000] {logging_mixin.py:188} INFO - [2024-04-22T11:53:00.030+0000] {dag.py:3820} INFO - Setting next_dagrun for dag_with_cron_expression_v04 to 2021-11-02T03:00:00+00:00, run_after=2021-11-03T03:00:00+00:00
[2024-04-22T11:53:00.053+0000] {processor.py:183} INFO - Processing /opt/airflow/dags/dag_with_cron_expression.py took 0.098 seconds
[2024-04-22T11:53:10.766+0000] {processor.py:161} INFO - Started process (PID=1370) to work on /opt/airflow/dags/dag_with_cron_expression.py
[2024-04-22T11:53:10.767+0000] {processor.py:830} INFO - Processing file /opt/airflow/dags/dag_with_cron_expression.py for tasks to queue
[2024-04-22T11:53:10.769+0000] {logging_mixin.py:188} INFO - [2024-04-22T11:53:10.768+0000] {dagbag.py:538} INFO - Filling up the DagBag from /opt/airflow/dags/dag_with_cron_expression.py
[2024-04-22T11:53:10.791+0000] {processor.py:840} INFO - DAG(s) 'dag_with_cron_expression_v04' retrieved from /opt/airflow/dags/dag_with_cron_expression.py
[2024-04-22T11:53:10.821+0000] {logging_mixin.py:188} INFO - [2024-04-22T11:53:10.820+0000] {dag.py:3033} INFO - Sync 1 DAGs
[2024-04-22T11:53:10.850+0000] {logging_mixin.py:188} INFO - [2024-04-22T11:53:10.850+0000] {dag.py:3820} INFO - Setting next_dagrun for dag_with_cron_expression_v04 to 2021-11-02T03:00:00+00:00, run_after=2021-11-03T03:00:00+00:00
[2024-04-22T11:53:10.874+0000] {processor.py:183} INFO - Processing /opt/airflow/dags/dag_with_cron_expression.py took 0.112 seconds
[2024-04-22T11:53:21.459+0000] {processor.py:161} INFO - Started process (PID=1415) to work on /opt/airflow/dags/dag_with_cron_expression.py
[2024-04-22T11:53:21.460+0000] {processor.py:830} INFO - Processing file /opt/airflow/dags/dag_with_cron_expression.py for tasks to queue
[2024-04-22T11:53:21.461+0000] {logging_mixin.py:188} INFO - [2024-04-22T11:53:21.461+0000] {dagbag.py:538} INFO - Filling up the DagBag from /opt/airflow/dags/dag_with_cron_expression.py
[2024-04-22T11:53:21.480+0000] {processor.py:840} INFO - DAG(s) 'dag_with_cron_expression_v04' retrieved from /opt/airflow/dags/dag_with_cron_expression.py
[2024-04-22T11:53:21.502+0000] {logging_mixin.py:188} INFO - [2024-04-22T11:53:21.502+0000] {dag.py:3033} INFO - Sync 1 DAGs
[2024-04-22T11:53:21.525+0000] {logging_mixin.py:188} INFO - [2024-04-22T11:53:21.525+0000] {dag.py:3820} INFO - Setting next_dagrun for dag_with_cron_expression_v04 to 2021-11-02T03:00:00+00:00, run_after=2021-11-03T03:00:00+00:00
[2024-04-22T11:53:21.547+0000] {processor.py:183} INFO - Processing /opt/airflow/dags/dag_with_cron_expression.py took 0.091 seconds
[2024-04-22T11:53:32.352+0000] {processor.py:161} INFO - Started process (PID=1460) to work on /opt/airflow/dags/dag_with_cron_expression.py
[2024-04-22T11:53:32.353+0000] {processor.py:830} INFO - Processing file /opt/airflow/dags/dag_with_cron_expression.py for tasks to queue
[2024-04-22T11:53:32.354+0000] {logging_mixin.py:188} INFO - [2024-04-22T11:53:32.354+0000] {dagbag.py:538} INFO - Filling up the DagBag from /opt/airflow/dags/dag_with_cron_expression.py
[2024-04-22T11:53:32.372+0000] {processor.py:840} INFO - DAG(s) 'dag_with_cron_expression_v04' retrieved from /opt/airflow/dags/dag_with_cron_expression.py
[2024-04-22T11:53:32.393+0000] {logging_mixin.py:188} INFO - [2024-04-22T11:53:32.392+0000] {dag.py:3033} INFO - Sync 1 DAGs
[2024-04-22T11:53:32.415+0000] {logging_mixin.py:188} INFO - [2024-04-22T11:53:32.415+0000] {dag.py:3820} INFO - Setting next_dagrun for dag_with_cron_expression_v04 to 2021-11-02T03:00:00+00:00, run_after=2021-11-03T03:00:00+00:00
[2024-04-22T11:53:32.437+0000] {processor.py:183} INFO - Processing /opt/airflow/dags/dag_with_cron_expression.py took 0.088 seconds
[2024-04-22T11:53:43.078+0000] {processor.py:161} INFO - Started process (PID=1503) to work on /opt/airflow/dags/dag_with_cron_expression.py
[2024-04-22T11:53:43.079+0000] {processor.py:830} INFO - Processing file /opt/airflow/dags/dag_with_cron_expression.py for tasks to queue
[2024-04-22T11:53:43.081+0000] {logging_mixin.py:188} INFO - [2024-04-22T11:53:43.080+0000] {dagbag.py:538} INFO - Filling up the DagBag from /opt/airflow/dags/dag_with_cron_expression.py
[2024-04-22T11:53:43.114+0000] {processor.py:840} INFO - DAG(s) 'dag_with_cron_expression_v04' retrieved from /opt/airflow/dags/dag_with_cron_expression.py
[2024-04-22T11:53:43.140+0000] {logging_mixin.py:188} INFO - [2024-04-22T11:53:43.140+0000] {dag.py:3033} INFO - Sync 1 DAGs
[2024-04-22T11:53:43.169+0000] {logging_mixin.py:188} INFO - [2024-04-22T11:53:43.169+0000] {dag.py:3820} INFO - Setting next_dagrun for dag_with_cron_expression_v04 to 2021-11-02T03:00:00+00:00, run_after=2021-11-03T03:00:00+00:00
[2024-04-22T11:53:43.197+0000] {processor.py:183} INFO - Processing /opt/airflow/dags/dag_with_cron_expression.py took 0.125 seconds
[2024-04-22T11:53:53.912+0000] {processor.py:161} INFO - Started process (PID=1550) to work on /opt/airflow/dags/dag_with_cron_expression.py
[2024-04-22T11:53:53.913+0000] {processor.py:830} INFO - Processing file /opt/airflow/dags/dag_with_cron_expression.py for tasks to queue
[2024-04-22T11:53:53.914+0000] {logging_mixin.py:188} INFO - [2024-04-22T11:53:53.914+0000] {dagbag.py:538} INFO - Filling up the DagBag from /opt/airflow/dags/dag_with_cron_expression.py
[2024-04-22T11:53:53.934+0000] {processor.py:840} INFO - DAG(s) 'dag_with_cron_expression_v04' retrieved from /opt/airflow/dags/dag_with_cron_expression.py
[2024-04-22T11:53:53.956+0000] {logging_mixin.py:188} INFO - [2024-04-22T11:53:53.956+0000] {dag.py:3033} INFO - Sync 1 DAGs
[2024-04-22T11:53:53.984+0000] {logging_mixin.py:188} INFO - [2024-04-22T11:53:53.983+0000] {dag.py:3820} INFO - Setting next_dagrun for dag_with_cron_expression_v04 to 2021-11-02T03:00:00+00:00, run_after=2021-11-03T03:00:00+00:00
[2024-04-22T11:53:54.007+0000] {processor.py:183} INFO - Processing /opt/airflow/dags/dag_with_cron_expression.py took 0.098 seconds
[2024-04-22T11:54:04.645+0000] {processor.py:161} INFO - Started process (PID=1595) to work on /opt/airflow/dags/dag_with_cron_expression.py
[2024-04-22T11:54:04.646+0000] {processor.py:830} INFO - Processing file /opt/airflow/dags/dag_with_cron_expression.py for tasks to queue
[2024-04-22T11:54:04.647+0000] {logging_mixin.py:188} INFO - [2024-04-22T11:54:04.647+0000] {dagbag.py:538} INFO - Filling up the DagBag from /opt/airflow/dags/dag_with_cron_expression.py
[2024-04-22T11:54:04.667+0000] {processor.py:840} INFO - DAG(s) 'dag_with_cron_expression_v04' retrieved from /opt/airflow/dags/dag_with_cron_expression.py
[2024-04-22T11:54:04.690+0000] {logging_mixin.py:188} INFO - [2024-04-22T11:54:04.689+0000] {dag.py:3033} INFO - Sync 1 DAGs
[2024-04-22T11:54:04.713+0000] {logging_mixin.py:188} INFO - [2024-04-22T11:54:04.713+0000] {dag.py:3820} INFO - Setting next_dagrun for dag_with_cron_expression_v04 to 2021-11-02T03:00:00+00:00, run_after=2021-11-03T03:00:00+00:00
[2024-04-22T11:54:04.738+0000] {processor.py:183} INFO - Processing /opt/airflow/dags/dag_with_cron_expression.py took 0.097 seconds
[2024-04-22T11:54:15.277+0000] {processor.py:161} INFO - Started process (PID=1640) to work on /opt/airflow/dags/dag_with_cron_expression.py
[2024-04-22T11:54:15.278+0000] {processor.py:830} INFO - Processing file /opt/airflow/dags/dag_with_cron_expression.py for tasks to queue
[2024-04-22T11:54:15.279+0000] {logging_mixin.py:188} INFO - [2024-04-22T11:54:15.279+0000] {dagbag.py:538} INFO - Filling up the DagBag from /opt/airflow/dags/dag_with_cron_expression.py
[2024-04-22T11:54:15.297+0000] {processor.py:840} INFO - DAG(s) 'dag_with_cron_expression_v04' retrieved from /opt/airflow/dags/dag_with_cron_expression.py
[2024-04-22T11:54:15.320+0000] {logging_mixin.py:188} INFO - [2024-04-22T11:54:15.319+0000] {dag.py:3033} INFO - Sync 1 DAGs
[2024-04-22T11:54:15.344+0000] {logging_mixin.py:188} INFO - [2024-04-22T11:54:15.343+0000] {dag.py:3820} INFO - Setting next_dagrun for dag_with_cron_expression_v04 to 2021-11-02T03:00:00+00:00, run_after=2021-11-03T03:00:00+00:00
[2024-04-22T11:54:15.367+0000] {processor.py:183} INFO - Processing /opt/airflow/dags/dag_with_cron_expression.py took 0.094 seconds
[2024-04-22T11:54:25.915+0000] {processor.py:161} INFO - Started process (PID=1685) to work on /opt/airflow/dags/dag_with_cron_expression.py
[2024-04-22T11:54:25.916+0000] {processor.py:830} INFO - Processing file /opt/airflow/dags/dag_with_cron_expression.py for tasks to queue
[2024-04-22T11:54:25.917+0000] {logging_mixin.py:188} INFO - [2024-04-22T11:54:25.917+0000] {dagbag.py:538} INFO - Filling up the DagBag from /opt/airflow/dags/dag_with_cron_expression.py
[2024-04-22T11:54:25.934+0000] {processor.py:840} INFO - DAG(s) 'dag_with_cron_expression_v04' retrieved from /opt/airflow/dags/dag_with_cron_expression.py
[2024-04-22T11:54:25.955+0000] {logging_mixin.py:188} INFO - [2024-04-22T11:54:25.955+0000] {dag.py:3033} INFO - Sync 1 DAGs
[2024-04-22T11:54:25.976+0000] {logging_mixin.py:188} INFO - [2024-04-22T11:54:25.976+0000] {dag.py:3820} INFO - Setting next_dagrun for dag_with_cron_expression_v04 to 2021-11-02T03:00:00+00:00, run_after=2021-11-03T03:00:00+00:00
[2024-04-22T11:54:25.998+0000] {processor.py:183} INFO - Processing /opt/airflow/dags/dag_with_cron_expression.py took 0.085 seconds
