[2024-04-22 11:36:41,474] {scheduler_job.py:182} INFO - Started process (PID=162) to work on /opt/airflow/dags/dag_with_catchup_and_backfill.py
[2024-04-22 11:36:41,478] {scheduler_job.py:629} INFO - Processing file /opt/airflow/dags/dag_with_catchup_and_backfill.py for tasks to queue
[2024-04-22 11:36:41,481] {logging_mixin.py:104} INFO - [2024-04-22 11:36:41,480] {dagbag.py:448} INFO - Filling up the DagBag from /opt/airflow/dags/dag_with_catchup_and_backfill.py
[2024-04-22 11:36:41,561] {scheduler_job.py:639} INFO - DAG(s) dict_keys(['dag_with_catchup_backfill_v02']) retrieved from /opt/airflow/dags/dag_with_catchup_and_backfill.py
[2024-04-22 11:36:41,614] {logging_mixin.py:104} INFO - [2024-04-22 11:36:41,614] {dag.py:1818} INFO - Sync 1 DAGs
[2024-04-22 11:36:41,636] {logging_mixin.py:104} INFO - [2024-04-22 11:36:41,636] {dag.py:1837} INFO - Creating ORM DAG for dag_with_catchup_backfill_v02
[2024-04-22 11:36:41,677] {logging_mixin.py:104} INFO - [2024-04-22 11:36:41,677] {dag.py:2273} INFO - Setting next_dagrun for dag_with_catchup_backfill_v02 to 2024-04-21 00:00:00+00:00
[2024-04-22 11:36:41,726] {scheduler_job.py:190} INFO - Processing /opt/airflow/dags/dag_with_catchup_and_backfill.py took 0.261 seconds
[2024-04-22 11:36:51,876] {scheduler_job.py:182} INFO - Started process (PID=207) to work on /opt/airflow/dags/dag_with_catchup_and_backfill.py
[2024-04-22 11:36:51,883] {scheduler_job.py:629} INFO - Processing file /opt/airflow/dags/dag_with_catchup_and_backfill.py for tasks to queue
[2024-04-22 11:36:51,884] {logging_mixin.py:104} INFO - [2024-04-22 11:36:51,884] {dagbag.py:448} INFO - Filling up the DagBag from /opt/airflow/dags/dag_with_catchup_and_backfill.py
[2024-04-22 11:36:51,973] {scheduler_job.py:639} INFO - DAG(s) dict_keys(['dag_with_catchup_backfill_v02']) retrieved from /opt/airflow/dags/dag_with_catchup_and_backfill.py
[2024-04-22 11:36:52,018] {logging_mixin.py:104} INFO - [2024-04-22 11:36:52,017] {dag.py:1818} INFO - Sync 1 DAGs
[2024-04-22 11:36:52,124] {logging_mixin.py:104} INFO - [2024-04-22 11:36:52,123] {dag.py:2273} INFO - Setting next_dagrun for dag_with_catchup_backfill_v02 to 2024-04-21 00:00:00+00:00
[2024-04-22 11:36:52,167] {scheduler_job.py:190} INFO - Processing /opt/airflow/dags/dag_with_catchup_and_backfill.py took 0.302 seconds
[2024-04-22 11:37:02,381] {scheduler_job.py:182} INFO - Started process (PID=252) to work on /opt/airflow/dags/dag_with_catchup_and_backfill.py
[2024-04-22 11:37:02,383] {scheduler_job.py:629} INFO - Processing file /opt/airflow/dags/dag_with_catchup_and_backfill.py for tasks to queue
[2024-04-22 11:37:02,387] {logging_mixin.py:104} INFO - [2024-04-22 11:37:02,387] {dagbag.py:448} INFO - Filling up the DagBag from /opt/airflow/dags/dag_with_catchup_and_backfill.py
[2024-04-22 11:37:02,455] {scheduler_job.py:639} INFO - DAG(s) dict_keys(['dag_with_catchup_backfill_v02']) retrieved from /opt/airflow/dags/dag_with_catchup_and_backfill.py
[2024-04-22 11:37:02,478] {logging_mixin.py:104} INFO - [2024-04-22 11:37:02,478] {dag.py:1818} INFO - Sync 1 DAGs
[2024-04-22 11:37:02,532] {logging_mixin.py:104} INFO - [2024-04-22 11:37:02,532] {dag.py:2273} INFO - Setting next_dagrun for dag_with_catchup_backfill_v02 to 2024-04-21 00:00:00+00:00
[2024-04-22 11:37:02,561] {scheduler_job.py:190} INFO - Processing /opt/airflow/dags/dag_with_catchup_and_backfill.py took 0.185 seconds
[2024-04-22 11:37:12,669] {scheduler_job.py:182} INFO - Started process (PID=297) to work on /opt/airflow/dags/dag_with_catchup_and_backfill.py
[2024-04-22 11:37:12,671] {scheduler_job.py:629} INFO - Processing file /opt/airflow/dags/dag_with_catchup_and_backfill.py for tasks to queue
[2024-04-22 11:37:12,672] {logging_mixin.py:104} INFO - [2024-04-22 11:37:12,672] {dagbag.py:448} INFO - Filling up the DagBag from /opt/airflow/dags/dag_with_catchup_and_backfill.py
[2024-04-22 11:37:12,705] {scheduler_job.py:639} INFO - DAG(s) dict_keys(['dag_with_catchup_backfill_v02']) retrieved from /opt/airflow/dags/dag_with_catchup_and_backfill.py
[2024-04-22 11:37:12,731] {logging_mixin.py:104} INFO - [2024-04-22 11:37:12,731] {dag.py:1818} INFO - Sync 1 DAGs
[2024-04-22 11:37:12,763] {logging_mixin.py:104} INFO - [2024-04-22 11:37:12,763] {dag.py:2273} INFO - Setting next_dagrun for dag_with_catchup_backfill_v02 to 2024-04-21 00:00:00+00:00
[2024-04-22 11:37:12,776] {scheduler_job.py:190} INFO - Processing /opt/airflow/dags/dag_with_catchup_and_backfill.py took 0.110 seconds
[2024-04-22 11:37:23,396] {scheduler_job.py:182} INFO - Started process (PID=342) to work on /opt/airflow/dags/dag_with_catchup_and_backfill.py
[2024-04-22 11:37:23,400] {scheduler_job.py:629} INFO - Processing file /opt/airflow/dags/dag_with_catchup_and_backfill.py for tasks to queue
[2024-04-22 11:37:23,416] {logging_mixin.py:104} INFO - [2024-04-22 11:37:23,416] {dagbag.py:448} INFO - Filling up the DagBag from /opt/airflow/dags/dag_with_catchup_and_backfill.py
[2024-04-22 11:37:23,513] {scheduler_job.py:639} INFO - DAG(s) dict_keys(['dag_with_catchup_backfill_v02']) retrieved from /opt/airflow/dags/dag_with_catchup_and_backfill.py
[2024-04-22 11:37:23,588] {logging_mixin.py:104} INFO - [2024-04-22 11:37:23,588] {dag.py:1818} INFO - Sync 1 DAGs
[2024-04-22 11:37:23,658] {logging_mixin.py:104} INFO - [2024-04-22 11:37:23,657] {dag.py:2273} INFO - Setting next_dagrun for dag_with_catchup_backfill_v02 to 2024-04-21 00:00:00+00:00
[2024-04-22 11:37:24,570] {scheduler_job.py:190} INFO - Processing /opt/airflow/dags/dag_with_catchup_and_backfill.py took 1.181 seconds
[2024-04-22 11:37:34,799] {scheduler_job.py:182} INFO - Started process (PID=387) to work on /opt/airflow/dags/dag_with_catchup_and_backfill.py
[2024-04-22 11:37:34,807] {scheduler_job.py:629} INFO - Processing file /opt/airflow/dags/dag_with_catchup_and_backfill.py for tasks to queue
[2024-04-22 11:37:34,810] {logging_mixin.py:104} INFO - [2024-04-22 11:37:34,809] {dagbag.py:448} INFO - Filling up the DagBag from /opt/airflow/dags/dag_with_catchup_and_backfill.py
[2024-04-22 11:37:34,903] {scheduler_job.py:639} INFO - DAG(s) dict_keys(['dag_with_catchup_backfill_v02']) retrieved from /opt/airflow/dags/dag_with_catchup_and_backfill.py
[2024-04-22 11:37:34,972] {logging_mixin.py:104} INFO - [2024-04-22 11:37:34,971] {dag.py:1818} INFO - Sync 1 DAGs
[2024-04-22 11:37:35,061] {logging_mixin.py:104} INFO - [2024-04-22 11:37:35,061] {dag.py:2273} INFO - Setting next_dagrun for dag_with_catchup_backfill_v02 to 2024-04-21 00:00:00+00:00
[2024-04-22 11:37:35,102] {scheduler_job.py:190} INFO - Processing /opt/airflow/dags/dag_with_catchup_and_backfill.py took 0.308 seconds
[2024-04-22 11:37:45,378] {scheduler_job.py:182} INFO - Started process (PID=432) to work on /opt/airflow/dags/dag_with_catchup_and_backfill.py
[2024-04-22 11:37:45,380] {scheduler_job.py:629} INFO - Processing file /opt/airflow/dags/dag_with_catchup_and_backfill.py for tasks to queue
[2024-04-22 11:37:45,382] {logging_mixin.py:104} INFO - [2024-04-22 11:37:45,381] {dagbag.py:448} INFO - Filling up the DagBag from /opt/airflow/dags/dag_with_catchup_and_backfill.py
[2024-04-22 11:37:45,433] {scheduler_job.py:639} INFO - DAG(s) dict_keys(['dag_with_catchup_backfill_v02']) retrieved from /opt/airflow/dags/dag_with_catchup_and_backfill.py
[2024-04-22 11:37:45,475] {logging_mixin.py:104} INFO - [2024-04-22 11:37:45,475] {dag.py:1818} INFO - Sync 1 DAGs
[2024-04-22 11:37:45,537] {logging_mixin.py:104} INFO - [2024-04-22 11:37:45,536] {dag.py:2273} INFO - Setting next_dagrun for dag_with_catchup_backfill_v02 to 2024-04-21 00:00:00+00:00
[2024-04-22 11:37:45,558] {scheduler_job.py:190} INFO - Processing /opt/airflow/dags/dag_with_catchup_and_backfill.py took 0.185 seconds
[2024-04-22 11:38:59,693] {scheduler_job.py:182} INFO - Started process (PID=180) to work on /opt/airflow/dags/dag_with_catchup_and_backfill.py
[2024-04-22 11:38:59,695] {scheduler_job.py:629} INFO - Processing file /opt/airflow/dags/dag_with_catchup_and_backfill.py for tasks to queue
[2024-04-22 11:38:59,696] {logging_mixin.py:104} INFO - [2024-04-22 11:38:59,696] {dagbag.py:448} INFO - Filling up the DagBag from /opt/airflow/dags/dag_with_catchup_and_backfill.py
[2024-04-22 11:38:59,736] {scheduler_job.py:639} INFO - DAG(s) dict_keys(['dag_with_catchup_backfill_v02']) retrieved from /opt/airflow/dags/dag_with_catchup_and_backfill.py
[2024-04-22 11:38:59,785] {logging_mixin.py:104} INFO - [2024-04-22 11:38:59,785] {dag.py:1818} INFO - Sync 1 DAGs
[2024-04-22 11:38:59,825] {logging_mixin.py:104} INFO - [2024-04-22 11:38:59,825] {dag.py:2273} INFO - Setting next_dagrun for dag_with_catchup_backfill_v02 to 2024-04-21 00:00:00+00:00
[2024-04-22 11:38:59,840] {scheduler_job.py:190} INFO - Processing /opt/airflow/dags/dag_with_catchup_and_backfill.py took 0.153 seconds
[2024-04-22 11:39:10,754] {scheduler_job.py:182} INFO - Started process (PID=230) to work on /opt/airflow/dags/dag_with_catchup_and_backfill.py
[2024-04-22 11:39:10,756] {scheduler_job.py:629} INFO - Processing file /opt/airflow/dags/dag_with_catchup_and_backfill.py for tasks to queue
[2024-04-22 11:39:10,757] {logging_mixin.py:104} INFO - [2024-04-22 11:39:10,757] {dagbag.py:448} INFO - Filling up the DagBag from /opt/airflow/dags/dag_with_catchup_and_backfill.py
[2024-04-22 11:39:10,794] {scheduler_job.py:639} INFO - DAG(s) dict_keys(['dag_with_catchup_backfill_v02']) retrieved from /opt/airflow/dags/dag_with_catchup_and_backfill.py
[2024-04-22 11:39:10,828] {logging_mixin.py:104} INFO - [2024-04-22 11:39:10,828] {dag.py:1818} INFO - Sync 1 DAGs
[2024-04-22 11:39:10,875] {logging_mixin.py:104} INFO - [2024-04-22 11:39:10,874] {dag.py:2273} INFO - Setting next_dagrun for dag_with_catchup_backfill_v02 to 2024-04-21 00:00:00+00:00
[2024-04-22 11:39:10,921] {scheduler_job.py:190} INFO - Processing /opt/airflow/dags/dag_with_catchup_and_backfill.py took 0.171 seconds
[2024-04-22 11:39:21,310] {scheduler_job.py:182} INFO - Started process (PID=275) to work on /opt/airflow/dags/dag_with_catchup_and_backfill.py
[2024-04-22 11:39:21,312] {scheduler_job.py:629} INFO - Processing file /opt/airflow/dags/dag_with_catchup_and_backfill.py for tasks to queue
[2024-04-22 11:39:21,314] {logging_mixin.py:104} INFO - [2024-04-22 11:39:21,313] {dagbag.py:448} INFO - Filling up the DagBag from /opt/airflow/dags/dag_with_catchup_and_backfill.py
[2024-04-22 11:39:21,387] {scheduler_job.py:639} INFO - DAG(s) dict_keys(['dag_with_catchup_backfill_v02']) retrieved from /opt/airflow/dags/dag_with_catchup_and_backfill.py
[2024-04-22 11:39:21,429] {logging_mixin.py:104} INFO - [2024-04-22 11:39:21,429] {dag.py:1818} INFO - Sync 1 DAGs
[2024-04-22 11:39:21,511] {logging_mixin.py:104} INFO - [2024-04-22 11:39:21,511] {dag.py:2273} INFO - Setting next_dagrun for dag_with_catchup_backfill_v02 to 2024-04-21 00:00:00+00:00
[2024-04-22 11:39:21,573] {scheduler_job.py:190} INFO - Processing /opt/airflow/dags/dag_with_catchup_and_backfill.py took 0.272 seconds
[2024-04-22 11:39:31,755] {scheduler_job.py:182} INFO - Started process (PID=322) to work on /opt/airflow/dags/dag_with_catchup_and_backfill.py
[2024-04-22 11:39:31,756] {scheduler_job.py:629} INFO - Processing file /opt/airflow/dags/dag_with_catchup_and_backfill.py for tasks to queue
[2024-04-22 11:39:31,757] {logging_mixin.py:104} INFO - [2024-04-22 11:39:31,757] {dagbag.py:448} INFO - Filling up the DagBag from /opt/airflow/dags/dag_with_catchup_and_backfill.py
[2024-04-22 11:39:31,788] {scheduler_job.py:639} INFO - DAG(s) dict_keys(['dag_with_catchup_backfill_v02']) retrieved from /opt/airflow/dags/dag_with_catchup_and_backfill.py
[2024-04-22 11:39:31,812] {logging_mixin.py:104} INFO - [2024-04-22 11:39:31,812] {dag.py:1818} INFO - Sync 1 DAGs
[2024-04-22 11:39:31,855] {logging_mixin.py:104} INFO - [2024-04-22 11:39:31,855] {dag.py:2273} INFO - Setting next_dagrun for dag_with_catchup_backfill_v02 to 2024-04-21 00:00:00+00:00
[2024-04-22 11:39:31,912] {scheduler_job.py:190} INFO - Processing /opt/airflow/dags/dag_with_catchup_and_backfill.py took 0.161 seconds
[2024-04-22 11:39:42,890] {scheduler_job.py:182} INFO - Started process (PID=367) to work on /opt/airflow/dags/dag_with_catchup_and_backfill.py
[2024-04-22 11:39:42,892] {scheduler_job.py:629} INFO - Processing file /opt/airflow/dags/dag_with_catchup_and_backfill.py for tasks to queue
[2024-04-22 11:39:42,895] {logging_mixin.py:104} INFO - [2024-04-22 11:39:42,894] {dagbag.py:448} INFO - Filling up the DagBag from /opt/airflow/dags/dag_with_catchup_and_backfill.py
[2024-04-22 11:39:42,984] {scheduler_job.py:639} INFO - DAG(s) dict_keys(['dag_with_catchup_backfill_v02']) retrieved from /opt/airflow/dags/dag_with_catchup_and_backfill.py
[2024-04-22 11:39:43,037] {logging_mixin.py:104} INFO - [2024-04-22 11:39:43,037] {dag.py:1818} INFO - Sync 1 DAGs
[2024-04-22 11:39:43,113] {logging_mixin.py:104} INFO - [2024-04-22 11:39:43,112] {dag.py:2273} INFO - Setting next_dagrun for dag_with_catchup_backfill_v02 to 2024-04-21 00:00:00+00:00
[2024-04-22 11:39:43,136] {scheduler_job.py:190} INFO - Processing /opt/airflow/dags/dag_with_catchup_and_backfill.py took 0.257 seconds
[2024-04-22T11:41:39.866+0000] {processor.py:161} INFO - Started process (PID=205) to work on /opt/airflow/dags/dag_with_catchup_and_backfill.py
[2024-04-22T11:41:39.868+0000] {processor.py:830} INFO - Processing file /opt/airflow/dags/dag_with_catchup_and_backfill.py for tasks to queue
[2024-04-22T11:41:39.871+0000] {logging_mixin.py:188} INFO - [2024-04-22T11:41:39.870+0000] {dagbag.py:538} INFO - Filling up the DagBag from /opt/airflow/dags/dag_with_catchup_and_backfill.py
[2024-04-22T11:41:39.939+0000] {processor.py:840} INFO - DAG(s) 'dag_with_catchup_backfill_v02' retrieved from /opt/airflow/dags/dag_with_catchup_and_backfill.py
[2024-04-22T11:41:39.975+0000] {logging_mixin.py:188} INFO - [2024-04-22T11:41:39.975+0000] {dag.py:3033} INFO - Sync 1 DAGs
[2024-04-22T11:41:40.100+0000] {logging_mixin.py:188} INFO - [2024-04-22T11:41:40.100+0000] {dag.py:3820} INFO - Setting next_dagrun for dag_with_catchup_backfill_v02 to 2024-04-21T00:00:00+00:00, run_after=2024-04-22T00:00:00+00:00
[2024-04-22T11:41:40.172+0000] {processor.py:183} INFO - Processing /opt/airflow/dags/dag_with_catchup_and_backfill.py took 0.313 seconds
[2024-04-22T11:41:50.316+0000] {processor.py:161} INFO - Started process (PID=248) to work on /opt/airflow/dags/dag_with_catchup_and_backfill.py
[2024-04-22T11:41:50.318+0000] {processor.py:830} INFO - Processing file /opt/airflow/dags/dag_with_catchup_and_backfill.py for tasks to queue
[2024-04-22T11:41:50.320+0000] {logging_mixin.py:188} INFO - [2024-04-22T11:41:50.320+0000] {dagbag.py:538} INFO - Filling up the DagBag from /opt/airflow/dags/dag_with_catchup_and_backfill.py
[2024-04-22T11:41:50.381+0000] {processor.py:840} INFO - DAG(s) 'dag_with_catchup_backfill_v02' retrieved from /opt/airflow/dags/dag_with_catchup_and_backfill.py
[2024-04-22T11:41:50.426+0000] {logging_mixin.py:188} INFO - [2024-04-22T11:41:50.426+0000] {dag.py:3033} INFO - Sync 1 DAGs
[2024-04-22T11:41:50.526+0000] {logging_mixin.py:188} INFO - [2024-04-22T11:41:50.526+0000] {dag.py:3820} INFO - Setting next_dagrun for dag_with_catchup_backfill_v02 to 2024-04-21T00:00:00+00:00, run_after=2024-04-22T00:00:00+00:00
[2024-04-22T11:41:50.586+0000] {processor.py:183} INFO - Processing /opt/airflow/dags/dag_with_catchup_and_backfill.py took 0.279 seconds
[2024-04-22T11:42:00.958+0000] {processor.py:161} INFO - Started process (PID=293) to work on /opt/airflow/dags/dag_with_catchup_and_backfill.py
[2024-04-22T11:42:00.965+0000] {processor.py:830} INFO - Processing file /opt/airflow/dags/dag_with_catchup_and_backfill.py for tasks to queue
[2024-04-22T11:42:00.967+0000] {logging_mixin.py:188} INFO - [2024-04-22T11:42:00.966+0000] {dagbag.py:538} INFO - Filling up the DagBag from /opt/airflow/dags/dag_with_catchup_and_backfill.py
[2024-04-22T11:42:01.078+0000] {processor.py:840} INFO - DAG(s) 'dag_with_catchup_backfill_v02' retrieved from /opt/airflow/dags/dag_with_catchup_and_backfill.py
[2024-04-22T11:42:01.115+0000] {logging_mixin.py:188} INFO - [2024-04-22T11:42:01.114+0000] {dag.py:3033} INFO - Sync 1 DAGs
[2024-04-22T11:42:01.193+0000] {logging_mixin.py:188} INFO - [2024-04-22T11:42:01.192+0000] {dag.py:3820} INFO - Setting next_dagrun for dag_with_catchup_backfill_v02 to 2024-04-21T00:00:00+00:00, run_after=2024-04-22T00:00:00+00:00
[2024-04-22T11:42:01.257+0000] {processor.py:183} INFO - Processing /opt/airflow/dags/dag_with_catchup_and_backfill.py took 0.310 seconds
[2024-04-22T11:42:11.738+0000] {processor.py:161} INFO - Started process (PID=338) to work on /opt/airflow/dags/dag_with_catchup_and_backfill.py
[2024-04-22T11:42:11.740+0000] {processor.py:830} INFO - Processing file /opt/airflow/dags/dag_with_catchup_and_backfill.py for tasks to queue
[2024-04-22T11:42:11.743+0000] {logging_mixin.py:188} INFO - [2024-04-22T11:42:11.743+0000] {dagbag.py:538} INFO - Filling up the DagBag from /opt/airflow/dags/dag_with_catchup_and_backfill.py
[2024-04-22T11:42:11.805+0000] {processor.py:840} INFO - DAG(s) 'dag_with_catchup_backfill_v02' retrieved from /opt/airflow/dags/dag_with_catchup_and_backfill.py
[2024-04-22T11:42:12.105+0000] {logging_mixin.py:188} INFO - [2024-04-22T11:42:12.104+0000] {dag.py:3033} INFO - Sync 1 DAGs
[2024-04-22T11:42:12.157+0000] {logging_mixin.py:188} INFO - [2024-04-22T11:42:12.156+0000] {dag.py:3820} INFO - Setting next_dagrun for dag_with_catchup_backfill_v02 to 2024-04-21T00:00:00+00:00, run_after=2024-04-22T00:00:00+00:00
[2024-04-22T11:42:12.233+0000] {processor.py:183} INFO - Processing /opt/airflow/dags/dag_with_catchup_and_backfill.py took 0.502 seconds
[2024-04-22T11:42:23.002+0000] {processor.py:161} INFO - Started process (PID=383) to work on /opt/airflow/dags/dag_with_catchup_and_backfill.py
[2024-04-22T11:42:23.004+0000] {processor.py:830} INFO - Processing file /opt/airflow/dags/dag_with_catchup_and_backfill.py for tasks to queue
[2024-04-22T11:42:23.006+0000] {logging_mixin.py:188} INFO - [2024-04-22T11:42:23.005+0000] {dagbag.py:538} INFO - Filling up the DagBag from /opt/airflow/dags/dag_with_catchup_and_backfill.py
[2024-04-22T11:42:23.082+0000] {processor.py:840} INFO - DAG(s) 'dag_with_catchup_backfill_v02' retrieved from /opt/airflow/dags/dag_with_catchup_and_backfill.py
[2024-04-22T11:42:23.125+0000] {logging_mixin.py:188} INFO - [2024-04-22T11:42:23.125+0000] {dag.py:3033} INFO - Sync 1 DAGs
[2024-04-22T11:42:23.221+0000] {logging_mixin.py:188} INFO - [2024-04-22T11:42:23.221+0000] {dag.py:3820} INFO - Setting next_dagrun for dag_with_catchup_backfill_v02 to 2024-04-21T00:00:00+00:00, run_after=2024-04-22T00:00:00+00:00
[2024-04-22T11:42:23.286+0000] {processor.py:183} INFO - Processing /opt/airflow/dags/dag_with_catchup_and_backfill.py took 0.291 seconds
[2024-04-22T11:42:34.143+0000] {processor.py:161} INFO - Started process (PID=428) to work on /opt/airflow/dags/dag_with_catchup_and_backfill.py
[2024-04-22T11:42:34.144+0000] {processor.py:830} INFO - Processing file /opt/airflow/dags/dag_with_catchup_and_backfill.py for tasks to queue
[2024-04-22T11:42:34.146+0000] {logging_mixin.py:188} INFO - [2024-04-22T11:42:34.145+0000] {dagbag.py:538} INFO - Filling up the DagBag from /opt/airflow/dags/dag_with_catchup_and_backfill.py
[2024-04-22T11:42:34.170+0000] {processor.py:840} INFO - DAG(s) 'dag_with_catchup_backfill_v02' retrieved from /opt/airflow/dags/dag_with_catchup_and_backfill.py
[2024-04-22T11:42:34.182+0000] {logging_mixin.py:188} INFO - [2024-04-22T11:42:34.182+0000] {dag.py:3033} INFO - Sync 1 DAGs
[2024-04-22T11:42:34.208+0000] {logging_mixin.py:188} INFO - [2024-04-22T11:42:34.208+0000] {dag.py:3820} INFO - Setting next_dagrun for dag_with_catchup_backfill_v02 to 2024-04-21T00:00:00+00:00, run_after=2024-04-22T00:00:00+00:00
[2024-04-22T11:42:34.285+0000] {processor.py:183} INFO - Processing /opt/airflow/dags/dag_with_catchup_and_backfill.py took 0.146 seconds
[2024-04-22T11:42:40.066+0000] {processor.py:161} INFO - Started process (PID=478) to work on /opt/airflow/dags/dag_with_catchup_and_backfill.py
[2024-04-22T11:42:40.068+0000] {processor.py:830} INFO - Processing file /opt/airflow/dags/dag_with_catchup_and_backfill.py for tasks to queue
[2024-04-22T11:42:40.069+0000] {logging_mixin.py:188} INFO - [2024-04-22T11:42:40.069+0000] {dagbag.py:538} INFO - Filling up the DagBag from /opt/airflow/dags/dag_with_catchup_and_backfill.py
[2024-04-22T11:42:40.106+0000] {processor.py:840} INFO - DAG(s) 'dag_with_catchup_backfill_v02' retrieved from /opt/airflow/dags/dag_with_catchup_and_backfill.py
[2024-04-22T11:42:40.126+0000] {logging_mixin.py:188} INFO - [2024-04-22T11:42:40.126+0000] {dag.py:3033} INFO - Sync 1 DAGs
[2024-04-22T11:42:40.180+0000] {logging_mixin.py:188} INFO - [2024-04-22T11:42:40.180+0000] {dag.py:3820} INFO - Setting next_dagrun for dag_with_catchup_backfill_v02 to 2024-04-21T00:00:00+00:00, run_after=2024-04-22T00:00:00+00:00
[2024-04-22T11:42:40.253+0000] {processor.py:183} INFO - Processing /opt/airflow/dags/dag_with_catchup_and_backfill.py took 0.193 seconds
[2024-04-22T11:42:51.584+0000] {processor.py:161} INFO - Started process (PID=529) to work on /opt/airflow/dags/dag_with_catchup_and_backfill.py
[2024-04-22T11:42:51.587+0000] {processor.py:830} INFO - Processing file /opt/airflow/dags/dag_with_catchup_and_backfill.py for tasks to queue
[2024-04-22T11:42:51.599+0000] {logging_mixin.py:188} INFO - [2024-04-22T11:42:51.596+0000] {dagbag.py:538} INFO - Filling up the DagBag from /opt/airflow/dags/dag_with_catchup_and_backfill.py
[2024-04-22T11:42:51.678+0000] {processor.py:840} INFO - DAG(s) 'dag_with_catchup_backfill_v02' retrieved from /opt/airflow/dags/dag_with_catchup_and_backfill.py
[2024-04-22T11:42:51.816+0000] {logging_mixin.py:188} INFO - [2024-04-22T11:42:51.815+0000] {dag.py:3033} INFO - Sync 1 DAGs
[2024-04-22T11:42:51.880+0000] {logging_mixin.py:188} INFO - [2024-04-22T11:42:51.879+0000] {dag.py:3820} INFO - Setting next_dagrun for dag_with_catchup_backfill_v02 to 2024-04-21T00:00:00+00:00, run_after=2024-04-22T00:00:00+00:00
[2024-04-22T11:42:51.979+0000] {processor.py:183} INFO - Processing /opt/airflow/dags/dag_with_catchup_and_backfill.py took 0.410 seconds
[2024-04-22T11:43:05.157+0000] {processor.py:161} INFO - Started process (PID=692) to work on /opt/airflow/dags/dag_with_catchup_and_backfill.py
[2024-04-22T11:43:05.166+0000] {processor.py:830} INFO - Processing file /opt/airflow/dags/dag_with_catchup_and_backfill.py for tasks to queue
[2024-04-22T11:43:05.171+0000] {logging_mixin.py:188} INFO - [2024-04-22T11:43:05.171+0000] {dagbag.py:538} INFO - Filling up the DagBag from /opt/airflow/dags/dag_with_catchup_and_backfill.py
[2024-04-22T11:43:05.263+0000] {processor.py:840} INFO - DAG(s) 'dag_with_catchup_backfill_v02' retrieved from /opt/airflow/dags/dag_with_catchup_and_backfill.py
[2024-04-22T11:43:05.339+0000] {logging_mixin.py:188} INFO - [2024-04-22T11:43:05.339+0000] {dag.py:3033} INFO - Sync 1 DAGs
[2024-04-22T11:43:05.428+0000] {logging_mixin.py:188} INFO - [2024-04-22T11:43:05.428+0000] {dag.py:3820} INFO - Setting next_dagrun for dag_with_catchup_backfill_v02 to 2024-04-21T00:00:00+00:00, run_after=2024-04-22T00:00:00+00:00
[2024-04-22T11:43:05.490+0000] {processor.py:183} INFO - Processing /opt/airflow/dags/dag_with_catchup_and_backfill.py took 0.341 seconds
[2024-04-22T11:43:17.375+0000] {processor.py:161} INFO - Started process (PID=819) to work on /opt/airflow/dags/dag_with_catchup_and_backfill.py
[2024-04-22T11:43:17.377+0000] {processor.py:830} INFO - Processing file /opt/airflow/dags/dag_with_catchup_and_backfill.py for tasks to queue
[2024-04-22T11:43:17.382+0000] {logging_mixin.py:188} INFO - [2024-04-22T11:43:17.381+0000] {dagbag.py:538} INFO - Filling up the DagBag from /opt/airflow/dags/dag_with_catchup_and_backfill.py
[2024-04-22T11:43:17.437+0000] {processor.py:840} INFO - DAG(s) 'dag_with_catchup_backfill_v02' retrieved from /opt/airflow/dags/dag_with_catchup_and_backfill.py
[2024-04-22T11:43:17.494+0000] {logging_mixin.py:188} INFO - [2024-04-22T11:43:17.493+0000] {dag.py:3033} INFO - Sync 1 DAGs
[2024-04-22T11:43:17.537+0000] {logging_mixin.py:188} INFO - [2024-04-22T11:43:17.536+0000] {dag.py:3820} INFO - Setting next_dagrun for dag_with_catchup_backfill_v02 to 2024-04-21T00:00:00+00:00, run_after=2024-04-22T00:00:00+00:00
[2024-04-22T11:43:17.576+0000] {processor.py:183} INFO - Processing /opt/airflow/dags/dag_with_catchup_and_backfill.py took 0.214 seconds
[2024-04-22T11:43:28.028+0000] {processor.py:161} INFO - Started process (PID=859) to work on /opt/airflow/dags/dag_with_catchup_and_backfill.py
[2024-04-22T11:43:28.038+0000] {processor.py:830} INFO - Processing file /opt/airflow/dags/dag_with_catchup_and_backfill.py for tasks to queue
[2024-04-22T11:43:28.041+0000] {logging_mixin.py:188} INFO - [2024-04-22T11:43:28.040+0000] {dagbag.py:538} INFO - Filling up the DagBag from /opt/airflow/dags/dag_with_catchup_and_backfill.py
[2024-04-22T11:43:28.123+0000] {processor.py:840} INFO - DAG(s) 'dag_with_catchup_backfill_v02' retrieved from /opt/airflow/dags/dag_with_catchup_and_backfill.py
[2024-04-22T11:43:28.226+0000] {logging_mixin.py:188} INFO - [2024-04-22T11:43:28.216+0000] {dag.py:3033} INFO - Sync 1 DAGs
[2024-04-22T11:43:28.304+0000] {logging_mixin.py:188} INFO - [2024-04-22T11:43:28.304+0000] {dag.py:3820} INFO - Setting next_dagrun for dag_with_catchup_backfill_v02 to 2024-04-21T00:00:00+00:00, run_after=2024-04-22T00:00:00+00:00
[2024-04-22T11:43:28.432+0000] {processor.py:183} INFO - Processing /opt/airflow/dags/dag_with_catchup_and_backfill.py took 0.416 seconds
[2024-04-22T11:43:38.856+0000] {processor.py:161} INFO - Started process (PID=901) to work on /opt/airflow/dags/dag_with_catchup_and_backfill.py
[2024-04-22T11:43:38.859+0000] {processor.py:830} INFO - Processing file /opt/airflow/dags/dag_with_catchup_and_backfill.py for tasks to queue
[2024-04-22T11:43:38.866+0000] {logging_mixin.py:188} INFO - [2024-04-22T11:43:38.865+0000] {dagbag.py:538} INFO - Filling up the DagBag from /opt/airflow/dags/dag_with_catchup_and_backfill.py
[2024-04-22T11:43:38.921+0000] {processor.py:840} INFO - DAG(s) 'dag_with_catchup_backfill_v02' retrieved from /opt/airflow/dags/dag_with_catchup_and_backfill.py
[2024-04-22T11:43:38.998+0000] {logging_mixin.py:188} INFO - [2024-04-22T11:43:38.997+0000] {dag.py:3033} INFO - Sync 1 DAGs
[2024-04-22T11:43:39.068+0000] {logging_mixin.py:188} INFO - [2024-04-22T11:43:39.068+0000] {dag.py:3820} INFO - Setting next_dagrun for dag_with_catchup_backfill_v02 to 2024-04-21T00:00:00+00:00, run_after=2024-04-22T00:00:00+00:00
[2024-04-22T11:43:39.136+0000] {processor.py:183} INFO - Processing /opt/airflow/dags/dag_with_catchup_and_backfill.py took 0.290 seconds
[2024-04-22T11:43:49.724+0000] {processor.py:161} INFO - Started process (PID=941) to work on /opt/airflow/dags/dag_with_catchup_and_backfill.py
[2024-04-22T11:43:49.728+0000] {processor.py:830} INFO - Processing file /opt/airflow/dags/dag_with_catchup_and_backfill.py for tasks to queue
[2024-04-22T11:43:49.732+0000] {logging_mixin.py:188} INFO - [2024-04-22T11:43:49.731+0000] {dagbag.py:538} INFO - Filling up the DagBag from /opt/airflow/dags/dag_with_catchup_and_backfill.py
[2024-04-22T11:43:49.812+0000] {processor.py:840} INFO - DAG(s) 'dag_with_catchup_backfill_v02' retrieved from /opt/airflow/dags/dag_with_catchup_and_backfill.py
[2024-04-22T11:43:49.895+0000] {logging_mixin.py:188} INFO - [2024-04-22T11:43:49.895+0000] {dag.py:3033} INFO - Sync 1 DAGs
[2024-04-22T11:43:49.969+0000] {logging_mixin.py:188} INFO - [2024-04-22T11:43:49.968+0000] {dag.py:3820} INFO - Setting next_dagrun for dag_with_catchup_backfill_v02 to 2024-04-21T00:00:00+00:00, run_after=2024-04-22T00:00:00+00:00
[2024-04-22T11:43:50.060+0000] {processor.py:183} INFO - Processing /opt/airflow/dags/dag_with_catchup_and_backfill.py took 0.343 seconds
[2024-04-22T11:44:00.341+0000] {processor.py:161} INFO - Started process (PID=981) to work on /opt/airflow/dags/dag_with_catchup_and_backfill.py
[2024-04-22T11:44:00.344+0000] {processor.py:830} INFO - Processing file /opt/airflow/dags/dag_with_catchup_and_backfill.py for tasks to queue
[2024-04-22T11:44:00.350+0000] {logging_mixin.py:188} INFO - [2024-04-22T11:44:00.348+0000] {dagbag.py:538} INFO - Filling up the DagBag from /opt/airflow/dags/dag_with_catchup_and_backfill.py
[2024-04-22T11:44:00.430+0000] {processor.py:840} INFO - DAG(s) 'dag_with_catchup_backfill_v02' retrieved from /opt/airflow/dags/dag_with_catchup_and_backfill.py
[2024-04-22T11:44:00.497+0000] {logging_mixin.py:188} INFO - [2024-04-22T11:44:00.497+0000] {dag.py:3033} INFO - Sync 1 DAGs
[2024-04-22T11:44:00.566+0000] {logging_mixin.py:188} INFO - [2024-04-22T11:44:00.565+0000] {dag.py:3820} INFO - Setting next_dagrun for dag_with_catchup_backfill_v02 to 2024-04-21T00:00:00+00:00, run_after=2024-04-22T00:00:00+00:00
[2024-04-22T11:44:00.635+0000] {processor.py:183} INFO - Processing /opt/airflow/dags/dag_with_catchup_and_backfill.py took 0.301 seconds
[2024-04-22T11:44:11.129+0000] {processor.py:161} INFO - Started process (PID=1021) to work on /opt/airflow/dags/dag_with_catchup_and_backfill.py
[2024-04-22T11:44:11.134+0000] {processor.py:830} INFO - Processing file /opt/airflow/dags/dag_with_catchup_and_backfill.py for tasks to queue
[2024-04-22T11:44:11.137+0000] {logging_mixin.py:188} INFO - [2024-04-22T11:44:11.136+0000] {dagbag.py:538} INFO - Filling up the DagBag from /opt/airflow/dags/dag_with_catchup_and_backfill.py
[2024-04-22T11:44:11.195+0000] {processor.py:840} INFO - DAG(s) 'dag_with_catchup_backfill_v02' retrieved from /opt/airflow/dags/dag_with_catchup_and_backfill.py
[2024-04-22T11:44:11.310+0000] {logging_mixin.py:188} INFO - [2024-04-22T11:44:11.309+0000] {dag.py:3033} INFO - Sync 1 DAGs
[2024-04-22T11:44:11.373+0000] {logging_mixin.py:188} INFO - [2024-04-22T11:44:11.372+0000] {dag.py:3820} INFO - Setting next_dagrun for dag_with_catchup_backfill_v02 to 2024-04-21T00:00:00+00:00, run_after=2024-04-22T00:00:00+00:00
[2024-04-22T11:44:11.446+0000] {processor.py:183} INFO - Processing /opt/airflow/dags/dag_with_catchup_and_backfill.py took 0.327 seconds
[2024-04-22T11:44:21.882+0000] {processor.py:161} INFO - Started process (PID=1061) to work on /opt/airflow/dags/dag_with_catchup_and_backfill.py
[2024-04-22T11:44:21.885+0000] {processor.py:830} INFO - Processing file /opt/airflow/dags/dag_with_catchup_and_backfill.py for tasks to queue
[2024-04-22T11:44:21.887+0000] {logging_mixin.py:188} INFO - [2024-04-22T11:44:21.887+0000] {dagbag.py:538} INFO - Filling up the DagBag from /opt/airflow/dags/dag_with_catchup_and_backfill.py
[2024-04-22T11:44:22.012+0000] {processor.py:840} INFO - DAG(s) 'dag_with_catchup_backfill_v02' retrieved from /opt/airflow/dags/dag_with_catchup_and_backfill.py
[2024-04-22T11:44:22.091+0000] {logging_mixin.py:188} INFO - [2024-04-22T11:44:22.091+0000] {dag.py:3033} INFO - Sync 1 DAGs
[2024-04-22T11:44:22.176+0000] {logging_mixin.py:188} INFO - [2024-04-22T11:44:22.176+0000] {dag.py:3820} INFO - Setting next_dagrun for dag_with_catchup_backfill_v02 to 2024-04-21T00:00:00+00:00, run_after=2024-04-22T00:00:00+00:00
[2024-04-22T11:44:22.271+0000] {processor.py:183} INFO - Processing /opt/airflow/dags/dag_with_catchup_and_backfill.py took 0.401 seconds
[2024-04-22T11:44:38.026+0000] {processor.py:161} INFO - Started process (PID=1099) to work on /opt/airflow/dags/dag_with_catchup_and_backfill.py
[2024-04-22T11:44:38.035+0000] {processor.py:830} INFO - Processing file /opt/airflow/dags/dag_with_catchup_and_backfill.py for tasks to queue
[2024-04-22T11:44:38.040+0000] {logging_mixin.py:188} INFO - [2024-04-22T11:44:38.039+0000] {dagbag.py:538} INFO - Filling up the DagBag from /opt/airflow/dags/dag_with_catchup_and_backfill.py
[2024-04-22T11:44:38.436+0000] {processor.py:840} INFO - DAG(s) 'dag_with_catchup_backfill_v02' retrieved from /opt/airflow/dags/dag_with_catchup_and_backfill.py
[2024-04-22T11:44:38.566+0000] {logging_mixin.py:188} INFO - [2024-04-22T11:44:38.566+0000] {dag.py:3033} INFO - Sync 1 DAGs
[2024-04-22T11:44:38.690+0000] {logging_mixin.py:188} INFO - [2024-04-22T11:44:38.679+0000] {dag.py:3820} INFO - Setting next_dagrun for dag_with_catchup_backfill_v02 to 2024-04-21T00:00:00+00:00, run_after=2024-04-22T00:00:00+00:00
[2024-04-22T11:44:38.787+0000] {processor.py:183} INFO - Processing /opt/airflow/dags/dag_with_catchup_and_backfill.py took 0.777 seconds
[2024-04-22T11:44:49.209+0000] {processor.py:161} INFO - Started process (PID=1139) to work on /opt/airflow/dags/dag_with_catchup_and_backfill.py
[2024-04-22T11:44:49.218+0000] {processor.py:830} INFO - Processing file /opt/airflow/dags/dag_with_catchup_and_backfill.py for tasks to queue
[2024-04-22T11:44:49.222+0000] {logging_mixin.py:188} INFO - [2024-04-22T11:44:49.221+0000] {dagbag.py:538} INFO - Filling up the DagBag from /opt/airflow/dags/dag_with_catchup_and_backfill.py
[2024-04-22T11:44:49.387+0000] {processor.py:840} INFO - DAG(s) 'dag_with_catchup_backfill_v02' retrieved from /opt/airflow/dags/dag_with_catchup_and_backfill.py
[2024-04-22T11:44:49.482+0000] {logging_mixin.py:188} INFO - [2024-04-22T11:44:49.481+0000] {dag.py:3033} INFO - Sync 1 DAGs
[2024-04-22T11:44:49.569+0000] {logging_mixin.py:188} INFO - [2024-04-22T11:44:49.569+0000] {dag.py:3820} INFO - Setting next_dagrun for dag_with_catchup_backfill_v02 to 2024-04-21T00:00:00+00:00, run_after=2024-04-22T00:00:00+00:00
[2024-04-22T11:44:49.674+0000] {processor.py:183} INFO - Processing /opt/airflow/dags/dag_with_catchup_and_backfill.py took 0.482 seconds
[2024-04-22T11:45:00.313+0000] {processor.py:161} INFO - Started process (PID=1181) to work on /opt/airflow/dags/dag_with_catchup_and_backfill.py
[2024-04-22T11:45:00.322+0000] {processor.py:830} INFO - Processing file /opt/airflow/dags/dag_with_catchup_and_backfill.py for tasks to queue
[2024-04-22T11:45:00.325+0000] {logging_mixin.py:188} INFO - [2024-04-22T11:45:00.324+0000] {dagbag.py:538} INFO - Filling up the DagBag from /opt/airflow/dags/dag_with_catchup_and_backfill.py
[2024-04-22T11:45:00.392+0000] {processor.py:840} INFO - DAG(s) 'dag_with_catchup_backfill_v02' retrieved from /opt/airflow/dags/dag_with_catchup_and_backfill.py
[2024-04-22T11:45:00.494+0000] {logging_mixin.py:188} INFO - [2024-04-22T11:45:00.490+0000] {dag.py:3033} INFO - Sync 1 DAGs
[2024-04-22T11:45:00.586+0000] {logging_mixin.py:188} INFO - [2024-04-22T11:45:00.585+0000] {dag.py:3820} INFO - Setting next_dagrun for dag_with_catchup_backfill_v02 to 2024-04-21T00:00:00+00:00, run_after=2024-04-22T00:00:00+00:00
[2024-04-22T11:45:00.668+0000] {processor.py:183} INFO - Processing /opt/airflow/dags/dag_with_catchup_and_backfill.py took 0.363 seconds
[2024-04-22T11:45:11.050+0000] {processor.py:161} INFO - Started process (PID=1221) to work on /opt/airflow/dags/dag_with_catchup_and_backfill.py
[2024-04-22T11:45:11.053+0000] {processor.py:830} INFO - Processing file /opt/airflow/dags/dag_with_catchup_and_backfill.py for tasks to queue
[2024-04-22T11:45:11.056+0000] {logging_mixin.py:188} INFO - [2024-04-22T11:45:11.055+0000] {dagbag.py:538} INFO - Filling up the DagBag from /opt/airflow/dags/dag_with_catchup_and_backfill.py
[2024-04-22T11:45:11.099+0000] {processor.py:840} INFO - DAG(s) 'dag_with_catchup_backfill_v02' retrieved from /opt/airflow/dags/dag_with_catchup_and_backfill.py
[2024-04-22T11:45:11.155+0000] {logging_mixin.py:188} INFO - [2024-04-22T11:45:11.155+0000] {dag.py:3033} INFO - Sync 1 DAGs
[2024-04-22T11:45:11.210+0000] {logging_mixin.py:188} INFO - [2024-04-22T11:45:11.209+0000] {dag.py:3820} INFO - Setting next_dagrun for dag_with_catchup_backfill_v02 to 2024-04-21T00:00:00+00:00, run_after=2024-04-22T00:00:00+00:00
[2024-04-22T11:45:11.260+0000] {processor.py:183} INFO - Processing /opt/airflow/dags/dag_with_catchup_and_backfill.py took 0.216 seconds
[2024-04-22T11:45:21.630+0000] {processor.py:161} INFO - Started process (PID=1259) to work on /opt/airflow/dags/dag_with_catchup_and_backfill.py
[2024-04-22T11:45:21.632+0000] {processor.py:830} INFO - Processing file /opt/airflow/dags/dag_with_catchup_and_backfill.py for tasks to queue
[2024-04-22T11:45:21.633+0000] {logging_mixin.py:188} INFO - [2024-04-22T11:45:21.633+0000] {dagbag.py:538} INFO - Filling up the DagBag from /opt/airflow/dags/dag_with_catchup_and_backfill.py
[2024-04-22T11:45:21.670+0000] {processor.py:840} INFO - DAG(s) 'dag_with_catchup_backfill_v02' retrieved from /opt/airflow/dags/dag_with_catchup_and_backfill.py
[2024-04-22T11:45:21.703+0000] {logging_mixin.py:188} INFO - [2024-04-22T11:45:21.703+0000] {dag.py:3033} INFO - Sync 1 DAGs
[2024-04-22T11:45:21.735+0000] {logging_mixin.py:188} INFO - [2024-04-22T11:45:21.735+0000] {dag.py:3820} INFO - Setting next_dagrun for dag_with_catchup_backfill_v02 to 2024-04-21T00:00:00+00:00, run_after=2024-04-22T00:00:00+00:00
[2024-04-22T11:45:21.764+0000] {processor.py:183} INFO - Processing /opt/airflow/dags/dag_with_catchup_and_backfill.py took 0.139 seconds
[2024-04-22T11:45:32.867+0000] {processor.py:161} INFO - Started process (PID=1301) to work on /opt/airflow/dags/dag_with_catchup_and_backfill.py
[2024-04-22T11:45:32.868+0000] {processor.py:830} INFO - Processing file /opt/airflow/dags/dag_with_catchup_and_backfill.py for tasks to queue
[2024-04-22T11:45:32.870+0000] {logging_mixin.py:188} INFO - [2024-04-22T11:45:32.870+0000] {dagbag.py:538} INFO - Filling up the DagBag from /opt/airflow/dags/dag_with_catchup_and_backfill.py
[2024-04-22T11:45:32.902+0000] {processor.py:840} INFO - DAG(s) 'dag_with_catchup_backfill_v02' retrieved from /opt/airflow/dags/dag_with_catchup_and_backfill.py
[2024-04-22T11:45:32.937+0000] {logging_mixin.py:188} INFO - [2024-04-22T11:45:32.936+0000] {dag.py:3033} INFO - Sync 1 DAGs
[2024-04-22T11:45:32.968+0000] {logging_mixin.py:188} INFO - [2024-04-22T11:45:32.966+0000] {dag.py:3820} INFO - Setting next_dagrun for dag_with_catchup_backfill_v02 to 2024-04-21T00:00:00+00:00, run_after=2024-04-22T00:00:00+00:00
[2024-04-22T11:45:33.008+0000] {processor.py:183} INFO - Processing /opt/airflow/dags/dag_with_catchup_and_backfill.py took 0.146 seconds
[2024-04-22T11:45:43.391+0000] {processor.py:161} INFO - Started process (PID=1341) to work on /opt/airflow/dags/dag_with_catchup_and_backfill.py
[2024-04-22T11:45:43.393+0000] {processor.py:830} INFO - Processing file /opt/airflow/dags/dag_with_catchup_and_backfill.py for tasks to queue
[2024-04-22T11:45:43.395+0000] {logging_mixin.py:188} INFO - [2024-04-22T11:45:43.395+0000] {dagbag.py:538} INFO - Filling up the DagBag from /opt/airflow/dags/dag_with_catchup_and_backfill.py
[2024-04-22T11:45:43.448+0000] {processor.py:840} INFO - DAG(s) 'dag_with_catchup_backfill_v02' retrieved from /opt/airflow/dags/dag_with_catchup_and_backfill.py
[2024-04-22T11:45:43.513+0000] {logging_mixin.py:188} INFO - [2024-04-22T11:45:43.513+0000] {dag.py:3033} INFO - Sync 1 DAGs
[2024-04-22T11:45:43.554+0000] {logging_mixin.py:188} INFO - [2024-04-22T11:45:43.554+0000] {dag.py:3820} INFO - Setting next_dagrun for dag_with_catchup_backfill_v02 to 2024-04-21T00:00:00+00:00, run_after=2024-04-22T00:00:00+00:00
[2024-04-22T11:45:43.603+0000] {processor.py:183} INFO - Processing /opt/airflow/dags/dag_with_catchup_and_backfill.py took 0.220 seconds
[2024-04-22T11:45:53.919+0000] {processor.py:161} INFO - Started process (PID=1381) to work on /opt/airflow/dags/dag_with_catchup_and_backfill.py
[2024-04-22T11:45:53.920+0000] {processor.py:830} INFO - Processing file /opt/airflow/dags/dag_with_catchup_and_backfill.py for tasks to queue
[2024-04-22T11:45:53.921+0000] {logging_mixin.py:188} INFO - [2024-04-22T11:45:53.921+0000] {dagbag.py:538} INFO - Filling up the DagBag from /opt/airflow/dags/dag_with_catchup_and_backfill.py
[2024-04-22T11:45:53.944+0000] {processor.py:840} INFO - DAG(s) 'dag_with_catchup_backfill_v02' retrieved from /opt/airflow/dags/dag_with_catchup_and_backfill.py
[2024-04-22T11:45:53.970+0000] {logging_mixin.py:188} INFO - [2024-04-22T11:45:53.970+0000] {dag.py:3033} INFO - Sync 1 DAGs
[2024-04-22T11:45:53.993+0000] {logging_mixin.py:188} INFO - [2024-04-22T11:45:53.993+0000] {dag.py:3820} INFO - Setting next_dagrun for dag_with_catchup_backfill_v02 to 2024-04-21T00:00:00+00:00, run_after=2024-04-22T00:00:00+00:00
[2024-04-22T11:45:54.018+0000] {processor.py:183} INFO - Processing /opt/airflow/dags/dag_with_catchup_and_backfill.py took 0.105 seconds
[2024-04-22T11:46:05.015+0000] {processor.py:161} INFO - Started process (PID=1421) to work on /opt/airflow/dags/dag_with_catchup_and_backfill.py
[2024-04-22T11:46:05.017+0000] {processor.py:830} INFO - Processing file /opt/airflow/dags/dag_with_catchup_and_backfill.py for tasks to queue
[2024-04-22T11:46:05.019+0000] {logging_mixin.py:188} INFO - [2024-04-22T11:46:05.018+0000] {dagbag.py:538} INFO - Filling up the DagBag from /opt/airflow/dags/dag_with_catchup_and_backfill.py
[2024-04-22T11:46:05.052+0000] {processor.py:840} INFO - DAG(s) 'dag_with_catchup_backfill_v02' retrieved from /opt/airflow/dags/dag_with_catchup_and_backfill.py
[2024-04-22T11:46:05.095+0000] {logging_mixin.py:188} INFO - [2024-04-22T11:46:05.095+0000] {dag.py:3033} INFO - Sync 1 DAGs
[2024-04-22T11:46:05.131+0000] {logging_mixin.py:188} INFO - [2024-04-22T11:46:05.131+0000] {dag.py:3820} INFO - Setting next_dagrun for dag_with_catchup_backfill_v02 to 2024-04-21T00:00:00+00:00, run_after=2024-04-22T00:00:00+00:00
[2024-04-22T11:46:05.166+0000] {processor.py:183} INFO - Processing /opt/airflow/dags/dag_with_catchup_and_backfill.py took 0.156 seconds
[2024-04-22T11:46:17.537+0000] {processor.py:161} INFO - Started process (PID=1459) to work on /opt/airflow/dags/dag_with_catchup_and_backfill.py
[2024-04-22T11:46:17.539+0000] {processor.py:830} INFO - Processing file /opt/airflow/dags/dag_with_catchup_and_backfill.py for tasks to queue
[2024-04-22T11:46:17.542+0000] {logging_mixin.py:188} INFO - [2024-04-22T11:46:17.541+0000] {dagbag.py:538} INFO - Filling up the DagBag from /opt/airflow/dags/dag_with_catchup_and_backfill.py
[2024-04-22T11:46:17.609+0000] {processor.py:840} INFO - DAG(s) 'dag_with_catchup_backfill_v02' retrieved from /opt/airflow/dags/dag_with_catchup_and_backfill.py
[2024-04-22T11:46:17.693+0000] {logging_mixin.py:188} INFO - [2024-04-22T11:46:17.692+0000] {dag.py:3033} INFO - Sync 1 DAGs
[2024-04-22T11:46:17.768+0000] {logging_mixin.py:188} INFO - [2024-04-22T11:46:17.761+0000] {dag.py:3820} INFO - Setting next_dagrun for dag_with_catchup_backfill_v02 to 2024-04-21T00:00:00+00:00, run_after=2024-04-22T00:00:00+00:00
[2024-04-22T11:46:17.922+0000] {processor.py:183} INFO - Processing /opt/airflow/dags/dag_with_catchup_and_backfill.py took 0.402 seconds
[2024-04-22T11:46:29.068+0000] {processor.py:161} INFO - Started process (PID=1501) to work on /opt/airflow/dags/dag_with_catchup_and_backfill.py
[2024-04-22T11:46:29.071+0000] {processor.py:830} INFO - Processing file /opt/airflow/dags/dag_with_catchup_and_backfill.py for tasks to queue
[2024-04-22T11:46:29.074+0000] {logging_mixin.py:188} INFO - [2024-04-22T11:46:29.074+0000] {dagbag.py:538} INFO - Filling up the DagBag from /opt/airflow/dags/dag_with_catchup_and_backfill.py
[2024-04-22T11:46:29.137+0000] {processor.py:840} INFO - DAG(s) 'dag_with_catchup_backfill_v02' retrieved from /opt/airflow/dags/dag_with_catchup_and_backfill.py
[2024-04-22T11:46:29.214+0000] {logging_mixin.py:188} INFO - [2024-04-22T11:46:29.213+0000] {dag.py:3033} INFO - Sync 1 DAGs
[2024-04-22T11:46:29.277+0000] {logging_mixin.py:188} INFO - [2024-04-22T11:46:29.277+0000] {dag.py:3820} INFO - Setting next_dagrun for dag_with_catchup_backfill_v02 to 2024-04-21T00:00:00+00:00, run_after=2024-04-22T00:00:00+00:00
[2024-04-22T11:46:29.343+0000] {processor.py:183} INFO - Processing /opt/airflow/dags/dag_with_catchup_and_backfill.py took 0.284 seconds
[2024-04-22T11:46:39.536+0000] {processor.py:161} INFO - Started process (PID=1539) to work on /opt/airflow/dags/dag_with_catchup_and_backfill.py
[2024-04-22T11:46:39.539+0000] {processor.py:830} INFO - Processing file /opt/airflow/dags/dag_with_catchup_and_backfill.py for tasks to queue
[2024-04-22T11:46:39.541+0000] {logging_mixin.py:188} INFO - [2024-04-22T11:46:39.540+0000] {dagbag.py:538} INFO - Filling up the DagBag from /opt/airflow/dags/dag_with_catchup_and_backfill.py
[2024-04-22T11:46:39.606+0000] {processor.py:840} INFO - DAG(s) 'dag_with_catchup_backfill_v02' retrieved from /opt/airflow/dags/dag_with_catchup_and_backfill.py
[2024-04-22T11:46:39.664+0000] {logging_mixin.py:188} INFO - [2024-04-22T11:46:39.663+0000] {dag.py:3033} INFO - Sync 1 DAGs
[2024-04-22T11:46:39.724+0000] {logging_mixin.py:188} INFO - [2024-04-22T11:46:39.724+0000] {dag.py:3820} INFO - Setting next_dagrun for dag_with_catchup_backfill_v02 to 2024-04-21T00:00:00+00:00, run_after=2024-04-22T00:00:00+00:00
[2024-04-22T11:46:39.775+0000] {processor.py:183} INFO - Processing /opt/airflow/dags/dag_with_catchup_and_backfill.py took 0.249 seconds
[2024-04-22T11:46:49.873+0000] {processor.py:161} INFO - Started process (PID=1579) to work on /opt/airflow/dags/dag_with_catchup_and_backfill.py
[2024-04-22T11:46:49.874+0000] {processor.py:830} INFO - Processing file /opt/airflow/dags/dag_with_catchup_and_backfill.py for tasks to queue
[2024-04-22T11:46:49.876+0000] {logging_mixin.py:188} INFO - [2024-04-22T11:46:49.875+0000] {dagbag.py:538} INFO - Filling up the DagBag from /opt/airflow/dags/dag_with_catchup_and_backfill.py
[2024-04-22T11:46:49.898+0000] {processor.py:840} INFO - DAG(s) 'dag_with_catchup_backfill_v02' retrieved from /opt/airflow/dags/dag_with_catchup_and_backfill.py
[2024-04-22T11:46:49.923+0000] {logging_mixin.py:188} INFO - [2024-04-22T11:46:49.923+0000] {dag.py:3033} INFO - Sync 1 DAGs
[2024-04-22T11:46:49.945+0000] {logging_mixin.py:188} INFO - [2024-04-22T11:46:49.945+0000] {dag.py:3820} INFO - Setting next_dagrun for dag_with_catchup_backfill_v02 to 2024-04-21T00:00:00+00:00, run_after=2024-04-22T00:00:00+00:00
[2024-04-22T11:46:49.991+0000] {processor.py:183} INFO - Processing /opt/airflow/dags/dag_with_catchup_and_backfill.py took 0.123 seconds
[2024-04-22T11:47:00.657+0000] {processor.py:161} INFO - Started process (PID=1619) to work on /opt/airflow/dags/dag_with_catchup_and_backfill.py
[2024-04-22T11:47:00.658+0000] {processor.py:830} INFO - Processing file /opt/airflow/dags/dag_with_catchup_and_backfill.py for tasks to queue
[2024-04-22T11:47:00.659+0000] {logging_mixin.py:188} INFO - [2024-04-22T11:47:00.658+0000] {dagbag.py:538} INFO - Filling up the DagBag from /opt/airflow/dags/dag_with_catchup_and_backfill.py
[2024-04-22T11:47:00.682+0000] {processor.py:840} INFO - DAG(s) 'dag_with_catchup_backfill_v02' retrieved from /opt/airflow/dags/dag_with_catchup_and_backfill.py
[2024-04-22T11:47:00.713+0000] {logging_mixin.py:188} INFO - [2024-04-22T11:47:00.713+0000] {dag.py:3033} INFO - Sync 1 DAGs
[2024-04-22T11:47:00.737+0000] {logging_mixin.py:188} INFO - [2024-04-22T11:47:00.737+0000] {dag.py:3820} INFO - Setting next_dagrun for dag_with_catchup_backfill_v02 to 2024-04-21T00:00:00+00:00, run_after=2024-04-22T00:00:00+00:00
[2024-04-22T11:47:00.774+0000] {processor.py:183} INFO - Processing /opt/airflow/dags/dag_with_catchup_and_backfill.py took 0.122 seconds
[2024-04-22T11:47:11.568+0000] {processor.py:161} INFO - Started process (PID=1661) to work on /opt/airflow/dags/dag_with_catchup_and_backfill.py
[2024-04-22T11:47:11.569+0000] {processor.py:830} INFO - Processing file /opt/airflow/dags/dag_with_catchup_and_backfill.py for tasks to queue
[2024-04-22T11:47:11.571+0000] {logging_mixin.py:188} INFO - [2024-04-22T11:47:11.570+0000] {dagbag.py:538} INFO - Filling up the DagBag from /opt/airflow/dags/dag_with_catchup_and_backfill.py
[2024-04-22T11:47:11.599+0000] {processor.py:840} INFO - DAG(s) 'dag_with_catchup_backfill_v02' retrieved from /opt/airflow/dags/dag_with_catchup_and_backfill.py
[2024-04-22T11:47:11.640+0000] {logging_mixin.py:188} INFO - [2024-04-22T11:47:11.639+0000] {dag.py:3033} INFO - Sync 1 DAGs
[2024-04-22T11:47:11.676+0000] {logging_mixin.py:188} INFO - [2024-04-22T11:47:11.676+0000] {dag.py:3820} INFO - Setting next_dagrun for dag_with_catchup_backfill_v02 to 2024-04-21T00:00:00+00:00, run_after=2024-04-22T00:00:00+00:00
[2024-04-22T11:47:11.713+0000] {processor.py:183} INFO - Processing /opt/airflow/dags/dag_with_catchup_and_backfill.py took 0.150 seconds
[2024-04-22T11:47:22.866+0000] {processor.py:161} INFO - Started process (PID=1701) to work on /opt/airflow/dags/dag_with_catchup_and_backfill.py
[2024-04-22T11:47:22.868+0000] {processor.py:830} INFO - Processing file /opt/airflow/dags/dag_with_catchup_and_backfill.py for tasks to queue
[2024-04-22T11:47:22.870+0000] {logging_mixin.py:188} INFO - [2024-04-22T11:47:22.870+0000] {dagbag.py:538} INFO - Filling up the DagBag from /opt/airflow/dags/dag_with_catchup_and_backfill.py
[2024-04-22T11:47:22.937+0000] {processor.py:840} INFO - DAG(s) 'dag_with_catchup_backfill_v02' retrieved from /opt/airflow/dags/dag_with_catchup_and_backfill.py
[2024-04-22T11:47:23.011+0000] {logging_mixin.py:188} INFO - [2024-04-22T11:47:23.010+0000] {dag.py:3033} INFO - Sync 1 DAGs
[2024-04-22T11:47:23.074+0000] {logging_mixin.py:188} INFO - [2024-04-22T11:47:23.073+0000] {dag.py:3820} INFO - Setting next_dagrun for dag_with_catchup_backfill_v02 to 2024-04-21T00:00:00+00:00, run_after=2024-04-22T00:00:00+00:00
[2024-04-22T11:47:23.139+0000] {processor.py:183} INFO - Processing /opt/airflow/dags/dag_with_catchup_and_backfill.py took 0.279 seconds
[2024-04-22T11:47:33.636+0000] {processor.py:161} INFO - Started process (PID=1739) to work on /opt/airflow/dags/dag_with_catchup_and_backfill.py
[2024-04-22T11:47:33.640+0000] {processor.py:830} INFO - Processing file /opt/airflow/dags/dag_with_catchup_and_backfill.py for tasks to queue
[2024-04-22T11:47:33.642+0000] {logging_mixin.py:188} INFO - [2024-04-22T11:47:33.641+0000] {dagbag.py:538} INFO - Filling up the DagBag from /opt/airflow/dags/dag_with_catchup_and_backfill.py
[2024-04-22T11:47:33.713+0000] {processor.py:840} INFO - DAG(s) 'dag_with_catchup_backfill_v02' retrieved from /opt/airflow/dags/dag_with_catchup_and_backfill.py
[2024-04-22T11:47:33.794+0000] {logging_mixin.py:188} INFO - [2024-04-22T11:47:33.794+0000] {dag.py:3033} INFO - Sync 1 DAGs
[2024-04-22T11:47:33.865+0000] {logging_mixin.py:188} INFO - [2024-04-22T11:47:33.865+0000] {dag.py:3820} INFO - Setting next_dagrun for dag_with_catchup_backfill_v02 to 2024-04-21T00:00:00+00:00, run_after=2024-04-22T00:00:00+00:00
[2024-04-22T11:47:33.950+0000] {processor.py:183} INFO - Processing /opt/airflow/dags/dag_with_catchup_and_backfill.py took 0.326 seconds
[2024-04-22T11:47:44.869+0000] {processor.py:161} INFO - Started process (PID=1784) to work on /opt/airflow/dags/dag_with_catchup_and_backfill.py
[2024-04-22T11:47:44.873+0000] {processor.py:830} INFO - Processing file /opt/airflow/dags/dag_with_catchup_and_backfill.py for tasks to queue
[2024-04-22T11:47:44.876+0000] {logging_mixin.py:188} INFO - [2024-04-22T11:47:44.875+0000] {dagbag.py:538} INFO - Filling up the DagBag from /opt/airflow/dags/dag_with_catchup_and_backfill.py
[2024-04-22T11:47:45.000+0000] {processor.py:840} INFO - DAG(s) 'dag_with_catchup_backfill_v02' retrieved from /opt/airflow/dags/dag_with_catchup_and_backfill.py
[2024-04-22T11:47:45.070+0000] {logging_mixin.py:188} INFO - [2024-04-22T11:47:45.069+0000] {dag.py:3033} INFO - Sync 1 DAGs
[2024-04-22T11:47:45.148+0000] {logging_mixin.py:188} INFO - [2024-04-22T11:47:45.148+0000] {dag.py:3820} INFO - Setting next_dagrun for dag_with_catchup_backfill_v02 to 2024-04-21T00:00:00+00:00, run_after=2024-04-22T00:00:00+00:00
[2024-04-22T11:47:45.279+0000] {processor.py:183} INFO - Processing /opt/airflow/dags/dag_with_catchup_and_backfill.py took 0.417 seconds
[2024-04-22T11:48:31.704+0000] {processor.py:161} INFO - Started process (PID=203) to work on /opt/airflow/dags/dag_with_catchup_and_backfill.py
[2024-04-22T11:48:31.706+0000] {processor.py:830} INFO - Processing file /opt/airflow/dags/dag_with_catchup_and_backfill.py for tasks to queue
[2024-04-22T11:48:31.707+0000] {logging_mixin.py:188} INFO - [2024-04-22T11:48:31.707+0000] {dagbag.py:538} INFO - Filling up the DagBag from /opt/airflow/dags/dag_with_catchup_and_backfill.py
[2024-04-22T11:48:31.737+0000] {processor.py:840} INFO - DAG(s) 'dag_with_catchup_backfill_v02' retrieved from /opt/airflow/dags/dag_with_catchup_and_backfill.py
[2024-04-22T11:48:31.754+0000] {logging_mixin.py:188} INFO - [2024-04-22T11:48:31.754+0000] {dag.py:3033} INFO - Sync 1 DAGs
[2024-04-22T11:48:31.805+0000] {logging_mixin.py:188} INFO - [2024-04-22T11:48:31.804+0000] {dag.py:3820} INFO - Setting next_dagrun for dag_with_catchup_backfill_v02 to 2024-04-21T00:00:00+00:00, run_after=2024-04-22T00:00:00+00:00
[2024-04-22T11:48:31.858+0000] {processor.py:183} INFO - Processing /opt/airflow/dags/dag_with_catchup_and_backfill.py took 0.160 seconds
[2024-04-22T11:48:42.791+0000] {processor.py:161} INFO - Started process (PID=250) to work on /opt/airflow/dags/dag_with_catchup_and_backfill.py
[2024-04-22T11:48:42.792+0000] {processor.py:830} INFO - Processing file /opt/airflow/dags/dag_with_catchup_and_backfill.py for tasks to queue
[2024-04-22T11:48:42.794+0000] {logging_mixin.py:188} INFO - [2024-04-22T11:48:42.794+0000] {dagbag.py:538} INFO - Filling up the DagBag from /opt/airflow/dags/dag_with_catchup_and_backfill.py
[2024-04-22T11:48:42.820+0000] {processor.py:840} INFO - DAG(s) 'dag_with_catchup_backfill_v02' retrieved from /opt/airflow/dags/dag_with_catchup_and_backfill.py
[2024-04-22T11:48:42.835+0000] {logging_mixin.py:188} INFO - [2024-04-22T11:48:42.835+0000] {dag.py:3033} INFO - Sync 1 DAGs
[2024-04-22T11:48:42.872+0000] {logging_mixin.py:188} INFO - [2024-04-22T11:48:42.872+0000] {dag.py:3820} INFO - Setting next_dagrun for dag_with_catchup_backfill_v02 to 2024-04-21T00:00:00+00:00, run_after=2024-04-22T00:00:00+00:00
[2024-04-22T11:48:42.900+0000] {processor.py:183} INFO - Processing /opt/airflow/dags/dag_with_catchup_and_backfill.py took 0.112 seconds
[2024-04-22T11:48:53.604+0000] {processor.py:161} INFO - Started process (PID=295) to work on /opt/airflow/dags/dag_with_catchup_and_backfill.py
[2024-04-22T11:48:53.605+0000] {processor.py:830} INFO - Processing file /opt/airflow/dags/dag_with_catchup_and_backfill.py for tasks to queue
[2024-04-22T11:48:53.606+0000] {logging_mixin.py:188} INFO - [2024-04-22T11:48:53.606+0000] {dagbag.py:538} INFO - Filling up the DagBag from /opt/airflow/dags/dag_with_catchup_and_backfill.py
[2024-04-22T11:48:53.624+0000] {processor.py:840} INFO - DAG(s) 'dag_with_catchup_backfill_v02' retrieved from /opt/airflow/dags/dag_with_catchup_and_backfill.py
[2024-04-22T11:48:53.635+0000] {logging_mixin.py:188} INFO - [2024-04-22T11:48:53.635+0000] {dag.py:3033} INFO - Sync 1 DAGs
[2024-04-22T11:48:53.663+0000] {logging_mixin.py:188} INFO - [2024-04-22T11:48:53.663+0000] {dag.py:3820} INFO - Setting next_dagrun for dag_with_catchup_backfill_v02 to 2024-04-21T00:00:00+00:00, run_after=2024-04-22T00:00:00+00:00
[2024-04-22T11:48:53.688+0000] {processor.py:183} INFO - Processing /opt/airflow/dags/dag_with_catchup_and_backfill.py took 0.087 seconds
[2024-04-22T11:49:03.938+0000] {processor.py:161} INFO - Started process (PID=340) to work on /opt/airflow/dags/dag_with_catchup_and_backfill.py
[2024-04-22T11:49:03.939+0000] {processor.py:830} INFO - Processing file /opt/airflow/dags/dag_with_catchup_and_backfill.py for tasks to queue
[2024-04-22T11:49:03.940+0000] {logging_mixin.py:188} INFO - [2024-04-22T11:49:03.939+0000] {dagbag.py:538} INFO - Filling up the DagBag from /opt/airflow/dags/dag_with_catchup_and_backfill.py
[2024-04-22T11:49:03.964+0000] {processor.py:840} INFO - DAG(s) 'dag_with_catchup_backfill_v02' retrieved from /opt/airflow/dags/dag_with_catchup_and_backfill.py
[2024-04-22T11:49:04.060+0000] {logging_mixin.py:188} INFO - [2024-04-22T11:49:04.059+0000] {dag.py:3033} INFO - Sync 1 DAGs
[2024-04-22T11:49:04.080+0000] {logging_mixin.py:188} INFO - [2024-04-22T11:49:04.080+0000] {dag.py:3820} INFO - Setting next_dagrun for dag_with_catchup_backfill_v02 to 2024-04-21T00:00:00+00:00, run_after=2024-04-22T00:00:00+00:00
[2024-04-22T11:49:04.102+0000] {processor.py:183} INFO - Processing /opt/airflow/dags/dag_with_catchup_and_backfill.py took 0.169 seconds
[2024-04-22T11:49:14.645+0000] {processor.py:161} INFO - Started process (PID=383) to work on /opt/airflow/dags/dag_with_catchup_and_backfill.py
[2024-04-22T11:49:14.646+0000] {processor.py:830} INFO - Processing file /opt/airflow/dags/dag_with_catchup_and_backfill.py for tasks to queue
[2024-04-22T11:49:14.647+0000] {logging_mixin.py:188} INFO - [2024-04-22T11:49:14.647+0000] {dagbag.py:538} INFO - Filling up the DagBag from /opt/airflow/dags/dag_with_catchup_and_backfill.py
[2024-04-22T11:49:14.665+0000] {processor.py:840} INFO - DAG(s) 'dag_with_catchup_backfill_v02' retrieved from /opt/airflow/dags/dag_with_catchup_and_backfill.py
[2024-04-22T11:49:14.676+0000] {logging_mixin.py:188} INFO - [2024-04-22T11:49:14.676+0000] {dag.py:3033} INFO - Sync 1 DAGs
[2024-04-22T11:49:14.699+0000] {logging_mixin.py:188} INFO - [2024-04-22T11:49:14.699+0000] {dag.py:3820} INFO - Setting next_dagrun for dag_with_catchup_backfill_v02 to 2024-04-21T00:00:00+00:00, run_after=2024-04-22T00:00:00+00:00
[2024-04-22T11:49:14.722+0000] {processor.py:183} INFO - Processing /opt/airflow/dags/dag_with_catchup_and_backfill.py took 0.081 seconds
[2024-04-22T11:49:25.319+0000] {processor.py:161} INFO - Started process (PID=428) to work on /opt/airflow/dags/dag_with_catchup_and_backfill.py
[2024-04-22T11:49:25.320+0000] {processor.py:830} INFO - Processing file /opt/airflow/dags/dag_with_catchup_and_backfill.py for tasks to queue
[2024-04-22T11:49:25.321+0000] {logging_mixin.py:188} INFO - [2024-04-22T11:49:25.320+0000] {dagbag.py:538} INFO - Filling up the DagBag from /opt/airflow/dags/dag_with_catchup_and_backfill.py
[2024-04-22T11:49:25.341+0000] {processor.py:840} INFO - DAG(s) 'dag_with_catchup_backfill_v02' retrieved from /opt/airflow/dags/dag_with_catchup_and_backfill.py
[2024-04-22T11:49:25.354+0000] {logging_mixin.py:188} INFO - [2024-04-22T11:49:25.354+0000] {dag.py:3033} INFO - Sync 1 DAGs
[2024-04-22T11:49:25.379+0000] {logging_mixin.py:188} INFO - [2024-04-22T11:49:25.379+0000] {dag.py:3820} INFO - Setting next_dagrun for dag_with_catchup_backfill_v02 to 2024-04-21T00:00:00+00:00, run_after=2024-04-22T00:00:00+00:00
[2024-04-22T11:49:25.403+0000] {processor.py:183} INFO - Processing /opt/airflow/dags/dag_with_catchup_and_backfill.py took 0.089 seconds
[2024-04-22T11:49:36.038+0000] {processor.py:161} INFO - Started process (PID=473) to work on /opt/airflow/dags/dag_with_catchup_and_backfill.py
[2024-04-22T11:49:36.039+0000] {processor.py:830} INFO - Processing file /opt/airflow/dags/dag_with_catchup_and_backfill.py for tasks to queue
[2024-04-22T11:49:36.040+0000] {logging_mixin.py:188} INFO - [2024-04-22T11:49:36.040+0000] {dagbag.py:538} INFO - Filling up the DagBag from /opt/airflow/dags/dag_with_catchup_and_backfill.py
[2024-04-22T11:49:36.063+0000] {processor.py:840} INFO - DAG(s) 'dag_with_catchup_backfill_v02' retrieved from /opt/airflow/dags/dag_with_catchup_and_backfill.py
[2024-04-22T11:49:36.093+0000] {logging_mixin.py:188} INFO - [2024-04-22T11:49:36.093+0000] {dag.py:3033} INFO - Sync 1 DAGs
[2024-04-22T11:49:36.122+0000] {logging_mixin.py:188} INFO - [2024-04-22T11:49:36.122+0000] {dag.py:3820} INFO - Setting next_dagrun for dag_with_catchup_backfill_v02 to 2024-04-21T00:00:00+00:00, run_after=2024-04-22T00:00:00+00:00
[2024-04-22T11:49:36.145+0000] {processor.py:183} INFO - Processing /opt/airflow/dags/dag_with_catchup_and_backfill.py took 0.111 seconds
[2024-04-22T11:49:46.773+0000] {processor.py:161} INFO - Started process (PID=518) to work on /opt/airflow/dags/dag_with_catchup_and_backfill.py
[2024-04-22T11:49:46.774+0000] {processor.py:830} INFO - Processing file /opt/airflow/dags/dag_with_catchup_and_backfill.py for tasks to queue
[2024-04-22T11:49:46.775+0000] {logging_mixin.py:188} INFO - [2024-04-22T11:49:46.775+0000] {dagbag.py:538} INFO - Filling up the DagBag from /opt/airflow/dags/dag_with_catchup_and_backfill.py
[2024-04-22T11:49:46.801+0000] {processor.py:840} INFO - DAG(s) 'dag_with_catchup_backfill_v02' retrieved from /opt/airflow/dags/dag_with_catchup_and_backfill.py
[2024-04-22T11:49:46.830+0000] {logging_mixin.py:188} INFO - [2024-04-22T11:49:46.830+0000] {dag.py:3033} INFO - Sync 1 DAGs
[2024-04-22T11:49:46.856+0000] {logging_mixin.py:188} INFO - [2024-04-22T11:49:46.856+0000] {dag.py:3820} INFO - Setting next_dagrun for dag_with_catchup_backfill_v02 to 2024-04-21T00:00:00+00:00, run_after=2024-04-22T00:00:00+00:00
[2024-04-22T11:49:46.885+0000] {processor.py:183} INFO - Processing /opt/airflow/dags/dag_with_catchup_and_backfill.py took 0.115 seconds
[2024-04-22T11:49:57.433+0000] {processor.py:161} INFO - Started process (PID=563) to work on /opt/airflow/dags/dag_with_catchup_and_backfill.py
[2024-04-22T11:49:57.434+0000] {processor.py:830} INFO - Processing file /opt/airflow/dags/dag_with_catchup_and_backfill.py for tasks to queue
[2024-04-22T11:49:57.436+0000] {logging_mixin.py:188} INFO - [2024-04-22T11:49:57.435+0000] {dagbag.py:538} INFO - Filling up the DagBag from /opt/airflow/dags/dag_with_catchup_and_backfill.py
[2024-04-22T11:49:57.453+0000] {processor.py:840} INFO - DAG(s) 'dag_with_catchup_backfill_v02' retrieved from /opt/airflow/dags/dag_with_catchup_and_backfill.py
[2024-04-22T11:49:57.475+0000] {logging_mixin.py:188} INFO - [2024-04-22T11:49:57.474+0000] {dag.py:3033} INFO - Sync 1 DAGs
[2024-04-22T11:49:57.497+0000] {logging_mixin.py:188} INFO - [2024-04-22T11:49:57.497+0000] {dag.py:3820} INFO - Setting next_dagrun for dag_with_catchup_backfill_v02 to 2024-04-21T00:00:00+00:00, run_after=2024-04-22T00:00:00+00:00
[2024-04-22T11:49:57.521+0000] {processor.py:183} INFO - Processing /opt/airflow/dags/dag_with_catchup_and_backfill.py took 0.092 seconds
[2024-04-22T11:50:08.155+0000] {processor.py:161} INFO - Started process (PID=608) to work on /opt/airflow/dags/dag_with_catchup_and_backfill.py
[2024-04-22T11:50:08.156+0000] {processor.py:830} INFO - Processing file /opt/airflow/dags/dag_with_catchup_and_backfill.py for tasks to queue
[2024-04-22T11:50:08.157+0000] {logging_mixin.py:188} INFO - [2024-04-22T11:50:08.157+0000] {dagbag.py:538} INFO - Filling up the DagBag from /opt/airflow/dags/dag_with_catchup_and_backfill.py
[2024-04-22T11:50:08.177+0000] {processor.py:840} INFO - DAG(s) 'dag_with_catchup_backfill_v02' retrieved from /opt/airflow/dags/dag_with_catchup_and_backfill.py
[2024-04-22T11:50:08.198+0000] {logging_mixin.py:188} INFO - [2024-04-22T11:50:08.198+0000] {dag.py:3033} INFO - Sync 1 DAGs
[2024-04-22T11:50:08.221+0000] {logging_mixin.py:188} INFO - [2024-04-22T11:50:08.220+0000] {dag.py:3820} INFO - Setting next_dagrun for dag_with_catchup_backfill_v02 to 2024-04-21T00:00:00+00:00, run_after=2024-04-22T00:00:00+00:00
[2024-04-22T11:50:08.245+0000] {processor.py:183} INFO - Processing /opt/airflow/dags/dag_with_catchup_and_backfill.py took 0.093 seconds
[2024-04-22T11:50:18.890+0000] {processor.py:161} INFO - Started process (PID=653) to work on /opt/airflow/dags/dag_with_catchup_and_backfill.py
[2024-04-22T11:50:18.891+0000] {processor.py:830} INFO - Processing file /opt/airflow/dags/dag_with_catchup_and_backfill.py for tasks to queue
[2024-04-22T11:50:18.892+0000] {logging_mixin.py:188} INFO - [2024-04-22T11:50:18.892+0000] {dagbag.py:538} INFO - Filling up the DagBag from /opt/airflow/dags/dag_with_catchup_and_backfill.py
[2024-04-22T11:50:18.913+0000] {processor.py:840} INFO - DAG(s) 'dag_with_catchup_backfill_v02' retrieved from /opt/airflow/dags/dag_with_catchup_and_backfill.py
[2024-04-22T11:50:18.936+0000] {logging_mixin.py:188} INFO - [2024-04-22T11:50:18.935+0000] {dag.py:3033} INFO - Sync 1 DAGs
[2024-04-22T11:50:18.959+0000] {logging_mixin.py:188} INFO - [2024-04-22T11:50:18.959+0000] {dag.py:3820} INFO - Setting next_dagrun for dag_with_catchup_backfill_v02 to 2024-04-21T00:00:00+00:00, run_after=2024-04-22T00:00:00+00:00
[2024-04-22T11:50:18.985+0000] {processor.py:183} INFO - Processing /opt/airflow/dags/dag_with_catchup_and_backfill.py took 0.099 seconds
[2024-04-22T11:50:29.603+0000] {processor.py:161} INFO - Started process (PID=698) to work on /opt/airflow/dags/dag_with_catchup_and_backfill.py
[2024-04-22T11:50:29.604+0000] {processor.py:830} INFO - Processing file /opt/airflow/dags/dag_with_catchup_and_backfill.py for tasks to queue
[2024-04-22T11:50:29.605+0000] {logging_mixin.py:188} INFO - [2024-04-22T11:50:29.605+0000] {dagbag.py:538} INFO - Filling up the DagBag from /opt/airflow/dags/dag_with_catchup_and_backfill.py
[2024-04-22T11:50:29.623+0000] {processor.py:840} INFO - DAG(s) 'dag_with_catchup_backfill_v02' retrieved from /opt/airflow/dags/dag_with_catchup_and_backfill.py
[2024-04-22T11:50:29.645+0000] {logging_mixin.py:188} INFO - [2024-04-22T11:50:29.645+0000] {dag.py:3033} INFO - Sync 1 DAGs
[2024-04-22T11:50:29.667+0000] {logging_mixin.py:188} INFO - [2024-04-22T11:50:29.667+0000] {dag.py:3820} INFO - Setting next_dagrun for dag_with_catchup_backfill_v02 to 2024-04-21T00:00:00+00:00, run_after=2024-04-22T00:00:00+00:00
[2024-04-22T11:50:29.692+0000] {processor.py:183} INFO - Processing /opt/airflow/dags/dag_with_catchup_and_backfill.py took 0.092 seconds
[2024-04-22T11:50:40.317+0000] {processor.py:161} INFO - Started process (PID=743) to work on /opt/airflow/dags/dag_with_catchup_and_backfill.py
[2024-04-22T11:50:40.318+0000] {processor.py:830} INFO - Processing file /opt/airflow/dags/dag_with_catchup_and_backfill.py for tasks to queue
[2024-04-22T11:50:40.319+0000] {logging_mixin.py:188} INFO - [2024-04-22T11:50:40.319+0000] {dagbag.py:538} INFO - Filling up the DagBag from /opt/airflow/dags/dag_with_catchup_and_backfill.py
[2024-04-22T11:50:40.337+0000] {processor.py:840} INFO - DAG(s) 'dag_with_catchup_backfill_v02' retrieved from /opt/airflow/dags/dag_with_catchup_and_backfill.py
[2024-04-22T11:50:40.360+0000] {logging_mixin.py:188} INFO - [2024-04-22T11:50:40.359+0000] {dag.py:3033} INFO - Sync 1 DAGs
[2024-04-22T11:50:40.381+0000] {logging_mixin.py:188} INFO - [2024-04-22T11:50:40.381+0000] {dag.py:3820} INFO - Setting next_dagrun for dag_with_catchup_backfill_v02 to 2024-04-21T00:00:00+00:00, run_after=2024-04-22T00:00:00+00:00
[2024-04-22T11:50:40.405+0000] {processor.py:183} INFO - Processing /opt/airflow/dags/dag_with_catchup_and_backfill.py took 0.092 seconds
[2024-04-22T11:50:50.983+0000] {processor.py:161} INFO - Started process (PID=788) to work on /opt/airflow/dags/dag_with_catchup_and_backfill.py
[2024-04-22T11:50:50.984+0000] {processor.py:830} INFO - Processing file /opt/airflow/dags/dag_with_catchup_and_backfill.py for tasks to queue
[2024-04-22T11:50:50.985+0000] {logging_mixin.py:188} INFO - [2024-04-22T11:50:50.985+0000] {dagbag.py:538} INFO - Filling up the DagBag from /opt/airflow/dags/dag_with_catchup_and_backfill.py
[2024-04-22T11:50:51.005+0000] {processor.py:840} INFO - DAG(s) 'dag_with_catchup_backfill_v02' retrieved from /opt/airflow/dags/dag_with_catchup_and_backfill.py
[2024-04-22T11:50:51.027+0000] {logging_mixin.py:188} INFO - [2024-04-22T11:50:51.027+0000] {dag.py:3033} INFO - Sync 1 DAGs
[2024-04-22T11:50:51.049+0000] {logging_mixin.py:188} INFO - [2024-04-22T11:50:51.049+0000] {dag.py:3820} INFO - Setting next_dagrun for dag_with_catchup_backfill_v02 to 2024-04-21T00:00:00+00:00, run_after=2024-04-22T00:00:00+00:00
[2024-04-22T11:50:51.071+0000] {processor.py:183} INFO - Processing /opt/airflow/dags/dag_with_catchup_and_backfill.py took 0.091 seconds
[2024-04-22T11:51:01.682+0000] {processor.py:161} INFO - Started process (PID=833) to work on /opt/airflow/dags/dag_with_catchup_and_backfill.py
[2024-04-22T11:51:01.683+0000] {processor.py:830} INFO - Processing file /opt/airflow/dags/dag_with_catchup_and_backfill.py for tasks to queue
[2024-04-22T11:51:01.684+0000] {logging_mixin.py:188} INFO - [2024-04-22T11:51:01.684+0000] {dagbag.py:538} INFO - Filling up the DagBag from /opt/airflow/dags/dag_with_catchup_and_backfill.py
[2024-04-22T11:51:01.705+0000] {processor.py:840} INFO - DAG(s) 'dag_with_catchup_backfill_v02' retrieved from /opt/airflow/dags/dag_with_catchup_and_backfill.py
[2024-04-22T11:51:01.730+0000] {logging_mixin.py:188} INFO - [2024-04-22T11:51:01.730+0000] {dag.py:3033} INFO - Sync 1 DAGs
[2024-04-22T11:51:01.752+0000] {logging_mixin.py:188} INFO - [2024-04-22T11:51:01.752+0000] {dag.py:3820} INFO - Setting next_dagrun for dag_with_catchup_backfill_v02 to 2024-04-21T00:00:00+00:00, run_after=2024-04-22T00:00:00+00:00
[2024-04-22T11:51:01.777+0000] {processor.py:183} INFO - Processing /opt/airflow/dags/dag_with_catchup_and_backfill.py took 0.098 seconds
[2024-04-22T11:51:12.480+0000] {processor.py:161} INFO - Started process (PID=878) to work on /opt/airflow/dags/dag_with_catchup_and_backfill.py
[2024-04-22T11:51:12.481+0000] {processor.py:830} INFO - Processing file /opt/airflow/dags/dag_with_catchup_and_backfill.py for tasks to queue
[2024-04-22T11:51:12.482+0000] {logging_mixin.py:188} INFO - [2024-04-22T11:51:12.482+0000] {dagbag.py:538} INFO - Filling up the DagBag from /opt/airflow/dags/dag_with_catchup_and_backfill.py
[2024-04-22T11:51:12.501+0000] {processor.py:840} INFO - DAG(s) 'dag_with_catchup_backfill_v02' retrieved from /opt/airflow/dags/dag_with_catchup_and_backfill.py
[2024-04-22T11:51:12.522+0000] {logging_mixin.py:188} INFO - [2024-04-22T11:51:12.522+0000] {dag.py:3033} INFO - Sync 1 DAGs
[2024-04-22T11:51:12.544+0000] {logging_mixin.py:188} INFO - [2024-04-22T11:51:12.543+0000] {dag.py:3820} INFO - Setting next_dagrun for dag_with_catchup_backfill_v02 to 2024-04-21T00:00:00+00:00, run_after=2024-04-22T00:00:00+00:00
[2024-04-22T11:51:12.567+0000] {processor.py:183} INFO - Processing /opt/airflow/dags/dag_with_catchup_and_backfill.py took 0.091 seconds
[2024-04-22T11:51:23.212+0000] {processor.py:161} INFO - Started process (PID=923) to work on /opt/airflow/dags/dag_with_catchup_and_backfill.py
[2024-04-22T11:51:23.213+0000] {processor.py:830} INFO - Processing file /opt/airflow/dags/dag_with_catchup_and_backfill.py for tasks to queue
[2024-04-22T11:51:23.214+0000] {logging_mixin.py:188} INFO - [2024-04-22T11:51:23.214+0000] {dagbag.py:538} INFO - Filling up the DagBag from /opt/airflow/dags/dag_with_catchup_and_backfill.py
[2024-04-22T11:51:23.233+0000] {processor.py:840} INFO - DAG(s) 'dag_with_catchup_backfill_v02' retrieved from /opt/airflow/dags/dag_with_catchup_and_backfill.py
[2024-04-22T11:51:23.255+0000] {logging_mixin.py:188} INFO - [2024-04-22T11:51:23.255+0000] {dag.py:3033} INFO - Sync 1 DAGs
[2024-04-22T11:51:23.277+0000] {logging_mixin.py:188} INFO - [2024-04-22T11:51:23.276+0000] {dag.py:3820} INFO - Setting next_dagrun for dag_with_catchup_backfill_v02 to 2024-04-21T00:00:00+00:00, run_after=2024-04-22T00:00:00+00:00
[2024-04-22T11:51:23.300+0000] {processor.py:183} INFO - Processing /opt/airflow/dags/dag_with_catchup_and_backfill.py took 0.092 seconds
[2024-04-22T11:51:33.901+0000] {processor.py:161} INFO - Started process (PID=970) to work on /opt/airflow/dags/dag_with_catchup_and_backfill.py
[2024-04-22T11:51:33.902+0000] {processor.py:830} INFO - Processing file /opt/airflow/dags/dag_with_catchup_and_backfill.py for tasks to queue
[2024-04-22T11:51:33.903+0000] {logging_mixin.py:188} INFO - [2024-04-22T11:51:33.902+0000] {dagbag.py:538} INFO - Filling up the DagBag from /opt/airflow/dags/dag_with_catchup_and_backfill.py
[2024-04-22T11:51:33.919+0000] {processor.py:840} INFO - DAG(s) 'dag_with_catchup_backfill_v02' retrieved from /opt/airflow/dags/dag_with_catchup_and_backfill.py
[2024-04-22T11:51:33.940+0000] {logging_mixin.py:188} INFO - [2024-04-22T11:51:33.940+0000] {dag.py:3033} INFO - Sync 1 DAGs
[2024-04-22T11:51:33.963+0000] {logging_mixin.py:188} INFO - [2024-04-22T11:51:33.963+0000] {dag.py:3820} INFO - Setting next_dagrun for dag_with_catchup_backfill_v02 to 2024-04-21T00:00:00+00:00, run_after=2024-04-22T00:00:00+00:00
[2024-04-22T11:51:33.987+0000] {processor.py:183} INFO - Processing /opt/airflow/dags/dag_with_catchup_and_backfill.py took 0.090 seconds
[2024-04-22T11:51:44.744+0000] {processor.py:161} INFO - Started process (PID=1013) to work on /opt/airflow/dags/dag_with_catchup_and_backfill.py
[2024-04-22T11:51:44.745+0000] {processor.py:830} INFO - Processing file /opt/airflow/dags/dag_with_catchup_and_backfill.py for tasks to queue
[2024-04-22T11:51:44.746+0000] {logging_mixin.py:188} INFO - [2024-04-22T11:51:44.745+0000] {dagbag.py:538} INFO - Filling up the DagBag from /opt/airflow/dags/dag_with_catchup_and_backfill.py
[2024-04-22T11:51:44.764+0000] {processor.py:840} INFO - DAG(s) 'dag_with_catchup_backfill_v02' retrieved from /opt/airflow/dags/dag_with_catchup_and_backfill.py
[2024-04-22T11:51:44.787+0000] {logging_mixin.py:188} INFO - [2024-04-22T11:51:44.786+0000] {dag.py:3033} INFO - Sync 1 DAGs
[2024-04-22T11:51:44.808+0000] {logging_mixin.py:188} INFO - [2024-04-22T11:51:44.808+0000] {dag.py:3820} INFO - Setting next_dagrun for dag_with_catchup_backfill_v02 to 2024-04-21T00:00:00+00:00, run_after=2024-04-22T00:00:00+00:00
[2024-04-22T11:51:44.832+0000] {processor.py:183} INFO - Processing /opt/airflow/dags/dag_with_catchup_and_backfill.py took 0.091 seconds
[2024-04-22T11:51:55.453+0000] {processor.py:161} INFO - Started process (PID=1058) to work on /opt/airflow/dags/dag_with_catchup_and_backfill.py
[2024-04-22T11:51:55.454+0000] {processor.py:830} INFO - Processing file /opt/airflow/dags/dag_with_catchup_and_backfill.py for tasks to queue
[2024-04-22T11:51:55.456+0000] {logging_mixin.py:188} INFO - [2024-04-22T11:51:55.455+0000] {dagbag.py:538} INFO - Filling up the DagBag from /opt/airflow/dags/dag_with_catchup_and_backfill.py
[2024-04-22T11:51:55.474+0000] {processor.py:840} INFO - DAG(s) 'dag_with_catchup_backfill_v02' retrieved from /opt/airflow/dags/dag_with_catchup_and_backfill.py
[2024-04-22T11:51:55.495+0000] {logging_mixin.py:188} INFO - [2024-04-22T11:51:55.495+0000] {dag.py:3033} INFO - Sync 1 DAGs
[2024-04-22T11:51:55.518+0000] {logging_mixin.py:188} INFO - [2024-04-22T11:51:55.518+0000] {dag.py:3820} INFO - Setting next_dagrun for dag_with_catchup_backfill_v02 to 2024-04-21T00:00:00+00:00, run_after=2024-04-22T00:00:00+00:00
[2024-04-22T11:51:55.541+0000] {processor.py:183} INFO - Processing /opt/airflow/dags/dag_with_catchup_and_backfill.py took 0.092 seconds
[2024-04-22T11:52:06.173+0000] {processor.py:161} INFO - Started process (PID=1103) to work on /opt/airflow/dags/dag_with_catchup_and_backfill.py
[2024-04-22T11:52:06.174+0000] {processor.py:830} INFO - Processing file /opt/airflow/dags/dag_with_catchup_and_backfill.py for tasks to queue
[2024-04-22T11:52:06.175+0000] {logging_mixin.py:188} INFO - [2024-04-22T11:52:06.174+0000] {dagbag.py:538} INFO - Filling up the DagBag from /opt/airflow/dags/dag_with_catchup_and_backfill.py
[2024-04-22T11:52:06.194+0000] {processor.py:840} INFO - DAG(s) 'dag_with_catchup_backfill_v02' retrieved from /opt/airflow/dags/dag_with_catchup_and_backfill.py
[2024-04-22T11:52:06.222+0000] {logging_mixin.py:188} INFO - [2024-04-22T11:52:06.222+0000] {dag.py:3033} INFO - Sync 1 DAGs
[2024-04-22T11:52:06.265+0000] {logging_mixin.py:188} INFO - [2024-04-22T11:52:06.265+0000] {dag.py:3820} INFO - Setting next_dagrun for dag_with_catchup_backfill_v02 to 2024-04-21T00:00:00+00:00, run_after=2024-04-22T00:00:00+00:00
[2024-04-22T11:52:06.291+0000] {processor.py:183} INFO - Processing /opt/airflow/dags/dag_with_catchup_and_backfill.py took 0.122 seconds
[2024-04-22T11:52:17.042+0000] {processor.py:161} INFO - Started process (PID=1148) to work on /opt/airflow/dags/dag_with_catchup_and_backfill.py
[2024-04-22T11:52:17.043+0000] {processor.py:830} INFO - Processing file /opt/airflow/dags/dag_with_catchup_and_backfill.py for tasks to queue
[2024-04-22T11:52:17.044+0000] {logging_mixin.py:188} INFO - [2024-04-22T11:52:17.044+0000] {dagbag.py:538} INFO - Filling up the DagBag from /opt/airflow/dags/dag_with_catchup_and_backfill.py
[2024-04-22T11:52:17.061+0000] {processor.py:840} INFO - DAG(s) 'dag_with_catchup_backfill_v02' retrieved from /opt/airflow/dags/dag_with_catchup_and_backfill.py
[2024-04-22T11:52:17.082+0000] {logging_mixin.py:188} INFO - [2024-04-22T11:52:17.082+0000] {dag.py:3033} INFO - Sync 1 DAGs
[2024-04-22T11:52:17.105+0000] {logging_mixin.py:188} INFO - [2024-04-22T11:52:17.105+0000] {dag.py:3820} INFO - Setting next_dagrun for dag_with_catchup_backfill_v02 to 2024-04-21T00:00:00+00:00, run_after=2024-04-22T00:00:00+00:00
[2024-04-22T11:52:17.127+0000] {processor.py:183} INFO - Processing /opt/airflow/dags/dag_with_catchup_and_backfill.py took 0.090 seconds
[2024-04-22T11:52:27.774+0000] {processor.py:161} INFO - Started process (PID=1193) to work on /opt/airflow/dags/dag_with_catchup_and_backfill.py
[2024-04-22T11:52:27.775+0000] {processor.py:830} INFO - Processing file /opt/airflow/dags/dag_with_catchup_and_backfill.py for tasks to queue
[2024-04-22T11:52:27.776+0000] {logging_mixin.py:188} INFO - [2024-04-22T11:52:27.776+0000] {dagbag.py:538} INFO - Filling up the DagBag from /opt/airflow/dags/dag_with_catchup_and_backfill.py
[2024-04-22T11:52:27.795+0000] {processor.py:840} INFO - DAG(s) 'dag_with_catchup_backfill_v02' retrieved from /opt/airflow/dags/dag_with_catchup_and_backfill.py
[2024-04-22T11:52:27.820+0000] {logging_mixin.py:188} INFO - [2024-04-22T11:52:27.820+0000] {dag.py:3033} INFO - Sync 1 DAGs
[2024-04-22T11:52:27.852+0000] {logging_mixin.py:188} INFO - [2024-04-22T11:52:27.852+0000] {dag.py:3820} INFO - Setting next_dagrun for dag_with_catchup_backfill_v02 to 2024-04-21T00:00:00+00:00, run_after=2024-04-22T00:00:00+00:00
[2024-04-22T11:52:27.884+0000] {processor.py:183} INFO - Processing /opt/airflow/dags/dag_with_catchup_and_backfill.py took 0.114 seconds
[2024-04-22T11:52:38.534+0000] {processor.py:161} INFO - Started process (PID=1238) to work on /opt/airflow/dags/dag_with_catchup_and_backfill.py
[2024-04-22T11:52:38.535+0000] {processor.py:830} INFO - Processing file /opt/airflow/dags/dag_with_catchup_and_backfill.py for tasks to queue
[2024-04-22T11:52:38.536+0000] {logging_mixin.py:188} INFO - [2024-04-22T11:52:38.535+0000] {dagbag.py:538} INFO - Filling up the DagBag from /opt/airflow/dags/dag_with_catchup_and_backfill.py
[2024-04-22T11:52:38.554+0000] {processor.py:840} INFO - DAG(s) 'dag_with_catchup_backfill_v02' retrieved from /opt/airflow/dags/dag_with_catchup_and_backfill.py
[2024-04-22T11:52:38.577+0000] {logging_mixin.py:188} INFO - [2024-04-22T11:52:38.577+0000] {dag.py:3033} INFO - Sync 1 DAGs
[2024-04-22T11:52:38.601+0000] {logging_mixin.py:188} INFO - [2024-04-22T11:52:38.601+0000] {dag.py:3820} INFO - Setting next_dagrun for dag_with_catchup_backfill_v02 to 2024-04-21T00:00:00+00:00, run_after=2024-04-22T00:00:00+00:00
[2024-04-22T11:52:38.625+0000] {processor.py:183} INFO - Processing /opt/airflow/dags/dag_with_catchup_and_backfill.py took 0.095 seconds
[2024-04-22T11:52:49.230+0000] {processor.py:161} INFO - Started process (PID=1283) to work on /opt/airflow/dags/dag_with_catchup_and_backfill.py
[2024-04-22T11:52:49.231+0000] {processor.py:830} INFO - Processing file /opt/airflow/dags/dag_with_catchup_and_backfill.py for tasks to queue
[2024-04-22T11:52:49.232+0000] {logging_mixin.py:188} INFO - [2024-04-22T11:52:49.231+0000] {dagbag.py:538} INFO - Filling up the DagBag from /opt/airflow/dags/dag_with_catchup_and_backfill.py
[2024-04-22T11:52:49.250+0000] {processor.py:840} INFO - DAG(s) 'dag_with_catchup_backfill_v02' retrieved from /opt/airflow/dags/dag_with_catchup_and_backfill.py
[2024-04-22T11:52:49.272+0000] {logging_mixin.py:188} INFO - [2024-04-22T11:52:49.271+0000] {dag.py:3033} INFO - Sync 1 DAGs
[2024-04-22T11:52:49.294+0000] {logging_mixin.py:188} INFO - [2024-04-22T11:52:49.293+0000] {dag.py:3820} INFO - Setting next_dagrun for dag_with_catchup_backfill_v02 to 2024-04-21T00:00:00+00:00, run_after=2024-04-22T00:00:00+00:00
[2024-04-22T11:52:49.315+0000] {processor.py:183} INFO - Processing /opt/airflow/dags/dag_with_catchup_and_backfill.py took 0.089 seconds
[2024-04-22T11:52:59.966+0000] {processor.py:161} INFO - Started process (PID=1328) to work on /opt/airflow/dags/dag_with_catchup_and_backfill.py
[2024-04-22T11:52:59.967+0000] {processor.py:830} INFO - Processing file /opt/airflow/dags/dag_with_catchup_and_backfill.py for tasks to queue
[2024-04-22T11:52:59.968+0000] {logging_mixin.py:188} INFO - [2024-04-22T11:52:59.968+0000] {dagbag.py:538} INFO - Filling up the DagBag from /opt/airflow/dags/dag_with_catchup_and_backfill.py
[2024-04-22T11:52:59.989+0000] {processor.py:840} INFO - DAG(s) 'dag_with_catchup_backfill_v02' retrieved from /opt/airflow/dags/dag_with_catchup_and_backfill.py
[2024-04-22T11:53:00.015+0000] {logging_mixin.py:188} INFO - [2024-04-22T11:53:00.015+0000] {dag.py:3033} INFO - Sync 1 DAGs
[2024-04-22T11:53:00.039+0000] {logging_mixin.py:188} INFO - [2024-04-22T11:53:00.038+0000] {dag.py:3820} INFO - Setting next_dagrun for dag_with_catchup_backfill_v02 to 2024-04-21T00:00:00+00:00, run_after=2024-04-22T00:00:00+00:00
[2024-04-22T11:53:00.061+0000] {processor.py:183} INFO - Processing /opt/airflow/dags/dag_with_catchup_and_backfill.py took 0.098 seconds
[2024-04-22T11:53:10.776+0000] {processor.py:161} INFO - Started process (PID=1373) to work on /opt/airflow/dags/dag_with_catchup_and_backfill.py
[2024-04-22T11:53:10.777+0000] {processor.py:830} INFO - Processing file /opt/airflow/dags/dag_with_catchup_and_backfill.py for tasks to queue
[2024-04-22T11:53:10.778+0000] {logging_mixin.py:188} INFO - [2024-04-22T11:53:10.778+0000] {dagbag.py:538} INFO - Filling up the DagBag from /opt/airflow/dags/dag_with_catchup_and_backfill.py
[2024-04-22T11:53:10.802+0000] {processor.py:840} INFO - DAG(s) 'dag_with_catchup_backfill_v02' retrieved from /opt/airflow/dags/dag_with_catchup_and_backfill.py
[2024-04-22T11:53:10.829+0000] {logging_mixin.py:188} INFO - [2024-04-22T11:53:10.828+0000] {dag.py:3033} INFO - Sync 1 DAGs
[2024-04-22T11:53:10.854+0000] {logging_mixin.py:188} INFO - [2024-04-22T11:53:10.854+0000] {dag.py:3820} INFO - Setting next_dagrun for dag_with_catchup_backfill_v02 to 2024-04-21T00:00:00+00:00, run_after=2024-04-22T00:00:00+00:00
[2024-04-22T11:53:10.878+0000] {processor.py:183} INFO - Processing /opt/airflow/dags/dag_with_catchup_and_backfill.py took 0.106 seconds
[2024-04-22T11:53:21.470+0000] {processor.py:161} INFO - Started process (PID=1418) to work on /opt/airflow/dags/dag_with_catchup_and_backfill.py
[2024-04-22T11:53:21.471+0000] {processor.py:830} INFO - Processing file /opt/airflow/dags/dag_with_catchup_and_backfill.py for tasks to queue
[2024-04-22T11:53:21.472+0000] {logging_mixin.py:188} INFO - [2024-04-22T11:53:21.472+0000] {dagbag.py:538} INFO - Filling up the DagBag from /opt/airflow/dags/dag_with_catchup_and_backfill.py
[2024-04-22T11:53:21.489+0000] {processor.py:840} INFO - DAG(s) 'dag_with_catchup_backfill_v02' retrieved from /opt/airflow/dags/dag_with_catchup_and_backfill.py
[2024-04-22T11:53:21.513+0000] {logging_mixin.py:188} INFO - [2024-04-22T11:53:21.513+0000] {dag.py:3033} INFO - Sync 1 DAGs
[2024-04-22T11:53:21.536+0000] {logging_mixin.py:188} INFO - [2024-04-22T11:53:21.536+0000] {dag.py:3820} INFO - Setting next_dagrun for dag_with_catchup_backfill_v02 to 2024-04-21T00:00:00+00:00, run_after=2024-04-22T00:00:00+00:00
[2024-04-22T11:53:21.558+0000] {processor.py:183} INFO - Processing /opt/airflow/dags/dag_with_catchup_and_backfill.py took 0.092 seconds
[2024-04-22T11:53:32.363+0000] {processor.py:161} INFO - Started process (PID=1463) to work on /opt/airflow/dags/dag_with_catchup_and_backfill.py
[2024-04-22T11:53:32.364+0000] {processor.py:830} INFO - Processing file /opt/airflow/dags/dag_with_catchup_and_backfill.py for tasks to queue
[2024-04-22T11:53:32.365+0000] {logging_mixin.py:188} INFO - [2024-04-22T11:53:32.364+0000] {dagbag.py:538} INFO - Filling up the DagBag from /opt/airflow/dags/dag_with_catchup_and_backfill.py
[2024-04-22T11:53:32.383+0000] {processor.py:840} INFO - DAG(s) 'dag_with_catchup_backfill_v02' retrieved from /opt/airflow/dags/dag_with_catchup_and_backfill.py
[2024-04-22T11:53:32.406+0000] {logging_mixin.py:188} INFO - [2024-04-22T11:53:32.406+0000] {dag.py:3033} INFO - Sync 1 DAGs
[2024-04-22T11:53:32.430+0000] {logging_mixin.py:188} INFO - [2024-04-22T11:53:32.430+0000] {dag.py:3820} INFO - Setting next_dagrun for dag_with_catchup_backfill_v02 to 2024-04-21T00:00:00+00:00, run_after=2024-04-22T00:00:00+00:00
[2024-04-22T11:53:32.454+0000] {processor.py:183} INFO - Processing /opt/airflow/dags/dag_with_catchup_and_backfill.py took 0.096 seconds
[2024-04-22T11:53:43.220+0000] {processor.py:161} INFO - Started process (PID=1510) to work on /opt/airflow/dags/dag_with_catchup_and_backfill.py
[2024-04-22T11:53:43.222+0000] {processor.py:830} INFO - Processing file /opt/airflow/dags/dag_with_catchup_and_backfill.py for tasks to queue
[2024-04-22T11:53:43.223+0000] {logging_mixin.py:188} INFO - [2024-04-22T11:53:43.222+0000] {dagbag.py:538} INFO - Filling up the DagBag from /opt/airflow/dags/dag_with_catchup_and_backfill.py
[2024-04-22T11:53:43.245+0000] {processor.py:840} INFO - DAG(s) 'dag_with_catchup_backfill_v02' retrieved from /opt/airflow/dags/dag_with_catchup_and_backfill.py
[2024-04-22T11:53:43.267+0000] {logging_mixin.py:188} INFO - [2024-04-22T11:53:43.267+0000] {dag.py:3033} INFO - Sync 1 DAGs
[2024-04-22T11:53:43.292+0000] {logging_mixin.py:188} INFO - [2024-04-22T11:53:43.291+0000] {dag.py:3820} INFO - Setting next_dagrun for dag_with_catchup_backfill_v02 to 2024-04-21T00:00:00+00:00, run_after=2024-04-22T00:00:00+00:00
[2024-04-22T11:53:43.319+0000] {processor.py:183} INFO - Processing /opt/airflow/dags/dag_with_catchup_and_backfill.py took 0.102 seconds
[2024-04-22T11:53:53.920+0000] {processor.py:161} INFO - Started process (PID=1553) to work on /opt/airflow/dags/dag_with_catchup_and_backfill.py
[2024-04-22T11:53:53.921+0000] {processor.py:830} INFO - Processing file /opt/airflow/dags/dag_with_catchup_and_backfill.py for tasks to queue
[2024-04-22T11:53:53.922+0000] {logging_mixin.py:188} INFO - [2024-04-22T11:53:53.922+0000] {dagbag.py:538} INFO - Filling up the DagBag from /opt/airflow/dags/dag_with_catchup_and_backfill.py
[2024-04-22T11:53:53.942+0000] {processor.py:840} INFO - DAG(s) 'dag_with_catchup_backfill_v02' retrieved from /opt/airflow/dags/dag_with_catchup_and_backfill.py
[2024-04-22T11:53:53.963+0000] {logging_mixin.py:188} INFO - [2024-04-22T11:53:53.963+0000] {dag.py:3033} INFO - Sync 1 DAGs
[2024-04-22T11:53:53.988+0000] {logging_mixin.py:188} INFO - [2024-04-22T11:53:53.987+0000] {dag.py:3820} INFO - Setting next_dagrun for dag_with_catchup_backfill_v02 to 2024-04-21T00:00:00+00:00, run_after=2024-04-22T00:00:00+00:00
[2024-04-22T11:53:54.010+0000] {processor.py:183} INFO - Processing /opt/airflow/dags/dag_with_catchup_and_backfill.py took 0.093 seconds
[2024-04-22T11:54:04.651+0000] {processor.py:161} INFO - Started process (PID=1598) to work on /opt/airflow/dags/dag_with_catchup_and_backfill.py
[2024-04-22T11:54:04.652+0000] {processor.py:830} INFO - Processing file /opt/airflow/dags/dag_with_catchup_and_backfill.py for tasks to queue
[2024-04-22T11:54:04.653+0000] {logging_mixin.py:188} INFO - [2024-04-22T11:54:04.652+0000] {dagbag.py:538} INFO - Filling up the DagBag from /opt/airflow/dags/dag_with_catchup_and_backfill.py
[2024-04-22T11:54:04.672+0000] {processor.py:840} INFO - DAG(s) 'dag_with_catchup_backfill_v02' retrieved from /opt/airflow/dags/dag_with_catchup_and_backfill.py
[2024-04-22T11:54:04.695+0000] {logging_mixin.py:188} INFO - [2024-04-22T11:54:04.694+0000] {dag.py:3033} INFO - Sync 1 DAGs
[2024-04-22T11:54:04.720+0000] {logging_mixin.py:188} INFO - [2024-04-22T11:54:04.720+0000] {dag.py:3820} INFO - Setting next_dagrun for dag_with_catchup_backfill_v02 to 2024-04-21T00:00:00+00:00, run_after=2024-04-22T00:00:00+00:00
[2024-04-22T11:54:04.742+0000] {processor.py:183} INFO - Processing /opt/airflow/dags/dag_with_catchup_and_backfill.py took 0.095 seconds
[2024-04-22T11:54:15.286+0000] {processor.py:161} INFO - Started process (PID=1643) to work on /opt/airflow/dags/dag_with_catchup_and_backfill.py
[2024-04-22T11:54:15.287+0000] {processor.py:830} INFO - Processing file /opt/airflow/dags/dag_with_catchup_and_backfill.py for tasks to queue
[2024-04-22T11:54:15.288+0000] {logging_mixin.py:188} INFO - [2024-04-22T11:54:15.287+0000] {dagbag.py:538} INFO - Filling up the DagBag from /opt/airflow/dags/dag_with_catchup_and_backfill.py
[2024-04-22T11:54:15.306+0000] {processor.py:840} INFO - DAG(s) 'dag_with_catchup_backfill_v02' retrieved from /opt/airflow/dags/dag_with_catchup_and_backfill.py
[2024-04-22T11:54:15.327+0000] {logging_mixin.py:188} INFO - [2024-04-22T11:54:15.327+0000] {dag.py:3033} INFO - Sync 1 DAGs
[2024-04-22T11:54:15.349+0000] {logging_mixin.py:188} INFO - [2024-04-22T11:54:15.349+0000] {dag.py:3820} INFO - Setting next_dagrun for dag_with_catchup_backfill_v02 to 2024-04-21T00:00:00+00:00, run_after=2024-04-22T00:00:00+00:00
[2024-04-22T11:54:15.372+0000] {processor.py:183} INFO - Processing /opt/airflow/dags/dag_with_catchup_and_backfill.py took 0.090 seconds
[2024-04-22T11:54:25.925+0000] {processor.py:161} INFO - Started process (PID=1688) to work on /opt/airflow/dags/dag_with_catchup_and_backfill.py
[2024-04-22T11:54:25.926+0000] {processor.py:830} INFO - Processing file /opt/airflow/dags/dag_with_catchup_and_backfill.py for tasks to queue
[2024-04-22T11:54:25.927+0000] {logging_mixin.py:188} INFO - [2024-04-22T11:54:25.926+0000] {dagbag.py:538} INFO - Filling up the DagBag from /opt/airflow/dags/dag_with_catchup_and_backfill.py
[2024-04-22T11:54:25.944+0000] {processor.py:840} INFO - DAG(s) 'dag_with_catchup_backfill_v02' retrieved from /opt/airflow/dags/dag_with_catchup_and_backfill.py
[2024-04-22T11:54:25.964+0000] {logging_mixin.py:188} INFO - [2024-04-22T11:54:25.964+0000] {dag.py:3033} INFO - Sync 1 DAGs
[2024-04-22T11:54:25.986+0000] {logging_mixin.py:188} INFO - [2024-04-22T11:54:25.986+0000] {dag.py:3820} INFO - Setting next_dagrun for dag_with_catchup_backfill_v02 to 2024-04-21T00:00:00+00:00, run_after=2024-04-22T00:00:00+00:00
[2024-04-22T11:54:26.009+0000] {processor.py:183} INFO - Processing /opt/airflow/dags/dag_with_catchup_and_backfill.py took 0.088 seconds
