[2024-04-22 11:36:41,822] {scheduler_job.py:182} INFO - Started process (PID=175) to work on /opt/airflow/dags/dag_with_postgres_operator.py
[2024-04-22 11:36:41,824] {scheduler_job.py:629} INFO - Processing file /opt/airflow/dags/dag_with_postgres_operator.py for tasks to queue
[2024-04-22 11:36:41,833] {logging_mixin.py:104} INFO - [2024-04-22 11:36:41,831] {dagbag.py:448} INFO - Filling up the DagBag from /opt/airflow/dags/dag_with_postgres_operator.py
[2024-04-22 11:36:41,990] {scheduler_job.py:639} INFO - DAG(s) dict_keys(['dag_with_postgres_operator_v03']) retrieved from /opt/airflow/dags/dag_with_postgres_operator.py
[2024-04-22 11:36:42,037] {logging_mixin.py:104} INFO - [2024-04-22 11:36:42,037] {dag.py:1818} INFO - Sync 1 DAGs
[2024-04-22 11:36:42,055] {logging_mixin.py:104} INFO - [2024-04-22 11:36:42,055] {dag.py:1837} INFO - Creating ORM DAG for dag_with_postgres_operator_v03
[2024-04-22 11:36:42,091] {logging_mixin.py:104} INFO - [2024-04-22 11:36:42,091] {dag.py:2273} INFO - Setting next_dagrun for dag_with_postgres_operator_v03 to 2021-12-19T00:00:00+00:00
[2024-04-22 11:36:42,134] {scheduler_job.py:190} INFO - Processing /opt/airflow/dags/dag_with_postgres_operator.py took 0.324 seconds
[2024-04-22 11:36:52,234] {scheduler_job.py:182} INFO - Started process (PID=219) to work on /opt/airflow/dags/dag_with_postgres_operator.py
[2024-04-22 11:36:52,243] {scheduler_job.py:629} INFO - Processing file /opt/airflow/dags/dag_with_postgres_operator.py for tasks to queue
[2024-04-22 11:36:52,247] {logging_mixin.py:104} INFO - [2024-04-22 11:36:52,247] {dagbag.py:448} INFO - Filling up the DagBag from /opt/airflow/dags/dag_with_postgres_operator.py
[2024-04-22 11:36:52,355] {scheduler_job.py:639} INFO - DAG(s) dict_keys(['dag_with_postgres_operator_v03']) retrieved from /opt/airflow/dags/dag_with_postgres_operator.py
[2024-04-22 11:36:52,406] {logging_mixin.py:104} INFO - [2024-04-22 11:36:52,406] {dag.py:1818} INFO - Sync 1 DAGs
[2024-04-22 11:36:52,481] {logging_mixin.py:104} INFO - [2024-04-22 11:36:52,481] {dag.py:2273} INFO - Setting next_dagrun for dag_with_postgres_operator_v03 to 2021-12-19T00:00:00+00:00
[2024-04-22 11:36:52,545] {scheduler_job.py:190} INFO - Processing /opt/airflow/dags/dag_with_postgres_operator.py took 0.318 seconds
[2024-04-22 11:37:02,657] {scheduler_job.py:182} INFO - Started process (PID=265) to work on /opt/airflow/dags/dag_with_postgres_operator.py
[2024-04-22 11:37:02,661] {scheduler_job.py:629} INFO - Processing file /opt/airflow/dags/dag_with_postgres_operator.py for tasks to queue
[2024-04-22 11:37:02,662] {logging_mixin.py:104} INFO - [2024-04-22 11:37:02,662] {dagbag.py:448} INFO - Filling up the DagBag from /opt/airflow/dags/dag_with_postgres_operator.py
[2024-04-22 11:37:02,798] {scheduler_job.py:639} INFO - DAG(s) dict_keys(['dag_with_postgres_operator_v03']) retrieved from /opt/airflow/dags/dag_with_postgres_operator.py
[2024-04-22 11:37:02,844] {logging_mixin.py:104} INFO - [2024-04-22 11:37:02,844] {dag.py:1818} INFO - Sync 1 DAGs
[2024-04-22 11:37:02,928] {logging_mixin.py:104} INFO - [2024-04-22 11:37:02,928] {dag.py:2273} INFO - Setting next_dagrun for dag_with_postgres_operator_v03 to 2021-12-19T00:00:00+00:00
[2024-04-22 11:37:02,949] {scheduler_job.py:190} INFO - Processing /opt/airflow/dags/dag_with_postgres_operator.py took 0.305 seconds
[2024-04-22 11:37:13,806] {scheduler_job.py:182} INFO - Started process (PID=309) to work on /opt/airflow/dags/dag_with_postgres_operator.py
[2024-04-22 11:37:13,808] {scheduler_job.py:629} INFO - Processing file /opt/airflow/dags/dag_with_postgres_operator.py for tasks to queue
[2024-04-22 11:37:13,809] {logging_mixin.py:104} INFO - [2024-04-22 11:37:13,808] {dagbag.py:448} INFO - Filling up the DagBag from /opt/airflow/dags/dag_with_postgres_operator.py
[2024-04-22 11:37:13,844] {scheduler_job.py:639} INFO - DAG(s) dict_keys(['dag_with_postgres_operator_v03']) retrieved from /opt/airflow/dags/dag_with_postgres_operator.py
[2024-04-22 11:37:13,867] {logging_mixin.py:104} INFO - [2024-04-22 11:37:13,867] {dag.py:1818} INFO - Sync 1 DAGs
[2024-04-22 11:37:13,892] {logging_mixin.py:104} INFO - [2024-04-22 11:37:13,891] {dag.py:2273} INFO - Setting next_dagrun for dag_with_postgres_operator_v03 to 2021-12-19T00:00:00+00:00
[2024-04-22 11:37:13,904] {scheduler_job.py:190} INFO - Processing /opt/airflow/dags/dag_with_postgres_operator.py took 0.100 seconds
[2024-04-22 11:37:24,634] {scheduler_job.py:182} INFO - Started process (PID=354) to work on /opt/airflow/dags/dag_with_postgres_operator.py
[2024-04-22 11:37:24,636] {scheduler_job.py:629} INFO - Processing file /opt/airflow/dags/dag_with_postgres_operator.py for tasks to queue
[2024-04-22 11:37:24,638] {logging_mixin.py:104} INFO - [2024-04-22 11:37:24,638] {dagbag.py:448} INFO - Filling up the DagBag from /opt/airflow/dags/dag_with_postgres_operator.py
[2024-04-22 11:37:24,714] {scheduler_job.py:639} INFO - DAG(s) dict_keys(['dag_with_postgres_operator_v03']) retrieved from /opt/airflow/dags/dag_with_postgres_operator.py
[2024-04-22 11:37:24,752] {logging_mixin.py:104} INFO - [2024-04-22 11:37:24,752] {dag.py:1818} INFO - Sync 1 DAGs
[2024-04-22 11:37:24,797] {logging_mixin.py:104} INFO - [2024-04-22 11:37:24,797] {dag.py:2273} INFO - Setting next_dagrun for dag_with_postgres_operator_v03 to 2021-12-19T00:00:00+00:00
[2024-04-22 11:37:24,861] {scheduler_job.py:190} INFO - Processing /opt/airflow/dags/dag_with_postgres_operator.py took 0.231 seconds
[2024-04-22 11:37:35,209] {scheduler_job.py:182} INFO - Started process (PID=400) to work on /opt/airflow/dags/dag_with_postgres_operator.py
[2024-04-22 11:37:35,211] {scheduler_job.py:629} INFO - Processing file /opt/airflow/dags/dag_with_postgres_operator.py for tasks to queue
[2024-04-22 11:37:35,212] {logging_mixin.py:104} INFO - [2024-04-22 11:37:35,212] {dagbag.py:448} INFO - Filling up the DagBag from /opt/airflow/dags/dag_with_postgres_operator.py
[2024-04-22 11:37:35,304] {scheduler_job.py:639} INFO - DAG(s) dict_keys(['dag_with_postgres_operator_v03']) retrieved from /opt/airflow/dags/dag_with_postgres_operator.py
[2024-04-22 11:37:35,357] {logging_mixin.py:104} INFO - [2024-04-22 11:37:35,356] {dag.py:1818} INFO - Sync 1 DAGs
[2024-04-22 11:37:35,421] {logging_mixin.py:104} INFO - [2024-04-22 11:37:35,420] {dag.py:2273} INFO - Setting next_dagrun for dag_with_postgres_operator_v03 to 2021-12-19T00:00:00+00:00
[2024-04-22 11:37:35,485] {scheduler_job.py:190} INFO - Processing /opt/airflow/dags/dag_with_postgres_operator.py took 0.280 seconds
[2024-04-22 11:37:45,638] {scheduler_job.py:182} INFO - Started process (PID=445) to work on /opt/airflow/dags/dag_with_postgres_operator.py
[2024-04-22 11:37:45,641] {scheduler_job.py:629} INFO - Processing file /opt/airflow/dags/dag_with_postgres_operator.py for tasks to queue
[2024-04-22 11:37:45,643] {logging_mixin.py:104} INFO - [2024-04-22 11:37:45,642] {dagbag.py:448} INFO - Filling up the DagBag from /opt/airflow/dags/dag_with_postgres_operator.py
[2024-04-22 11:37:45,740] {scheduler_job.py:639} INFO - DAG(s) dict_keys(['dag_with_postgres_operator_v03']) retrieved from /opt/airflow/dags/dag_with_postgres_operator.py
[2024-04-22 11:37:45,791] {logging_mixin.py:104} INFO - [2024-04-22 11:37:45,789] {dag.py:1818} INFO - Sync 1 DAGs
[2024-04-22 11:37:45,862] {logging_mixin.py:104} INFO - [2024-04-22 11:37:45,862] {dag.py:2273} INFO - Setting next_dagrun for dag_with_postgres_operator_v03 to 2021-12-19T00:00:00+00:00
[2024-04-22 11:37:45,888] {scheduler_job.py:190} INFO - Processing /opt/airflow/dags/dag_with_postgres_operator.py took 0.258 seconds
[2024-04-22 11:38:59,350] {scheduler_job.py:182} INFO - Started process (PID=170) to work on /opt/airflow/dags/dag_with_postgres_operator.py
[2024-04-22 11:38:59,352] {scheduler_job.py:629} INFO - Processing file /opt/airflow/dags/dag_with_postgres_operator.py for tasks to queue
[2024-04-22 11:38:59,353] {logging_mixin.py:104} INFO - [2024-04-22 11:38:59,353] {dagbag.py:448} INFO - Filling up the DagBag from /opt/airflow/dags/dag_with_postgres_operator.py
[2024-04-22 11:38:59,408] {scheduler_job.py:639} INFO - DAG(s) dict_keys(['dag_with_postgres_operator_v03']) retrieved from /opt/airflow/dags/dag_with_postgres_operator.py
[2024-04-22 11:38:59,445] {logging_mixin.py:104} INFO - [2024-04-22 11:38:59,445] {dag.py:1818} INFO - Sync 1 DAGs
[2024-04-22 11:38:59,474] {logging_mixin.py:104} INFO - [2024-04-22 11:38:59,474] {dag.py:2273} INFO - Setting next_dagrun for dag_with_postgres_operator_v03 to 2021-12-19T00:00:00+00:00
[2024-04-22 11:38:59,487] {scheduler_job.py:190} INFO - Processing /opt/airflow/dags/dag_with_postgres_operator.py took 0.142 seconds
[2024-04-22 11:39:10,603] {scheduler_job.py:182} INFO - Started process (PID=222) to work on /opt/airflow/dags/dag_with_postgres_operator.py
[2024-04-22 11:39:10,604] {scheduler_job.py:629} INFO - Processing file /opt/airflow/dags/dag_with_postgres_operator.py for tasks to queue
[2024-04-22 11:39:10,605] {logging_mixin.py:104} INFO - [2024-04-22 11:39:10,605] {dagbag.py:448} INFO - Filling up the DagBag from /opt/airflow/dags/dag_with_postgres_operator.py
[2024-04-22 11:39:10,646] {scheduler_job.py:639} INFO - DAG(s) dict_keys(['dag_with_postgres_operator_v03']) retrieved from /opt/airflow/dags/dag_with_postgres_operator.py
[2024-04-22 11:39:10,675] {logging_mixin.py:104} INFO - [2024-04-22 11:39:10,675] {dag.py:1818} INFO - Sync 1 DAGs
[2024-04-22 11:39:10,704] {logging_mixin.py:104} INFO - [2024-04-22 11:39:10,704] {dag.py:2273} INFO - Setting next_dagrun for dag_with_postgres_operator_v03 to 2021-12-19T00:00:00+00:00
[2024-04-22 11:39:10,716] {scheduler_job.py:190} INFO - Processing /opt/airflow/dags/dag_with_postgres_operator.py took 0.117 seconds
[2024-04-22 11:39:21,123] {scheduler_job.py:182} INFO - Started process (PID=267) to work on /opt/airflow/dags/dag_with_postgres_operator.py
[2024-04-22 11:39:21,126] {scheduler_job.py:629} INFO - Processing file /opt/airflow/dags/dag_with_postgres_operator.py for tasks to queue
[2024-04-22 11:39:21,128] {logging_mixin.py:104} INFO - [2024-04-22 11:39:21,127] {dagbag.py:448} INFO - Filling up the DagBag from /opt/airflow/dags/dag_with_postgres_operator.py
[2024-04-22 11:39:21,194] {scheduler_job.py:639} INFO - DAG(s) dict_keys(['dag_with_postgres_operator_v03']) retrieved from /opt/airflow/dags/dag_with_postgres_operator.py
[2024-04-22 11:39:21,229] {logging_mixin.py:104} INFO - [2024-04-22 11:39:21,229] {dag.py:1818} INFO - Sync 1 DAGs
[2024-04-22 11:39:21,270] {logging_mixin.py:104} INFO - [2024-04-22 11:39:21,270] {dag.py:2273} INFO - Setting next_dagrun for dag_with_postgres_operator_v03 to 2021-12-19T00:00:00+00:00
[2024-04-22 11:39:21,301] {scheduler_job.py:190} INFO - Processing /opt/airflow/dags/dag_with_postgres_operator.py took 0.184 seconds
[2024-04-22 11:39:31,602] {scheduler_job.py:182} INFO - Started process (PID=310) to work on /opt/airflow/dags/dag_with_postgres_operator.py
[2024-04-22 11:39:31,603] {scheduler_job.py:629} INFO - Processing file /opt/airflow/dags/dag_with_postgres_operator.py for tasks to queue
[2024-04-22 11:39:31,605] {logging_mixin.py:104} INFO - [2024-04-22 11:39:31,605] {dagbag.py:448} INFO - Filling up the DagBag from /opt/airflow/dags/dag_with_postgres_operator.py
[2024-04-22 11:39:31,648] {scheduler_job.py:639} INFO - DAG(s) dict_keys(['dag_with_postgres_operator_v03']) retrieved from /opt/airflow/dags/dag_with_postgres_operator.py
[2024-04-22 11:39:31,677] {logging_mixin.py:104} INFO - [2024-04-22 11:39:31,677] {dag.py:1818} INFO - Sync 1 DAGs
[2024-04-22 11:39:31,704] {logging_mixin.py:104} INFO - [2024-04-22 11:39:31,704] {dag.py:2273} INFO - Setting next_dagrun for dag_with_postgres_operator_v03 to 2021-12-19T00:00:00+00:00
[2024-04-22 11:39:31,718] {scheduler_job.py:190} INFO - Processing /opt/airflow/dags/dag_with_postgres_operator.py took 0.121 seconds
[2024-04-22 11:39:41,945] {scheduler_job.py:182} INFO - Started process (PID=347) to work on /opt/airflow/dags/dag_with_postgres_operator.py
[2024-04-22 11:39:41,948] {scheduler_job.py:629} INFO - Processing file /opt/airflow/dags/dag_with_postgres_operator.py for tasks to queue
[2024-04-22 11:39:41,950] {logging_mixin.py:104} INFO - [2024-04-22 11:39:41,949] {dagbag.py:448} INFO - Filling up the DagBag from /opt/airflow/dags/dag_with_postgres_operator.py
[2024-04-22 11:39:42,058] {scheduler_job.py:639} INFO - DAG(s) dict_keys(['dag_with_postgres_operator_v03']) retrieved from /opt/airflow/dags/dag_with_postgres_operator.py
[2024-04-22 11:39:42,131] {logging_mixin.py:104} INFO - [2024-04-22 11:39:42,131] {dag.py:1818} INFO - Sync 1 DAGs
[2024-04-22 11:39:42,180] {logging_mixin.py:104} INFO - [2024-04-22 11:39:42,180] {dag.py:2273} INFO - Setting next_dagrun for dag_with_postgres_operator_v03 to 2021-12-19T00:00:00+00:00
[2024-04-22 11:39:42,210] {scheduler_job.py:190} INFO - Processing /opt/airflow/dags/dag_with_postgres_operator.py took 0.278 seconds
[2024-04-22T11:41:38.195+0000] {processor.py:161} INFO - Started process (PID=183) to work on /opt/airflow/dags/dag_with_postgres_operator.py
[2024-04-22T11:41:38.197+0000] {processor.py:830} INFO - Processing file /opt/airflow/dags/dag_with_postgres_operator.py for tasks to queue
[2024-04-22T11:41:38.198+0000] {logging_mixin.py:188} INFO - [2024-04-22T11:41:38.198+0000] {dagbag.py:538} INFO - Filling up the DagBag from /opt/airflow/dags/dag_with_postgres_operator.py
[2024-04-22T11:41:38.230+0000] {processor.py:840} INFO - DAG(s) 'dag_with_postgres_operator_v03' retrieved from /opt/airflow/dags/dag_with_postgres_operator.py
[2024-04-22T11:41:38.251+0000] {logging_mixin.py:188} INFO - [2024-04-22T11:41:38.251+0000] {dag.py:3033} INFO - Sync 1 DAGs
[2024-04-22T11:41:38.307+0000] {logging_mixin.py:188} INFO - [2024-04-22T11:41:38.306+0000] {dag.py:3820} INFO - Setting next_dagrun for dag_with_postgres_operator_v03 to 2021-12-19T00:00:00+00:00, run_after=2021-12-20T00:00:00+00:00
[2024-04-22T11:41:38.355+0000] {processor.py:183} INFO - Processing /opt/airflow/dags/dag_with_postgres_operator.py took 0.168 seconds
[2024-04-22T11:41:49.670+0000] {processor.py:161} INFO - Started process (PID=230) to work on /opt/airflow/dags/dag_with_postgres_operator.py
[2024-04-22T11:41:49.673+0000] {processor.py:830} INFO - Processing file /opt/airflow/dags/dag_with_postgres_operator.py for tasks to queue
[2024-04-22T11:41:49.675+0000] {logging_mixin.py:188} INFO - [2024-04-22T11:41:49.674+0000] {dagbag.py:538} INFO - Filling up the DagBag from /opt/airflow/dags/dag_with_postgres_operator.py
[2024-04-22T11:41:49.747+0000] {processor.py:840} INFO - DAG(s) 'dag_with_postgres_operator_v03' retrieved from /opt/airflow/dags/dag_with_postgres_operator.py
[2024-04-22T11:41:49.794+0000] {logging_mixin.py:188} INFO - [2024-04-22T11:41:49.793+0000] {dag.py:3033} INFO - Sync 1 DAGs
[2024-04-22T11:41:49.894+0000] {logging_mixin.py:188} INFO - [2024-04-22T11:41:49.893+0000] {dag.py:3820} INFO - Setting next_dagrun for dag_with_postgres_operator_v03 to 2021-12-19T00:00:00+00:00, run_after=2021-12-20T00:00:00+00:00
[2024-04-22T11:41:49.966+0000] {processor.py:183} INFO - Processing /opt/airflow/dags/dag_with_postgres_operator.py took 0.309 seconds
[2024-04-22T11:42:00.397+0000] {processor.py:161} INFO - Started process (PID=275) to work on /opt/airflow/dags/dag_with_postgres_operator.py
[2024-04-22T11:42:00.399+0000] {processor.py:830} INFO - Processing file /opt/airflow/dags/dag_with_postgres_operator.py for tasks to queue
[2024-04-22T11:42:00.402+0000] {logging_mixin.py:188} INFO - [2024-04-22T11:42:00.402+0000] {dagbag.py:538} INFO - Filling up the DagBag from /opt/airflow/dags/dag_with_postgres_operator.py
[2024-04-22T11:42:00.461+0000] {processor.py:840} INFO - DAG(s) 'dag_with_postgres_operator_v03' retrieved from /opt/airflow/dags/dag_with_postgres_operator.py
[2024-04-22T11:42:00.493+0000] {logging_mixin.py:188} INFO - [2024-04-22T11:42:00.493+0000] {dag.py:3033} INFO - Sync 1 DAGs
[2024-04-22T11:42:00.572+0000] {logging_mixin.py:188} INFO - [2024-04-22T11:42:00.572+0000] {dag.py:3820} INFO - Setting next_dagrun for dag_with_postgres_operator_v03 to 2021-12-19T00:00:00+00:00, run_after=2021-12-20T00:00:00+00:00
[2024-04-22T11:42:00.658+0000] {processor.py:183} INFO - Processing /opt/airflow/dags/dag_with_postgres_operator.py took 0.268 seconds
[2024-04-22T11:42:10.831+0000] {processor.py:161} INFO - Started process (PID=318) to work on /opt/airflow/dags/dag_with_postgres_operator.py
[2024-04-22T11:42:10.833+0000] {processor.py:830} INFO - Processing file /opt/airflow/dags/dag_with_postgres_operator.py for tasks to queue
[2024-04-22T11:42:10.835+0000] {logging_mixin.py:188} INFO - [2024-04-22T11:42:10.835+0000] {dagbag.py:538} INFO - Filling up the DagBag from /opt/airflow/dags/dag_with_postgres_operator.py
[2024-04-22T11:42:10.886+0000] {processor.py:840} INFO - DAG(s) 'dag_with_postgres_operator_v03' retrieved from /opt/airflow/dags/dag_with_postgres_operator.py
[2024-04-22T11:42:11.181+0000] {logging_mixin.py:188} INFO - [2024-04-22T11:42:11.180+0000] {dag.py:3033} INFO - Sync 1 DAGs
[2024-04-22T11:42:11.231+0000] {logging_mixin.py:188} INFO - [2024-04-22T11:42:11.230+0000] {dag.py:3820} INFO - Setting next_dagrun for dag_with_postgres_operator_v03 to 2021-12-19T00:00:00+00:00, run_after=2021-12-20T00:00:00+00:00
[2024-04-22T11:42:11.301+0000] {processor.py:183} INFO - Processing /opt/airflow/dags/dag_with_postgres_operator.py took 0.479 seconds
[2024-04-22T11:42:21.442+0000] {processor.py:161} INFO - Started process (PID=363) to work on /opt/airflow/dags/dag_with_postgres_operator.py
[2024-04-22T11:42:21.446+0000] {processor.py:830} INFO - Processing file /opt/airflow/dags/dag_with_postgres_operator.py for tasks to queue
[2024-04-22T11:42:21.455+0000] {logging_mixin.py:188} INFO - [2024-04-22T11:42:21.454+0000] {dagbag.py:538} INFO - Filling up the DagBag from /opt/airflow/dags/dag_with_postgres_operator.py
[2024-04-22T11:42:21.517+0000] {processor.py:840} INFO - DAG(s) 'dag_with_postgres_operator_v03' retrieved from /opt/airflow/dags/dag_with_postgres_operator.py
[2024-04-22T11:42:21.566+0000] {logging_mixin.py:188} INFO - [2024-04-22T11:42:21.566+0000] {dag.py:3033} INFO - Sync 1 DAGs
[2024-04-22T11:42:21.634+0000] {logging_mixin.py:188} INFO - [2024-04-22T11:42:21.634+0000] {dag.py:3820} INFO - Setting next_dagrun for dag_with_postgres_operator_v03 to 2021-12-19T00:00:00+00:00, run_after=2021-12-20T00:00:00+00:00
[2024-04-22T11:42:21.706+0000] {processor.py:183} INFO - Processing /opt/airflow/dags/dag_with_postgres_operator.py took 0.272 seconds
[2024-04-22T11:42:31.790+0000] {processor.py:161} INFO - Started process (PID=408) to work on /opt/airflow/dags/dag_with_postgres_operator.py
[2024-04-22T11:42:31.792+0000] {processor.py:830} INFO - Processing file /opt/airflow/dags/dag_with_postgres_operator.py for tasks to queue
[2024-04-22T11:42:31.793+0000] {logging_mixin.py:188} INFO - [2024-04-22T11:42:31.793+0000] {dagbag.py:538} INFO - Filling up the DagBag from /opt/airflow/dags/dag_with_postgres_operator.py
[2024-04-22T11:42:31.816+0000] {processor.py:840} INFO - DAG(s) 'dag_with_postgres_operator_v03' retrieved from /opt/airflow/dags/dag_with_postgres_operator.py
[2024-04-22T11:42:31.829+0000] {logging_mixin.py:188} INFO - [2024-04-22T11:42:31.828+0000] {dag.py:3033} INFO - Sync 1 DAGs
[2024-04-22T11:42:31.852+0000] {logging_mixin.py:188} INFO - [2024-04-22T11:42:31.852+0000] {dag.py:3820} INFO - Setting next_dagrun for dag_with_postgres_operator_v03 to 2021-12-19T00:00:00+00:00, run_after=2021-12-20T00:00:00+00:00
[2024-04-22T11:42:31.925+0000] {processor.py:183} INFO - Processing /opt/airflow/dags/dag_with_postgres_operator.py took 0.138 seconds
[2024-04-22T11:42:39.347+0000] {processor.py:161} INFO - Started process (PID=458) to work on /opt/airflow/dags/dag_with_postgres_operator.py
[2024-04-22T11:42:39.349+0000] {processor.py:830} INFO - Processing file /opt/airflow/dags/dag_with_postgres_operator.py for tasks to queue
[2024-04-22T11:42:39.350+0000] {logging_mixin.py:188} INFO - [2024-04-22T11:42:39.350+0000] {dagbag.py:538} INFO - Filling up the DagBag from /opt/airflow/dags/dag_with_postgres_operator.py
[2024-04-22T11:42:39.385+0000] {processor.py:840} INFO - DAG(s) 'dag_with_postgres_operator_v03' retrieved from /opt/airflow/dags/dag_with_postgres_operator.py
[2024-04-22T11:42:39.404+0000] {logging_mixin.py:188} INFO - [2024-04-22T11:42:39.403+0000] {dag.py:3033} INFO - Sync 1 DAGs
[2024-04-22T11:42:39.434+0000] {logging_mixin.py:188} INFO - [2024-04-22T11:42:39.433+0000] {dag.py:3820} INFO - Setting next_dagrun for dag_with_postgres_operator_v03 to 2021-12-19T00:00:00+00:00, run_after=2021-12-20T00:00:00+00:00
[2024-04-22T11:42:39.516+0000] {processor.py:183} INFO - Processing /opt/airflow/dags/dag_with_postgres_operator.py took 0.173 seconds
[2024-04-22T11:42:49.848+0000] {processor.py:161} INFO - Started process (PID=504) to work on /opt/airflow/dags/dag_with_postgres_operator.py
[2024-04-22T11:42:49.858+0000] {processor.py:830} INFO - Processing file /opt/airflow/dags/dag_with_postgres_operator.py for tasks to queue
[2024-04-22T11:42:49.859+0000] {logging_mixin.py:188} INFO - [2024-04-22T11:42:49.859+0000] {dagbag.py:538} INFO - Filling up the DagBag from /opt/airflow/dags/dag_with_postgres_operator.py
[2024-04-22T11:42:49.937+0000] {processor.py:840} INFO - DAG(s) 'dag_with_postgres_operator_v03' retrieved from /opt/airflow/dags/dag_with_postgres_operator.py
[2024-04-22T11:42:49.999+0000] {logging_mixin.py:188} INFO - [2024-04-22T11:42:49.997+0000] {dag.py:3033} INFO - Sync 1 DAGs
[2024-04-22T11:42:50.041+0000] {logging_mixin.py:188} INFO - [2024-04-22T11:42:50.041+0000] {dag.py:3820} INFO - Setting next_dagrun for dag_with_postgres_operator_v03 to 2021-12-19T00:00:00+00:00, run_after=2021-12-20T00:00:00+00:00
[2024-04-22T11:42:50.108+0000] {processor.py:183} INFO - Processing /opt/airflow/dags/dag_with_postgres_operator.py took 0.265 seconds
[2024-04-22T11:43:03.197+0000] {processor.py:161} INFO - Started process (PID=647) to work on /opt/airflow/dags/dag_with_postgres_operator.py
[2024-04-22T11:43:03.199+0000] {processor.py:830} INFO - Processing file /opt/airflow/dags/dag_with_postgres_operator.py for tasks to queue
[2024-04-22T11:43:03.202+0000] {logging_mixin.py:188} INFO - [2024-04-22T11:43:03.201+0000] {dagbag.py:538} INFO - Filling up the DagBag from /opt/airflow/dags/dag_with_postgres_operator.py
[2024-04-22T11:43:03.388+0000] {processor.py:840} INFO - DAG(s) 'dag_with_postgres_operator_v03' retrieved from /opt/airflow/dags/dag_with_postgres_operator.py
[2024-04-22T11:43:03.652+0000] {logging_mixin.py:188} INFO - [2024-04-22T11:43:03.651+0000] {dag.py:3033} INFO - Sync 1 DAGs
[2024-04-22T11:43:03.852+0000] {logging_mixin.py:188} INFO - [2024-04-22T11:43:03.852+0000] {dag.py:3820} INFO - Setting next_dagrun for dag_with_postgres_operator_v03 to 2021-12-19T00:00:00+00:00, run_after=2021-12-20T00:00:00+00:00
[2024-04-22T11:43:03.957+0000] {processor.py:183} INFO - Processing /opt/airflow/dags/dag_with_postgres_operator.py took 0.774 seconds
[2024-04-22T11:43:15.776+0000] {processor.py:161} INFO - Started process (PID=786) to work on /opt/airflow/dags/dag_with_postgres_operator.py
[2024-04-22T11:43:15.779+0000] {processor.py:830} INFO - Processing file /opt/airflow/dags/dag_with_postgres_operator.py for tasks to queue
[2024-04-22T11:43:15.781+0000] {logging_mixin.py:188} INFO - [2024-04-22T11:43:15.780+0000] {dagbag.py:538} INFO - Filling up the DagBag from /opt/airflow/dags/dag_with_postgres_operator.py
[2024-04-22T11:43:15.967+0000] {processor.py:840} INFO - DAG(s) 'dag_with_postgres_operator_v03' retrieved from /opt/airflow/dags/dag_with_postgres_operator.py
[2024-04-22T11:43:16.043+0000] {logging_mixin.py:188} INFO - [2024-04-22T11:43:16.043+0000] {dag.py:3033} INFO - Sync 1 DAGs
[2024-04-22T11:43:16.079+0000] {logging_mixin.py:188} INFO - [2024-04-22T11:43:16.078+0000] {dag.py:3820} INFO - Setting next_dagrun for dag_with_postgres_operator_v03 to 2021-12-19T00:00:00+00:00, run_after=2021-12-20T00:00:00+00:00
[2024-04-22T11:43:16.194+0000] {processor.py:183} INFO - Processing /opt/airflow/dags/dag_with_postgres_operator.py took 0.442 seconds
[2024-04-22T11:43:26.610+0000] {processor.py:161} INFO - Started process (PID=839) to work on /opt/airflow/dags/dag_with_postgres_operator.py
[2024-04-22T11:43:26.614+0000] {processor.py:830} INFO - Processing file /opt/airflow/dags/dag_with_postgres_operator.py for tasks to queue
[2024-04-22T11:43:26.619+0000] {logging_mixin.py:188} INFO - [2024-04-22T11:43:26.616+0000] {dagbag.py:538} INFO - Filling up the DagBag from /opt/airflow/dags/dag_with_postgres_operator.py
[2024-04-22T11:43:26.712+0000] {processor.py:840} INFO - DAG(s) 'dag_with_postgres_operator_v03' retrieved from /opt/airflow/dags/dag_with_postgres_operator.py
[2024-04-22T11:43:26.844+0000] {logging_mixin.py:188} INFO - [2024-04-22T11:43:26.844+0000] {dag.py:3033} INFO - Sync 1 DAGs
[2024-04-22T11:43:26.918+0000] {logging_mixin.py:188} INFO - [2024-04-22T11:43:26.917+0000] {dag.py:3820} INFO - Setting next_dagrun for dag_with_postgres_operator_v03 to 2021-12-19T00:00:00+00:00, run_after=2021-12-20T00:00:00+00:00
[2024-04-22T11:43:27.066+0000] {processor.py:183} INFO - Processing /opt/airflow/dags/dag_with_postgres_operator.py took 0.472 seconds
[2024-04-22T11:43:37.482+0000] {processor.py:161} INFO - Started process (PID=886) to work on /opt/airflow/dags/dag_with_postgres_operator.py
[2024-04-22T11:43:37.484+0000] {processor.py:830} INFO - Processing file /opt/airflow/dags/dag_with_postgres_operator.py for tasks to queue
[2024-04-22T11:43:37.488+0000] {logging_mixin.py:188} INFO - [2024-04-22T11:43:37.487+0000] {dagbag.py:538} INFO - Filling up the DagBag from /opt/airflow/dags/dag_with_postgres_operator.py
[2024-04-22T11:43:37.567+0000] {processor.py:840} INFO - DAG(s) 'dag_with_postgres_operator_v03' retrieved from /opt/airflow/dags/dag_with_postgres_operator.py
[2024-04-22T11:43:37.655+0000] {logging_mixin.py:188} INFO - [2024-04-22T11:43:37.654+0000] {dag.py:3033} INFO - Sync 1 DAGs
[2024-04-22T11:43:37.719+0000] {logging_mixin.py:188} INFO - [2024-04-22T11:43:37.718+0000] {dag.py:3820} INFO - Setting next_dagrun for dag_with_postgres_operator_v03 to 2021-12-19T00:00:00+00:00, run_after=2021-12-20T00:00:00+00:00
[2024-04-22T11:43:37.836+0000] {processor.py:183} INFO - Processing /opt/airflow/dags/dag_with_postgres_operator.py took 0.367 seconds
[2024-04-22T11:43:48.259+0000] {processor.py:161} INFO - Started process (PID=926) to work on /opt/airflow/dags/dag_with_postgres_operator.py
[2024-04-22T11:43:48.262+0000] {processor.py:830} INFO - Processing file /opt/airflow/dags/dag_with_postgres_operator.py for tasks to queue
[2024-04-22T11:43:48.264+0000] {logging_mixin.py:188} INFO - [2024-04-22T11:43:48.263+0000] {dagbag.py:538} INFO - Filling up the DagBag from /opt/airflow/dags/dag_with_postgres_operator.py
[2024-04-22T11:43:48.351+0000] {processor.py:840} INFO - DAG(s) 'dag_with_postgres_operator_v03' retrieved from /opt/airflow/dags/dag_with_postgres_operator.py
[2024-04-22T11:43:48.448+0000] {logging_mixin.py:188} INFO - [2024-04-22T11:43:48.436+0000] {dag.py:3033} INFO - Sync 1 DAGs
[2024-04-22T11:43:48.510+0000] {logging_mixin.py:188} INFO - [2024-04-22T11:43:48.509+0000] {dag.py:3820} INFO - Setting next_dagrun for dag_with_postgres_operator_v03 to 2021-12-19T00:00:00+00:00, run_after=2021-12-20T00:00:00+00:00
[2024-04-22T11:43:48.583+0000] {processor.py:183} INFO - Processing /opt/airflow/dags/dag_with_postgres_operator.py took 0.334 seconds
[2024-04-22T11:43:58.861+0000] {processor.py:161} INFO - Started process (PID=966) to work on /opt/airflow/dags/dag_with_postgres_operator.py
[2024-04-22T11:43:58.863+0000] {processor.py:830} INFO - Processing file /opt/airflow/dags/dag_with_postgres_operator.py for tasks to queue
[2024-04-22T11:43:58.866+0000] {logging_mixin.py:188} INFO - [2024-04-22T11:43:58.865+0000] {dagbag.py:538} INFO - Filling up the DagBag from /opt/airflow/dags/dag_with_postgres_operator.py
[2024-04-22T11:43:58.942+0000] {processor.py:840} INFO - DAG(s) 'dag_with_postgres_operator_v03' retrieved from /opt/airflow/dags/dag_with_postgres_operator.py
[2024-04-22T11:43:59.015+0000] {logging_mixin.py:188} INFO - [2024-04-22T11:43:59.014+0000] {dag.py:3033} INFO - Sync 1 DAGs
[2024-04-22T11:43:59.088+0000] {logging_mixin.py:188} INFO - [2024-04-22T11:43:59.087+0000] {dag.py:3820} INFO - Setting next_dagrun for dag_with_postgres_operator_v03 to 2021-12-19T00:00:00+00:00, run_after=2021-12-20T00:00:00+00:00
[2024-04-22T11:43:59.163+0000] {processor.py:183} INFO - Processing /opt/airflow/dags/dag_with_postgres_operator.py took 0.310 seconds
[2024-04-22T11:44:09.719+0000] {processor.py:161} INFO - Started process (PID=1006) to work on /opt/airflow/dags/dag_with_postgres_operator.py
[2024-04-22T11:44:09.721+0000] {processor.py:830} INFO - Processing file /opt/airflow/dags/dag_with_postgres_operator.py for tasks to queue
[2024-04-22T11:44:09.732+0000] {logging_mixin.py:188} INFO - [2024-04-22T11:44:09.723+0000] {dagbag.py:538} INFO - Filling up the DagBag from /opt/airflow/dags/dag_with_postgres_operator.py
[2024-04-22T11:44:09.798+0000] {processor.py:840} INFO - DAG(s) 'dag_with_postgres_operator_v03' retrieved from /opt/airflow/dags/dag_with_postgres_operator.py
[2024-04-22T11:44:09.884+0000] {logging_mixin.py:188} INFO - [2024-04-22T11:44:09.884+0000] {dag.py:3033} INFO - Sync 1 DAGs
[2024-04-22T11:44:09.970+0000] {logging_mixin.py:188} INFO - [2024-04-22T11:44:09.966+0000] {dag.py:3820} INFO - Setting next_dagrun for dag_with_postgres_operator_v03 to 2021-12-19T00:00:00+00:00, run_after=2021-12-20T00:00:00+00:00
[2024-04-22T11:44:10.050+0000] {processor.py:183} INFO - Processing /opt/airflow/dags/dag_with_postgres_operator.py took 0.338 seconds
[2024-04-22T11:44:20.286+0000] {processor.py:161} INFO - Started process (PID=1046) to work on /opt/airflow/dags/dag_with_postgres_operator.py
[2024-04-22T11:44:20.289+0000] {processor.py:830} INFO - Processing file /opt/airflow/dags/dag_with_postgres_operator.py for tasks to queue
[2024-04-22T11:44:20.291+0000] {logging_mixin.py:188} INFO - [2024-04-22T11:44:20.290+0000] {dagbag.py:538} INFO - Filling up the DagBag from /opt/airflow/dags/dag_with_postgres_operator.py
[2024-04-22T11:44:20.447+0000] {processor.py:840} INFO - DAG(s) 'dag_with_postgres_operator_v03' retrieved from /opt/airflow/dags/dag_with_postgres_operator.py
[2024-04-22T11:44:20.527+0000] {logging_mixin.py:188} INFO - [2024-04-22T11:44:20.526+0000] {dag.py:3033} INFO - Sync 1 DAGs
[2024-04-22T11:44:20.609+0000] {logging_mixin.py:188} INFO - [2024-04-22T11:44:20.608+0000] {dag.py:3820} INFO - Setting next_dagrun for dag_with_postgres_operator_v03 to 2021-12-19T00:00:00+00:00, run_after=2021-12-20T00:00:00+00:00
[2024-04-22T11:44:20.697+0000] {processor.py:183} INFO - Processing /opt/airflow/dags/dag_with_postgres_operator.py took 0.420 seconds
[2024-04-22T11:44:34.982+0000] {processor.py:161} INFO - Started process (PID=1086) to work on /opt/airflow/dags/dag_with_postgres_operator.py
[2024-04-22T11:44:35.007+0000] {processor.py:830} INFO - Processing file /opt/airflow/dags/dag_with_postgres_operator.py for tasks to queue
[2024-04-22T11:44:35.024+0000] {logging_mixin.py:188} INFO - [2024-04-22T11:44:35.023+0000] {dagbag.py:538} INFO - Filling up the DagBag from /opt/airflow/dags/dag_with_postgres_operator.py
[2024-04-22T11:44:35.217+0000] {processor.py:840} INFO - DAG(s) 'dag_with_postgres_operator_v03' retrieved from /opt/airflow/dags/dag_with_postgres_operator.py
[2024-04-22T11:44:35.339+0000] {logging_mixin.py:188} INFO - [2024-04-22T11:44:35.339+0000] {dag.py:3033} INFO - Sync 1 DAGs
[2024-04-22T11:44:35.448+0000] {logging_mixin.py:188} INFO - [2024-04-22T11:44:35.448+0000] {dag.py:3820} INFO - Setting next_dagrun for dag_with_postgres_operator_v03 to 2021-12-19T00:00:00+00:00, run_after=2021-12-20T00:00:00+00:00
[2024-04-22T11:44:37.717+0000] {processor.py:183} INFO - Processing /opt/airflow/dags/dag_with_postgres_operator.py took 2.750 seconds
[2024-04-22T11:44:48.275+0000] {processor.py:161} INFO - Started process (PID=1126) to work on /opt/airflow/dags/dag_with_postgres_operator.py
[2024-04-22T11:44:48.286+0000] {processor.py:830} INFO - Processing file /opt/airflow/dags/dag_with_postgres_operator.py for tasks to queue
[2024-04-22T11:44:48.307+0000] {logging_mixin.py:188} INFO - [2024-04-22T11:44:48.307+0000] {dagbag.py:538} INFO - Filling up the DagBag from /opt/airflow/dags/dag_with_postgres_operator.py
[2024-04-22T11:44:48.519+0000] {processor.py:840} INFO - DAG(s) 'dag_with_postgres_operator_v03' retrieved from /opt/airflow/dags/dag_with_postgres_operator.py
[2024-04-22T11:44:48.604+0000] {logging_mixin.py:188} INFO - [2024-04-22T11:44:48.604+0000] {dag.py:3033} INFO - Sync 1 DAGs
[2024-04-22T11:44:48.689+0000] {logging_mixin.py:188} INFO - [2024-04-22T11:44:48.689+0000] {dag.py:3820} INFO - Setting next_dagrun for dag_with_postgres_operator_v03 to 2021-12-19T00:00:00+00:00, run_after=2021-12-20T00:00:00+00:00
[2024-04-22T11:44:48.815+0000] {processor.py:183} INFO - Processing /opt/airflow/dags/dag_with_postgres_operator.py took 0.547 seconds
[2024-04-22T11:44:59.371+0000] {processor.py:161} INFO - Started process (PID=1166) to work on /opt/airflow/dags/dag_with_postgres_operator.py
[2024-04-22T11:44:59.373+0000] {processor.py:830} INFO - Processing file /opt/airflow/dags/dag_with_postgres_operator.py for tasks to queue
[2024-04-22T11:44:59.376+0000] {logging_mixin.py:188} INFO - [2024-04-22T11:44:59.375+0000] {dagbag.py:538} INFO - Filling up the DagBag from /opt/airflow/dags/dag_with_postgres_operator.py
[2024-04-22T11:44:59.436+0000] {processor.py:840} INFO - DAG(s) 'dag_with_postgres_operator_v03' retrieved from /opt/airflow/dags/dag_with_postgres_operator.py
[2024-04-22T11:44:59.538+0000] {logging_mixin.py:188} INFO - [2024-04-22T11:44:59.537+0000] {dag.py:3033} INFO - Sync 1 DAGs
[2024-04-22T11:44:59.609+0000] {logging_mixin.py:188} INFO - [2024-04-22T11:44:59.608+0000] {dag.py:3820} INFO - Setting next_dagrun for dag_with_postgres_operator_v03 to 2021-12-19T00:00:00+00:00, run_after=2021-12-20T00:00:00+00:00
[2024-04-22T11:44:59.703+0000] {processor.py:183} INFO - Processing /opt/airflow/dags/dag_with_postgres_operator.py took 0.349 seconds
[2024-04-22T11:45:10.522+0000] {processor.py:161} INFO - Started process (PID=1206) to work on /opt/airflow/dags/dag_with_postgres_operator.py
[2024-04-22T11:45:10.524+0000] {processor.py:830} INFO - Processing file /opt/airflow/dags/dag_with_postgres_operator.py for tasks to queue
[2024-04-22T11:45:10.527+0000] {logging_mixin.py:188} INFO - [2024-04-22T11:45:10.526+0000] {dagbag.py:538} INFO - Filling up the DagBag from /opt/airflow/dags/dag_with_postgres_operator.py
[2024-04-22T11:45:10.562+0000] {processor.py:840} INFO - DAG(s) 'dag_with_postgres_operator_v03' retrieved from /opt/airflow/dags/dag_with_postgres_operator.py
[2024-04-22T11:45:10.608+0000] {logging_mixin.py:188} INFO - [2024-04-22T11:45:10.607+0000] {dag.py:3033} INFO - Sync 1 DAGs
[2024-04-22T11:45:10.650+0000] {logging_mixin.py:188} INFO - [2024-04-22T11:45:10.650+0000] {dag.py:3820} INFO - Setting next_dagrun for dag_with_postgres_operator_v03 to 2021-12-19T00:00:00+00:00, run_after=2021-12-20T00:00:00+00:00
[2024-04-22T11:45:10.688+0000] {processor.py:183} INFO - Processing /opt/airflow/dags/dag_with_postgres_operator.py took 0.171 seconds
[2024-04-22T11:45:21.382+0000] {processor.py:161} INFO - Started process (PID=1246) to work on /opt/airflow/dags/dag_with_postgres_operator.py
[2024-04-22T11:45:21.383+0000] {processor.py:830} INFO - Processing file /opt/airflow/dags/dag_with_postgres_operator.py for tasks to queue
[2024-04-22T11:45:21.385+0000] {logging_mixin.py:188} INFO - [2024-04-22T11:45:21.384+0000] {dagbag.py:538} INFO - Filling up the DagBag from /opt/airflow/dags/dag_with_postgres_operator.py
[2024-04-22T11:45:21.419+0000] {processor.py:840} INFO - DAG(s) 'dag_with_postgres_operator_v03' retrieved from /opt/airflow/dags/dag_with_postgres_operator.py
[2024-04-22T11:45:21.469+0000] {logging_mixin.py:188} INFO - [2024-04-22T11:45:21.469+0000] {dag.py:3033} INFO - Sync 1 DAGs
[2024-04-22T11:45:21.517+0000] {logging_mixin.py:188} INFO - [2024-04-22T11:45:21.517+0000] {dag.py:3820} INFO - Setting next_dagrun for dag_with_postgres_operator_v03 to 2021-12-19T00:00:00+00:00, run_after=2021-12-20T00:00:00+00:00
[2024-04-22T11:45:21.560+0000] {processor.py:183} INFO - Processing /opt/airflow/dags/dag_with_postgres_operator.py took 0.183 seconds
[2024-04-22T11:45:32.283+0000] {processor.py:161} INFO - Started process (PID=1286) to work on /opt/airflow/dags/dag_with_postgres_operator.py
[2024-04-22T11:45:32.285+0000] {processor.py:830} INFO - Processing file /opt/airflow/dags/dag_with_postgres_operator.py for tasks to queue
[2024-04-22T11:45:32.293+0000] {logging_mixin.py:188} INFO - [2024-04-22T11:45:32.291+0000] {dagbag.py:538} INFO - Filling up the DagBag from /opt/airflow/dags/dag_with_postgres_operator.py
[2024-04-22T11:45:32.345+0000] {processor.py:840} INFO - DAG(s) 'dag_with_postgres_operator_v03' retrieved from /opt/airflow/dags/dag_with_postgres_operator.py
[2024-04-22T11:45:32.414+0000] {logging_mixin.py:188} INFO - [2024-04-22T11:45:32.413+0000] {dag.py:3033} INFO - Sync 1 DAGs
[2024-04-22T11:45:32.457+0000] {logging_mixin.py:188} INFO - [2024-04-22T11:45:32.456+0000] {dag.py:3820} INFO - Setting next_dagrun for dag_with_postgres_operator_v03 to 2021-12-19T00:00:00+00:00, run_after=2021-12-20T00:00:00+00:00
[2024-04-22T11:45:32.611+0000] {processor.py:183} INFO - Processing /opt/airflow/dags/dag_with_postgres_operator.py took 0.334 seconds
[2024-04-22T11:45:43.032+0000] {processor.py:161} INFO - Started process (PID=1326) to work on /opt/airflow/dags/dag_with_postgres_operator.py
[2024-04-22T11:45:43.034+0000] {processor.py:830} INFO - Processing file /opt/airflow/dags/dag_with_postgres_operator.py for tasks to queue
[2024-04-22T11:45:43.035+0000] {logging_mixin.py:188} INFO - [2024-04-22T11:45:43.035+0000] {dagbag.py:538} INFO - Filling up the DagBag from /opt/airflow/dags/dag_with_postgres_operator.py
[2024-04-22T11:45:43.061+0000] {processor.py:840} INFO - DAG(s) 'dag_with_postgres_operator_v03' retrieved from /opt/airflow/dags/dag_with_postgres_operator.py
[2024-04-22T11:45:43.091+0000] {logging_mixin.py:188} INFO - [2024-04-22T11:45:43.090+0000] {dag.py:3033} INFO - Sync 1 DAGs
[2024-04-22T11:45:43.116+0000] {logging_mixin.py:188} INFO - [2024-04-22T11:45:43.116+0000] {dag.py:3820} INFO - Setting next_dagrun for dag_with_postgres_operator_v03 to 2021-12-19T00:00:00+00:00, run_after=2021-12-20T00:00:00+00:00
[2024-04-22T11:45:43.143+0000] {processor.py:183} INFO - Processing /opt/airflow/dags/dag_with_postgres_operator.py took 0.115 seconds
[2024-04-22T11:45:53.579+0000] {processor.py:161} INFO - Started process (PID=1366) to work on /opt/airflow/dags/dag_with_postgres_operator.py
[2024-04-22T11:45:53.581+0000] {processor.py:830} INFO - Processing file /opt/airflow/dags/dag_with_postgres_operator.py for tasks to queue
[2024-04-22T11:45:53.583+0000] {logging_mixin.py:188} INFO - [2024-04-22T11:45:53.582+0000] {dagbag.py:538} INFO - Filling up the DagBag from /opt/airflow/dags/dag_with_postgres_operator.py
[2024-04-22T11:45:53.612+0000] {processor.py:840} INFO - DAG(s) 'dag_with_postgres_operator_v03' retrieved from /opt/airflow/dags/dag_with_postgres_operator.py
[2024-04-22T11:45:53.654+0000] {logging_mixin.py:188} INFO - [2024-04-22T11:45:53.653+0000] {dag.py:3033} INFO - Sync 1 DAGs
[2024-04-22T11:45:53.683+0000] {logging_mixin.py:188} INFO - [2024-04-22T11:45:53.682+0000] {dag.py:3820} INFO - Setting next_dagrun for dag_with_postgres_operator_v03 to 2021-12-19T00:00:00+00:00, run_after=2021-12-20T00:00:00+00:00
[2024-04-22T11:45:53.715+0000] {processor.py:183} INFO - Processing /opt/airflow/dags/dag_with_postgres_operator.py took 0.140 seconds
[2024-04-22T11:46:04.663+0000] {processor.py:161} INFO - Started process (PID=1406) to work on /opt/airflow/dags/dag_with_postgres_operator.py
[2024-04-22T11:46:04.664+0000] {processor.py:830} INFO - Processing file /opt/airflow/dags/dag_with_postgres_operator.py for tasks to queue
[2024-04-22T11:46:04.666+0000] {logging_mixin.py:188} INFO - [2024-04-22T11:46:04.666+0000] {dagbag.py:538} INFO - Filling up the DagBag from /opt/airflow/dags/dag_with_postgres_operator.py
[2024-04-22T11:46:04.695+0000] {processor.py:840} INFO - DAG(s) 'dag_with_postgres_operator_v03' retrieved from /opt/airflow/dags/dag_with_postgres_operator.py
[2024-04-22T11:46:04.733+0000] {logging_mixin.py:188} INFO - [2024-04-22T11:46:04.733+0000] {dag.py:3033} INFO - Sync 1 DAGs
[2024-04-22T11:46:04.768+0000] {logging_mixin.py:188} INFO - [2024-04-22T11:46:04.768+0000] {dag.py:3820} INFO - Setting next_dagrun for dag_with_postgres_operator_v03 to 2021-12-19T00:00:00+00:00, run_after=2021-12-20T00:00:00+00:00
[2024-04-22T11:46:04.797+0000] {processor.py:183} INFO - Processing /opt/airflow/dags/dag_with_postgres_operator.py took 0.138 seconds
[2024-04-22T11:46:15.459+0000] {processor.py:161} INFO - Started process (PID=1446) to work on /opt/airflow/dags/dag_with_postgres_operator.py
[2024-04-22T11:46:15.463+0000] {processor.py:830} INFO - Processing file /opt/airflow/dags/dag_with_postgres_operator.py for tasks to queue
[2024-04-22T11:46:15.465+0000] {logging_mixin.py:188} INFO - [2024-04-22T11:46:15.464+0000] {dagbag.py:538} INFO - Filling up the DagBag from /opt/airflow/dags/dag_with_postgres_operator.py
[2024-04-22T11:46:15.529+0000] {processor.py:840} INFO - DAG(s) 'dag_with_postgres_operator_v03' retrieved from /opt/airflow/dags/dag_with_postgres_operator.py
[2024-04-22T11:46:15.632+0000] {logging_mixin.py:188} INFO - [2024-04-22T11:46:15.631+0000] {dag.py:3033} INFO - Sync 1 DAGs
[2024-04-22T11:46:15.714+0000] {logging_mixin.py:188} INFO - [2024-04-22T11:46:15.714+0000] {dag.py:3820} INFO - Setting next_dagrun for dag_with_postgres_operator_v03 to 2021-12-19T00:00:00+00:00, run_after=2021-12-20T00:00:00+00:00
[2024-04-22T11:46:17.385+0000] {processor.py:183} INFO - Processing /opt/airflow/dags/dag_with_postgres_operator.py took 1.938 seconds
[2024-04-22T11:46:28.164+0000] {processor.py:161} INFO - Started process (PID=1486) to work on /opt/airflow/dags/dag_with_postgres_operator.py
[2024-04-22T11:46:28.167+0000] {processor.py:830} INFO - Processing file /opt/airflow/dags/dag_with_postgres_operator.py for tasks to queue
[2024-04-22T11:46:28.169+0000] {logging_mixin.py:188} INFO - [2024-04-22T11:46:28.168+0000] {dagbag.py:538} INFO - Filling up the DagBag from /opt/airflow/dags/dag_with_postgres_operator.py
[2024-04-22T11:46:28.233+0000] {processor.py:840} INFO - DAG(s) 'dag_with_postgres_operator_v03' retrieved from /opt/airflow/dags/dag_with_postgres_operator.py
[2024-04-22T11:46:28.318+0000] {logging_mixin.py:188} INFO - [2024-04-22T11:46:28.317+0000] {dag.py:3033} INFO - Sync 1 DAGs
[2024-04-22T11:46:28.385+0000] {logging_mixin.py:188} INFO - [2024-04-22T11:46:28.385+0000] {dag.py:3820} INFO - Setting next_dagrun for dag_with_postgres_operator_v03 to 2021-12-19T00:00:00+00:00, run_after=2021-12-20T00:00:00+00:00
[2024-04-22T11:46:28.458+0000] {processor.py:183} INFO - Processing /opt/airflow/dags/dag_with_postgres_operator.py took 0.306 seconds
[2024-04-22T11:46:38.607+0000] {processor.py:161} INFO - Started process (PID=1526) to work on /opt/airflow/dags/dag_with_postgres_operator.py
[2024-04-22T11:46:38.610+0000] {processor.py:830} INFO - Processing file /opt/airflow/dags/dag_with_postgres_operator.py for tasks to queue
[2024-04-22T11:46:38.613+0000] {logging_mixin.py:188} INFO - [2024-04-22T11:46:38.611+0000] {dagbag.py:538} INFO - Filling up the DagBag from /opt/airflow/dags/dag_with_postgres_operator.py
[2024-04-22T11:46:38.687+0000] {processor.py:840} INFO - DAG(s) 'dag_with_postgres_operator_v03' retrieved from /opt/airflow/dags/dag_with_postgres_operator.py
[2024-04-22T11:46:38.787+0000] {logging_mixin.py:188} INFO - [2024-04-22T11:46:38.787+0000] {dag.py:3033} INFO - Sync 1 DAGs
[2024-04-22T11:46:38.878+0000] {logging_mixin.py:188} INFO - [2024-04-22T11:46:38.877+0000] {dag.py:3820} INFO - Setting next_dagrun for dag_with_postgres_operator_v03 to 2021-12-19T00:00:00+00:00, run_after=2021-12-20T00:00:00+00:00
[2024-04-22T11:46:38.959+0000] {processor.py:183} INFO - Processing /opt/airflow/dags/dag_with_postgres_operator.py took 0.361 seconds
[2024-04-22T11:46:49.680+0000] {processor.py:161} INFO - Started process (PID=1566) to work on /opt/airflow/dags/dag_with_postgres_operator.py
[2024-04-22T11:46:49.682+0000] {processor.py:830} INFO - Processing file /opt/airflow/dags/dag_with_postgres_operator.py for tasks to queue
[2024-04-22T11:46:49.700+0000] {logging_mixin.py:188} INFO - [2024-04-22T11:46:49.699+0000] {dagbag.py:538} INFO - Filling up the DagBag from /opt/airflow/dags/dag_with_postgres_operator.py
[2024-04-22T11:46:49.717+0000] {processor.py:840} INFO - DAG(s) 'dag_with_postgres_operator_v03' retrieved from /opt/airflow/dags/dag_with_postgres_operator.py
[2024-04-22T11:46:49.742+0000] {logging_mixin.py:188} INFO - [2024-04-22T11:46:49.742+0000] {dag.py:3033} INFO - Sync 1 DAGs
[2024-04-22T11:46:49.764+0000] {logging_mixin.py:188} INFO - [2024-04-22T11:46:49.764+0000] {dag.py:3820} INFO - Setting next_dagrun for dag_with_postgres_operator_v03 to 2021-12-19T00:00:00+00:00, run_after=2021-12-20T00:00:00+00:00
[2024-04-22T11:46:49.818+0000] {processor.py:183} INFO - Processing /opt/airflow/dags/dag_with_postgres_operator.py took 0.143 seconds
[2024-04-22T11:47:00.468+0000] {processor.py:161} INFO - Started process (PID=1606) to work on /opt/airflow/dags/dag_with_postgres_operator.py
[2024-04-22T11:47:00.469+0000] {processor.py:830} INFO - Processing file /opt/airflow/dags/dag_with_postgres_operator.py for tasks to queue
[2024-04-22T11:47:00.470+0000] {logging_mixin.py:188} INFO - [2024-04-22T11:47:00.470+0000] {dagbag.py:538} INFO - Filling up the DagBag from /opt/airflow/dags/dag_with_postgres_operator.py
[2024-04-22T11:47:00.498+0000] {processor.py:840} INFO - DAG(s) 'dag_with_postgres_operator_v03' retrieved from /opt/airflow/dags/dag_with_postgres_operator.py
[2024-04-22T11:47:00.531+0000] {logging_mixin.py:188} INFO - [2024-04-22T11:47:00.530+0000] {dag.py:3033} INFO - Sync 1 DAGs
[2024-04-22T11:47:00.556+0000] {logging_mixin.py:188} INFO - [2024-04-22T11:47:00.556+0000] {dag.py:3820} INFO - Setting next_dagrun for dag_with_postgres_operator_v03 to 2021-12-19T00:00:00+00:00, run_after=2021-12-20T00:00:00+00:00
[2024-04-22T11:47:00.596+0000] {processor.py:183} INFO - Processing /opt/airflow/dags/dag_with_postgres_operator.py took 0.134 seconds
[2024-04-22T11:47:11.114+0000] {processor.py:161} INFO - Started process (PID=1646) to work on /opt/airflow/dags/dag_with_postgres_operator.py
[2024-04-22T11:47:11.116+0000] {processor.py:830} INFO - Processing file /opt/airflow/dags/dag_with_postgres_operator.py for tasks to queue
[2024-04-22T11:47:11.118+0000] {logging_mixin.py:188} INFO - [2024-04-22T11:47:11.117+0000] {dagbag.py:538} INFO - Filling up the DagBag from /opt/airflow/dags/dag_with_postgres_operator.py
[2024-04-22T11:47:11.162+0000] {processor.py:840} INFO - DAG(s) 'dag_with_postgres_operator_v03' retrieved from /opt/airflow/dags/dag_with_postgres_operator.py
[2024-04-22T11:47:11.217+0000] {logging_mixin.py:188} INFO - [2024-04-22T11:47:11.217+0000] {dag.py:3033} INFO - Sync 1 DAGs
[2024-04-22T11:47:11.270+0000] {logging_mixin.py:188} INFO - [2024-04-22T11:47:11.269+0000] {dag.py:3820} INFO - Setting next_dagrun for dag_with_postgres_operator_v03 to 2021-12-19T00:00:00+00:00, run_after=2021-12-20T00:00:00+00:00
[2024-04-22T11:47:11.317+0000] {processor.py:183} INFO - Processing /opt/airflow/dags/dag_with_postgres_operator.py took 0.212 seconds
[2024-04-22T11:47:22.235+0000] {processor.py:161} INFO - Started process (PID=1686) to work on /opt/airflow/dags/dag_with_postgres_operator.py
[2024-04-22T11:47:22.238+0000] {processor.py:830} INFO - Processing file /opt/airflow/dags/dag_with_postgres_operator.py for tasks to queue
[2024-04-22T11:47:22.243+0000] {logging_mixin.py:188} INFO - [2024-04-22T11:47:22.240+0000] {dagbag.py:538} INFO - Filling up the DagBag from /opt/airflow/dags/dag_with_postgres_operator.py
[2024-04-22T11:47:22.299+0000] {processor.py:840} INFO - DAG(s) 'dag_with_postgres_operator_v03' retrieved from /opt/airflow/dags/dag_with_postgres_operator.py
[2024-04-22T11:47:22.381+0000] {logging_mixin.py:188} INFO - [2024-04-22T11:47:22.381+0000] {dag.py:3033} INFO - Sync 1 DAGs
[2024-04-22T11:47:22.460+0000] {logging_mixin.py:188} INFO - [2024-04-22T11:47:22.459+0000] {dag.py:3820} INFO - Setting next_dagrun for dag_with_postgres_operator_v03 to 2021-12-19T00:00:00+00:00, run_after=2021-12-20T00:00:00+00:00
[2024-04-22T11:47:22.541+0000] {processor.py:183} INFO - Processing /opt/airflow/dags/dag_with_postgres_operator.py took 0.315 seconds
[2024-04-22T11:47:33.147+0000] {processor.py:161} INFO - Started process (PID=1726) to work on /opt/airflow/dags/dag_with_postgres_operator.py
[2024-04-22T11:47:33.171+0000] {processor.py:830} INFO - Processing file /opt/airflow/dags/dag_with_postgres_operator.py for tasks to queue
[2024-04-22T11:47:33.180+0000] {logging_mixin.py:188} INFO - [2024-04-22T11:47:33.179+0000] {dagbag.py:538} INFO - Filling up the DagBag from /opt/airflow/dags/dag_with_postgres_operator.py
[2024-04-22T11:47:33.271+0000] {processor.py:840} INFO - DAG(s) 'dag_with_postgres_operator_v03' retrieved from /opt/airflow/dags/dag_with_postgres_operator.py
[2024-04-22T11:47:33.358+0000] {logging_mixin.py:188} INFO - [2024-04-22T11:47:33.358+0000] {dag.py:3033} INFO - Sync 1 DAGs
[2024-04-22T11:47:33.428+0000] {logging_mixin.py:188} INFO - [2024-04-22T11:47:33.428+0000] {dag.py:3820} INFO - Setting next_dagrun for dag_with_postgres_operator_v03 to 2021-12-19T00:00:00+00:00, run_after=2021-12-20T00:00:00+00:00
[2024-04-22T11:47:33.497+0000] {processor.py:183} INFO - Processing /opt/airflow/dags/dag_with_postgres_operator.py took 0.367 seconds
[2024-04-22T11:47:44.323+0000] {processor.py:161} INFO - Started process (PID=1771) to work on /opt/airflow/dags/dag_with_postgres_operator.py
[2024-04-22T11:47:44.328+0000] {processor.py:830} INFO - Processing file /opt/airflow/dags/dag_with_postgres_operator.py for tasks to queue
[2024-04-22T11:47:44.334+0000] {logging_mixin.py:188} INFO - [2024-04-22T11:47:44.333+0000] {dagbag.py:538} INFO - Filling up the DagBag from /opt/airflow/dags/dag_with_postgres_operator.py
[2024-04-22T11:47:44.405+0000] {processor.py:840} INFO - DAG(s) 'dag_with_postgres_operator_v03' retrieved from /opt/airflow/dags/dag_with_postgres_operator.py
[2024-04-22T11:47:44.494+0000] {logging_mixin.py:188} INFO - [2024-04-22T11:47:44.493+0000] {dag.py:3033} INFO - Sync 1 DAGs
[2024-04-22T11:47:44.571+0000] {logging_mixin.py:188} INFO - [2024-04-22T11:47:44.571+0000] {dag.py:3820} INFO - Setting next_dagrun for dag_with_postgres_operator_v03 to 2021-12-19T00:00:00+00:00, run_after=2021-12-20T00:00:00+00:00
[2024-04-22T11:47:44.669+0000] {processor.py:183} INFO - Processing /opt/airflow/dags/dag_with_postgres_operator.py took 0.354 seconds
[2024-04-22T11:47:54.897+0000] {processor.py:161} INFO - Started process (PID=1835) to work on /opt/airflow/dags/dag_with_postgres_operator.py
[2024-04-22T11:47:54.900+0000] {processor.py:830} INFO - Processing file /opt/airflow/dags/dag_with_postgres_operator.py for tasks to queue
[2024-04-22T11:47:54.902+0000] {logging_mixin.py:188} INFO - [2024-04-22T11:47:54.901+0000] {dagbag.py:538} INFO - Filling up the DagBag from /opt/airflow/dags/dag_with_postgres_operator.py
[2024-04-22T11:47:55.009+0000] {processor.py:840} INFO - DAG(s) 'dag_with_postgres_operator_v03' retrieved from /opt/airflow/dags/dag_with_postgres_operator.py
[2024-04-22T11:47:55.144+0000] {logging_mixin.py:188} INFO - [2024-04-22T11:47:55.140+0000] {dag.py:3033} INFO - Sync 1 DAGs
[2024-04-22T11:47:55.271+0000] {logging_mixin.py:188} INFO - [2024-04-22T11:47:55.262+0000] {dag.py:3820} INFO - Setting next_dagrun for dag_with_postgres_operator_v03 to 2021-12-19T00:00:00+00:00, run_after=2021-12-20T00:00:00+00:00
[2024-04-22T11:47:55.406+0000] {processor.py:183} INFO - Processing /opt/airflow/dags/dag_with_postgres_operator.py took 0.524 seconds
[2024-04-22T11:48:30.609+0000] {processor.py:161} INFO - Started process (PID=188) to work on /opt/airflow/dags/dag_with_postgres_operator.py
[2024-04-22T11:48:30.611+0000] {processor.py:830} INFO - Processing file /opt/airflow/dags/dag_with_postgres_operator.py for tasks to queue
[2024-04-22T11:48:30.612+0000] {logging_mixin.py:188} INFO - [2024-04-22T11:48:30.612+0000] {dagbag.py:538} INFO - Filling up the DagBag from /opt/airflow/dags/dag_with_postgres_operator.py
[2024-04-22T11:48:30.662+0000] {processor.py:840} INFO - DAG(s) 'dag_with_postgres_operator_v03' retrieved from /opt/airflow/dags/dag_with_postgres_operator.py
[2024-04-22T11:48:30.682+0000] {logging_mixin.py:188} INFO - [2024-04-22T11:48:30.682+0000] {dag.py:3033} INFO - Sync 1 DAGs
[2024-04-22T11:48:30.733+0000] {logging_mixin.py:188} INFO - [2024-04-22T11:48:30.733+0000] {dag.py:3820} INFO - Setting next_dagrun for dag_with_postgres_operator_v03 to 2021-12-19T00:00:00+00:00, run_after=2021-12-20T00:00:00+00:00
[2024-04-22T11:48:30.773+0000] {processor.py:183} INFO - Processing /opt/airflow/dags/dag_with_postgres_operator.py took 0.170 seconds
[2024-04-22T11:48:42.474+0000] {processor.py:161} INFO - Started process (PID=235) to work on /opt/airflow/dags/dag_with_postgres_operator.py
[2024-04-22T11:48:42.476+0000] {processor.py:830} INFO - Processing file /opt/airflow/dags/dag_with_postgres_operator.py for tasks to queue
[2024-04-22T11:48:42.478+0000] {logging_mixin.py:188} INFO - [2024-04-22T11:48:42.477+0000] {dagbag.py:538} INFO - Filling up the DagBag from /opt/airflow/dags/dag_with_postgres_operator.py
[2024-04-22T11:48:42.509+0000] {processor.py:840} INFO - DAG(s) 'dag_with_postgres_operator_v03' retrieved from /opt/airflow/dags/dag_with_postgres_operator.py
[2024-04-22T11:48:42.525+0000] {logging_mixin.py:188} INFO - [2024-04-22T11:48:42.525+0000] {dag.py:3033} INFO - Sync 1 DAGs
[2024-04-22T11:48:42.563+0000] {logging_mixin.py:188} INFO - [2024-04-22T11:48:42.562+0000] {dag.py:3820} INFO - Setting next_dagrun for dag_with_postgres_operator_v03 to 2021-12-19T00:00:00+00:00, run_after=2021-12-20T00:00:00+00:00
[2024-04-22T11:48:42.591+0000] {processor.py:183} INFO - Processing /opt/airflow/dags/dag_with_postgres_operator.py took 0.122 seconds
[2024-04-22T11:48:53.376+0000] {processor.py:161} INFO - Started process (PID=280) to work on /opt/airflow/dags/dag_with_postgres_operator.py
[2024-04-22T11:48:53.378+0000] {processor.py:830} INFO - Processing file /opt/airflow/dags/dag_with_postgres_operator.py for tasks to queue
[2024-04-22T11:48:53.379+0000] {logging_mixin.py:188} INFO - [2024-04-22T11:48:53.379+0000] {dagbag.py:538} INFO - Filling up the DagBag from /opt/airflow/dags/dag_with_postgres_operator.py
[2024-04-22T11:48:53.398+0000] {processor.py:840} INFO - DAG(s) 'dag_with_postgres_operator_v03' retrieved from /opt/airflow/dags/dag_with_postgres_operator.py
[2024-04-22T11:48:53.409+0000] {logging_mixin.py:188} INFO - [2024-04-22T11:48:53.409+0000] {dag.py:3033} INFO - Sync 1 DAGs
[2024-04-22T11:48:53.434+0000] {logging_mixin.py:188} INFO - [2024-04-22T11:48:53.434+0000] {dag.py:3820} INFO - Setting next_dagrun for dag_with_postgres_operator_v03 to 2021-12-19T00:00:00+00:00, run_after=2021-12-20T00:00:00+00:00
[2024-04-22T11:48:53.457+0000] {processor.py:183} INFO - Processing /opt/airflow/dags/dag_with_postgres_operator.py took 0.085 seconds
[2024-04-22T11:49:03.524+0000] {processor.py:161} INFO - Started process (PID=325) to work on /opt/airflow/dags/dag_with_postgres_operator.py
[2024-04-22T11:49:03.525+0000] {processor.py:830} INFO - Processing file /opt/airflow/dags/dag_with_postgres_operator.py for tasks to queue
[2024-04-22T11:49:03.526+0000] {logging_mixin.py:188} INFO - [2024-04-22T11:49:03.526+0000] {dagbag.py:538} INFO - Filling up the DagBag from /opt/airflow/dags/dag_with_postgres_operator.py
[2024-04-22T11:49:03.546+0000] {processor.py:840} INFO - DAG(s) 'dag_with_postgres_operator_v03' retrieved from /opt/airflow/dags/dag_with_postgres_operator.py
[2024-04-22T11:49:03.649+0000] {logging_mixin.py:188} INFO - [2024-04-22T11:49:03.648+0000] {dag.py:3033} INFO - Sync 1 DAGs
[2024-04-22T11:49:03.668+0000] {logging_mixin.py:188} INFO - [2024-04-22T11:49:03.668+0000] {dag.py:3820} INFO - Setting next_dagrun for dag_with_postgres_operator_v03 to 2021-12-19T00:00:00+00:00, run_after=2021-12-20T00:00:00+00:00
[2024-04-22T11:49:03.693+0000] {processor.py:183} INFO - Processing /opt/airflow/dags/dag_with_postgres_operator.py took 0.173 seconds
[2024-04-22T11:49:14.415+0000] {processor.py:161} INFO - Started process (PID=368) to work on /opt/airflow/dags/dag_with_postgres_operator.py
[2024-04-22T11:49:14.416+0000] {processor.py:830} INFO - Processing file /opt/airflow/dags/dag_with_postgres_operator.py for tasks to queue
[2024-04-22T11:49:14.417+0000] {logging_mixin.py:188} INFO - [2024-04-22T11:49:14.417+0000] {dagbag.py:538} INFO - Filling up the DagBag from /opt/airflow/dags/dag_with_postgres_operator.py
[2024-04-22T11:49:14.434+0000] {processor.py:840} INFO - DAG(s) 'dag_with_postgres_operator_v03' retrieved from /opt/airflow/dags/dag_with_postgres_operator.py
[2024-04-22T11:49:14.446+0000] {logging_mixin.py:188} INFO - [2024-04-22T11:49:14.446+0000] {dag.py:3033} INFO - Sync 1 DAGs
[2024-04-22T11:49:14.468+0000] {logging_mixin.py:188} INFO - [2024-04-22T11:49:14.468+0000] {dag.py:3820} INFO - Setting next_dagrun for dag_with_postgres_operator_v03 to 2021-12-19T00:00:00+00:00, run_after=2021-12-20T00:00:00+00:00
[2024-04-22T11:49:14.494+0000] {processor.py:183} INFO - Processing /opt/airflow/dags/dag_with_postgres_operator.py took 0.082 seconds
[2024-04-22T11:49:25.062+0000] {processor.py:161} INFO - Started process (PID=413) to work on /opt/airflow/dags/dag_with_postgres_operator.py
[2024-04-22T11:49:25.063+0000] {processor.py:830} INFO - Processing file /opt/airflow/dags/dag_with_postgres_operator.py for tasks to queue
[2024-04-22T11:49:25.064+0000] {logging_mixin.py:188} INFO - [2024-04-22T11:49:25.064+0000] {dagbag.py:538} INFO - Filling up the DagBag from /opt/airflow/dags/dag_with_postgres_operator.py
[2024-04-22T11:49:25.084+0000] {processor.py:840} INFO - DAG(s) 'dag_with_postgres_operator_v03' retrieved from /opt/airflow/dags/dag_with_postgres_operator.py
[2024-04-22T11:49:25.096+0000] {logging_mixin.py:188} INFO - [2024-04-22T11:49:25.096+0000] {dag.py:3033} INFO - Sync 1 DAGs
[2024-04-22T11:49:25.121+0000] {logging_mixin.py:188} INFO - [2024-04-22T11:49:25.121+0000] {dag.py:3820} INFO - Setting next_dagrun for dag_with_postgres_operator_v03 to 2021-12-19T00:00:00+00:00, run_after=2021-12-20T00:00:00+00:00
[2024-04-22T11:49:25.147+0000] {processor.py:183} INFO - Processing /opt/airflow/dags/dag_with_postgres_operator.py took 0.088 seconds
[2024-04-22T11:49:35.784+0000] {processor.py:161} INFO - Started process (PID=458) to work on /opt/airflow/dags/dag_with_postgres_operator.py
[2024-04-22T11:49:35.786+0000] {processor.py:830} INFO - Processing file /opt/airflow/dags/dag_with_postgres_operator.py for tasks to queue
[2024-04-22T11:49:35.787+0000] {logging_mixin.py:188} INFO - [2024-04-22T11:49:35.786+0000] {dagbag.py:538} INFO - Filling up the DagBag from /opt/airflow/dags/dag_with_postgres_operator.py
[2024-04-22T11:49:35.805+0000] {processor.py:840} INFO - DAG(s) 'dag_with_postgres_operator_v03' retrieved from /opt/airflow/dags/dag_with_postgres_operator.py
[2024-04-22T11:49:35.827+0000] {logging_mixin.py:188} INFO - [2024-04-22T11:49:35.827+0000] {dag.py:3033} INFO - Sync 1 DAGs
[2024-04-22T11:49:35.850+0000] {logging_mixin.py:188} INFO - [2024-04-22T11:49:35.850+0000] {dag.py:3820} INFO - Setting next_dagrun for dag_with_postgres_operator_v03 to 2021-12-19T00:00:00+00:00, run_after=2021-12-20T00:00:00+00:00
[2024-04-22T11:49:35.873+0000] {processor.py:183} INFO - Processing /opt/airflow/dags/dag_with_postgres_operator.py took 0.092 seconds
[2024-04-22T11:49:46.495+0000] {processor.py:161} INFO - Started process (PID=503) to work on /opt/airflow/dags/dag_with_postgres_operator.py
[2024-04-22T11:49:46.497+0000] {processor.py:830} INFO - Processing file /opt/airflow/dags/dag_with_postgres_operator.py for tasks to queue
[2024-04-22T11:49:46.498+0000] {logging_mixin.py:188} INFO - [2024-04-22T11:49:46.498+0000] {dagbag.py:538} INFO - Filling up the DagBag from /opt/airflow/dags/dag_with_postgres_operator.py
[2024-04-22T11:49:46.522+0000] {processor.py:840} INFO - DAG(s) 'dag_with_postgres_operator_v03' retrieved from /opt/airflow/dags/dag_with_postgres_operator.py
[2024-04-22T11:49:46.550+0000] {logging_mixin.py:188} INFO - [2024-04-22T11:49:46.550+0000] {dag.py:3033} INFO - Sync 1 DAGs
[2024-04-22T11:49:46.575+0000] {logging_mixin.py:188} INFO - [2024-04-22T11:49:46.574+0000] {dag.py:3820} INFO - Setting next_dagrun for dag_with_postgres_operator_v03 to 2021-12-19T00:00:00+00:00, run_after=2021-12-20T00:00:00+00:00
[2024-04-22T11:49:46.603+0000] {processor.py:183} INFO - Processing /opt/airflow/dags/dag_with_postgres_operator.py took 0.113 seconds
[2024-04-22T11:49:57.176+0000] {processor.py:161} INFO - Started process (PID=548) to work on /opt/airflow/dags/dag_with_postgres_operator.py
[2024-04-22T11:49:57.177+0000] {processor.py:830} INFO - Processing file /opt/airflow/dags/dag_with_postgres_operator.py for tasks to queue
[2024-04-22T11:49:57.178+0000] {logging_mixin.py:188} INFO - [2024-04-22T11:49:57.177+0000] {dagbag.py:538} INFO - Filling up the DagBag from /opt/airflow/dags/dag_with_postgres_operator.py
[2024-04-22T11:49:57.197+0000] {processor.py:840} INFO - DAG(s) 'dag_with_postgres_operator_v03' retrieved from /opt/airflow/dags/dag_with_postgres_operator.py
[2024-04-22T11:49:57.222+0000] {logging_mixin.py:188} INFO - [2024-04-22T11:49:57.222+0000] {dag.py:3033} INFO - Sync 1 DAGs
[2024-04-22T11:49:57.245+0000] {logging_mixin.py:188} INFO - [2024-04-22T11:49:57.245+0000] {dag.py:3820} INFO - Setting next_dagrun for dag_with_postgres_operator_v03 to 2021-12-19T00:00:00+00:00, run_after=2021-12-20T00:00:00+00:00
[2024-04-22T11:49:57.270+0000] {processor.py:183} INFO - Processing /opt/airflow/dags/dag_with_postgres_operator.py took 0.097 seconds
[2024-04-22T11:50:07.883+0000] {processor.py:161} INFO - Started process (PID=593) to work on /opt/airflow/dags/dag_with_postgres_operator.py
[2024-04-22T11:50:07.885+0000] {processor.py:830} INFO - Processing file /opt/airflow/dags/dag_with_postgres_operator.py for tasks to queue
[2024-04-22T11:50:07.885+0000] {logging_mixin.py:188} INFO - [2024-04-22T11:50:07.885+0000] {dagbag.py:538} INFO - Filling up the DagBag from /opt/airflow/dags/dag_with_postgres_operator.py
[2024-04-22T11:50:07.906+0000] {processor.py:840} INFO - DAG(s) 'dag_with_postgres_operator_v03' retrieved from /opt/airflow/dags/dag_with_postgres_operator.py
[2024-04-22T11:50:07.930+0000] {logging_mixin.py:188} INFO - [2024-04-22T11:50:07.929+0000] {dag.py:3033} INFO - Sync 1 DAGs
[2024-04-22T11:50:07.952+0000] {logging_mixin.py:188} INFO - [2024-04-22T11:50:07.952+0000] {dag.py:3820} INFO - Setting next_dagrun for dag_with_postgres_operator_v03 to 2021-12-19T00:00:00+00:00, run_after=2021-12-20T00:00:00+00:00
[2024-04-22T11:50:07.975+0000] {processor.py:183} INFO - Processing /opt/airflow/dags/dag_with_postgres_operator.py took 0.095 seconds
[2024-04-22T11:50:18.619+0000] {processor.py:161} INFO - Started process (PID=638) to work on /opt/airflow/dags/dag_with_postgres_operator.py
[2024-04-22T11:50:18.620+0000] {processor.py:830} INFO - Processing file /opt/airflow/dags/dag_with_postgres_operator.py for tasks to queue
[2024-04-22T11:50:18.621+0000] {logging_mixin.py:188} INFO - [2024-04-22T11:50:18.621+0000] {dagbag.py:538} INFO - Filling up the DagBag from /opt/airflow/dags/dag_with_postgres_operator.py
[2024-04-22T11:50:18.640+0000] {processor.py:840} INFO - DAG(s) 'dag_with_postgres_operator_v03' retrieved from /opt/airflow/dags/dag_with_postgres_operator.py
[2024-04-22T11:50:18.664+0000] {logging_mixin.py:188} INFO - [2024-04-22T11:50:18.664+0000] {dag.py:3033} INFO - Sync 1 DAGs
[2024-04-22T11:50:18.686+0000] {logging_mixin.py:188} INFO - [2024-04-22T11:50:18.686+0000] {dag.py:3820} INFO - Setting next_dagrun for dag_with_postgres_operator_v03 to 2021-12-19T00:00:00+00:00, run_after=2021-12-20T00:00:00+00:00
[2024-04-22T11:50:18.713+0000] {processor.py:183} INFO - Processing /opt/airflow/dags/dag_with_postgres_operator.py took 0.097 seconds
[2024-04-22T11:50:29.339+0000] {processor.py:161} INFO - Started process (PID=683) to work on /opt/airflow/dags/dag_with_postgres_operator.py
[2024-04-22T11:50:29.341+0000] {processor.py:830} INFO - Processing file /opt/airflow/dags/dag_with_postgres_operator.py for tasks to queue
[2024-04-22T11:50:29.342+0000] {logging_mixin.py:188} INFO - [2024-04-22T11:50:29.341+0000] {dagbag.py:538} INFO - Filling up the DagBag from /opt/airflow/dags/dag_with_postgres_operator.py
[2024-04-22T11:50:29.360+0000] {processor.py:840} INFO - DAG(s) 'dag_with_postgres_operator_v03' retrieved from /opt/airflow/dags/dag_with_postgres_operator.py
[2024-04-22T11:50:29.392+0000] {logging_mixin.py:188} INFO - [2024-04-22T11:50:29.391+0000] {dag.py:3033} INFO - Sync 1 DAGs
[2024-04-22T11:50:29.416+0000] {logging_mixin.py:188} INFO - [2024-04-22T11:50:29.416+0000] {dag.py:3820} INFO - Setting next_dagrun for dag_with_postgres_operator_v03 to 2021-12-19T00:00:00+00:00, run_after=2021-12-20T00:00:00+00:00
[2024-04-22T11:50:29.440+0000] {processor.py:183} INFO - Processing /opt/airflow/dags/dag_with_postgres_operator.py took 0.104 seconds
[2024-04-22T11:50:40.062+0000] {processor.py:161} INFO - Started process (PID=728) to work on /opt/airflow/dags/dag_with_postgres_operator.py
[2024-04-22T11:50:40.063+0000] {processor.py:830} INFO - Processing file /opt/airflow/dags/dag_with_postgres_operator.py for tasks to queue
[2024-04-22T11:50:40.064+0000] {logging_mixin.py:188} INFO - [2024-04-22T11:50:40.064+0000] {dagbag.py:538} INFO - Filling up the DagBag from /opt/airflow/dags/dag_with_postgres_operator.py
[2024-04-22T11:50:40.083+0000] {processor.py:840} INFO - DAG(s) 'dag_with_postgres_operator_v03' retrieved from /opt/airflow/dags/dag_with_postgres_operator.py
[2024-04-22T11:50:40.106+0000] {logging_mixin.py:188} INFO - [2024-04-22T11:50:40.106+0000] {dag.py:3033} INFO - Sync 1 DAGs
[2024-04-22T11:50:40.129+0000] {logging_mixin.py:188} INFO - [2024-04-22T11:50:40.129+0000] {dag.py:3820} INFO - Setting next_dagrun for dag_with_postgres_operator_v03 to 2021-12-19T00:00:00+00:00, run_after=2021-12-20T00:00:00+00:00
[2024-04-22T11:50:40.154+0000] {processor.py:183} INFO - Processing /opt/airflow/dags/dag_with_postgres_operator.py took 0.095 seconds
[2024-04-22T11:50:50.735+0000] {processor.py:161} INFO - Started process (PID=773) to work on /opt/airflow/dags/dag_with_postgres_operator.py
[2024-04-22T11:50:50.736+0000] {processor.py:830} INFO - Processing file /opt/airflow/dags/dag_with_postgres_operator.py for tasks to queue
[2024-04-22T11:50:50.737+0000] {logging_mixin.py:188} INFO - [2024-04-22T11:50:50.737+0000] {dagbag.py:538} INFO - Filling up the DagBag from /opt/airflow/dags/dag_with_postgres_operator.py
[2024-04-22T11:50:50.756+0000] {processor.py:840} INFO - DAG(s) 'dag_with_postgres_operator_v03' retrieved from /opt/airflow/dags/dag_with_postgres_operator.py
[2024-04-22T11:50:50.777+0000] {logging_mixin.py:188} INFO - [2024-04-22T11:50:50.776+0000] {dag.py:3033} INFO - Sync 1 DAGs
[2024-04-22T11:50:50.798+0000] {logging_mixin.py:188} INFO - [2024-04-22T11:50:50.797+0000] {dag.py:3820} INFO - Setting next_dagrun for dag_with_postgres_operator_v03 to 2021-12-19T00:00:00+00:00, run_after=2021-12-20T00:00:00+00:00
[2024-04-22T11:50:50.820+0000] {processor.py:183} INFO - Processing /opt/airflow/dags/dag_with_postgres_operator.py took 0.089 seconds
[2024-04-22T11:51:01.429+0000] {processor.py:161} INFO - Started process (PID=818) to work on /opt/airflow/dags/dag_with_postgres_operator.py
[2024-04-22T11:51:01.430+0000] {processor.py:830} INFO - Processing file /opt/airflow/dags/dag_with_postgres_operator.py for tasks to queue
[2024-04-22T11:51:01.431+0000] {logging_mixin.py:188} INFO - [2024-04-22T11:51:01.431+0000] {dagbag.py:538} INFO - Filling up the DagBag from /opt/airflow/dags/dag_with_postgres_operator.py
[2024-04-22T11:51:01.450+0000] {processor.py:840} INFO - DAG(s) 'dag_with_postgres_operator_v03' retrieved from /opt/airflow/dags/dag_with_postgres_operator.py
[2024-04-22T11:51:01.472+0000] {logging_mixin.py:188} INFO - [2024-04-22T11:51:01.472+0000] {dag.py:3033} INFO - Sync 1 DAGs
[2024-04-22T11:51:01.494+0000] {logging_mixin.py:188} INFO - [2024-04-22T11:51:01.494+0000] {dag.py:3820} INFO - Setting next_dagrun for dag_with_postgres_operator_v03 to 2021-12-19T00:00:00+00:00, run_after=2021-12-20T00:00:00+00:00
[2024-04-22T11:51:01.519+0000] {processor.py:183} INFO - Processing /opt/airflow/dags/dag_with_postgres_operator.py took 0.093 seconds
[2024-04-22T11:51:12.212+0000] {processor.py:161} INFO - Started process (PID=863) to work on /opt/airflow/dags/dag_with_postgres_operator.py
[2024-04-22T11:51:12.213+0000] {processor.py:830} INFO - Processing file /opt/airflow/dags/dag_with_postgres_operator.py for tasks to queue
[2024-04-22T11:51:12.214+0000] {logging_mixin.py:188} INFO - [2024-04-22T11:51:12.213+0000] {dagbag.py:538} INFO - Filling up the DagBag from /opt/airflow/dags/dag_with_postgres_operator.py
[2024-04-22T11:51:12.235+0000] {processor.py:840} INFO - DAG(s) 'dag_with_postgres_operator_v03' retrieved from /opt/airflow/dags/dag_with_postgres_operator.py
[2024-04-22T11:51:12.260+0000] {logging_mixin.py:188} INFO - [2024-04-22T11:51:12.259+0000] {dag.py:3033} INFO - Sync 1 DAGs
[2024-04-22T11:51:12.282+0000] {logging_mixin.py:188} INFO - [2024-04-22T11:51:12.281+0000] {dag.py:3820} INFO - Setting next_dagrun for dag_with_postgres_operator_v03 to 2021-12-19T00:00:00+00:00, run_after=2021-12-20T00:00:00+00:00
[2024-04-22T11:51:12.305+0000] {processor.py:183} INFO - Processing /opt/airflow/dags/dag_with_postgres_operator.py took 0.097 seconds
[2024-04-22T11:51:22.940+0000] {processor.py:161} INFO - Started process (PID=908) to work on /opt/airflow/dags/dag_with_postgres_operator.py
[2024-04-22T11:51:22.941+0000] {processor.py:830} INFO - Processing file /opt/airflow/dags/dag_with_postgres_operator.py for tasks to queue
[2024-04-22T11:51:22.943+0000] {logging_mixin.py:188} INFO - [2024-04-22T11:51:22.942+0000] {dagbag.py:538} INFO - Filling up the DagBag from /opt/airflow/dags/dag_with_postgres_operator.py
[2024-04-22T11:51:22.961+0000] {processor.py:840} INFO - DAG(s) 'dag_with_postgres_operator_v03' retrieved from /opt/airflow/dags/dag_with_postgres_operator.py
[2024-04-22T11:51:22.985+0000] {logging_mixin.py:188} INFO - [2024-04-22T11:51:22.985+0000] {dag.py:3033} INFO - Sync 1 DAGs
[2024-04-22T11:51:23.008+0000] {logging_mixin.py:188} INFO - [2024-04-22T11:51:23.008+0000] {dag.py:3820} INFO - Setting next_dagrun for dag_with_postgres_operator_v03 to 2021-12-19T00:00:00+00:00, run_after=2021-12-20T00:00:00+00:00
[2024-04-22T11:51:23.040+0000] {processor.py:183} INFO - Processing /opt/airflow/dags/dag_with_postgres_operator.py took 0.102 seconds
[2024-04-22T11:51:33.639+0000] {processor.py:161} INFO - Started process (PID=953) to work on /opt/airflow/dags/dag_with_postgres_operator.py
[2024-04-22T11:51:33.640+0000] {processor.py:830} INFO - Processing file /opt/airflow/dags/dag_with_postgres_operator.py for tasks to queue
[2024-04-22T11:51:33.641+0000] {logging_mixin.py:188} INFO - [2024-04-22T11:51:33.641+0000] {dagbag.py:538} INFO - Filling up the DagBag from /opt/airflow/dags/dag_with_postgres_operator.py
[2024-04-22T11:51:33.660+0000] {processor.py:840} INFO - DAG(s) 'dag_with_postgres_operator_v03' retrieved from /opt/airflow/dags/dag_with_postgres_operator.py
[2024-04-22T11:51:33.683+0000] {logging_mixin.py:188} INFO - [2024-04-22T11:51:33.682+0000] {dag.py:3033} INFO - Sync 1 DAGs
[2024-04-22T11:51:33.703+0000] {logging_mixin.py:188} INFO - [2024-04-22T11:51:33.703+0000] {dag.py:3820} INFO - Setting next_dagrun for dag_with_postgres_operator_v03 to 2021-12-19T00:00:00+00:00, run_after=2021-12-20T00:00:00+00:00
[2024-04-22T11:51:33.731+0000] {processor.py:183} INFO - Processing /opt/airflow/dags/dag_with_postgres_operator.py took 0.096 seconds
[2024-04-22T11:51:44.486+0000] {processor.py:161} INFO - Started process (PID=998) to work on /opt/airflow/dags/dag_with_postgres_operator.py
[2024-04-22T11:51:44.487+0000] {processor.py:830} INFO - Processing file /opt/airflow/dags/dag_with_postgres_operator.py for tasks to queue
[2024-04-22T11:51:44.488+0000] {logging_mixin.py:188} INFO - [2024-04-22T11:51:44.488+0000] {dagbag.py:538} INFO - Filling up the DagBag from /opt/airflow/dags/dag_with_postgres_operator.py
[2024-04-22T11:51:44.506+0000] {processor.py:840} INFO - DAG(s) 'dag_with_postgres_operator_v03' retrieved from /opt/airflow/dags/dag_with_postgres_operator.py
[2024-04-22T11:51:44.527+0000] {logging_mixin.py:188} INFO - [2024-04-22T11:51:44.527+0000] {dag.py:3033} INFO - Sync 1 DAGs
[2024-04-22T11:51:44.551+0000] {logging_mixin.py:188} INFO - [2024-04-22T11:51:44.551+0000] {dag.py:3820} INFO - Setting next_dagrun for dag_with_postgres_operator_v03 to 2021-12-19T00:00:00+00:00, run_after=2021-12-20T00:00:00+00:00
[2024-04-22T11:51:44.574+0000] {processor.py:183} INFO - Processing /opt/airflow/dags/dag_with_postgres_operator.py took 0.091 seconds
[2024-04-22T11:51:55.183+0000] {processor.py:161} INFO - Started process (PID=1043) to work on /opt/airflow/dags/dag_with_postgres_operator.py
[2024-04-22T11:51:55.184+0000] {processor.py:830} INFO - Processing file /opt/airflow/dags/dag_with_postgres_operator.py for tasks to queue
[2024-04-22T11:51:55.185+0000] {logging_mixin.py:188} INFO - [2024-04-22T11:51:55.184+0000] {dagbag.py:538} INFO - Filling up the DagBag from /opt/airflow/dags/dag_with_postgres_operator.py
[2024-04-22T11:51:55.202+0000] {processor.py:840} INFO - DAG(s) 'dag_with_postgres_operator_v03' retrieved from /opt/airflow/dags/dag_with_postgres_operator.py
[2024-04-22T11:51:55.224+0000] {logging_mixin.py:188} INFO - [2024-04-22T11:51:55.224+0000] {dag.py:3033} INFO - Sync 1 DAGs
[2024-04-22T11:51:55.247+0000] {logging_mixin.py:188} INFO - [2024-04-22T11:51:55.247+0000] {dag.py:3820} INFO - Setting next_dagrun for dag_with_postgres_operator_v03 to 2021-12-19T00:00:00+00:00, run_after=2021-12-20T00:00:00+00:00
[2024-04-22T11:51:55.272+0000] {processor.py:183} INFO - Processing /opt/airflow/dags/dag_with_postgres_operator.py took 0.092 seconds
[2024-04-22T11:52:05.911+0000] {processor.py:161} INFO - Started process (PID=1088) to work on /opt/airflow/dags/dag_with_postgres_operator.py
[2024-04-22T11:52:05.912+0000] {processor.py:830} INFO - Processing file /opt/airflow/dags/dag_with_postgres_operator.py for tasks to queue
[2024-04-22T11:52:05.913+0000] {logging_mixin.py:188} INFO - [2024-04-22T11:52:05.912+0000] {dagbag.py:538} INFO - Filling up the DagBag from /opt/airflow/dags/dag_with_postgres_operator.py
[2024-04-22T11:52:05.932+0000] {processor.py:840} INFO - DAG(s) 'dag_with_postgres_operator_v03' retrieved from /opt/airflow/dags/dag_with_postgres_operator.py
[2024-04-22T11:52:05.954+0000] {logging_mixin.py:188} INFO - [2024-04-22T11:52:05.954+0000] {dag.py:3033} INFO - Sync 1 DAGs
[2024-04-22T11:52:05.978+0000] {logging_mixin.py:188} INFO - [2024-04-22T11:52:05.978+0000] {dag.py:3820} INFO - Setting next_dagrun for dag_with_postgres_operator_v03 to 2021-12-19T00:00:00+00:00, run_after=2021-12-20T00:00:00+00:00
[2024-04-22T11:52:06.003+0000] {processor.py:183} INFO - Processing /opt/airflow/dags/dag_with_postgres_operator.py took 0.095 seconds
[2024-04-22T11:52:16.762+0000] {processor.py:161} INFO - Started process (PID=1133) to work on /opt/airflow/dags/dag_with_postgres_operator.py
[2024-04-22T11:52:16.763+0000] {processor.py:830} INFO - Processing file /opt/airflow/dags/dag_with_postgres_operator.py for tasks to queue
[2024-04-22T11:52:16.764+0000] {logging_mixin.py:188} INFO - [2024-04-22T11:52:16.764+0000] {dagbag.py:538} INFO - Filling up the DagBag from /opt/airflow/dags/dag_with_postgres_operator.py
[2024-04-22T11:52:16.795+0000] {processor.py:840} INFO - DAG(s) 'dag_with_postgres_operator_v03' retrieved from /opt/airflow/dags/dag_with_postgres_operator.py
[2024-04-22T11:52:16.824+0000] {logging_mixin.py:188} INFO - [2024-04-22T11:52:16.824+0000] {dag.py:3033} INFO - Sync 1 DAGs
[2024-04-22T11:52:16.849+0000] {logging_mixin.py:188} INFO - [2024-04-22T11:52:16.849+0000] {dag.py:3820} INFO - Setting next_dagrun for dag_with_postgres_operator_v03 to 2021-12-19T00:00:00+00:00, run_after=2021-12-20T00:00:00+00:00
[2024-04-22T11:52:16.873+0000] {processor.py:183} INFO - Processing /opt/airflow/dags/dag_with_postgres_operator.py took 0.115 seconds
[2024-04-22T11:52:27.501+0000] {processor.py:161} INFO - Started process (PID=1178) to work on /opt/airflow/dags/dag_with_postgres_operator.py
[2024-04-22T11:52:27.502+0000] {processor.py:830} INFO - Processing file /opt/airflow/dags/dag_with_postgres_operator.py for tasks to queue
[2024-04-22T11:52:27.503+0000] {logging_mixin.py:188} INFO - [2024-04-22T11:52:27.503+0000] {dagbag.py:538} INFO - Filling up the DagBag from /opt/airflow/dags/dag_with_postgres_operator.py
[2024-04-22T11:52:27.524+0000] {processor.py:840} INFO - DAG(s) 'dag_with_postgres_operator_v03' retrieved from /opt/airflow/dags/dag_with_postgres_operator.py
[2024-04-22T11:52:27.549+0000] {logging_mixin.py:188} INFO - [2024-04-22T11:52:27.549+0000] {dag.py:3033} INFO - Sync 1 DAGs
[2024-04-22T11:52:27.577+0000] {logging_mixin.py:188} INFO - [2024-04-22T11:52:27.577+0000] {dag.py:3820} INFO - Setting next_dagrun for dag_with_postgres_operator_v03 to 2021-12-19T00:00:00+00:00, run_after=2021-12-20T00:00:00+00:00
[2024-04-22T11:52:27.602+0000] {processor.py:183} INFO - Processing /opt/airflow/dags/dag_with_postgres_operator.py took 0.105 seconds
[2024-04-22T11:52:38.256+0000] {processor.py:161} INFO - Started process (PID=1223) to work on /opt/airflow/dags/dag_with_postgres_operator.py
[2024-04-22T11:52:38.257+0000] {processor.py:830} INFO - Processing file /opt/airflow/dags/dag_with_postgres_operator.py for tasks to queue
[2024-04-22T11:52:38.258+0000] {logging_mixin.py:188} INFO - [2024-04-22T11:52:38.257+0000] {dagbag.py:538} INFO - Filling up the DagBag from /opt/airflow/dags/dag_with_postgres_operator.py
[2024-04-22T11:52:38.277+0000] {processor.py:840} INFO - DAG(s) 'dag_with_postgres_operator_v03' retrieved from /opt/airflow/dags/dag_with_postgres_operator.py
[2024-04-22T11:52:38.300+0000] {logging_mixin.py:188} INFO - [2024-04-22T11:52:38.300+0000] {dag.py:3033} INFO - Sync 1 DAGs
[2024-04-22T11:52:38.324+0000] {logging_mixin.py:188} INFO - [2024-04-22T11:52:38.324+0000] {dag.py:3820} INFO - Setting next_dagrun for dag_with_postgres_operator_v03 to 2021-12-19T00:00:00+00:00, run_after=2021-12-20T00:00:00+00:00
[2024-04-22T11:52:38.347+0000] {processor.py:183} INFO - Processing /opt/airflow/dags/dag_with_postgres_operator.py took 0.095 seconds
[2024-04-22T11:52:48.976+0000] {processor.py:161} INFO - Started process (PID=1268) to work on /opt/airflow/dags/dag_with_postgres_operator.py
[2024-04-22T11:52:48.978+0000] {processor.py:830} INFO - Processing file /opt/airflow/dags/dag_with_postgres_operator.py for tasks to queue
[2024-04-22T11:52:48.980+0000] {logging_mixin.py:188} INFO - [2024-04-22T11:52:48.979+0000] {dagbag.py:538} INFO - Filling up the DagBag from /opt/airflow/dags/dag_with_postgres_operator.py
[2024-04-22T11:52:49.003+0000] {processor.py:840} INFO - DAG(s) 'dag_with_postgres_operator_v03' retrieved from /opt/airflow/dags/dag_with_postgres_operator.py
[2024-04-22T11:52:49.034+0000] {logging_mixin.py:188} INFO - [2024-04-22T11:52:49.034+0000] {dag.py:3033} INFO - Sync 1 DAGs
[2024-04-22T11:52:49.055+0000] {logging_mixin.py:188} INFO - [2024-04-22T11:52:49.055+0000] {dag.py:3820} INFO - Setting next_dagrun for dag_with_postgres_operator_v03 to 2021-12-19T00:00:00+00:00, run_after=2021-12-20T00:00:00+00:00
[2024-04-22T11:52:49.080+0000] {processor.py:183} INFO - Processing /opt/airflow/dags/dag_with_postgres_operator.py took 0.108 seconds
[2024-04-22T11:52:59.717+0000] {processor.py:161} INFO - Started process (PID=1313) to work on /opt/airflow/dags/dag_with_postgres_operator.py
[2024-04-22T11:52:59.718+0000] {processor.py:830} INFO - Processing file /opt/airflow/dags/dag_with_postgres_operator.py for tasks to queue
[2024-04-22T11:52:59.719+0000] {logging_mixin.py:188} INFO - [2024-04-22T11:52:59.718+0000] {dagbag.py:538} INFO - Filling up the DagBag from /opt/airflow/dags/dag_with_postgres_operator.py
[2024-04-22T11:52:59.735+0000] {processor.py:840} INFO - DAG(s) 'dag_with_postgres_operator_v03' retrieved from /opt/airflow/dags/dag_with_postgres_operator.py
[2024-04-22T11:52:59.756+0000] {logging_mixin.py:188} INFO - [2024-04-22T11:52:59.756+0000] {dag.py:3033} INFO - Sync 1 DAGs
[2024-04-22T11:52:59.778+0000] {logging_mixin.py:188} INFO - [2024-04-22T11:52:59.778+0000] {dag.py:3820} INFO - Setting next_dagrun for dag_with_postgres_operator_v03 to 2021-12-19T00:00:00+00:00, run_after=2021-12-20T00:00:00+00:00
[2024-04-22T11:52:59.800+0000] {processor.py:183} INFO - Processing /opt/airflow/dags/dag_with_postgres_operator.py took 0.086 seconds
[2024-04-22T11:53:10.509+0000] {processor.py:161} INFO - Started process (PID=1358) to work on /opt/airflow/dags/dag_with_postgres_operator.py
[2024-04-22T11:53:10.510+0000] {processor.py:830} INFO - Processing file /opt/airflow/dags/dag_with_postgres_operator.py for tasks to queue
[2024-04-22T11:53:10.511+0000] {logging_mixin.py:188} INFO - [2024-04-22T11:53:10.511+0000] {dagbag.py:538} INFO - Filling up the DagBag from /opt/airflow/dags/dag_with_postgres_operator.py
[2024-04-22T11:53:10.534+0000] {processor.py:840} INFO - DAG(s) 'dag_with_postgres_operator_v03' retrieved from /opt/airflow/dags/dag_with_postgres_operator.py
[2024-04-22T11:53:10.561+0000] {logging_mixin.py:188} INFO - [2024-04-22T11:53:10.561+0000] {dag.py:3033} INFO - Sync 1 DAGs
[2024-04-22T11:53:10.588+0000] {logging_mixin.py:188} INFO - [2024-04-22T11:53:10.588+0000] {dag.py:3820} INFO - Setting next_dagrun for dag_with_postgres_operator_v03 to 2021-12-19T00:00:00+00:00, run_after=2021-12-20T00:00:00+00:00
[2024-04-22T11:53:10.611+0000] {processor.py:183} INFO - Processing /opt/airflow/dags/dag_with_postgres_operator.py took 0.106 seconds
[2024-04-22T11:53:21.193+0000] {processor.py:161} INFO - Started process (PID=1403) to work on /opt/airflow/dags/dag_with_postgres_operator.py
[2024-04-22T11:53:21.194+0000] {processor.py:830} INFO - Processing file /opt/airflow/dags/dag_with_postgres_operator.py for tasks to queue
[2024-04-22T11:53:21.195+0000] {logging_mixin.py:188} INFO - [2024-04-22T11:53:21.194+0000] {dagbag.py:538} INFO - Filling up the DagBag from /opt/airflow/dags/dag_with_postgres_operator.py
[2024-04-22T11:53:21.214+0000] {processor.py:840} INFO - DAG(s) 'dag_with_postgres_operator_v03' retrieved from /opt/airflow/dags/dag_with_postgres_operator.py
[2024-04-22T11:53:21.236+0000] {logging_mixin.py:188} INFO - [2024-04-22T11:53:21.235+0000] {dag.py:3033} INFO - Sync 1 DAGs
[2024-04-22T11:53:21.258+0000] {logging_mixin.py:188} INFO - [2024-04-22T11:53:21.258+0000] {dag.py:3820} INFO - Setting next_dagrun for dag_with_postgres_operator_v03 to 2021-12-19T00:00:00+00:00, run_after=2021-12-20T00:00:00+00:00
[2024-04-22T11:53:21.278+0000] {processor.py:183} INFO - Processing /opt/airflow/dags/dag_with_postgres_operator.py took 0.089 seconds
[2024-04-22T11:53:32.097+0000] {processor.py:161} INFO - Started process (PID=1448) to work on /opt/airflow/dags/dag_with_postgres_operator.py
[2024-04-22T11:53:32.098+0000] {processor.py:830} INFO - Processing file /opt/airflow/dags/dag_with_postgres_operator.py for tasks to queue
[2024-04-22T11:53:32.099+0000] {logging_mixin.py:188} INFO - [2024-04-22T11:53:32.098+0000] {dagbag.py:538} INFO - Filling up the DagBag from /opt/airflow/dags/dag_with_postgres_operator.py
[2024-04-22T11:53:32.118+0000] {processor.py:840} INFO - DAG(s) 'dag_with_postgres_operator_v03' retrieved from /opt/airflow/dags/dag_with_postgres_operator.py
[2024-04-22T11:53:32.141+0000] {logging_mixin.py:188} INFO - [2024-04-22T11:53:32.141+0000] {dag.py:3033} INFO - Sync 1 DAGs
[2024-04-22T11:53:32.164+0000] {logging_mixin.py:188} INFO - [2024-04-22T11:53:32.164+0000] {dag.py:3820} INFO - Setting next_dagrun for dag_with_postgres_operator_v03 to 2021-12-19T00:00:00+00:00, run_after=2021-12-20T00:00:00+00:00
[2024-04-22T11:53:32.187+0000] {processor.py:183} INFO - Processing /opt/airflow/dags/dag_with_postgres_operator.py took 0.094 seconds
[2024-04-22T11:53:42.836+0000] {processor.py:161} INFO - Started process (PID=1493) to work on /opt/airflow/dags/dag_with_postgres_operator.py
[2024-04-22T11:53:42.838+0000] {processor.py:830} INFO - Processing file /opt/airflow/dags/dag_with_postgres_operator.py for tasks to queue
[2024-04-22T11:53:42.840+0000] {logging_mixin.py:188} INFO - [2024-04-22T11:53:42.840+0000] {dagbag.py:538} INFO - Filling up the DagBag from /opt/airflow/dags/dag_with_postgres_operator.py
[2024-04-22T11:53:42.887+0000] {processor.py:840} INFO - DAG(s) 'dag_with_postgres_operator_v03' retrieved from /opt/airflow/dags/dag_with_postgres_operator.py
[2024-04-22T11:53:42.929+0000] {logging_mixin.py:188} INFO - [2024-04-22T11:53:42.928+0000] {dag.py:3033} INFO - Sync 1 DAGs
[2024-04-22T11:53:42.993+0000] {logging_mixin.py:188} INFO - [2024-04-22T11:53:42.992+0000] {dag.py:3820} INFO - Setting next_dagrun for dag_with_postgres_operator_v03 to 2021-12-19T00:00:00+00:00, run_after=2021-12-20T00:00:00+00:00
[2024-04-22T11:53:43.020+0000] {processor.py:183} INFO - Processing /opt/airflow/dags/dag_with_postgres_operator.py took 0.192 seconds
[2024-04-22T11:53:53.658+0000] {processor.py:161} INFO - Started process (PID=1538) to work on /opt/airflow/dags/dag_with_postgres_operator.py
[2024-04-22T11:53:53.659+0000] {processor.py:830} INFO - Processing file /opt/airflow/dags/dag_with_postgres_operator.py for tasks to queue
[2024-04-22T11:53:53.660+0000] {logging_mixin.py:188} INFO - [2024-04-22T11:53:53.660+0000] {dagbag.py:538} INFO - Filling up the DagBag from /opt/airflow/dags/dag_with_postgres_operator.py
[2024-04-22T11:53:53.679+0000] {processor.py:840} INFO - DAG(s) 'dag_with_postgres_operator_v03' retrieved from /opt/airflow/dags/dag_with_postgres_operator.py
[2024-04-22T11:53:53.710+0000] {logging_mixin.py:188} INFO - [2024-04-22T11:53:53.710+0000] {dag.py:3033} INFO - Sync 1 DAGs
[2024-04-22T11:53:53.734+0000] {logging_mixin.py:188} INFO - [2024-04-22T11:53:53.733+0000] {dag.py:3820} INFO - Setting next_dagrun for dag_with_postgres_operator_v03 to 2021-12-19T00:00:00+00:00, run_after=2021-12-20T00:00:00+00:00
[2024-04-22T11:53:53.758+0000] {processor.py:183} INFO - Processing /opt/airflow/dags/dag_with_postgres_operator.py took 0.105 seconds
[2024-04-22T11:54:04.384+0000] {processor.py:161} INFO - Started process (PID=1583) to work on /opt/airflow/dags/dag_with_postgres_operator.py
[2024-04-22T11:54:04.385+0000] {processor.py:830} INFO - Processing file /opt/airflow/dags/dag_with_postgres_operator.py for tasks to queue
[2024-04-22T11:54:04.387+0000] {logging_mixin.py:188} INFO - [2024-04-22T11:54:04.386+0000] {dagbag.py:538} INFO - Filling up the DagBag from /opt/airflow/dags/dag_with_postgres_operator.py
[2024-04-22T11:54:04.407+0000] {processor.py:840} INFO - DAG(s) 'dag_with_postgres_operator_v03' retrieved from /opt/airflow/dags/dag_with_postgres_operator.py
[2024-04-22T11:54:04.433+0000] {logging_mixin.py:188} INFO - [2024-04-22T11:54:04.432+0000] {dag.py:3033} INFO - Sync 1 DAGs
[2024-04-22T11:54:04.461+0000] {logging_mixin.py:188} INFO - [2024-04-22T11:54:04.460+0000] {dag.py:3820} INFO - Setting next_dagrun for dag_with_postgres_operator_v03 to 2021-12-19T00:00:00+00:00, run_after=2021-12-20T00:00:00+00:00
[2024-04-22T11:54:04.486+0000] {processor.py:183} INFO - Processing /opt/airflow/dags/dag_with_postgres_operator.py took 0.106 seconds
[2024-04-22T11:54:15.030+0000] {processor.py:161} INFO - Started process (PID=1628) to work on /opt/airflow/dags/dag_with_postgres_operator.py
[2024-04-22T11:54:15.031+0000] {processor.py:830} INFO - Processing file /opt/airflow/dags/dag_with_postgres_operator.py for tasks to queue
[2024-04-22T11:54:15.032+0000] {logging_mixin.py:188} INFO - [2024-04-22T11:54:15.032+0000] {dagbag.py:538} INFO - Filling up the DagBag from /opt/airflow/dags/dag_with_postgres_operator.py
[2024-04-22T11:54:15.053+0000] {processor.py:840} INFO - DAG(s) 'dag_with_postgres_operator_v03' retrieved from /opt/airflow/dags/dag_with_postgres_operator.py
[2024-04-22T11:54:15.075+0000] {logging_mixin.py:188} INFO - [2024-04-22T11:54:15.075+0000] {dag.py:3033} INFO - Sync 1 DAGs
[2024-04-22T11:54:15.098+0000] {logging_mixin.py:188} INFO - [2024-04-22T11:54:15.098+0000] {dag.py:3820} INFO - Setting next_dagrun for dag_with_postgres_operator_v03 to 2021-12-19T00:00:00+00:00, run_after=2021-12-20T00:00:00+00:00
[2024-04-22T11:54:15.121+0000] {processor.py:183} INFO - Processing /opt/airflow/dags/dag_with_postgres_operator.py took 0.095 seconds
[2024-04-22T11:54:25.685+0000] {processor.py:161} INFO - Started process (PID=1673) to work on /opt/airflow/dags/dag_with_postgres_operator.py
[2024-04-22T11:54:25.686+0000] {processor.py:830} INFO - Processing file /opt/airflow/dags/dag_with_postgres_operator.py for tasks to queue
[2024-04-22T11:54:25.687+0000] {logging_mixin.py:188} INFO - [2024-04-22T11:54:25.687+0000] {dagbag.py:538} INFO - Filling up the DagBag from /opt/airflow/dags/dag_with_postgres_operator.py
[2024-04-22T11:54:25.704+0000] {processor.py:840} INFO - DAG(s) 'dag_with_postgres_operator_v03' retrieved from /opt/airflow/dags/dag_with_postgres_operator.py
[2024-04-22T11:54:25.726+0000] {logging_mixin.py:188} INFO - [2024-04-22T11:54:25.726+0000] {dag.py:3033} INFO - Sync 1 DAGs
[2024-04-22T11:54:25.751+0000] {logging_mixin.py:188} INFO - [2024-04-22T11:54:25.750+0000] {dag.py:3820} INFO - Setting next_dagrun for dag_with_postgres_operator_v03 to 2021-12-19T00:00:00+00:00, run_after=2021-12-20T00:00:00+00:00
[2024-04-22T11:54:25.773+0000] {processor.py:183} INFO - Processing /opt/airflow/dags/dag_with_postgres_operator.py took 0.091 seconds
